#
# There is insufficient memory for the Java Runtime Environment to continue.
# Native memory allocation (mmap) failed to map 115343360 bytes for G1 virtual space
# Possible reasons:
#   The system is out of physical RAM or swap space
#   The process is running with CompressedOops enabled, and the Java Heap may be blocking the growth of the native heap
# Possible solutions:
#   Reduce memory load on the system
#   Increase physical memory or swap space
#   Check if swap backing store is full
#   Decrease Java heap size (-Xmx/-Xms)
#   Decrease number of Java threads
#   Decrease Java thread stack sizes (-Xss)
#   Set larger code cache with -XX:ReservedCodeCacheSize=
#   JVM is running with Unscaled Compressed Oops mode in which the Java heap is
#     placed in the first 4GB address space. The Java Heap base address is the
#     maximum limit for the native heap growth. Please use -XX:HeapBaseMinAddress
#     to set the Java Heap base and to place the Java Heap above 4GB virtual address.
# This output file may be truncated or incomplete.
#
#  Out of Memory Error (os_windows.cpp:3535), pid=196004, tid=204332
#
# JRE version: OpenJDK Runtime Environment Temurin-17.0.3+7 (17.0.3+7) (build 17.0.3+7)
# Java VM: OpenJDK 64-Bit Server VM Temurin-17.0.3+7 (17.0.3+7, mixed mode, emulated-client, tiered, compressed oops, compressed class ptrs, g1 gc, windows-amd64)
# No core dump will be written. Minidumps are not enabled by default on client versions of Windows
#

---------------  S U M M A R Y ------------

Command Line: -Dsts.lsp.client=vscode -Dsts.log.file=/dev/null -XX:TieredStopAtLevel=1 -Dspring.config.location=file:c:\Users\JAIME CORTEZ\.vscode\extensions\pivotal.vscode-spring-boot-1.38.0\language-server\BOOT-INF\classes\application.properties org.springframework.ide.vscode.boot.app.BootLanguageServerBootApp

Host: AMD Ryzen 5 4500U with Radeon Graphics         , 6 cores, 7G,  Windows 11 , 64 bit Build 22000 (10.0.22000.708)
Time: Tue Aug 30 10:33:17 2022 Hora est. Pacífico, Sudamérica elapsed time: 4.761419 seconds (0d 0h 0m 4s)

---------------  T H R E A D  ---------------

Current thread (0x0000021732bb71c0):  VMThread "VM Thread" [stack: 0x000000b1c8d00000,0x000000b1c8e00000] [id=204332]

Stack: [0x000000b1c8d00000,0x000000b1c8e00000]
Native frames: (J=compiled Java code, j=interpreted, Vv=VM code, C=native code)
V  [jvm.dll+0x675efa]
V  [jvm.dll+0x830a24]
V  [jvm.dll+0x8321ce]
V  [jvm.dll+0x832833]
V  [jvm.dll+0x2454b5]
V  [jvm.dll+0x672de9]
V  [jvm.dll+0x667732]
V  [jvm.dll+0x3043ab]
V  [jvm.dll+0x30b8f6]
V  [jvm.dll+0x35b62e]
V  [jvm.dll+0x35b85f]
V  [jvm.dll+0x2db248]
V  [jvm.dll+0x2d94fc]
V  [jvm.dll+0x2d8acc]
V  [jvm.dll+0x31ca2b]
V  [jvm.dll+0x836cdb]
V  [jvm.dll+0x837a14]
V  [jvm.dll+0x837f2c]
V  [jvm.dll+0x838304]
V  [jvm.dll+0x8383d0]
V  [jvm.dll+0x7e0cfa]
V  [jvm.dll+0x674d85]
C  [ucrtbase.dll+0x26c0c]
C  [KERNEL32.DLL+0x154e0]
C  [ntdll.dll+0x485b]

VM_Operation (0x000000b1ca9fe2a0): G1CollectForAllocation, mode: safepoint, requested by thread 0x00000217351c4b90


---------------  P R O C E S S  ---------------

Threads class SMR info:
_java_thread_list=0x00000217370d3070, length=30, elements={
0x0000021732bbd340, 0x0000021732bbfc10, 0x00000217338085b0, 0x0000021733808e70,
0x0000021733809730, 0x000002173380c7a0, 0x000002173380d8b0, 0x000002173380faa0,
0x0000021733a077f0, 0x0000021733a0a620, 0x00000217351ba450, 0x000002173545afe0,
0x00000217354983b0, 0x000002173549cf50, 0x000002173549a890, 0x000002173549b170,
0x000002173549b640, 0x000002173549bb10, 0x00000217351c46c0, 0x00000217351c3d20,
0x00000217351c4b90, 0x00000217351c3380, 0x00000217351c5060, 0x00000217351c5ed0,
0x00000217351c2eb0, 0x00000217351c3850, 0x00000217351c41f0, 0x00000217351c5a00,
0x00000217351c63a0, 0x00000217370ee370
}

Java Threads: ( => current thread )
  0x0000021732bbd340 JavaThread "Reference Handler" daemon [_thread_blocked, id=207740, stack(0x000000b1c8e00000,0x000000b1c8f00000)]
  0x0000021732bbfc10 JavaThread "Finalizer" daemon [_thread_blocked, id=127672, stack(0x000000b1c8f00000,0x000000b1c9000000)]
  0x00000217338085b0 JavaThread "Signal Dispatcher" daemon [_thread_blocked, id=195164, stack(0x000000b1c9000000,0x000000b1c9100000)]
  0x0000021733808e70 JavaThread "Attach Listener" daemon [_thread_blocked, id=173444, stack(0x000000b1c9100000,0x000000b1c9200000)]
  0x0000021733809730 JavaThread "Service Thread" daemon [_thread_blocked, id=206116, stack(0x000000b1c9200000,0x000000b1c9300000)]
  0x000002173380c7a0 JavaThread "Monitor Deflation Thread" daemon [_thread_blocked, id=181340, stack(0x000000b1c9300000,0x000000b1c9400000)]
  0x000002173380d8b0 JavaThread "C1 CompilerThread0" daemon [_thread_blocked, id=206292, stack(0x000000b1c9400000,0x000000b1c9500000)]
  0x000002173380faa0 JavaThread "Sweeper thread" daemon [_thread_blocked, id=205840, stack(0x000000b1c9500000,0x000000b1c9600000)]
  0x0000021733a077f0 JavaThread "Notification Thread" daemon [_thread_blocked, id=203580, stack(0x000000b1c9600000,0x000000b1c9700000)]
  0x0000021733a0a620 JavaThread "Common-Cleaner" daemon [_thread_blocked, id=176680, stack(0x000000b1c9800000,0x000000b1c9900000)]
  0x00000217351ba450 JavaThread "ForkJoinPool.commonPool-worker-1" daemon [_thread_blocked, id=199744, stack(0x000000b1c9e00000,0x000000b1c9f00000)]
  0x000002173545afe0 JavaThread "pool-7-thread-1" [_thread_blocked, id=177180, stack(0x000000b1ca000000,0x000000b1ca100000)]
  0x00000217354983b0 JavaThread "ClassGraph-worker-0" daemon [_thread_blocked, id=206968, stack(0x000000b1ca100000,0x000000b1ca200000)]
  0x000002173549cf50 JavaThread "ClassGraph-worker-1" daemon [_thread_blocked, id=207152, stack(0x000000b1ca200000,0x000000b1ca300000)]
  0x000002173549a890 JavaThread "ClassGraph-worker-2" daemon [_thread_blocked, id=135628, stack(0x000000b1ca300000,0x000000b1ca400000)]
  0x000002173549b170 JavaThread "ClassGraph-worker-3" daemon [_thread_blocked, id=207532, stack(0x000000b1ca400000,0x000000b1ca500000)]
  0x000002173549b640 JavaThread "ClassGraph-worker-4" daemon [_thread_blocked, id=198300, stack(0x000000b1ca500000,0x000000b1ca600000)]
  0x000002173549bb10 JavaThread "ClassGraph-worker-5" daemon [_thread_blocked, id=202128, stack(0x000000b1ca600000,0x000000b1ca700000)]
  0x00000217351c46c0 JavaThread "ClassGraph-worker-6" daemon [_thread_blocked, id=204252, stack(0x000000b1ca700000,0x000000b1ca800000)]
  0x00000217351c3d20 JavaThread "ClassGraph-worker-7" daemon [_thread_blocked, id=207608, stack(0x000000b1ca800000,0x000000b1ca900000)]
  0x00000217351c4b90 JavaThread "ClassGraph-worker-8" daemon [_thread_blocked, id=149284, stack(0x000000b1ca900000,0x000000b1caa00000)]
  0x00000217351c3380 JavaThread "ClassGraph-worker-9" daemon [_thread_blocked, id=204488, stack(0x000000b1caa00000,0x000000b1cab00000)]
  0x00000217351c5060 JavaThread "ClassGraph-worker-10" daemon [_thread_blocked, id=207304, stack(0x000000b1cab00000,0x000000b1cac00000)]
  0x00000217351c5ed0 JavaThread "ClassGraph-worker-11" daemon [_thread_blocked, id=176252, stack(0x000000b1cac00000,0x000000b1cad00000)]
  0x00000217351c2eb0 JavaThread "LanguageServerApp-lifecycle" [_thread_blocked, id=189008, stack(0x000000b1cad00000,0x000000b1cae00000)]
  0x00000217351c3850 JavaThread "DestroyJavaVM" [_thread_blocked, id=206492, stack(0x000000b1c8700000,0x000000b1c8800000)]
  0x00000217351c41f0 JavaThread "pool-8-thread-1" [_thread_in_native, id=199672, stack(0x000000b1cae00000,0x000000b1caf00000)]
  0x00000217351c5a00 JavaThread "Simple-Language-Server main thread" daemon [_thread_blocked, id=173268, stack(0x000000b1caf00000,0x000000b1cb000000)]
  0x00000217351c63a0 JavaThread "pool-2-thread-1" [_thread_blocked, id=125604, stack(0x000000b1cb000000,0x000000b1cb100000)]
  0x00000217370ee370 JavaThread "parallel-1" daemon [_thread_blocked, id=205472, stack(0x000000b1cb300000,0x000000b1cb400000)]

Other Threads:
=>0x0000021732bb71c0 VMThread "VM Thread" [stack: 0x000000b1c8d00000,0x000000b1c8e00000] [id=204332]
  0x0000021726192bc0 WatcherThread [stack: 0x000000b1c9700000,0x000000b1c9800000] [id=176156]
  0x0000021726177050 GCTaskThread "GC Thread#0" [stack: 0x000000b1c8800000,0x000000b1c8900000] [id=198448]
  0x0000021734311050 GCTaskThread "GC Thread#1" [stack: 0x000000b1c9900000,0x000000b1c9a00000] [id=200268]
  0x000002173435ed20 GCTaskThread "GC Thread#2" [stack: 0x000000b1c9a00000,0x000000b1c9b00000] [id=203352]
  0x000002173435efd0 GCTaskThread "GC Thread#3" [stack: 0x000000b1c9b00000,0x000000b1c9c00000] [id=172608]
  0x000002173435f280 GCTaskThread "GC Thread#4" [stack: 0x000000b1c9c00000,0x000000b1c9d00000] [id=190376]
  0x000002173435f530 GCTaskThread "GC Thread#5" [stack: 0x000000b1c9d00000,0x000000b1c9e00000] [id=195884]
  0x0000021726187360 ConcurrentGCThread "G1 Main Marker" [stack: 0x000000b1c8900000,0x000000b1c8a00000] [id=202812]
  0x000002172618ba50 ConcurrentGCThread "G1 Conc#0" [stack: 0x000000b1c8a00000,0x000000b1c8b00000] [id=200100]
  0x0000021734e84450 ConcurrentGCThread "G1 Conc#1" [stack: 0x000000b1c9f00000,0x000000b1ca000000] [id=207056]
  0x0000021732a20090 ConcurrentGCThread "G1 Refine#0" [stack: 0x000000b1c8b00000,0x000000b1c8c00000] [id=181432]
  0x00000217370b46f0 ConcurrentGCThread "G1 Refine#1" [stack: 0x000000b1cb100000,0x000000b1cb200000] [id=195604]
  0x000002173708cae0 ConcurrentGCThread "G1 Refine#2" [stack: 0x000000b1cb200000,0x000000b1cb300000] [id=206936]
  0x0000021732a20760 ConcurrentGCThread "G1 Service" [stack: 0x000000b1c8c00000,0x000000b1c8d00000] [id=194156]

Threads with active compile tasks:

VM state: at safepoint (normal execution)

VM Mutex/Monitor currently owned by a thread:  ([mutex/lock_event])
[0x0000021723f1ad90] Threads_lock - owner thread: 0x0000021732bb71c0
[0x00000217261189f0] Heap_lock - owner thread: 0x00000217351c4b90

Heap address: 0x000000008a200000, size: 1886 MB, Compressed Oops mode: 32-bit

CDS archive(s) not mapped
Compressed class space mapped at: 0x0000000100000000-0x0000000140000000, reserved size: 1073741824
Narrow klass base: 0x0000000000000000, Narrow klass shift: 3, Narrow klass range: 0x140000000

GC Precious Log:
 CPUs: 6 total, 6 available
 Memory: 7542M
 Large Page Support: Disabled
 NUMA Support: Disabled
 Compressed Oops: Enabled (32-bit)
 Heap Region Size: 1M
 Heap Min Capacity: 8M
 Heap Initial Capacity: 118M
 Heap Max Capacity: 1886M
 Pre-touch: Disabled
 Parallel Workers: 6
 Concurrent Workers: 2
 Concurrent Refinement Workers: 6
 Periodic GC: Disabled

Heap:
 garbage-first heap   total 120832K, used 64822K [0x000000008a200000, 0x0000000100000000)
  region size 1024K, 3 young (3072K), 3 survivors (3072K)
 Metaspace       used 34937K, committed 35200K, reserved 1081344K
  class space    used 4542K, committed 4672K, reserved 1048576K

Heap Regions: E=young(eden), S=young(survivor), O=old, HS=humongous(starts), HC=humongous(continues), CS=collection set, F=free, OA=open archive, CA=closed archive, TAMS=top-at-mark-start (previous, next)
|   0|0x000000008a200000, 0x000000008a300000, 0x000000008a300000|100%| O|  |TAMS 0x000000008a300000, 0x000000008a300000| Untracked 
|   1|0x000000008a300000, 0x000000008a400000, 0x000000008a400000|100%| O|  |TAMS 0x000000008a400000, 0x000000008a400000| Untracked 
|   2|0x000000008a400000, 0x000000008a500000, 0x000000008a500000|100%| O|  |TAMS 0x000000008a500000, 0x000000008a500000| Untracked 
|   3|0x000000008a500000, 0x000000008a600000, 0x000000008a600000|100%| O|  |TAMS 0x000000008a600000, 0x000000008a600000| Untracked 
|   4|0x000000008a600000, 0x000000008a700000, 0x000000008a700000|100%| O|  |TAMS 0x000000008a700000, 0x000000008a700000| Untracked 
|   5|0x000000008a700000, 0x000000008a800000, 0x000000008a800000|100%| O|  |TAMS 0x000000008a800000, 0x000000008a800000| Untracked 
|   6|0x000000008a800000, 0x000000008a900000, 0x000000008a900000|100%| O|  |TAMS 0x000000008a900000, 0x000000008a900000| Untracked 
|   7|0x000000008a900000, 0x000000008aa00000, 0x000000008aa00000|100%| O|  |TAMS 0x000000008aa00000, 0x000000008aa00000| Untracked 
|   8|0x000000008aa00000, 0x000000008ab00000, 0x000000008ab00000|100%|HS|  |TAMS 0x000000008aa00000, 0x000000008ab00000| Complete 
|   9|0x000000008ab00000, 0x000000008ac00000, 0x000000008ac00000|100%| O|  |TAMS 0x000000008ac00000, 0x000000008ac00000| Untracked 
|  10|0x000000008ac00000, 0x000000008ad00000, 0x000000008ad00000|100%| O|  |TAMS 0x000000008ad00000, 0x000000008ad00000| Untracked 
|  11|0x000000008ad00000, 0x000000008ae00000, 0x000000008ae00000|100%| O|  |TAMS 0x000000008ae00000, 0x000000008ae00000| Untracked 
|  12|0x000000008ae00000, 0x000000008af00000, 0x000000008af00000|100%| O|  |TAMS 0x000000008af00000, 0x000000008af00000| Untracked 
|  13|0x000000008af00000, 0x000000008b000000, 0x000000008b000000|100%| O|  |TAMS 0x000000008b000000, 0x000000008b000000| Untracked 
|  14|0x000000008b000000, 0x000000008b100000, 0x000000008b100000|100%| O|  |TAMS 0x000000008b100000, 0x000000008b100000| Untracked 
|  15|0x000000008b100000, 0x000000008b200000, 0x000000008b200000|100%| O|  |TAMS 0x000000008b200000, 0x000000008b200000| Untracked 
|  16|0x000000008b200000, 0x000000008b300000, 0x000000008b300000|100%| O|  |TAMS 0x000000008b300000, 0x000000008b300000| Untracked 
|  17|0x000000008b300000, 0x000000008b400000, 0x000000008b400000|100%| O|  |TAMS 0x000000008b400000, 0x000000008b400000| Untracked 
|  18|0x000000008b400000, 0x000000008b500000, 0x000000008b500000|100%| O|  |TAMS 0x000000008b500000, 0x000000008b500000| Untracked 
|  19|0x000000008b500000, 0x000000008b600000, 0x000000008b600000|100%| O|  |TAMS 0x000000008b600000, 0x000000008b600000| Untracked 
|  20|0x000000008b600000, 0x000000008b700000, 0x000000008b700000|100%| O|  |TAMS 0x000000008b700000, 0x000000008b700000| Untracked 
|  21|0x000000008b700000, 0x000000008b800000, 0x000000008b800000|100%| O|  |TAMS 0x000000008b800000, 0x000000008b800000| Untracked 
|  22|0x000000008b800000, 0x000000008b900000, 0x000000008b900000|100%| O|  |TAMS 0x000000008b900000, 0x000000008b900000| Untracked 
|  23|0x000000008b900000, 0x000000008ba00000, 0x000000008ba00000|100%| O|  |TAMS 0x000000008ba00000, 0x000000008ba00000| Untracked 
|  24|0x000000008ba00000, 0x000000008bb00000, 0x000000008bb00000|100%| O|  |TAMS 0x000000008bb00000, 0x000000008bb00000| Untracked 
|  25|0x000000008bb00000, 0x000000008bc00000, 0x000000008bc00000|100%| O|  |TAMS 0x000000008bc00000, 0x000000008bc00000| Untracked 
|  26|0x000000008bc00000, 0x000000008bd00000, 0x000000008bd00000|100%| O|  |TAMS 0x000000008bd00000, 0x000000008bd00000| Untracked 
|  27|0x000000008bd00000, 0x000000008be00000, 0x000000008be00000|100%| O|  |TAMS 0x000000008be00000, 0x000000008be00000| Untracked 
|  28|0x000000008be00000, 0x000000008bf00000, 0x000000008bf00000|100%| O|  |TAMS 0x000000008bf00000, 0x000000008bf00000| Untracked 
|  29|0x000000008bf00000, 0x000000008c000000, 0x000000008c000000|100%| O|  |TAMS 0x000000008c000000, 0x000000008c000000| Untracked 
|  30|0x000000008c000000, 0x000000008c100000, 0x000000008c100000|100%| O|  |TAMS 0x000000008c100000, 0x000000008c100000| Untracked 
|  31|0x000000008c100000, 0x000000008c200000, 0x000000008c200000|100%| O|  |TAMS 0x000000008c1bc000, 0x000000008c200000| Untracked 
|  32|0x000000008c200000, 0x000000008c300000, 0x000000008c300000|100%| O|  |TAMS 0x000000008c200000, 0x000000008c300000| Untracked 
|  33|0x000000008c300000, 0x000000008c400000, 0x000000008c400000|100%| O|  |TAMS 0x000000008c300000, 0x000000008c400000| Untracked 
|  34|0x000000008c400000, 0x000000008c500000, 0x000000008c500000|100%| O|  |TAMS 0x000000008c400000, 0x000000008c500000| Untracked 
|  35|0x000000008c500000, 0x000000008c600000, 0x000000008c600000|100%| O|  |TAMS 0x000000008c500000, 0x000000008c600000| Untracked 
|  36|0x000000008c600000, 0x000000008c700000, 0x000000008c700000|100%| O|  |TAMS 0x000000008c600000, 0x000000008c700000| Untracked 
|  37|0x000000008c700000, 0x000000008c800000, 0x000000008c800000|100%| O|  |TAMS 0x000000008c700000, 0x000000008c800000| Untracked 
|  38|0x000000008c800000, 0x000000008c900000, 0x000000008c900000|100%| O|  |TAMS 0x000000008c800000, 0x000000008c900000| Untracked 
|  39|0x000000008c900000, 0x000000008ca00000, 0x000000008ca00000|100%| O|  |TAMS 0x000000008c900000, 0x000000008ca00000| Untracked 
|  40|0x000000008ca00000, 0x000000008cb00000, 0x000000008cb00000|100%| O|  |TAMS 0x000000008ca00000, 0x000000008cb00000| Untracked 
|  41|0x000000008cb00000, 0x000000008cc00000, 0x000000008cc00000|100%| O|  |TAMS 0x000000008cb00000, 0x000000008cc00000| Untracked 
|  42|0x000000008cc00000, 0x000000008cd00000, 0x000000008cd00000|100%| O|  |TAMS 0x000000008cc00000, 0x000000008cd00000| Untracked 
|  43|0x000000008cd00000, 0x000000008ce00000, 0x000000008ce00000|100%| O|  |TAMS 0x000000008cd00000, 0x000000008ce00000| Untracked 
|  44|0x000000008ce00000, 0x000000008cf00000, 0x000000008cf00000|100%| O|  |TAMS 0x000000008ce00000, 0x000000008cf00000| Untracked 
|  45|0x000000008cf00000, 0x000000008d000000, 0x000000008d000000|100%| O|  |TAMS 0x000000008cf00000, 0x000000008d000000| Untracked 
|  46|0x000000008d000000, 0x000000008d100000, 0x000000008d100000|100%| O|  |TAMS 0x000000008d000000, 0x000000008d100000| Untracked 
|  47|0x000000008d100000, 0x000000008d200000, 0x000000008d200000|100%|HS|  |TAMS 0x000000008d100000, 0x000000008d200000| Complete 
|  48|0x000000008d200000, 0x000000008d300000, 0x000000008d300000|100%| O|  |TAMS 0x000000008d200000, 0x000000008d300000| Untracked 
|  49|0x000000008d300000, 0x000000008d400000, 0x000000008d400000|100%| O|  |TAMS 0x000000008d300000, 0x000000008d400000| Untracked 
|  50|0x000000008d400000, 0x000000008d500000, 0x000000008d500000|100%| O|  |TAMS 0x000000008d400000, 0x000000008d500000| Untracked 
|  51|0x000000008d500000, 0x000000008d600000, 0x000000008d600000|100%| O|  |TAMS 0x000000008d500000, 0x000000008d600000| Untracked 
|  52|0x000000008d600000, 0x000000008d700000, 0x000000008d700000|100%| O|  |TAMS 0x000000008d600000, 0x000000008d700000| Untracked 
|  53|0x000000008d700000, 0x000000008d800000, 0x000000008d800000|100%| O|  |TAMS 0x000000008d700000, 0x000000008d800000| Untracked 
|  54|0x000000008d800000, 0x000000008d900000, 0x000000008d900000|100%| O|  |TAMS 0x000000008d800000, 0x000000008d900000| Untracked 
|  55|0x000000008d900000, 0x000000008da00000, 0x000000008da00000|100%| O|  |TAMS 0x000000008d900000, 0x000000008d9e2e00| Untracked 
|  56|0x000000008da00000, 0x000000008db00000, 0x000000008db00000|100%| O|  |TAMS 0x000000008da00000, 0x000000008da00000| Untracked 
|  57|0x000000008db00000, 0x000000008dc00000, 0x000000008dc00000|100%| O|  |TAMS 0x000000008db00000, 0x000000008db00000| Untracked 
|  58|0x000000008dc00000, 0x000000008dd00000, 0x000000008dd00000|100%| O|  |TAMS 0x000000008dc00000, 0x000000008dc00000| Untracked 
|  59|0x000000008dd00000, 0x000000008de00000, 0x000000008de00000|100%| O|  |TAMS 0x000000008dd00000, 0x000000008dd00000| Untracked 
|  60|0x000000008de00000, 0x000000008df00000, 0x000000008df00000|100%| O|  |TAMS 0x000000008de00000, 0x000000008de00000| Untracked 
|  61|0x000000008df00000, 0x000000008df3f000, 0x000000008e000000| 24%| O|  |TAMS 0x000000008df00000, 0x000000008df00000| Untracked 
|  62|0x000000008e000000, 0x000000008e000000, 0x000000008e100000|  0%| F|  |TAMS 0x000000008e000000, 0x000000008e000000| Untracked 
|  63|0x000000008e100000, 0x000000008e100000, 0x000000008e200000|  0%| F|  |TAMS 0x000000008e100000, 0x000000008e100000| Untracked 
|  64|0x000000008e200000, 0x000000008e200000, 0x000000008e300000|  0%| F|  |TAMS 0x000000008e200000, 0x000000008e200000| Untracked 
|  65|0x000000008e300000, 0x000000008e300000, 0x000000008e400000|  0%| F|  |TAMS 0x000000008e300000, 0x000000008e300000| Untracked 
|  66|0x000000008e400000, 0x000000008e400000, 0x000000008e500000|  0%| F|  |TAMS 0x000000008e400000, 0x000000008e400000| Untracked 
|  67|0x000000008e500000, 0x000000008e500000, 0x000000008e600000|  0%| F|  |TAMS 0x000000008e500000, 0x000000008e500000| Untracked 
|  68|0x000000008e600000, 0x000000008e600000, 0x000000008e700000|  0%| F|  |TAMS 0x000000008e600000, 0x000000008e600000| Untracked 
|  69|0x000000008e700000, 0x000000008e700000, 0x000000008e800000|  0%| F|  |TAMS 0x000000008e700000, 0x000000008e700000| Untracked 
|  70|0x000000008e800000, 0x000000008e800000, 0x000000008e900000|  0%| F|  |TAMS 0x000000008e800000, 0x000000008e800000| Untracked 
|  71|0x000000008e900000, 0x000000008e900000, 0x000000008ea00000|  0%| F|  |TAMS 0x000000008e900000, 0x000000008e900000| Untracked 
|  72|0x000000008ea00000, 0x000000008ea00000, 0x000000008eb00000|  0%| F|  |TAMS 0x000000008ea00000, 0x000000008ea00000| Untracked 
|  73|0x000000008eb00000, 0x000000008eb00000, 0x000000008ec00000|  0%| F|  |TAMS 0x000000008eb00000, 0x000000008eb00000| Untracked 
|  74|0x000000008ec00000, 0x000000008ec00000, 0x000000008ed00000|  0%| F|  |TAMS 0x000000008ec00000, 0x000000008ec00000| Untracked 
|  75|0x000000008ed00000, 0x000000008ed00000, 0x000000008ee00000|  0%| F|  |TAMS 0x000000008ed00000, 0x000000008ed00000| Untracked 
|  76|0x000000008ee00000, 0x000000008ee00000, 0x000000008ef00000|  0%| F|  |TAMS 0x000000008ee00000, 0x000000008ee00000| Untracked 
|  77|0x000000008ef00000, 0x000000008ef00000, 0x000000008f000000|  0%| F|  |TAMS 0x000000008ef00000, 0x000000008ef00000| Untracked 
|  78|0x000000008f000000, 0x000000008f000000, 0x000000008f100000|  0%| F|  |TAMS 0x000000008f000000, 0x000000008f000000| Untracked 
|  79|0x000000008f100000, 0x000000008f100000, 0x000000008f200000|  0%| F|  |TAMS 0x000000008f100000, 0x000000008f100000| Untracked 
|  80|0x000000008f200000, 0x000000008f200000, 0x000000008f300000|  0%| F|  |TAMS 0x000000008f200000, 0x000000008f200000| Untracked 
|  81|0x000000008f300000, 0x000000008f300000, 0x000000008f400000|  0%| F|  |TAMS 0x000000008f300000, 0x000000008f300000| Untracked 
|  82|0x000000008f400000, 0x000000008f400000, 0x000000008f500000|  0%| F|  |TAMS 0x000000008f400000, 0x000000008f400000| Untracked 
|  83|0x000000008f500000, 0x000000008f500000, 0x000000008f600000|  0%| F|  |TAMS 0x000000008f500000, 0x000000008f500000| Untracked 
|  84|0x000000008f600000, 0x000000008f600000, 0x000000008f700000|  0%| F|  |TAMS 0x000000008f600000, 0x000000008f600000| Untracked 
|  85|0x000000008f700000, 0x000000008f700000, 0x000000008f800000|  0%| F|  |TAMS 0x000000008f700000, 0x000000008f700000| Untracked 
|  86|0x000000008f800000, 0x000000008f800000, 0x000000008f900000|  0%| F|  |TAMS 0x000000008f800000, 0x000000008f800000| Untracked 
|  87|0x000000008f900000, 0x000000008f90e8d8, 0x000000008fa00000|  5%| S|CS|TAMS 0x000000008f900000, 0x000000008f900000| Complete 
|  88|0x000000008fa00000, 0x000000008fb00000, 0x000000008fb00000|100%| S|CS|TAMS 0x000000008fa00000, 0x000000008fa00000| Complete 
|  89|0x000000008fb00000, 0x000000008fc00000, 0x000000008fc00000|100%| S|CS|TAMS 0x000000008fb00000, 0x000000008fb00000| Complete 
|  90|0x000000008fc00000, 0x000000008fc00000, 0x000000008fd00000|  0%| F|  |TAMS 0x000000008fc00000, 0x000000008fc00000| Untracked 
|  91|0x000000008fd00000, 0x000000008fd00000, 0x000000008fe00000|  0%| F|  |TAMS 0x000000008fd00000, 0x000000008fd00000| Untracked 
|  92|0x000000008fe00000, 0x000000008fe00000, 0x000000008ff00000|  0%| F|  |TAMS 0x000000008fe00000, 0x000000008fe00000| Untracked 
|  93|0x000000008ff00000, 0x000000008ff00000, 0x0000000090000000|  0%| F|  |TAMS 0x000000008ff00000, 0x000000008ff00000| Untracked 
|  94|0x0000000090000000, 0x0000000090000000, 0x0000000090100000|  0%| F|  |TAMS 0x0000000090000000, 0x0000000090000000| Untracked 
|  95|0x0000000090100000, 0x0000000090100000, 0x0000000090200000|  0%| F|  |TAMS 0x0000000090100000, 0x0000000090100000| Untracked 
|  96|0x0000000090200000, 0x0000000090200000, 0x0000000090300000|  0%| F|  |TAMS 0x0000000090200000, 0x0000000090200000| Untracked 
|  97|0x0000000090300000, 0x0000000090300000, 0x0000000090400000|  0%| F|  |TAMS 0x0000000090300000, 0x0000000090300000| Untracked 
|  98|0x0000000090400000, 0x0000000090400000, 0x0000000090500000|  0%| F|  |TAMS 0x0000000090400000, 0x0000000090400000| Untracked 
|  99|0x0000000090500000, 0x0000000090500000, 0x0000000090600000|  0%| F|  |TAMS 0x0000000090500000, 0x0000000090500000| Untracked 
| 100|0x0000000090600000, 0x0000000090600000, 0x0000000090700000|  0%| F|  |TAMS 0x0000000090600000, 0x0000000090600000| Untracked 
| 101|0x0000000090700000, 0x0000000090700000, 0x0000000090800000|  0%| F|  |TAMS 0x0000000090700000, 0x0000000090700000| Untracked 
| 102|0x0000000090800000, 0x0000000090800000, 0x0000000090900000|  0%| F|  |TAMS 0x0000000090800000, 0x0000000090800000| Untracked 
| 103|0x0000000090900000, 0x0000000090900000, 0x0000000090a00000|  0%| F|  |TAMS 0x0000000090900000, 0x0000000090900000| Untracked 
| 104|0x0000000090a00000, 0x0000000090a00000, 0x0000000090b00000|  0%| F|  |TAMS 0x0000000090a00000, 0x0000000090a00000| Untracked 
| 105|0x0000000090b00000, 0x0000000090b00000, 0x0000000090c00000|  0%| F|  |TAMS 0x0000000090b00000, 0x0000000090b00000| Untracked 
| 106|0x0000000090c00000, 0x0000000090c00000, 0x0000000090d00000|  0%| F|  |TAMS 0x0000000090c00000, 0x0000000090c00000| Untracked 
| 107|0x0000000090d00000, 0x0000000090d00000, 0x0000000090e00000|  0%| F|  |TAMS 0x0000000090d00000, 0x0000000090d00000| Untracked 
| 108|0x0000000090e00000, 0x0000000090e00000, 0x0000000090f00000|  0%| F|  |TAMS 0x0000000090e00000, 0x0000000090e00000| Untracked 
| 109|0x0000000090f00000, 0x0000000090f00000, 0x0000000091000000|  0%| F|  |TAMS 0x0000000090f00000, 0x0000000090f00000| Untracked 
| 110|0x0000000091000000, 0x0000000091000000, 0x0000000091100000|  0%| F|  |TAMS 0x0000000091000000, 0x0000000091000000| Untracked 
| 111|0x0000000091100000, 0x0000000091100000, 0x0000000091200000|  0%| F|  |TAMS 0x0000000091100000, 0x0000000091100000| Untracked 
| 112|0x0000000091200000, 0x0000000091200000, 0x0000000091300000|  0%| F|  |TAMS 0x0000000091200000, 0x0000000091200000| Untracked 
| 113|0x0000000091300000, 0x0000000091300000, 0x0000000091400000|  0%| F|  |TAMS 0x0000000091300000, 0x0000000091300000| Untracked 
| 114|0x0000000091400000, 0x0000000091400000, 0x0000000091500000|  0%| F|  |TAMS 0x0000000091400000, 0x0000000091400000| Untracked 
| 115|0x0000000091500000, 0x0000000091500000, 0x0000000091600000|  0%| F|  |TAMS 0x0000000091500000, 0x0000000091500000| Untracked 
| 116|0x0000000091600000, 0x0000000091600000, 0x0000000091700000|  0%| F|  |TAMS 0x0000000091600000, 0x0000000091600000| Untracked 
| 117|0x0000000091700000, 0x0000000091700000, 0x0000000091800000|  0%| F|  |TAMS 0x0000000091700000, 0x0000000091700000| Untracked 

Card table byte_map: [0x000002172c150000,0x000002172c500000] _byte_map_base: 0x000002172bcff000

Marking Bits (Prev, Next): (CMBitMap*) 0x00000217261775b0, (CMBitMap*) 0x0000021726177570
 Prev Bits: [0x000002172e630000, 0x00000217303a8000)
 Next Bits: [0x000002172c8b0000, 0x000002172e628000)

Polling page: 0x00000217258f0000

Metaspace:

Usage:
  Non-class:     29.68 MB used.
      Class:      4.44 MB used.
       Both:     34.12 MB used.

Virtual space:
  Non-class space:       32.00 MB reserved,      29.81 MB ( 93%) committed,  4 nodes.
      Class space:        1.00 GB reserved,       4.56 MB ( <1%) committed,  1 nodes.
             Both:        1.03 GB reserved,      34.38 MB (  3%) committed. 

Chunk freelists:
   Non-Class:  1.77 MB
       Class:  3.45 MB
        Both:  5.22 MB

MaxMetaspaceSize: unlimited
CompressedClassSpaceSize: 1.00 GB
Initial GC threshold: 21.00 MB
Current GC threshold: 55.25 MB
CDS: off
MetaspaceReclaimPolicy: balanced
 - commit_granule_bytes: 65536.
 - commit_granule_words: 8192.
 - virtual_space_node_default_size: 1048576.
 - enlarge_chunks_in_place: 1.
 - new_chunks_are_fully_committed: 0.
 - uncommit_free_chunks: 1.
 - use_allocation_guard: 0.
 - handle_deallocations: 1.


Internal statistics:

num_allocs_failed_limit: 3.
num_arena_births: 300.
num_arena_deaths: 0.
num_vsnodes_births: 5.
num_vsnodes_deaths: 0.
num_space_committed: 550.
num_space_uncommitted: 0.
num_chunks_returned_to_freelist: 3.
num_chunks_taken_from_freelist: 1301.
num_chunk_merges: 3.
num_chunk_splits: 892.
num_chunks_enlarged: 690.
num_purges: 0.
num_inconsistent_stats: 0.

CodeCache: size=49152Kb used=7105Kb max_used=7105Kb free=42046Kb
 bounds [0x0000021728da0000, 0x00000217294a0000, 0x000002172bda0000]
 total_blobs=4076 nmethods=3555 adapters=448
 compilation: enabled
              stopped_count=0, restarted_count=0
 full_count=0

Compilation events (20 events):
Event: 4.749 Thread 0x000002173380d8b0 3555   !   1       io.github.classgraph.Classfile::<init> (860 bytes)
Event: 4.752 Thread 0x000002173380d8b0 nmethod 3555 0x0000021729487790 code [0x0000021729487fc0, 0x000002172948ab08]
Event: 4.752 Thread 0x000002173380d8b0 3537       1       io.github.classgraph.ClasspathElementModule$1::openClassfile (13 bytes)
Event: 4.752 Thread 0x000002173380d8b0 nmethod 3537 0x000002172948c590 code [0x000002172948c740, 0x000002172948ca48]
Event: 4.752 Thread 0x000002173380d8b0 3538   !   1       io.github.classgraph.ClasspathElementModule$1::open (129 bytes)
Event: 4.753 Thread 0x000002173380d8b0 nmethod 3538 0x000002172948cb10 code [0x000002172948cdc0, 0x000002172948d878]
Event: 4.753 Thread 0x000002173380d8b0 3539       1       io.github.classgraph.ModuleReaderProxy::open (72 bytes)
Event: 4.753 Thread 0x000002173380d8b0 nmethod 3539 0x000002172948de90 code [0x000002172948e0a0, 0x000002172948e588]
Event: 4.753 Thread 0x000002173380d8b0 3541       1       jdk.internal.module.SystemModuleFinders$SystemModuleReader$$Lambda$142/0x00000001001bc598::apply (12 bytes)
Event: 4.754 Thread 0x000002173380d8b0 nmethod 3541 0x000002172948e790 code [0x000002172948e920, 0x000002172948ea48]
Event: 4.754 Thread 0x000002173380d8b0 3542   !   1       jdk.internal.module.SystemModuleFinders$SystemModuleReader::toInputStream (43 bytes)
Event: 4.754 Thread 0x000002173380d8b0 nmethod 3542 0x000002172948eb10 code [0x000002172948ed00, 0x000002172948f228]
Event: 4.754 Thread 0x000002173380d8b0 3548   !   1       nonapi.io.github.classgraph.fileslice.reader.ClassfileReader::close (43 bytes)
Event: 4.754 Thread 0x000002173380d8b0 nmethod 3548 0x000002172948f510 code [0x000002172948f6c0, 0x000002172948f898]
Event: 4.754 Thread 0x000002173380d8b0 3545       1       nonapi.io.github.classgraph.fileslice.reader.ClassfileReader::<init> (29 bytes)
Event: 4.754 Thread 0x000002173380d8b0 nmethod 3545 0x000002172948f990 code [0x000002172948fb20, 0x000002172948fd98]
Event: 4.754 Thread 0x000002173380d8b0 3543       1       io.github.classgraph.ClasspathElementModule$1$1::<init> (16 bytes)
Event: 4.754 Thread 0x000002173380d8b0 nmethod 3543 0x000002172948fe10 code [0x000002172948ffa0, 0x0000021729490178]
Event: 4.754 Thread 0x000002173380d8b0 3544       1       nonapi.io.github.classgraph.utils.ProxyingInputStream::<init> (10 bytes)
Event: 4.754 Thread 0x000002173380d8b0 nmethod 3544 0x0000021729490210 code [0x00000217294903a0, 0x00000217294904b8]

GC Heap History (20 events):
Event: 3.744 GC heap after
{Heap after GC invocations=9 (full 0):
 garbage-first heap   total 58368K, used 22030K [0x000000008a200000, 0x0000000100000000)
  region size 1024K, 3 young (3072K), 3 survivors (3072K)
 Metaspace       used 32911K, committed 33216K, reserved 1081344K
  class space    used 4178K, committed 4288K, reserved 1048576K
}
Event: 3.939 GC heap before
{Heap before GC invocations=9 (full 0):
 garbage-first heap   total 58368K, used 39438K [0x000000008a200000, 0x0000000100000000)
  region size 1024K, 21 young (21504K), 3 survivors (3072K)
 Metaspace       used 33177K, committed 33472K, reserved 1081344K
  class space    used 4217K, committed 4352K, reserved 1048576K
}
Event: 3.944 GC heap after
{Heap after GC invocations=10 (full 0):
 garbage-first heap   total 58368K, used 25729K [0x000000008a200000, 0x0000000100000000)
  region size 1024K, 3 young (3072K), 3 survivors (3072K)
 Metaspace       used 33177K, committed 33472K, reserved 1081344K
  class space    used 4217K, committed 4352K, reserved 1048576K
}
Event: 4.004 GC heap before
{Heap before GC invocations=10 (full 0):
 garbage-first heap   total 58368K, used 42113K [0x000000008a200000, 0x0000000100000000)
  region size 1024K, 19 young (19456K), 3 survivors (3072K)
 Metaspace       used 33505K, committed 33792K, reserved 1081344K
  class space    used 4266K, committed 4416K, reserved 1048576K
}
Event: 4.008 GC heap after
{Heap after GC invocations=11 (full 0):
 garbage-first heap   total 58368K, used 29013K [0x000000008a200000, 0x0000000100000000)
  region size 1024K, 3 young (3072K), 3 survivors (3072K)
 Metaspace       used 33505K, committed 33792K, reserved 1081344K
  class space    used 4266K, committed 4416K, reserved 1048576K
}
Event: 4.040 GC heap before
{Heap before GC invocations=11 (full 0):
 garbage-first heap   total 58368K, used 43349K [0x000000008a200000, 0x0000000100000000)
  region size 1024K, 17 young (17408K), 3 survivors (3072K)
 Metaspace       used 33634K, committed 33920K, reserved 1081344K
  class space    used 4285K, committed 4416K, reserved 1048576K
}
Event: 4.044 GC heap after
{Heap after GC invocations=12 (full 0):
 garbage-first heap   total 58368K, used 31313K [0x000000008a200000, 0x0000000100000000)
  region size 1024K, 3 young (3072K), 3 survivors (3072K)
 Metaspace       used 33634K, committed 33920K, reserved 1081344K
  class space    used 4285K, committed 4416K, reserved 1048576K
}
Event: 4.085 GC heap before
{Heap before GC invocations=13 (full 0):
 garbage-first heap   total 58368K, used 43601K [0x000000008a200000, 0x0000000100000000)
  region size 1024K, 15 young (15360K), 3 survivors (3072K)
 Metaspace       used 33692K, committed 33984K, reserved 1081344K
  class space    used 4299K, committed 4480K, reserved 1048576K
}
Event: 4.090 GC heap after
{Heap after GC invocations=14 (full 0):
 garbage-first heap   total 58368K, used 33940K [0x000000008a200000, 0x0000000100000000)
  region size 1024K, 2 young (2048K), 2 survivors (2048K)
 Metaspace       used 33692K, committed 33984K, reserved 1081344K
  class space    used 4299K, committed 4480K, reserved 1048576K
}
Event: 4.121 GC heap before
{Heap before GC invocations=14 (full 0):
 garbage-first heap   total 58368K, used 45204K [0x000000008a200000, 0x0000000100000000)
  region size 1024K, 13 young (13312K), 2 survivors (2048K)
 Metaspace       used 33700K, committed 34048K, reserved 1081344K
  class space    used 4301K, committed 4480K, reserved 1048576K
}
Event: 4.127 GC heap after
{Heap after GC invocations=15 (full 0):
 garbage-first heap   total 116736K, used 38308K [0x000000008a200000, 0x0000000100000000)
  region size 1024K, 2 young (2048K), 2 survivors (2048K)
 Metaspace       used 33700K, committed 34048K, reserved 1081344K
  class space    used 4301K, committed 4480K, reserved 1048576K
}
Event: 4.455 GC heap before
{Heap before GC invocations=16 (full 0):
 garbage-first heap   total 116736K, used 77220K [0x000000008a200000, 0x0000000100000000)
  region size 1024K, 41 young (41984K), 2 survivors (2048K)
 Metaspace       used 34527K, committed 34816K, reserved 1081344K
  class space    used 4471K, committed 4608K, reserved 1048576K
}
Event: 4.462 GC heap after
{Heap after GC invocations=17 (full 0):
 garbage-first heap   total 116736K, used 45959K [0x000000008a200000, 0x0000000100000000)
  region size 1024K, 6 young (6144K), 6 survivors (6144K)
 Metaspace       used 34527K, committed 34816K, reserved 1081344K
  class space    used 4471K, committed 4608K, reserved 1048576K
}
Event: 4.482 GC heap before
{Heap before GC invocations=17 (full 0):
 garbage-first heap   total 116736K, used 45959K [0x000000008a200000, 0x0000000100000000)
  region size 1024K, 7 young (7168K), 6 survivors (6144K)
 Metaspace       used 34672K, committed 35008K, reserved 1081344K
  class space    used 4499K, committed 4672K, reserved 1048576K
}
Event: 4.486 GC heap after
{Heap after GC invocations=18 (full 0):
 garbage-first heap   total 116736K, used 47023K [0x000000008a200000, 0x0000000100000000)
  region size 1024K, 1 young (1024K), 1 survivors (1024K)
 Metaspace       used 34672K, committed 35008K, reserved 1081344K
  class space    used 4499K, committed 4672K, reserved 1048576K
}
Event: 4.689 GC heap before
{Heap before GC invocations=18 (full 0):
 garbage-first heap   total 116736K, used 81839K [0x000000008a200000, 0x0000000100000000)
  region size 1024K, 34 young (34816K), 1 survivors (1024K)
 Metaspace       used 34921K, committed 35200K, reserved 1081344K
  class space    used 4541K, committed 4672K, reserved 1048576K
}
Event: 4.707 GC heap after
{Heap after GC invocations=19 (full 0):
 garbage-first heap   total 116736K, used 62347K [0x000000008a200000, 0x0000000100000000)
  region size 1024K, 5 young (5120K), 5 survivors (5120K)
 Metaspace       used 34921K, committed 35200K, reserved 1081344K
  class space    used 4541K, committed 4672K, reserved 1048576K
}
Event: 4.726 GC heap before
{Heap before GC invocations=19 (full 0):
 garbage-first heap   total 116736K, used 83851K [0x000000008a200000, 0x0000000100000000)
  region size 1024K, 27 young (27648K), 5 survivors (5120K)
 Metaspace       used 34925K, committed 35200K, reserved 1081344K
  class space    used 4542K, committed 4672K, reserved 1048576K
}
Event: 4.730 GC heap after
{Heap after GC invocations=20 (full 0):
 garbage-first heap   total 116736K, used 63878K [0x000000008a200000, 0x0000000100000000)
  region size 1024K, 2 young (2048K), 2 survivors (2048K)
 Metaspace       used 34925K, committed 35200K, reserved 1081344K
  class space    used 4542K, committed 4672K, reserved 1048576K
}
Event: 4.756 GC heap before
{Heap before GC invocations=20 (full 0):
 garbage-first heap   total 116736K, used 85382K [0x000000008a200000, 0x0000000100000000)
  region size 1024K, 24 young (24576K), 2 survivors (2048K)
 Metaspace       used 34937K, committed 35200K, reserved 1081344K
  class space    used 4542K, committed 4672K, reserved 1048576K
}

Deoptimization events (14 events):
Event: 1.323 Thread 0x000002172611c060 DEOPT PACKING pc=0x000002172900ef75 sp=0x000000b1c87fdb60
Event: 1.323 Thread 0x000002172611c060 DEOPT UNPACKING pc=0x0000021728df2b43 sp=0x000000b1c87fcfd0 mode 3
Event: 2.286 Thread 0x000002172611c060 DEOPT PACKING pc=0x0000021729121419 sp=0x000000b1c87fd310
Event: 2.286 Thread 0x000002172611c060 DEOPT UNPACKING pc=0x0000021728df2b43 sp=0x000000b1c87fc7f0 mode 3
Event: 2.692 Thread 0x000002172611c060 DEOPT PACKING pc=0x00000217291d61f5 sp=0x000000b1c87fe420
Event: 2.692 Thread 0x000002172611c060 DEOPT UNPACKING pc=0x0000021728df2b43 sp=0x000000b1c87fd890 mode 3
Event: 3.512 Thread 0x00000217351ba450 DEOPT PACKING pc=0x00000217292bfb2b sp=0x000000b1c9efe540
Event: 3.512 Thread 0x00000217351ba450 DEOPT UNPACKING pc=0x0000021728df2b43 sp=0x000000b1c9efda88 mode 3
Event: 3.947 Thread 0x00000217351c46c0 DEOPT PACKING pc=0x0000021729125781 sp=0x000000b1ca7ff0b0
Event: 3.947 Thread 0x00000217351c46c0 DEOPT UNPACKING pc=0x0000021728df2b43 sp=0x000000b1ca7fe540 mode 3
Event: 4.359 Thread 0x00000217351c5a00 DEOPT PACKING pc=0x0000021729433635 sp=0x000000b1caffdd20
Event: 4.359 Thread 0x00000217351c5a00 DEOPT UNPACKING pc=0x0000021728df2b43 sp=0x000000b1caffd248 mode 3
Event: 4.556 Thread 0x00000217351c5060 DEOPT PACKING pc=0x0000021729177e17 sp=0x000000b1cabff1a0
Event: 4.556 Thread 0x00000217351c5060 DEOPT UNPACKING pc=0x0000021728df2b43 sp=0x000000b1cabfe5f8 mode 3

Classes unloaded (0 events):
No events

Classes redefined (0 events):
No events

Internal exceptions (20 events):
Event: 3.587 Thread 0x000002173549cf50 Exception <a 'sun/nio/fs/WindowsException'{0x000000008cb98318}> (0x000000008cb98318) 
thrown [e:\jenkins\tmp\workspace\build\src\src\hotspot\share\prims\jni.cpp, line 516]
Event: 3.587 Thread 0x000002173549cf50 Exception <a 'sun/nio/fs/WindowsException'{0x000000008cb986e8}> (0x000000008cb986e8) 
thrown [e:\jenkins\tmp\workspace\build\src\src\hotspot\share\prims\jni.cpp, line 516]
Event: 3.588 Thread 0x000002173549cf50 Exception <a 'sun/nio/fs/WindowsException'{0x000000008cb99110}> (0x000000008cb99110) 
thrown [e:\jenkins\tmp\workspace\build\src\src\hotspot\share\prims\jni.cpp, line 516]
Event: 3.588 Thread 0x000002173549cf50 Exception <a 'sun/nio/fs/WindowsException'{0x000000008cb994f8}> (0x000000008cb994f8) 
thrown [e:\jenkins\tmp\workspace\build\src\src\hotspot\share\prims\jni.cpp, line 516]
Event: 3.588 Thread 0x000002173549cf50 Exception <a 'sun/nio/fs/WindowsException'{0x000000008cb99f10}> (0x000000008cb99f10) 
thrown [e:\jenkins\tmp\workspace\build\src\src\hotspot\share\prims\jni.cpp, line 516]
Event: 3.588 Thread 0x000002173549cf50 Exception <a 'sun/nio/fs/WindowsException'{0x000000008cb9a2e8}> (0x000000008cb9a2e8) 
thrown [e:\jenkins\tmp\workspace\build\src\src\hotspot\share\prims\jni.cpp, line 516]
Event: 3.588 Thread 0x000002173549cf50 Exception <a 'sun/nio/fs/WindowsException'{0x000000008cb9ad10}> (0x000000008cb9ad10) 
thrown [e:\jenkins\tmp\workspace\build\src\src\hotspot\share\prims\jni.cpp, line 516]
Event: 3.588 Thread 0x000002173549cf50 Exception <a 'sun/nio/fs/WindowsException'{0x000000008cb9b0f8}> (0x000000008cb9b0f8) 
thrown [e:\jenkins\tmp\workspace\build\src\src\hotspot\share\prims\jni.cpp, line 516]
Event: 3.588 Thread 0x000002173549cf50 Exception <a 'sun/nio/fs/WindowsException'{0x000000008cb9bb38}> (0x000000008cb9bb38) 
thrown [e:\jenkins\tmp\workspace\build\src\src\hotspot\share\prims\jni.cpp, line 516]
Event: 3.588 Thread 0x000002173549cf50 Exception <a 'sun/nio/fs/WindowsException'{0x000000008cb9bf40}> (0x000000008cb9bf40) 
thrown [e:\jenkins\tmp\workspace\build\src\src\hotspot\share\prims\jni.cpp, line 516]
Event: 3.588 Thread 0x000002173549cf50 Exception <a 'sun/nio/fs/WindowsException'{0x000000008cb9c998}> (0x000000008cb9c998) 
thrown [e:\jenkins\tmp\workspace\build\src\src\hotspot\share\prims\jni.cpp, line 516]
Event: 3.588 Thread 0x000002173549cf50 Exception <a 'sun/nio/fs/WindowsException'{0x000000008cb9cdb8}> (0x000000008cb9cdb8) 
thrown [e:\jenkins\tmp\workspace\build\src\src\hotspot\share\prims\jni.cpp, line 516]
Event: 3.588 Thread 0x000002173549cf50 Exception <a 'sun/nio/fs/WindowsException'{0x000000008cb9d808}> (0x000000008cb9d808) 
thrown [e:\jenkins\tmp\workspace\build\src\src\hotspot\share\prims\jni.cpp, line 516]
Event: 3.588 Thread 0x000002173549cf50 Exception <a 'sun/nio/fs/WindowsException'{0x000000008cb9dc20}> (0x000000008cb9dc20) 
thrown [e:\jenkins\tmp\workspace\build\src\src\hotspot\share\prims\jni.cpp, line 516]
Event: 4.355 Thread 0x00000217351c5a00 Exception <a 'java/lang/NoSuchMethodError'{0x000000008f21c318}: 'java.lang.Object java.lang.invoke.DirectMethodHandle$Holder.invokeStatic(java.lang.Object, int, java.lang.Object)'> (0x000000008f21c318) 
thrown [e:\jenkins\tmp\workspace\build\src\src\hotspot\share\interpreter\linkResolver.cpp, line 766]
Event: 4.356 Thread 0x00000217351c41f0 Exception <a 'java/lang/NoSuchMethodError'{0x000000008f249a10}: 'java.lang.Object java.lang.invoke.DirectMethodHandle$Holder.invokeStatic(java.lang.Object, java.lang.Object, java.lang.Object, int, java.lang.Object, java.lang.Object)'> (0x000000008f249a10) 
thrown [e:\jenkins\tmp\workspace\build\src\src\hotspot\share\interpreter\linkResolver.cpp, line 766]
Event: 4.379 Thread 0x00000217351c41f0 Exception <a 'java/lang/reflect/InvocationTargetException'{0x000000008f1f67f0}> (0x000000008f1f67f0) 
thrown [e:\jenkins\tmp\workspace\build\src\src\hotspot\share\runtime\reflection.cpp, line 1121]
Event: 4.487 Thread 0x00000217351c5a00 Exception <a 'java/lang/NoSuchMethodError'{0x000000009170da78}: 'int java.lang.invoke.DirectMethodHandle$Holder.invokeStatic(java.lang.Object)'> (0x000000009170da78) 
thrown [e:\jenkins\tmp\workspace\build\src\src\hotspot\share\interpreter\linkResolver.cpp, line 766]
Event: 4.487 Thread 0x00000217351c5a00 Exception <a 'java/lang/NoSuchMethodError'{0x00000000917111d0}: 'int java.lang.invoke.DirectMethodHandle$Holder.invokeStaticInit(java.lang.Object)'> (0x00000000917111d0) 
thrown [e:\jenkins\tmp\workspace\build\src\src\hotspot\share\interpreter\linkResolver.cpp, line 766]
Event: 4.506 Thread 0x00000217351c41f0 Exception <a 'java/lang/NoSuchMethodError'{0x0000000091135db0}: 'int java.lang.invoke.DirectMethodHandle$Holder.invokeVirtual(java.lang.Object, java.lang.Object)'> (0x0000000091135db0) 
thrown [e:\jenkins\tmp\workspace\build\src\src\hotspot\share\interpreter\linkResolver.cpp, line 766]

VM Operations (20 events):
Event: 4.640 Executing VM operation: ICBufferFull done
Event: 4.641 Executing VM operation: ICBufferFull
Event: 4.641 Executing VM operation: ICBufferFull done
Event: 4.641 Executing VM operation: ICBufferFull
Event: 4.641 Executing VM operation: ICBufferFull done
Event: 4.642 Executing VM operation: ICBufferFull
Event: 4.642 Executing VM operation: ICBufferFull done
Event: 4.642 Executing VM operation: ICBufferFull
Event: 4.642 Executing VM operation: ICBufferFull done
Event: 4.645 Executing VM operation: ICBufferFull
Event: 4.645 Executing VM operation: ICBufferFull done
Event: 4.689 Executing VM operation: G1CollectForAllocation
Event: 4.689 Executing VM operation: G1CollectForAllocation done
Event: 4.689 Executing VM operation: G1CollectForAllocation
Event: 4.707 Executing VM operation: G1CollectForAllocation done
Event: 4.726 Executing VM operation: G1CollectForAllocation
Event: 4.726 Executing VM operation: G1CollectForAllocation done
Event: 4.726 Executing VM operation: G1CollectForAllocation
Event: 4.730 Executing VM operation: G1CollectForAllocation done
Event: 4.755 Executing VM operation: G1CollectForAllocation

Events (20 events):
Event: 4.380 loading class java/util/logging/LogRecord done
Event: 4.381 loading class java/util/concurrent/atomic/AtomicLongFieldUpdater$CASUpdater$1 done
Event: 4.382 loading class java/io/PrintWriter
Event: 4.382 loading class java/io/PrintWriter done
Event: 4.388 loading class java/util/concurrent/CompletableFuture$UniApply
Event: 4.388 loading class java/util/concurrent/CompletableFuture$UniApply done
Event: 4.388 Thread 0x00000217351c63a0 Thread added: 0x00000217351c63a0
Event: 4.388 loading class java/util/concurrent/CompletableFuture$UniExceptionally
Event: 4.389 loading class java/util/concurrent/CompletableFuture$UniExceptionally done
Event: 4.493 Thread 0x00000217370ee370 Thread added: 0x00000217370ee370
Event: 4.502 loading class java/util/concurrent/CompletionException
Event: 4.502 loading class java/util/concurrent/CompletionException done
Event: 4.508 loading class sun/nio/cs/StringUTF16
Event: 4.508 loading class sun/nio/cs/StringUTF16 done
Event: 4.510 loading class java/util/WeakHashMap$EntrySet
Event: 4.510 loading class java/util/WeakHashMap$EntrySet done
Event: 4.510 loading class java/util/WeakHashMap$EntryIterator
Event: 4.510 loading class java/util/WeakHashMap$HashIterator
Event: 4.510 loading class java/util/WeakHashMap$HashIterator done
Event: 4.510 loading class java/util/WeakHashMap$EntryIterator done


Dynamic libraries:
0x00007ff7abe80000 - 0x00007ff7abe8e000 	c:\Users\JAIME CORTEZ\.vscode\extensions\redhat.java-1.9.0-win32-x64\jre\17.0.3-win32-x86_64\bin\java.exe
0x00007ffd219c0000 - 0x00007ffd21bc9000 	C:\WINDOWS\SYSTEM32\ntdll.dll
0x00007ffd20e20000 - 0x00007ffd20edd000 	C:\WINDOWS\System32\KERNEL32.DLL
0x00007ffd1f0e0000 - 0x00007ffd1f45d000 	C:\WINDOWS\System32\KERNELBASE.dll
0x00007ffd1eea0000 - 0x00007ffd1efb1000 	C:\WINDOWS\System32\ucrtbase.dll
0x00007ffd0f240000 - 0x00007ffd0f259000 	c:\Users\JAIME CORTEZ\.vscode\extensions\redhat.java-1.9.0-win32-x64\jre\17.0.3-win32-x86_64\bin\VCRUNTIME140.dll
0x00007ffd0f7a0000 - 0x00007ffd0f7b8000 	c:\Users\JAIME CORTEZ\.vscode\extensions\redhat.java-1.9.0-win32-x64\jre\17.0.3-win32-x86_64\bin\jli.dll
0x00007ffd214a0000 - 0x00007ffd2164d000 	C:\WINDOWS\System32\USER32.dll
0x00007ffd1f460000 - 0x00007ffd1f486000 	C:\WINDOWS\System32\win32u.dll
0x00007ffd21950000 - 0x00007ffd21979000 	C:\WINDOWS\System32\GDI32.dll
0x00007ffd1efc0000 - 0x00007ffd1f0d8000 	C:\WINDOWS\System32\gdi32full.dll
0x00007ffd1f550000 - 0x00007ffd1f5ed000 	C:\WINDOWS\System32\msvcp_win.dll
0x00007ffd04cb0000 - 0x00007ffd04f55000 	C:\WINDOWS\WinSxS\amd64_microsoft.windows.common-controls_6595b64144ccf1df_6.0.22000.120_none_9d947278b86cc467\COMCTL32.dll
0x00007ffd213e0000 - 0x00007ffd21483000 	C:\WINDOWS\System32\msvcrt.dll
0x00007ffd20ee0000 - 0x00007ffd20f11000 	C:\WINDOWS\System32\IMM32.DLL
0x00007ffd17b00000 - 0x00007ffd17b0c000 	c:\Users\JAIME CORTEZ\.vscode\extensions\redhat.java-1.9.0-win32-x64\jre\17.0.3-win32-x86_64\bin\vcruntime140_1.dll
0x00007ffcb8870000 - 0x00007ffcb8901000 	c:\Users\JAIME CORTEZ\.vscode\extensions\redhat.java-1.9.0-win32-x64\jre\17.0.3-win32-x86_64\bin\msvcp140.dll
0x00007ffc8ae50000 - 0x00007ffc8ba98000 	c:\Users\JAIME CORTEZ\.vscode\extensions\redhat.java-1.9.0-win32-x64\jre\17.0.3-win32-x86_64\bin\server\jvm.dll
0x00007ffd218a0000 - 0x00007ffd2194e000 	C:\WINDOWS\System32\ADVAPI32.dll
0x00007ffd21340000 - 0x00007ffd213de000 	C:\WINDOWS\System32\sechost.dll
0x00007ffd205e0000 - 0x00007ffd20700000 	C:\WINDOWS\System32\RPCRT4.dll
0x00007ffcfa790000 - 0x00007ffcfa799000 	C:\WINDOWS\SYSTEM32\WSOCK32.dll
0x00007ffd20240000 - 0x00007ffd20248000 	C:\WINDOWS\System32\PSAPI.DLL
0x00007ffd167f0000 - 0x00007ffd167fa000 	C:\WINDOWS\SYSTEM32\VERSION.dll
0x00007ffd17a90000 - 0x00007ffd17ac3000 	C:\WINDOWS\SYSTEM32\WINMM.dll
0x00007ffd20720000 - 0x00007ffd2078f000 	C:\WINDOWS\System32\WS2_32.dll
0x00007ffd1dfa0000 - 0x00007ffd1dfb8000 	C:\WINDOWS\SYSTEM32\kernel.appcore.dll
0x00007ffd17ad0000 - 0x00007ffd17ada000 	c:\Users\JAIME CORTEZ\.vscode\extensions\redhat.java-1.9.0-win32-x64\jre\17.0.3-win32-x86_64\bin\jimage.dll
0x00007ffd1cad0000 - 0x00007ffd1ccf1000 	C:\WINDOWS\SYSTEM32\DBGHELP.DLL
0x00007ffd05dd0000 - 0x00007ffd05e01000 	C:\WINDOWS\SYSTEM32\dbgcore.DLL
0x00007ffd1f760000 - 0x00007ffd1f7df000 	C:\WINDOWS\System32\bcryptPrimitives.dll
0x00007ffd0fa90000 - 0x00007ffd0fab5000 	c:\Users\JAIME CORTEZ\.vscode\extensions\redhat.java-1.9.0-win32-x64\jre\17.0.3-win32-x86_64\bin\java.dll
0x00007ffd10440000 - 0x00007ffd10458000 	c:\Users\JAIME CORTEZ\.vscode\extensions\redhat.java-1.9.0-win32-x64\jre\17.0.3-win32-x86_64\bin\zip.dll
0x00007ffd1fa80000 - 0x00007ffd20238000 	C:\WINDOWS\System32\SHELL32.dll
0x00007ffd1d010000 - 0x00007ffd1d878000 	C:\WINDOWS\SYSTEM32\windows.storage.dll
0x00007ffd20260000 - 0x00007ffd205d9000 	C:\WINDOWS\System32\combase.dll
0x00007ffd1cea0000 - 0x00007ffd1d006000 	C:\WINDOWS\SYSTEM32\wintypes.dll
0x00007ffd21150000 - 0x00007ffd2123a000 	C:\WINDOWS\System32\SHCORE.dll
0x00007ffd20c00000 - 0x00007ffd20c5d000 	C:\WINDOWS\System32\shlwapi.dll
0x00007ffd1edd0000 - 0x00007ffd1edf1000 	C:\WINDOWS\SYSTEM32\profapi.dll
0x00007ffd0f270000 - 0x00007ffd0f289000 	C:\Users\JAIME CORTEZ\.vscode\extensions\redhat.java-1.9.0-win32-x64\jre\17.0.3-win32-x86_64\bin\net.dll
0x00007ffd17100000 - 0x00007ffd1720c000 	C:\WINDOWS\SYSTEM32\WINHTTP.dll
0x00007ffd1e3d0000 - 0x00007ffd1e437000 	C:\WINDOWS\system32\mswsock.dll
0x00007ffd0ea30000 - 0x00007ffd0ea45000 	C:\Users\JAIME CORTEZ\.vscode\extensions\redhat.java-1.9.0-win32-x64\jre\17.0.3-win32-x86_64\bin\nio.dll
0x00007ffd10e60000 - 0x00007ffd10e70000 	c:\Users\JAIME CORTEZ\.vscode\extensions\redhat.java-1.9.0-win32-x64\jre\17.0.3-win32-x86_64\bin\verify.dll
0x00007ffd1af50000 - 0x00007ffd1af59000 	C:\Users\JAIME CORTEZ\.vscode\extensions\redhat.java-1.9.0-win32-x64\jre\17.0.3-win32-x86_64\bin\management.dll
0x00007ffd18d50000 - 0x00007ffd18d5b000 	C:\Users\JAIME CORTEZ\.vscode\extensions\redhat.java-1.9.0-win32-x64\jre\17.0.3-win32-x86_64\bin\management_ext.dll
0x00007ffcf15e0000 - 0x00007ffcf15f7000 	C:\WINDOWS\system32\napinsp.dll
0x00007ffcf15c0000 - 0x00007ffcf15db000 	C:\WINDOWS\system32\pnrpnsp.dll
0x00007ffd1db40000 - 0x00007ffd1dc28000 	C:\WINDOWS\SYSTEM32\DNSAPI.dll
0x00007ffd1dad0000 - 0x00007ffd1dafd000 	C:\WINDOWS\SYSTEM32\IPHLPAPI.DLL
0x00007ffd20250000 - 0x00007ffd20259000 	C:\WINDOWS\System32\NSI.dll
0x00007ffcb3120000 - 0x00007ffcb3132000 	C:\WINDOWS\System32\winrnr.dll
0x00007ffd16e70000 - 0x00007ffd16e85000 	C:\WINDOWS\system32\wshbth.dll
0x00007ffce6a30000 - 0x00007ffce6a4f000 	C:\WINDOWS\system32\nlansp_c.dll
0x00007ffd13770000 - 0x00007ffd1377a000 	C:\Windows\System32\rasadhlp.dll
0x00007ffd15000000 - 0x00007ffd15081000 	C:\WINDOWS\System32\fwpuclnt.dll
0x00007ffd1e620000 - 0x00007ffd1e638000 	C:\WINDOWS\SYSTEM32\CRYPTSP.dll
0x00007ffd1df00000 - 0x00007ffd1df35000 	C:\WINDOWS\system32\rsaenh.dll
0x00007ffd1e4c0000 - 0x00007ffd1e4e9000 	C:\WINDOWS\SYSTEM32\USERENV.dll
0x00007ffd1e790000 - 0x00007ffd1e7b7000 	C:\WINDOWS\SYSTEM32\bcrypt.dll
0x00007ffd1e610000 - 0x00007ffd1e61c000 	C:\WINDOWS\SYSTEM32\CRYPTBASE.dll
0x00007ffd16e90000 - 0x00007ffd16ea9000 	C:\WINDOWS\SYSTEM32\dhcpcsvc6.DLL
0x00007ffd17360000 - 0x00007ffd1737e000 	C:\WINDOWS\SYSTEM32\dhcpcsvc.DLL

dbghelp: loaded successfully - version: 4.0.5 - missing functions: none
symbol engine: initialized successfully - sym options: 0x614 - pdb path: .;c:\Users\JAIME CORTEZ\.vscode\extensions\redhat.java-1.9.0-win32-x64\jre\17.0.3-win32-x86_64\bin;C:\WINDOWS\SYSTEM32;C:\WINDOWS\WinSxS\amd64_microsoft.windows.common-controls_6595b64144ccf1df_6.0.22000.120_none_9d947278b86cc467;c:\Users\JAIME CORTEZ\.vscode\extensions\redhat.java-1.9.0-win32-x64\jre\17.0.3-win32-x86_64\bin\server

VM Arguments:
jvm_args: -Dsts.lsp.client=vscode -Dsts.log.file=/dev/null -XX:TieredStopAtLevel=1 -Dspring.config.location=file:c:\Users\JAIME CORTEZ\.vscode\extensions\pivotal.vscode-spring-boot-1.38.0\language-server\BOOT-INF\classes\application.properties 
java_command: org.springframework.ide.vscode.boot.app.BootLanguageServerBootApp
java_class_path (initial): c:\Users\JAIME CORTEZ\.vscode\extensions\pivotal.vscode-spring-boot-1.38.0\language-server\BOOT-INF\classes;c:\Users\JAIME CORTEZ\.vscode\extensions\pivotal.vscode-spring-boot-1.38.0\language-server\BOOT-INF\lib\annotations-23.0.0.jar;c:\Users\JAIME CORTEZ\.vscode\extensions\pivotal.vscode-spring-boot-1.38.0\language-server\BOOT-INF\lib\antlr-runtime-3.5.2.jar;c:\Users\JAIME CORTEZ\.vscode\extensions\pivotal.vscode-spring-boot-1.38.0\language-server\BOOT-INF\lib\antlr4-4.9.3.jar;c:\Users\JAIME CORTEZ\.vscode\extensions\pivotal.vscode-spring-boot-1.38.0\language-server\BOOT-INF\lib\antlr4-runtime-4.9.3.jar;c:\Users\JAIME CORTEZ\.vscode\extensions\pivotal.vscode-spring-boot-1.38.0\language-server\BOOT-INF\lib\asm-9.3.jar;c:\Users\JAIME CORTEZ\.vscode\extensions\pivotal.vscode-spring-boot-1.38.0\language-server\BOOT-INF\lib\asm-analysis-9.3.jar;c:\Users\JAIME CORTEZ\.vscode\extensions\pivotal.vscode-spring-boot-1.38.0\language-server\BOOT-INF\lib\asm-tree-9.3.jar;c:\Users\JAIME CORTEZ\.vscode\extensions\pivotal.vscode-spring-boot-1.38.0\language-server\BOOT-INF\lib\asm-util-9.3.jar;c:\Users\JAIME CORTEZ\.vscode\extensions\pivotal.vscode-spring-boot-1.38.0\language-server\BOOT-INF\lib\byte-buddy-1.10.18.jar;c:\Users\JAIME CORTEZ\.vscode\extensions\pivotal.vscode-spring-boot-1.38.0\language-server\BOOT-INF\lib\caffeine-2.8.6.jar;c:\Users\JAIME CORTEZ\.vscode\extensions\pivotal.vscode-spring-boot-1.38.0\language-server\BOOT-INF\lib\checker-qual-3.12.0.jar;c:\Users\JAIME CORTEZ\.vscode\extensions\pivotal.vscode-spring-boot-1.38.0\language-server\BOOT-INF\lib\classgraph-4.8.149.jar;c:\Users\JAIME CORTEZ\.vscode\extensions\pivotal.vscode-spring-boot-1.38.0\language-server\BOOT-INF\lib\commons-codec-1.14.jar;c:\Users\JAIME CORTEZ\.vscode\extensions\pivotal.vscode-spring-boot-1.38.0\language-server\BOOT-INF\lib\commons-compress-1.21.jar;c:\Users\JAIME CORTEZ\.vscode\extensions\pivotal.vscode-spring-boot-1.38.0\language-server\BOOT-INF\lib\commons-e
Launcher Type: SUN_STANDARD

[Global flags]
     intx CICompilerCount                          = 3                                         {product} {ergonomic}
     uint ConcGCThreads                            = 2                                         {product} {ergonomic}
     uint G1ConcRefinementThreads                  = 6                                         {product} {ergonomic}
   size_t G1HeapRegionSize                         = 1048576                                   {product} {ergonomic}
    uintx GCDrainStackTargetSize                   = 64                                        {product} {ergonomic}
   size_t InitialHeapSize                          = 123731968                                 {product} {ergonomic}
   size_t MarkStackSize                            = 4194304                                   {product} {ergonomic}
   size_t MaxHeapSize                              = 1977614336                                {product} {ergonomic}
   size_t MaxNewSize                               = 1185939456                                {product} {ergonomic}
   size_t MinHeapDeltaBytes                        = 1048576                                   {product} {ergonomic}
   size_t MinHeapSize                              = 8388608                                   {product} {ergonomic}
    uintx NonProfiledCodeHeapSize                  = 0                                      {pd product} {ergonomic}
     bool ProfileInterpreter                       = false                                  {pd product} {command line}
    uintx ProfiledCodeHeapSize                     = 0                                      {pd product} {ergonomic}
   size_t SoftMaxHeapSize                          = 1977614336                             {manageable} {ergonomic}
     intx TieredStopAtLevel                        = 1                                         {product} {command line}
     bool UseCompressedClassPointers               = true                           {product lp64_product} {ergonomic}
     bool UseCompressedOops                        = true                           {product lp64_product} {ergonomic}
     bool UseG1GC                                  = true                                      {product} {ergonomic}
     bool UseLargePagesIndividualAllocation        = false                                  {pd product} {ergonomic}

Logging:
Log output configuration:
 #0: stdout all=warning uptime,level,tags
 #1: stderr all=off uptime,level,tags

Environment Variables:
JAVA_HOME=C:\Program Files\Java\jdk-18.0.2
PATH=C:\Program Files (x86)\Common Files\Oracle\Java\javapath;C:\Program Files\Eclipse Adoptium\jdk-8.0.345.1-hotspot\bin;C:\Program Files\Eclipse Adoptium\jdk-17.0.4.8-hotspot\bin;C:\Program Files\Common Files\Oracle\Java\javapath;C:\WINDOWS\system32;C:\WINDOWS;C:\WINDOWS\System32\Wbem;C:\WINDOWS\System32\WindowsPowerShell\v1.0\;C:\WINDOWS\System32\OpenSSH\;C:\Program Files\Git\cmd;C:\Program Files\nodejs\;C:\Users\JAIME CORTEZ\AppData\Local\Programs\Python\Python310;C:\Users\JAIME CORTEZ\AppData\Local\Programs\Python\Python310\Scripts;C:\Program Files\PowerShell\7\;C:\Users\JAIME CORTEZ\AppData\Local\Microsoft\WindowsApps;C:\Users\JAIME CORTEZ\AppData\Local\GitHubDesktop\bin;C:\Users\JAIME CORTEZ\AppData\Roaming\npm;C:\Program Files\Java\jdk-18.0.2.1\lib;
USERNAME=JAIME CORTEZ
OS=Windows_NT
PROCESSOR_IDENTIFIER=AMD64 Family 23 Model 96 Stepping 1, AuthenticAMD



---------------  S Y S T E M  ---------------

OS:
 Windows 11 , 64 bit Build 22000 (10.0.22000.708)
OS uptime: 10 days 1:15 hours

CPU: total 6 (initial active 6) (6 cores per cpu, 1 threads per core) family 23 model 96 stepping 1 microcode 0x0, cx8, cmov, fxsr, mmx, 3dnowpref, sse, sse2, sse3, ssse3, sse4a, sse4.1, sse4.2, popcnt, lzcnt, tsc, tscinvbit, avx, avx2, aes, clmul, bmi1, bmi2, adx, sha, fma, vzeroupper, clflush, clflushopt

Memory: 4k page, system-wide physical 7542M (61M free)
TotalPageFile size 31094M (AvailPageFile size 88M)
current process WorkingSet (physical memory assigned to process): 200M, peak: 200M
current process commit charge ("private bytes"): 247M, peak: 357M

vm_info: OpenJDK 64-Bit Server VM (17.0.3+7) for windows-amd64 JRE (17.0.3+7), built on Apr 19 2022 16:55:35 by "" with MS VC++ 16.7 (VS2019)

END.
