#
# There is insufficient memory for the Java Runtime Environment to continue.
# Native memory allocation (malloc) failed to allocate 2097152 bytes for AllocateHeap
# Possible reasons:
#   The system is out of physical RAM or swap space
#   The process is running with CompressedOops enabled, and the Java Heap may be blocking the growth of the native heap
# Possible solutions:
#   Reduce memory load on the system
#   Increase physical memory or swap space
#   Check if swap backing store is full
#   Decrease Java heap size (-Xmx/-Xms)
#   Decrease number of Java threads
#   Decrease Java thread stack sizes (-Xss)
#   Set larger code cache with -XX:ReservedCodeCacheSize=
#   JVM is running with Unscaled Compressed Oops mode in which the Java heap is
#     placed in the first 4GB address space. The Java Heap base address is the
#     maximum limit for the native heap growth. Please use -XX:HeapBaseMinAddress
#     to set the Java Heap base and to place the Java Heap above 4GB virtual address.
# This output file may be truncated or incomplete.
#
#  Out of Memory Error (allocation.cpp:44), pid=133264, tid=125644
#
# JRE version: OpenJDK Runtime Environment Temurin-17.0.3+7 (17.0.3+7) (build 17.0.3+7)
# Java VM: OpenJDK 64-Bit Server VM Temurin-17.0.3+7 (17.0.3+7, mixed mode, emulated-client, tiered, compressed oops, compressed class ptrs, g1 gc, windows-amd64)
# No core dump will be written. Minidumps are not enabled by default on client versions of Windows
#

---------------  S U M M A R Y ------------

Command Line: -Dsts.lsp.client=vscode -Dsts.log.file=/dev/null -XX:TieredStopAtLevel=1 -Dspring.config.location=file:c:\Users\JAIME CORTEZ\.vscode\extensions\pivotal.vscode-spring-boot-1.38.0\language-server\BOOT-INF\classes\application.properties org.springframework.ide.vscode.boot.app.BootLanguageServerBootApp

Host: AMD Ryzen 5 4500U with Radeon Graphics         , 6 cores, 7G,  Windows 11 , 64 bit Build 22000 (10.0.22000.708)
Time: Tue Aug 30 10:33:10 2022 Hora est. Pacífico, Sudamérica elapsed time: 264541.204713 seconds (3d 1h 29m 1s)

---------------  T H R E A D  ---------------

Current thread (0x0000014275479d00):  VMThread "VM Thread" [stack: 0x0000001bcb800000,0x0000001bcb900000] [id=125644]

Stack: [0x0000001bcb800000,0x0000001bcb900000]
Native frames: (J=compiled Java code, j=interpreted, Vv=VM code, C=native code)
V  [jvm.dll+0x675efa]
V  [jvm.dll+0x830a24]
V  [jvm.dll+0x8321ce]
V  [jvm.dll+0x832833]
V  [jvm.dll+0x2454b5]
V  [jvm.dll+0xa6393]
V  [jvm.dll+0x2f5651]
V  [jvm.dll+0x2f12d0]
V  [jvm.dll+0x2d99b7]
V  [jvm.dll+0x31cac7]
V  [jvm.dll+0x836cdb]
V  [jvm.dll+0x837a14]
V  [jvm.dll+0x837f2c]
V  [jvm.dll+0x838304]
V  [jvm.dll+0x8383d0]
V  [jvm.dll+0x7e0cfa]
V  [jvm.dll+0x674d85]
C  [ucrtbase.dll+0x26c0c]
C  [KERNEL32.DLL+0x154e0]
C  [ntdll.dll+0x485b]

VM_Operation (0x0000001bcccfebf0): G1CollectFull, mode: safepoint, requested by thread 0x0000014277bf4e90


---------------  P R O C E S S  ---------------

Threads class SMR info:
_java_thread_list=0x0000014277e2a930, length=17, elements={
0x0000014275493480, 0x0000014275493d40, 0x00000142754d2130, 0x00000142754d29f0,
0x00000142754d52c0, 0x00000142754d7b90, 0x00000142754d8500, 0x00000142754d8e00,
0x00000142761f3c00, 0x00000142761fe9d0, 0x0000014277bf4e90, 0x0000014277cb93b0,
0x0000014268ae9b30, 0x0000014277d153a0, 0x0000014277d15870, 0x0000014277d15d40,
0x0000014277d14060
}

Java Threads: ( => current thread )
  0x0000014275493480 JavaThread "Reference Handler" daemon [_thread_blocked, id=130768, stack(0x0000001bcb900000,0x0000001bcba00000)]
  0x0000014275493d40 JavaThread "Finalizer" daemon [_thread_blocked, id=136940, stack(0x0000001bcba00000,0x0000001bcbb00000)]
  0x00000142754d2130 JavaThread "Signal Dispatcher" daemon [_thread_blocked, id=132488, stack(0x0000001bcbb00000,0x0000001bcbc00000)]
  0x00000142754d29f0 JavaThread "Attach Listener" daemon [_thread_blocked, id=137524, stack(0x0000001bcbc00000,0x0000001bcbd00000)]
  0x00000142754d52c0 JavaThread "Service Thread" daemon [_thread_blocked, id=66704, stack(0x0000001bcbd00000,0x0000001bcbe00000)]
  0x00000142754d7b90 JavaThread "Monitor Deflation Thread" daemon [_thread_blocked, id=137064, stack(0x0000001bcbe00000,0x0000001bcbf00000)]
  0x00000142754d8500 JavaThread "C1 CompilerThread0" daemon [_thread_blocked, id=137672, stack(0x0000001bcbf00000,0x0000001bcc000000)]
  0x00000142754d8e00 JavaThread "Sweeper thread" daemon [_thread_blocked, id=134596, stack(0x0000001bcc000000,0x0000001bcc100000)]
  0x00000142761f3c00 JavaThread "Notification Thread" daemon [_thread_blocked, id=114276, stack(0x0000001bcc100000,0x0000001bcc200000)]
  0x00000142761fe9d0 JavaThread "Common-Cleaner" daemon [_thread_blocked, id=137288, stack(0x0000001bcc300000,0x0000001bcc400000)]
  0x0000014277bf4e90 JavaThread "pool-7-thread-1" [_thread_blocked, id=124456, stack(0x0000001bccc00000,0x0000001bccd00000)]
  0x0000014277cb93b0 JavaThread "LanguageServerApp-lifecycle" [_thread_blocked, id=127968, stack(0x0000001bccd00000,0x0000001bcce00000)]
  0x0000014268ae9b30 JavaThread "DestroyJavaVM" [_thread_blocked, id=137144, stack(0x0000001bcb200000,0x0000001bcb300000)]
  0x0000014277d153a0 JavaThread "pool-8-thread-1" [_thread_in_native, id=131956, stack(0x0000001bcda00000,0x0000001bcdb00000)]
  0x0000014277d15870 JavaThread "Simple-Language-Server main thread" daemon [_thread_blocked, id=64032, stack(0x0000001bcdb00000,0x0000001bcdc00000)]
  0x0000014277d15d40 JavaThread "parallel-1" daemon [_thread_blocked, id=11464, stack(0x0000001bcdc00000,0x0000001bcdd00000)]
  0x0000014277d14060 JavaThread "pool-3-thread-1" [_thread_blocked, id=124744, stack(0x0000001bcde00000,0x0000001bcdf00000)]

Other Threads:
=>0x0000014275479d00 VMThread "VM Thread" [stack: 0x0000001bcb800000,0x0000001bcb900000] [id=125644]
  0x00000142761f44e0 WatcherThread [stack: 0x0000001bcc200000,0x0000001bcc300000] [id=138188]
  0x0000014268b41450 GCTaskThread "GC Thread#0" [stack: 0x0000001bcb300000,0x0000001bcb400000] [id=129180]
  0x00000142763322f0 GCTaskThread "GC Thread#1" [stack: 0x0000001bcb000000,0x0000001bcb100000] [id=135456]
  0x000001427665b0d0 GCTaskThread "GC Thread#2" [stack: 0x0000001bcb100000,0x0000001bcb200000] [id=81056]
  0x000001427665b380 GCTaskThread "GC Thread#3" [stack: 0x0000001bcc400000,0x0000001bcc500000] [id=132056]
  0x0000014276179330 GCTaskThread "GC Thread#4" [stack: 0x0000001bcc500000,0x0000001bcc600000] [id=123208]
  0x00000142761795e0 GCTaskThread "GC Thread#5" [stack: 0x0000001bcc600000,0x0000001bcc700000] [id=130604]
  0x0000014268b50e60 ConcurrentGCThread "G1 Main Marker" [stack: 0x0000001bcb400000,0x0000001bcb500000] [id=130572]
  0x0000014268b52790 ConcurrentGCThread "G1 Conc#0" [stack: 0x0000001bcb500000,0x0000001bcb600000] [id=92632]
  0x000001427756c020 ConcurrentGCThread "G1 Conc#1" [stack: 0x0000001bcca00000,0x0000001bccb00000] [id=127732]
  0x0000014268bb2b40 ConcurrentGCThread "G1 Refine#0" [stack: 0x0000001bcb600000,0x0000001bcb700000] [id=133332]
  0x00000142763325a0 ConcurrentGCThread "G1 Refine#1" [stack: 0x0000001bcc700000,0x0000001bcc800000] [id=22372]
  0x0000014278200410 ConcurrentGCThread "G1 Refine#2" [stack: 0x0000001bcdd00000,0x0000001bcde00000] [id=131356]
  0x0000014277d67970 ConcurrentGCThread "G1 Refine#3" [stack: 0x0000001bcdf00000,0x0000001bce000000] [id=133636]
  0x00000142752f1c30 ConcurrentGCThread "G1 Service" [stack: 0x0000001bcb700000,0x0000001bcb800000] [id=75336]

Threads with active compile tasks:

VM state: at safepoint (normal execution)

VM Mutex/Monitor currently owned by a thread:  ([mutex/lock_event])
[0x00000142667e9c80] Threads_lock - owner thread: 0x0000014275479d00
[0x0000014268ae87a0] Heap_lock - owner thread: 0x0000014277bf4e90

Heap address: 0x000000008a200000, size: 1886 MB, Compressed Oops mode: 32-bit

CDS archive(s) not mapped
Compressed class space mapped at: 0x0000000100000000-0x0000000140000000, reserved size: 1073741824
Narrow klass base: 0x0000000000000000, Narrow klass shift: 3, Narrow klass range: 0x140000000

GC Precious Log:
 CPUs: 6 total, 6 available
 Memory: 7542M
 Large Page Support: Disabled
 NUMA Support: Disabled
 Compressed Oops: Enabled (32-bit)
 Heap Region Size: 1M
 Heap Min Capacity: 8M
 Heap Initial Capacity: 118M
 Heap Max Capacity: 1886M
 Pre-touch: Disabled
 Parallel Workers: 6
 Concurrent Workers: 2
 Concurrent Refinement Workers: 6
 Periodic GC: Disabled

Heap:
 garbage-first heap   total 109568K, used 32384K [0x000000008a200000, 0x0000000100000000)
  region size 1024K, 1 young (1024K), 0 survivors (0K)
 Metaspace       used 51185K, committed 51648K, reserved 1097728K
  class space    used 6733K, committed 6912K, reserved 1048576K

Heap Regions: E=young(eden), S=young(survivor), O=old, HS=humongous(starts), HC=humongous(continues), CS=collection set, F=free, OA=open archive, CA=closed archive, TAMS=top-at-mark-start (previous, next)
|   0|0x000000008a200000, 0x000000008a2ffd78, 0x000000008a300000| 99%| O|  |TAMS 0x000000008a2ffd78, 0x000000008a200000| Untracked 
|   1|0x000000008a300000, 0x000000008a400000, 0x000000008a400000|100%| O|  |TAMS 0x000000008a400000, 0x000000008a300000| Untracked 
|   2|0x000000008a400000, 0x000000008a500000, 0x000000008a500000|100%| O|  |TAMS 0x000000008a500000, 0x000000008a400000| Untracked 
|   3|0x000000008a500000, 0x000000008a5fffe8, 0x000000008a600000| 99%| O|  |TAMS 0x000000008a5fffe8, 0x000000008a500000| Untracked 
|   4|0x000000008a600000, 0x000000008a6fffd0, 0x000000008a700000| 99%| O|  |TAMS 0x000000008a6fffd0, 0x000000008a600000| Untracked 
|   5|0x000000008a700000, 0x000000008a7fffe8, 0x000000008a800000| 99%| O|  |TAMS 0x000000008a7fffe8, 0x000000008a700000| Untracked 
|   6|0x000000008a800000, 0x000000008a900000, 0x000000008a900000|100%| O|  |TAMS 0x000000008a900000, 0x000000008a800000| Untracked 
|   7|0x000000008a900000, 0x000000008aa00000, 0x000000008aa00000|100%| O|  |TAMS 0x000000008aa00000, 0x000000008a900000| Untracked 
|   8|0x000000008aa00000, 0x000000008aafffc0, 0x000000008ab00000| 99%| O|  |TAMS 0x000000008aafffc0, 0x000000008aa00000| Untracked 
|   9|0x000000008ab00000, 0x000000008abfffd0, 0x000000008ac00000| 99%| O|  |TAMS 0x000000008abfffd0, 0x000000008ab00000| Untracked 
|  10|0x000000008ac00000, 0x000000008acfffd0, 0x000000008ad00000| 99%| O|  |TAMS 0x000000008acfffd0, 0x000000008ac00000| Untracked 
|  11|0x000000008ad00000, 0x000000008adffff0, 0x000000008ae00000| 99%| O|  |TAMS 0x000000008adffff0, 0x000000008ad00000| Untracked 
|  12|0x000000008ae00000, 0x000000008aefffd8, 0x000000008af00000| 99%| O|  |TAMS 0x000000008aefffd8, 0x000000008ae00000| Untracked 
|  13|0x000000008af00000, 0x000000008afffff0, 0x000000008b000000| 99%| O|  |TAMS 0x000000008afffff0, 0x000000008af00000| Untracked 
|  14|0x000000008b000000, 0x000000008b0fa758, 0x000000008b100000| 97%| O|  |TAMS 0x000000008b0fa758, 0x000000008b000000| Untracked 
|  15|0x000000008b100000, 0x000000008b200000, 0x000000008b200000|100%| O|  |TAMS 0x000000008b200000, 0x000000008b100000| Untracked 
|  16|0x000000008b200000, 0x000000008b2fffc8, 0x000000008b300000| 99%| O|  |TAMS 0x000000008b2fffc8, 0x000000008b200000| Untracked 
|  17|0x000000008b300000, 0x000000008b3ffff0, 0x000000008b400000| 99%| O|  |TAMS 0x000000008b3ffff0, 0x000000008b300000| Untracked 
|  18|0x000000008b400000, 0x000000008b4ffff8, 0x000000008b500000| 99%| O|  |TAMS 0x000000008b4ffff8, 0x000000008b400000| Untracked 
|  19|0x000000008b500000, 0x000000008b5ffff8, 0x000000008b600000| 99%| O|  |TAMS 0x000000008b5ffff8, 0x000000008b500000| Untracked 
|  20|0x000000008b600000, 0x000000008b6fe448, 0x000000008b700000| 99%| O|  |TAMS 0x000000008b6fe448, 0x000000008b600000| Untracked 
|  21|0x000000008b700000, 0x000000008b7fffc8, 0x000000008b800000| 99%| O|  |TAMS 0x000000008b7fffc8, 0x000000008b700000| Untracked 
|  22|0x000000008b800000, 0x000000008b8f9d50, 0x000000008b900000| 97%| O|  |TAMS 0x000000008b8f9d50, 0x000000008b800000| Untracked 
|  23|0x000000008b900000, 0x000000008ba00000, 0x000000008ba00000|100%| O|  |TAMS 0x000000008ba00000, 0x000000008b900000| Untracked 
|  24|0x000000008ba00000, 0x000000008baffff0, 0x000000008bb00000| 99%| O|  |TAMS 0x000000008baffff0, 0x000000008ba00000| Untracked 
|  25|0x000000008bb00000, 0x000000008bc00000, 0x000000008bc00000|100%| O|  |TAMS 0x000000008bc00000, 0x000000008bb00000| Untracked 
|  26|0x000000008bc00000, 0x000000008bcade78, 0x000000008bd00000| 67%| O|  |TAMS 0x000000008bc00000, 0x000000008bc00000| Untracked 
|  27|0x000000008bd00000, 0x000000008bd00048, 0x000000008be00000|  0%| O|  |TAMS 0x000000008bd00000, 0x000000008bd00000| Untracked 
|  28|0x000000008be00000, 0x000000008bf00000, 0x000000008bf00000|100%| O|  |TAMS 0x000000008bf00000, 0x000000008be00000| Untracked 
|  29|0x000000008bf00000, 0x000000008bf00000, 0x000000008c000000|  0%| F|  |TAMS 0x000000008bf00000, 0x000000008bf00000| Untracked 
|  30|0x000000008c000000, 0x000000008c000000, 0x000000008c100000|  0%| F|  |TAMS 0x000000008c000000, 0x000000008c000000| Untracked 
|  31|0x000000008c100000, 0x000000008c100000, 0x000000008c200000|  0%| F|  |TAMS 0x000000008c100000, 0x000000008c100000| Untracked 
|  32|0x000000008c200000, 0x000000008c200000, 0x000000008c300000|  0%| F|  |TAMS 0x000000008c200000, 0x000000008c200000| Untracked 
|  33|0x000000008c300000, 0x000000008c3ffff8, 0x000000008c400000| 99%| O|  |TAMS 0x000000008c3ffff8, 0x000000008c300000| Untracked 
|  34|0x000000008c400000, 0x000000008c400000, 0x000000008c500000|  0%| F|  |TAMS 0x000000008c400000, 0x000000008c400000| Untracked 
|  35|0x000000008c500000, 0x000000008c500000, 0x000000008c600000|  0%| F|  |TAMS 0x000000008c500000, 0x000000008c500000| Untracked 
|  36|0x000000008c600000, 0x000000008c600000, 0x000000008c700000|  0%| F|  |TAMS 0x000000008c600000, 0x000000008c600000| Untracked 
|  37|0x000000008c700000, 0x000000008c700000, 0x000000008c800000|  0%| F|  |TAMS 0x000000008c700000, 0x000000008c700000| Untracked 
|  38|0x000000008c800000, 0x000000008c800000, 0x000000008c900000|  0%| F|  |TAMS 0x000000008c800000, 0x000000008c800000| Untracked 
|  39|0x000000008c900000, 0x000000008c900000, 0x000000008ca00000|  0%| F|  |TAMS 0x000000008c900000, 0x000000008c900000| Untracked 
|  40|0x000000008ca00000, 0x000000008cafffb8, 0x000000008cb00000| 99%| O|  |TAMS 0x000000008cafffb8, 0x000000008ca00000| Untracked 
|  41|0x000000008cb00000, 0x000000008cb00000, 0x000000008cc00000|  0%| F|  |TAMS 0x000000008cb00000, 0x000000008cb00000| Untracked 
|  42|0x000000008cc00000, 0x000000008cc00000, 0x000000008cd00000|  0%| F|  |TAMS 0x000000008cc00000, 0x000000008cc00000| Untracked 
|  43|0x000000008cd00000, 0x000000008cd00000, 0x000000008ce00000|  0%| F|  |TAMS 0x000000008cd00000, 0x000000008cd00000| Untracked 
|  44|0x000000008ce00000, 0x000000008ce00000, 0x000000008cf00000|  0%| F|  |TAMS 0x000000008ce00000, 0x000000008ce00000| Untracked 
|  45|0x000000008cf00000, 0x000000008cf00000, 0x000000008d000000|  0%| F|  |TAMS 0x000000008cf00000, 0x000000008cf00000| Untracked 
|  46|0x000000008d000000, 0x000000008d000000, 0x000000008d100000|  0%| F|  |TAMS 0x000000008d000000, 0x000000008d000000| Untracked 
|  47|0x000000008d100000, 0x000000008d200000, 0x000000008d200000|100%| O|  |TAMS 0x000000008d200000, 0x000000008d100000| Untracked 
|  48|0x000000008d200000, 0x000000008d200000, 0x000000008d300000|  0%| F|  |TAMS 0x000000008d200000, 0x000000008d200000| Untracked 
|  49|0x000000008d300000, 0x000000008d300000, 0x000000008d400000|  0%| F|  |TAMS 0x000000008d300000, 0x000000008d300000| Untracked 
|  50|0x000000008d400000, 0x000000008d400000, 0x000000008d500000|  0%| F|  |TAMS 0x000000008d400000, 0x000000008d400000| Untracked 
|  51|0x000000008d500000, 0x000000008d500000, 0x000000008d600000|  0%| F|  |TAMS 0x000000008d500000, 0x000000008d500000| Untracked 
|  52|0x000000008d600000, 0x000000008d600000, 0x000000008d700000|  0%| F|  |TAMS 0x000000008d600000, 0x000000008d600000| Untracked 
|  53|0x000000008d700000, 0x000000008d700000, 0x000000008d800000|  0%| F|  |TAMS 0x000000008d700000, 0x000000008d700000| Untracked 
|  54|0x000000008d800000, 0x000000008d800000, 0x000000008d900000|  0%| F|  |TAMS 0x000000008d800000, 0x000000008d800000| Untracked 
|  55|0x000000008d900000, 0x000000008d900000, 0x000000008da00000|  0%| F|  |TAMS 0x000000008d900000, 0x000000008d900000| Untracked 
|  56|0x000000008da00000, 0x000000008da00000, 0x000000008db00000|  0%| F|  |TAMS 0x000000008da00000, 0x000000008da00000| Untracked 
|  57|0x000000008db00000, 0x000000008db00000, 0x000000008dc00000|  0%| F|  |TAMS 0x000000008db00000, 0x000000008db00000| Untracked 
|  58|0x000000008dc00000, 0x000000008dc00000, 0x000000008dd00000|  0%| F|  |TAMS 0x000000008dc00000, 0x000000008dc00000| Untracked 
|  59|0x000000008dd00000, 0x000000008dd00000, 0x000000008de00000|  0%| F|  |TAMS 0x000000008dd00000, 0x000000008dd00000| Untracked 
|  60|0x000000008de00000, 0x000000008de00000, 0x000000008df00000|  0%| F|  |TAMS 0x000000008de00000, 0x000000008de00000| Untracked 
|  61|0x000000008df00000, 0x000000008df00000, 0x000000008e000000|  0%| F|  |TAMS 0x000000008df00000, 0x000000008df00000| Untracked 
|  62|0x000000008e000000, 0x000000008e000000, 0x000000008e100000|  0%| F|  |TAMS 0x000000008e000000, 0x000000008e000000| Untracked 
|  63|0x000000008e100000, 0x000000008e100000, 0x000000008e200000|  0%| F|  |TAMS 0x000000008e100000, 0x000000008e100000| Untracked 
|  64|0x000000008e200000, 0x000000008e200000, 0x000000008e300000|  0%| F|  |TAMS 0x000000008e200000, 0x000000008e200000| Untracked 
|  65|0x000000008e300000, 0x000000008e300000, 0x000000008e400000|  0%| F|  |TAMS 0x000000008e300000, 0x000000008e300000| Untracked 
|  66|0x000000008e400000, 0x000000008e400000, 0x000000008e500000|  0%| F|  |TAMS 0x000000008e400000, 0x000000008e400000| Untracked 
|  67|0x000000008e500000, 0x000000008e500000, 0x000000008e600000|  0%| F|  |TAMS 0x000000008e500000, 0x000000008e500000| Untracked 
|  68|0x000000008e600000, 0x000000008e700000, 0x000000008e700000|100%|HS|  |TAMS 0x000000008e700000, 0x000000008e600000| Untracked 
|  69|0x000000008e700000, 0x000000008e700000, 0x000000008e800000|  0%| F|  |TAMS 0x000000008e700000, 0x000000008e700000| Untracked 
|  70|0x000000008e800000, 0x000000008e800000, 0x000000008e900000|  0%| F|  |TAMS 0x000000008e800000, 0x000000008e800000| Untracked 
|  71|0x000000008e900000, 0x000000008e900000, 0x000000008ea00000|  0%| F|  |TAMS 0x000000008e900000, 0x000000008e900000| Untracked 
|  72|0x000000008ea00000, 0x000000008ea00000, 0x000000008eb00000|  0%| F|  |TAMS 0x000000008ea00000, 0x000000008ea00000| Untracked 
|  73|0x000000008eb00000, 0x000000008eb00000, 0x000000008ec00000|  0%| F|  |TAMS 0x000000008eb00000, 0x000000008eb00000| Untracked 
|  74|0x000000008ec00000, 0x000000008ec00000, 0x000000008ed00000|  0%| F|  |TAMS 0x000000008ec00000, 0x000000008ec00000| Untracked 
|  75|0x000000008ed00000, 0x000000008ed00000, 0x000000008ee00000|  0%| F|  |TAMS 0x000000008ed00000, 0x000000008ed00000| Untracked 
|  76|0x000000008ee00000, 0x000000008ee00000, 0x000000008ef00000|  0%| F|  |TAMS 0x000000008ee00000, 0x000000008ee00000| Untracked 
|  77|0x000000008ef00000, 0x000000008ef00000, 0x000000008f000000|  0%| F|  |TAMS 0x000000008ef00000, 0x000000008ef00000| Untracked 
|  78|0x000000008f000000, 0x000000008f000000, 0x000000008f100000|  0%| F|  |TAMS 0x000000008f000000, 0x000000008f000000| Untracked 
|  79|0x000000008f100000, 0x000000008f100000, 0x000000008f200000|  0%| F|  |TAMS 0x000000008f100000, 0x000000008f100000| Untracked 
|  80|0x000000008f200000, 0x000000008f200000, 0x000000008f300000|  0%| F|  |TAMS 0x000000008f200000, 0x000000008f200000| Untracked 
|  81|0x000000008f300000, 0x000000008f300000, 0x000000008f400000|  0%| F|  |TAMS 0x000000008f300000, 0x000000008f300000| Untracked 
|  82|0x000000008f400000, 0x000000008f400000, 0x000000008f500000|  0%| F|  |TAMS 0x000000008f400000, 0x000000008f400000| Untracked 
|  83|0x000000008f500000, 0x000000008f500000, 0x000000008f600000|  0%| F|  |TAMS 0x000000008f500000, 0x000000008f500000| Untracked 
|  84|0x000000008f600000, 0x000000008f600000, 0x000000008f700000|  0%| F|  |TAMS 0x000000008f600000, 0x000000008f600000| Untracked 
|  85|0x000000008f700000, 0x000000008f700000, 0x000000008f800000|  0%| F|  |TAMS 0x000000008f700000, 0x000000008f700000| Untracked 
|  86|0x000000008f800000, 0x000000008f800000, 0x000000008f900000|  0%| F|  |TAMS 0x000000008f800000, 0x000000008f800000| Untracked 
|  87|0x000000008f900000, 0x000000008f900000, 0x000000008fa00000|  0%| F|  |TAMS 0x000000008f900000, 0x000000008f900000| Untracked 
|  88|0x000000008fa00000, 0x000000008fa00000, 0x000000008fb00000|  0%| F|  |TAMS 0x000000008fa00000, 0x000000008fa00000| Untracked 
|  89|0x000000008fb00000, 0x000000008fb00000, 0x000000008fc00000|  0%| F|  |TAMS 0x000000008fb00000, 0x000000008fb00000| Untracked 
|  90|0x000000008fc00000, 0x000000008fc00000, 0x000000008fd00000|  0%| F|  |TAMS 0x000000008fc00000, 0x000000008fc00000| Untracked 
|  91|0x000000008fd00000, 0x000000008fd00000, 0x000000008fe00000|  0%| F|  |TAMS 0x000000008fd00000, 0x000000008fd00000| Untracked 
|  92|0x000000008fe00000, 0x000000008fe00000, 0x000000008ff00000|  0%| F|  |TAMS 0x000000008fe00000, 0x000000008fe00000| Untracked 
|  93|0x000000008ff00000, 0x000000008ff00000, 0x0000000090000000|  0%| F|  |TAMS 0x000000008ff00000, 0x000000008ff00000| Untracked 
|  94|0x0000000090000000, 0x0000000090000000, 0x0000000090100000|  0%| F|  |TAMS 0x0000000090000000, 0x0000000090000000| Untracked 
|  95|0x0000000090100000, 0x0000000090100000, 0x0000000090200000|  0%| F|  |TAMS 0x0000000090100000, 0x0000000090100000| Untracked 
|  96|0x0000000090200000, 0x0000000090200000, 0x0000000090300000|  0%| F|  |TAMS 0x0000000090200000, 0x0000000090200000| Untracked 
|  97|0x0000000090300000, 0x0000000090300000, 0x0000000090400000|  0%| F|  |TAMS 0x0000000090300000, 0x0000000090300000| Untracked 
|  98|0x0000000090400000, 0x0000000090400000, 0x0000000090500000|  0%| F|  |TAMS 0x0000000090400000, 0x0000000090400000| Untracked 
|  99|0x0000000090500000, 0x0000000090500000, 0x0000000090600000|  0%| F|  |TAMS 0x0000000090500000, 0x0000000090500000| Untracked 
| 100|0x0000000090600000, 0x0000000090600000, 0x0000000090700000|  0%| F|  |TAMS 0x0000000090600000, 0x0000000090600000| Untracked 
| 101|0x0000000090700000, 0x0000000090700000, 0x0000000090800000|  0%| F|  |TAMS 0x0000000090700000, 0x0000000090700000| Untracked 
| 102|0x0000000090800000, 0x0000000090800000, 0x0000000090900000|  0%| F|  |TAMS 0x0000000090800000, 0x0000000090800000| Untracked 
| 103|0x0000000090900000, 0x0000000090900000, 0x0000000090a00000|  0%| F|  |TAMS 0x0000000090900000, 0x0000000090900000| Untracked 
| 104|0x0000000090a00000, 0x0000000090a00000, 0x0000000090b00000|  0%| F|  |TAMS 0x0000000090a00000, 0x0000000090a00000| Untracked 
| 105|0x0000000090b00000, 0x0000000090b00000, 0x0000000090c00000|  0%| F|  |TAMS 0x0000000090b00000, 0x0000000090b00000| Untracked 
| 106|0x0000000090c00000, 0x0000000090c1a818, 0x0000000090d00000| 10%| E|  |TAMS 0x0000000090c00000, 0x0000000090c00000| Complete 

Card table byte_map: [0x000001426eb20000,0x000001426eed0000] _byte_map_base: 0x000001426e6cf000

Marking Bits (Prev, Next): (CMBitMap*) 0x0000014268b41970, (CMBitMap*) 0x0000014268b419b0
 Prev Bits: [0x000001426f280000, 0x0000014270ff8000)
 Next Bits: [0x0000014271000000, 0x0000014272d78000)

Polling page: 0x0000014266a70000

Metaspace:

Usage:
  Non-class:     43.41 MB used.
      Class:      6.58 MB used.
       Both:     49.99 MB used.

Virtual space:
  Non-class space:       48.00 MB reserved,      43.69 MB ( 91%) committed,  6 nodes.
      Class space:        1.00 GB reserved,       6.75 MB ( <1%) committed,  1 nodes.
             Both:        1.05 GB reserved,      50.44 MB (  5%) committed. 

Chunk freelists:
   Non-Class:  4.09 MB
       Class:  1.14 MB
        Both:  5.23 MB

MaxMetaspaceSize: unlimited
CompressedClassSpaceSize: 1.00 GB
Initial GC threshold: 21.00 MB
Current GC threshold: 84.00 MB
CDS: off
MetaspaceReclaimPolicy: balanced
 - commit_granule_bytes: 65536.
 - commit_granule_words: 8192.
 - virtual_space_node_default_size: 1048576.
 - enlarge_chunks_in_place: 1.
 - new_chunks_are_fully_committed: 0.
 - uncommit_free_chunks: 1.
 - use_allocation_guard: 0.
 - handle_deallocations: 1.


Internal statistics:

num_allocs_failed_limit: 5.
num_arena_births: 424.
num_arena_deaths: 120.
num_vsnodes_births: 7.
num_vsnodes_deaths: 0.
num_space_committed: 807.
num_space_uncommitted: 0.
num_chunks_returned_to_freelist: 139.
num_chunks_taken_from_freelist: 2016.
num_chunk_merges: 50.
num_chunk_splits: 1464.
num_chunks_enlarged: 1170.
num_purges: 6.
num_inconsistent_stats: 0.

CodeCache: size=49152Kb used=12232Kb max_used=12232Kb free=36919Kb
 bounds [0x000001426b770000, 0x000001426c370000, 0x000001426e770000]
 total_blobs=7028 nmethods=6430 adapters=524
 compilation: enabled
              stopped_count=0, restarted_count=0
 full_count=0

Compilation events (20 events):
Event: 2958.285 Thread 0x00000142754d8500 6418       1       java.lang.invoke.LambdaForm$DMH/0x00000001006e3c00::newInvokeSpecial (23 bytes)
Event: 2958.285 Thread 0x00000142754d8500 nmethod 6418 0x000001426c35ce90 code [0x000001426c35d040, 0x000001426c35d1c8]
Event: 2958.575 Thread 0x00000142754d8500 6419   !   1       java.io.FilterOutputStream::close (183 bytes)
Event: 2958.604 Thread 0x00000142754d8500 nmethod 6419 0x000001426c35db10 code [0x000001426c35dd20, 0x000001426c35e1f8]
Event: 2958.604 Thread 0x00000142754d8500 6421       1       java.lang.ProcessImpl$$Lambda$631/0x00000001004ce040::run (8 bytes)
Event: 2958.604 Thread 0x00000142754d8500 nmethod 6421 0x000001426c35e490 code [0x000001426c35e620, 0x000001426c35e708]
Event: 2958.604 Thread 0x00000142754d8500 6422       1       java.lang.ProcessImpl::lambda$new$0 (6 bytes)
Event: 2958.604 Thread 0x00000142754d8500 nmethod 6422 0x000001426c35e790 code [0x000001426c35e920, 0x000001426c35e9e8]
Event: 4072.134 Thread 0x00000142754d8500 6424       1       java.util.concurrent.ThreadPoolExecutor::ensurePrestart (41 bytes)
Event: 4072.144 Thread 0x00000142754d8500 nmethod 6424 0x000001426c35ea90 code [0x000001426c35ec40, 0x000001426c35edb8]
Event: 4290.434 Thread 0x00000142754d8500 6426       1       java.lang.ProcessImpl$2::run (242 bytes)
Event: 4290.448 Thread 0x00000142754d8500 nmethod 6426 0x000001426c35f690 code [0x000001426c35f940, 0x000001426c3606d8]
Event: 4290.449 Thread 0x00000142754d8500 6427       1       java.io.BufferedOutputStream::<init> (9 bytes)
Event: 4290.449 Thread 0x00000142754d8500 nmethod 6427 0x000001426c360d10 code [0x000001426c360ea0, 0x000001426c361178]
Event: 4290.449 Thread 0x00000142754d8500 6428       1       java.lang.ProcessImpl::waitFor (136 bytes)
Event: 4290.451 Thread 0x00000142754d8500 nmethod 6428 0x000001426c361290 code [0x000001426c3614a0, 0x000001426c361898]
Event: 116952.542 Thread 0x00000142754d8500 6430       1       java.lang.Module::getName (5 bytes)
Event: 116952.557 Thread 0x00000142754d8500 nmethod 6430 0x000001426c361b10 code [0x000001426c361ca0, 0x000001426c361d78]
Event: 116952.557 Thread 0x00000142754d8500 6431       1       java.lang.ModuleLayer::boot (4 bytes)
Event: 116952.559 Thread 0x00000142754d8500 nmethod 6431 0x000001426c361e10 code [0x000001426c361fa0, 0x000001426c362058]

GC Heap History (20 events):
Event: 264435.898 GC heap before
{Heap before GC invocations=15978 (full 15928):
 garbage-first heap   total 109568K, used 32384K [0x000000008a200000, 0x0000000100000000)
  region size 1024K, 1 young (1024K), 0 survivors (0K)
 Metaspace       used 51185K, committed 51648K, reserved 1097728K
  class space    used 6733K, committed 6912K, reserved 1048576K
}
Event: 264435.924 GC heap after
{Heap after GC invocations=15979 (full 15929):
 garbage-first heap   total 109568K, used 32384K [0x000000008a200000, 0x0000000100000000)
  region size 1024K, 0 young (0K), 0 survivors (0K)
 Metaspace       used 51185K, committed 51648K, reserved 1097728K
  class space    used 6733K, committed 6912K, reserved 1048576K
}
Event: 264446.476 GC heap before
{Heap before GC invocations=15979 (full 15929):
 garbage-first heap   total 109568K, used 32384K [0x000000008a200000, 0x0000000100000000)
  region size 1024K, 1 young (1024K), 0 survivors (0K)
 Metaspace       used 51185K, committed 51648K, reserved 1097728K
  class space    used 6733K, committed 6912K, reserved 1048576K
}
Event: 264446.518 GC heap after
{Heap after GC invocations=15980 (full 15930):
 garbage-first heap   total 109568K, used 32384K [0x000000008a200000, 0x0000000100000000)
  region size 1024K, 0 young (0K), 0 survivors (0K)
 Metaspace       used 51185K, committed 51648K, reserved 1097728K
  class space    used 6733K, committed 6912K, reserved 1048576K
}
Event: 264457.027 GC heap before
{Heap before GC invocations=15980 (full 15930):
 garbage-first heap   total 109568K, used 32384K [0x000000008a200000, 0x0000000100000000)
  region size 1024K, 1 young (1024K), 0 survivors (0K)
 Metaspace       used 51185K, committed 51648K, reserved 1097728K
  class space    used 6733K, committed 6912K, reserved 1048576K
}
Event: 264457.053 GC heap after
{Heap after GC invocations=15981 (full 15931):
 garbage-first heap   total 109568K, used 32384K [0x000000008a200000, 0x0000000100000000)
  region size 1024K, 0 young (0K), 0 survivors (0K)
 Metaspace       used 51185K, committed 51648K, reserved 1097728K
  class space    used 6733K, committed 6912K, reserved 1048576K
}
Event: 264467.522 GC heap before
{Heap before GC invocations=15981 (full 15931):
 garbage-first heap   total 109568K, used 32384K [0x000000008a200000, 0x0000000100000000)
  region size 1024K, 1 young (1024K), 0 survivors (0K)
 Metaspace       used 51185K, committed 51648K, reserved 1097728K
  class space    used 6733K, committed 6912K, reserved 1048576K
}
Event: 264467.548 GC heap after
{Heap after GC invocations=15982 (full 15932):
 garbage-first heap   total 109568K, used 32384K [0x000000008a200000, 0x0000000100000000)
  region size 1024K, 0 young (0K), 0 survivors (0K)
 Metaspace       used 51185K, committed 51648K, reserved 1097728K
  class space    used 6733K, committed 6912K, reserved 1048576K
}
Event: 264478.055 GC heap before
{Heap before GC invocations=15982 (full 15932):
 garbage-first heap   total 109568K, used 32384K [0x000000008a200000, 0x0000000100000000)
  region size 1024K, 1 young (1024K), 0 survivors (0K)
 Metaspace       used 51185K, committed 51648K, reserved 1097728K
  class space    used 6733K, committed 6912K, reserved 1048576K
}
Event: 264478.090 GC heap after
{Heap after GC invocations=15983 (full 15933):
 garbage-first heap   total 109568K, used 32384K [0x000000008a200000, 0x0000000100000000)
  region size 1024K, 0 young (0K), 0 survivors (0K)
 Metaspace       used 51185K, committed 51648K, reserved 1097728K
  class space    used 6733K, committed 6912K, reserved 1048576K
}
Event: 264488.580 GC heap before
{Heap before GC invocations=15983 (full 15933):
 garbage-first heap   total 109568K, used 32384K [0x000000008a200000, 0x0000000100000000)
  region size 1024K, 1 young (1024K), 0 survivors (0K)
 Metaspace       used 51185K, committed 51648K, reserved 1097728K
  class space    used 6733K, committed 6912K, reserved 1048576K
}
Event: 264488.607 GC heap after
{Heap after GC invocations=15984 (full 15934):
 garbage-first heap   total 109568K, used 32384K [0x000000008a200000, 0x0000000100000000)
  region size 1024K, 0 young (0K), 0 survivors (0K)
 Metaspace       used 51185K, committed 51648K, reserved 1097728K
  class space    used 6733K, committed 6912K, reserved 1048576K
}
Event: 264499.080 GC heap before
{Heap before GC invocations=15984 (full 15934):
 garbage-first heap   total 109568K, used 32384K [0x000000008a200000, 0x0000000100000000)
  region size 1024K, 1 young (1024K), 0 survivors (0K)
 Metaspace       used 51185K, committed 51648K, reserved 1097728K
  class space    used 6733K, committed 6912K, reserved 1048576K
}
Event: 264499.106 GC heap after
{Heap after GC invocations=15985 (full 15935):
 garbage-first heap   total 109568K, used 32384K [0x000000008a200000, 0x0000000100000000)
  region size 1024K, 0 young (0K), 0 survivors (0K)
 Metaspace       used 51185K, committed 51648K, reserved 1097728K
  class space    used 6733K, committed 6912K, reserved 1048576K
}
Event: 264509.569 GC heap before
{Heap before GC invocations=15985 (full 15935):
 garbage-first heap   total 109568K, used 32384K [0x000000008a200000, 0x0000000100000000)
  region size 1024K, 1 young (1024K), 0 survivors (0K)
 Metaspace       used 51185K, committed 51648K, reserved 1097728K
  class space    used 6733K, committed 6912K, reserved 1048576K
}
Event: 264509.598 GC heap after
{Heap after GC invocations=15986 (full 15936):
 garbage-first heap   total 109568K, used 32384K [0x000000008a200000, 0x0000000100000000)
  region size 1024K, 0 young (0K), 0 survivors (0K)
 Metaspace       used 51185K, committed 51648K, reserved 1097728K
  class space    used 6733K, committed 6912K, reserved 1048576K
}
Event: 264520.120 GC heap before
{Heap before GC invocations=15986 (full 15936):
 garbage-first heap   total 109568K, used 32384K [0x000000008a200000, 0x0000000100000000)
  region size 1024K, 1 young (1024K), 0 survivors (0K)
 Metaspace       used 51185K, committed 51648K, reserved 1097728K
  class space    used 6733K, committed 6912K, reserved 1048576K
}
Event: 264520.145 GC heap after
{Heap after GC invocations=15987 (full 15937):
 garbage-first heap   total 109568K, used 32384K [0x000000008a200000, 0x0000000100000000)
  region size 1024K, 0 young (0K), 0 survivors (0K)
 Metaspace       used 51185K, committed 51648K, reserved 1097728K
  class space    used 6733K, committed 6912K, reserved 1048576K
}
Event: 264530.636 GC heap before
{Heap before GC invocations=15987 (full 15937):
 garbage-first heap   total 109568K, used 32384K [0x000000008a200000, 0x0000000100000000)
  region size 1024K, 1 young (1024K), 0 survivors (0K)
 Metaspace       used 51185K, committed 51648K, reserved 1097728K
  class space    used 6733K, committed 6912K, reserved 1048576K
}
Event: 264530.665 GC heap after
{Heap after GC invocations=15988 (full 15938):
 garbage-first heap   total 109568K, used 32384K [0x000000008a200000, 0x0000000100000000)
  region size 1024K, 0 young (0K), 0 survivors (0K)
 Metaspace       used 51185K, committed 51648K, reserved 1097728K
  class space    used 6733K, committed 6912K, reserved 1048576K
}

Deoptimization events (20 events):
Event: 151.126 Thread 0x0000014277d15870 DEOPT PACKING pc=0x000001426bb44c17 sp=0x0000001bcdbff0a0
Event: 151.126 Thread 0x0000014277d15870 DEOPT UNPACKING pc=0x000001426b7c2b43 sp=0x0000001bcdbfe4f8 mode 3
Event: 151.874 Thread 0x0000014277d15870 DEOPT PACKING pc=0x000001426b8d5543 sp=0x0000001bcdbfd310
Event: 151.875 Thread 0x0000014277d15870 DEOPT UNPACKING pc=0x000001426b7c2b43 sp=0x0000001bcdbfc898 mode 0
Event: 156.962 Thread 0x0000014277d14060 DEOPT PACKING pc=0x000001426c00106a sp=0x0000001bcdefe3b0
Event: 156.963 Thread 0x0000014277d14060 DEOPT UNPACKING pc=0x000001426b7c2b43 sp=0x0000001bcdefd870 mode 3
Event: 157.496 Thread 0x0000014277d14060 DEOPT PACKING pc=0x000001426c029ddb sp=0x0000001bcdefe430
Event: 157.496 Thread 0x0000014277d14060 DEOPT UNPACKING pc=0x000001426b7c2b43 sp=0x0000001bcdefd8c8 mode 3
Event: 157.701 Thread 0x0000014277d14060 DEOPT PACKING pc=0x000001426c05e8f0 sp=0x0000001bcdefe230
Event: 157.701 Thread 0x0000014277d14060 DEOPT UNPACKING pc=0x000001426b7c2b43 sp=0x0000001bcdefd728 mode 3
Event: 166.419 Thread 0x00000142779d5380 DEOPT PACKING pc=0x000001426bae3f52 sp=0x0000001bcc9fd910
Event: 166.425 Thread 0x00000142779d5380 DEOPT UNPACKING pc=0x000001426b7c2b43 sp=0x0000001bcc9fce18 mode 3
Event: 167.649 Thread 0x00000142779d5380 DEOPT PACKING pc=0x000001426c2f6b74 sp=0x0000001bcc9fe250
Event: 167.649 Thread 0x00000142779d5380 DEOPT UNPACKING pc=0x000001426b7c2b43 sp=0x0000001bcc9fd728 mode 0
Event: 167.649 Thread 0x00000142779d5380 DEOPT PACKING pc=0x000001426c29fea4 sp=0x0000001bcc9fe300
Event: 167.649 Thread 0x00000142779d5380 DEOPT UNPACKING pc=0x000001426b7c2b43 sp=0x0000001bcc9fd880 mode 0
Event: 167.650 Thread 0x00000142779d5380 DEOPT PACKING pc=0x000001426c2cb3ac sp=0x0000001bcc9fe600
Event: 167.650 Thread 0x00000142779d5380 DEOPT UNPACKING pc=0x000001426b7c2b43 sp=0x0000001bcc9fda90 mode 0
Event: 220.595 Thread 0x0000014277d153a0 DEOPT PACKING pc=0x000001426bc09754 sp=0x0000001bcdafee10
Event: 220.595 Thread 0x0000014277d153a0 DEOPT UNPACKING pc=0x000001426b7c2b43 sp=0x0000001bcdafe2b8 mode 0

Classes unloaded (20 events):
Event: 265.481 Thread 0x0000014275479d00 Unloading class 0x0000000100344000 'java/lang/invoke/LambdaForm$MH+0x0000000100344000'
Event: 265.481 Thread 0x0000014275479d00 Unloading class 0x000000010033cc00 'java/lang/invoke/LambdaForm$DMH+0x000000010033cc00'
Event: 265.481 Thread 0x0000014275479d00 Unloading class 0x000000010033c400 'java/lang/invoke/LambdaForm$DMH+0x000000010033c400'
Event: 265.481 Thread 0x0000014275479d00 Unloading class 0x00000001001de800 'java/lang/invoke/LambdaForm$MH+0x00000001001de800'
Event: 265.481 Thread 0x0000014275479d00 Unloading class 0x00000001001de400 'java/lang/invoke/LambdaForm$MH+0x00000001001de400'
Event: 265.481 Thread 0x0000014275479d00 Unloading class 0x00000001001de000 'java/lang/invoke/LambdaForm$MH+0x00000001001de000'
Event: 265.481 Thread 0x0000014275479d00 Unloading class 0x00000001001ddc00 'java/lang/invoke/LambdaForm$MH+0x00000001001ddc00'
Event: 265.481 Thread 0x0000014275479d00 Unloading class 0x00000001001dd800 'java/lang/invoke/LambdaForm$MH+0x00000001001dd800'
Event: 265.481 Thread 0x0000014275479d00 Unloading class 0x00000001001dd000 'java/lang/invoke/LambdaForm$MH+0x00000001001dd000'
Event: 265.481 Thread 0x0000014275479d00 Unloading class 0x00000001000ca800 'java/lang/invoke/LambdaForm$MH+0x00000001000ca800'
Event: 265.481 Thread 0x0000014275479d00 Unloading class 0x00000001000ca000 'java/lang/invoke/LambdaForm$MH+0x00000001000ca000'
Event: 265.481 Thread 0x0000014275479d00 Unloading class 0x00000001000c9c00 'java/lang/invoke/LambdaForm$MH+0x00000001000c9c00'
Event: 265.481 Thread 0x0000014275479d00 Unloading class 0x00000001000c9800 'java/lang/invoke/LambdaForm$MH+0x00000001000c9800'
Event: 265.481 Thread 0x0000014275479d00 Unloading class 0x00000001000c9000 'java/lang/invoke/LambdaForm$MH+0x00000001000c9000'
Event: 265.481 Thread 0x0000014275479d00 Unloading class 0x00000001000c8c00 'java/lang/invoke/LambdaForm$MH+0x00000001000c8c00'
Event: 265.481 Thread 0x0000014275479d00 Unloading class 0x00000001000c8800 'java/lang/invoke/LambdaForm$MH+0x00000001000c8800'
Event: 265.481 Thread 0x0000014275479d00 Unloading class 0x00000001000c8000 'java/lang/invoke/LambdaForm$MH+0x00000001000c8000'
Event: 2303.254 Thread 0x0000014275479d00 Unloading class 0x00000001006e0400 'java/lang/invoke/LambdaForm$MH+0x00000001006e0400'
Event: 2303.254 Thread 0x0000014275479d00 Unloading class 0x00000001006e2800 'java/lang/invoke/LambdaForm$MH+0x00000001006e2800'
Event: 2303.255 Thread 0x0000014275479d00 Unloading class 0x00000001006e8000 'java/lang/invoke/LambdaForm$MH+0x00000001006e8000'

Classes redefined (0 events):
No events

Internal exceptions (20 events):
Event: 165.527 Thread 0x0000014277d17a20 Exception <a 'sun/nio/fs/WindowsException'{0x000000009f5dada0}> (0x000000009f5dada0) 
thrown [e:\jenkins\tmp\workspace\build\src\src\hotspot\share\prims\jni.cpp, line 516]
Event: 165.527 Thread 0x0000014277d17a20 Exception <a 'sun/nio/fs/WindowsException'{0x000000009f5db170}> (0x000000009f5db170) 
thrown [e:\jenkins\tmp\workspace\build\src\src\hotspot\share\prims\jni.cpp, line 516]
Event: 165.527 Thread 0x0000014277d17a20 Exception <a 'sun/nio/fs/WindowsException'{0x000000009f5dbb98}> (0x000000009f5dbb98) 
thrown [e:\jenkins\tmp\workspace\build\src\src\hotspot\share\prims\jni.cpp, line 516]
Event: 165.529 Thread 0x0000014277d17a20 Exception <a 'sun/nio/fs/WindowsException'{0x000000009f5dbf80}> (0x000000009f5dbf80) 
thrown [e:\jenkins\tmp\workspace\build\src\src\hotspot\share\prims\jni.cpp, line 516]
Event: 165.529 Thread 0x0000014277d17a20 Exception <a 'sun/nio/fs/WindowsException'{0x000000009f5dc998}> (0x000000009f5dc998) 
thrown [e:\jenkins\tmp\workspace\build\src\src\hotspot\share\prims\jni.cpp, line 516]
Event: 165.529 Thread 0x0000014277d17a20 Exception <a 'sun/nio/fs/WindowsException'{0x000000009f5dcd70}> (0x000000009f5dcd70) 
thrown [e:\jenkins\tmp\workspace\build\src\src\hotspot\share\prims\jni.cpp, line 516]
Event: 165.529 Thread 0x0000014277d17a20 Exception <a 'sun/nio/fs/WindowsException'{0x000000009f5dd798}> (0x000000009f5dd798) 
thrown [e:\jenkins\tmp\workspace\build\src\src\hotspot\share\prims\jni.cpp, line 516]
Event: 165.529 Thread 0x0000014277d17a20 Exception <a 'sun/nio/fs/WindowsException'{0x000000009f5ddb80}> (0x000000009f5ddb80) 
thrown [e:\jenkins\tmp\workspace\build\src\src\hotspot\share\prims\jni.cpp, line 516]
Event: 165.529 Thread 0x0000014277d17a20 Exception <a 'sun/nio/fs/WindowsException'{0x000000009f5de5c0}> (0x000000009f5de5c0) 
thrown [e:\jenkins\tmp\workspace\build\src\src\hotspot\share\prims\jni.cpp, line 516]
Event: 165.529 Thread 0x0000014277d17a20 Exception <a 'sun/nio/fs/WindowsException'{0x000000009f5de9c8}> (0x000000009f5de9c8) 
thrown [e:\jenkins\tmp\workspace\build\src\src\hotspot\share\prims\jni.cpp, line 516]
Event: 165.529 Thread 0x0000014277d17a20 Exception <a 'sun/nio/fs/WindowsException'{0x000000009f5df420}> (0x000000009f5df420) 
thrown [e:\jenkins\tmp\workspace\build\src\src\hotspot\share\prims\jni.cpp, line 516]
Event: 165.529 Thread 0x0000014277d17a20 Exception <a 'sun/nio/fs/WindowsException'{0x000000009f5df840}> (0x000000009f5df840) 
thrown [e:\jenkins\tmp\workspace\build\src\src\hotspot\share\prims\jni.cpp, line 516]
Event: 165.529 Thread 0x0000014277d17a20 Exception <a 'sun/nio/fs/WindowsException'{0x000000009f5e0290}> (0x000000009f5e0290) 
thrown [e:\jenkins\tmp\workspace\build\src\src\hotspot\share\prims\jni.cpp, line 516]
Event: 165.529 Thread 0x0000014277d17a20 Exception <a 'sun/nio/fs/WindowsException'{0x000000009f5e06a8}> (0x000000009f5e06a8) 
thrown [e:\jenkins\tmp\workspace\build\src\src\hotspot\share\prims\jni.cpp, line 516]
Event: 203.195 Thread 0x0000014277bf4e90 Exception <a 'java/lang/NoSuchMethodError'{0x00000000a8823640}: 'void java.lang.invoke.DirectMethodHandle$Holder.invokeStatic(java.lang.Object, long)'> (0x00000000a8823640) 
thrown [e:\jenkins\tmp\workspace\build\src\src\hotspot\share\interpreter\linkResolver.cpp, line 766]
Event: 203.196 Thread 0x0000014277bf4e90 Exception <a 'java/lang/NoSuchMethodError'{0x00000000a88289e8}: 'java.lang.Object java.lang.invoke.DirectMethodHandle$Holder.newInvokeSpecial(java.lang.Object, long)'> (0x00000000a88289e8) 
thrown [e:\jenkins\tmp\workspace\build\src\src\hotspot\share\interpreter\linkResolver.cpp, line 766]
Event: 203.197 Thread 0x0000014277bf4e90 Exception <a 'java/lang/NoSuchMethodError'{0x00000000a882f4d8}: 'java.lang.Object java.lang.invoke.DirectMethodHandle$Holder.invokeStatic(java.lang.Object, java.lang.Object, long, java.lang.Object)'> (0x00000000a882f4d8) 
thrown [e:\jenkins\tmp\workspace\build\src\src\hotspot\share\interpreter\linkResolver.cpp, line 766]
Event: 203.197 Thread 0x0000014277bf4e90 Exception <a 'java/lang/NoSuchMethodError'{0x00000000a8832cb0}: 'java.lang.Object java.lang.invoke.DirectMethodHandle$Holder.invokeStaticInit(java.lang.Object, java.lang.Object, long, java.lang.Object)'> (0x00000000a8832cb0) 
thrown [e:\jenkins\tmp\workspace\build\src\src\hotspot\share\interpreter\linkResolver.cpp, line 766]
Event: 203.198 Thread 0x0000014277bf4e90 Exception <a 'java/lang/NoSuchMethodError'{0x00000000a8838fe0}: 'java.lang.Object java.lang.invoke.DirectMethodHandle$Holder.newInvokeSpecial(java.lang.Object, java.lang.Object, long)'> (0x00000000a8838fe0) 
thrown [e:\jenkins\tmp\workspace\build\src\src\hotspot\share\interpreter\linkResolver.cpp, line 766]
Event: 116952.510 Thread 0x0000014277bf4e90 Exception <a 'java/io/IOException'{0x0000000090c00638}: CreateProcess error=8, No hay suficientes recursos de memoria disponibles para procesar este comando> (0x0000000090c00638) 
thrown [e:\jenkins\tmp\workspace\build\src\src\hotspot\share\prims\jni.cpp, line 535]

VM Operations (20 events):
Event: 264435.924 Executing VM operation: G1CollectFull done
Event: 264446.475 Executing VM operation: G1CollectFull
Event: 264446.518 Executing VM operation: G1CollectFull done
Event: 264457.027 Executing VM operation: G1CollectFull
Event: 264457.053 Executing VM operation: G1CollectFull done
Event: 264467.521 Executing VM operation: G1CollectFull
Event: 264467.548 Executing VM operation: G1CollectFull done
Event: 264478.055 Executing VM operation: G1CollectFull
Event: 264478.090 Executing VM operation: G1CollectFull done
Event: 264488.580 Executing VM operation: G1CollectFull
Event: 264488.607 Executing VM operation: G1CollectFull done
Event: 264499.079 Executing VM operation: G1CollectFull
Event: 264499.106 Executing VM operation: G1CollectFull done
Event: 264509.569 Executing VM operation: G1CollectFull
Event: 264509.598 Executing VM operation: G1CollectFull done
Event: 264520.120 Executing VM operation: G1CollectFull
Event: 264520.145 Executing VM operation: G1CollectFull done
Event: 264530.636 Executing VM operation: G1CollectFull
Event: 264530.665 Executing VM operation: G1CollectFull done
Event: 264541.174 Executing VM operation: G1CollectFull

Events (20 events):
Event: 203.196 loading class java/lang/ProcessHandle done
Event: 203.196 loading class java/lang/ProcessHandleImpl done
Event: 203.198 loading class java/lang/ProcessImpl$2
Event: 203.198 loading class java/lang/ProcessImpl$2 done
Event: 203.198 loading class java/lang/Process$PipeInputStream
Event: 203.198 loading class java/lang/Process$PipeInputStream done
Event: 203.200 loading class jdk/internal/event/ProcessStartEvent
Event: 203.201 loading class jdk/internal/event/ProcessStartEvent done
Event: 206.064 Thread 0x0000014277d17080 Thread exited: 0x0000014277d17080
Event: 220.597 Thread 0x0000014277d16210 Thread added: 0x0000014277d16210
Event: 228.136 Thread 0x00000142779d5380 Thread exited: 0x00000142779d5380
Event: 280.661 Thread 0x0000014277d16210 Thread exited: 0x0000014277d16210
Event: 1423.316 Thread 0x0000014277d14530 Thread added: 0x0000014277d14530
Event: 1423.335 Thread 0x0000014277d14a00 Thread added: 0x0000014277d14a00
Event: 1483.350 Thread 0x0000014277d14a00 Thread exited: 0x0000014277d14a00
Event: 1483.351 Thread 0x0000014277d14530 Thread exited: 0x0000014277d14530
Event: 2217.483 Thread 0x0000014277d16210 Thread added: 0x0000014277d16210
Event: 2217.492 Thread 0x0000014277d166e0 Thread added: 0x0000014277d166e0
Event: 2277.512 Thread 0x0000014277d16210 Thread exited: 0x0000014277d16210
Event: 2286.471 Thread 0x0000014277d166e0 Thread exited: 0x0000014277d166e0


Dynamic libraries:
0x00007ff7abe80000 - 0x00007ff7abe8e000 	c:\Users\JAIME CORTEZ\.vscode\extensions\redhat.java-1.9.0-win32-x64\jre\17.0.3-win32-x86_64\bin\java.exe
0x00007ffd219c0000 - 0x00007ffd21bc9000 	C:\WINDOWS\SYSTEM32\ntdll.dll
0x00007ffd20e20000 - 0x00007ffd20edd000 	C:\WINDOWS\System32\KERNEL32.DLL
0x00007ffd1f0e0000 - 0x00007ffd1f45d000 	C:\WINDOWS\System32\KERNELBASE.dll
0x00007ffd1eea0000 - 0x00007ffd1efb1000 	C:\WINDOWS\System32\ucrtbase.dll
0x00007ffd0f7a0000 - 0x00007ffd0f7b8000 	c:\Users\JAIME CORTEZ\.vscode\extensions\redhat.java-1.9.0-win32-x64\jre\17.0.3-win32-x86_64\bin\jli.dll
0x00007ffd214a0000 - 0x00007ffd2164d000 	C:\WINDOWS\System32\USER32.dll
0x00007ffd1f460000 - 0x00007ffd1f486000 	C:\WINDOWS\System32\win32u.dll
0x00007ffd21950000 - 0x00007ffd21979000 	C:\WINDOWS\System32\GDI32.dll
0x00007ffd0f240000 - 0x00007ffd0f259000 	c:\Users\JAIME CORTEZ\.vscode\extensions\redhat.java-1.9.0-win32-x64\jre\17.0.3-win32-x86_64\bin\VCRUNTIME140.dll
0x00007ffd1efc0000 - 0x00007ffd1f0d8000 	C:\WINDOWS\System32\gdi32full.dll
0x00007ffd1f550000 - 0x00007ffd1f5ed000 	C:\WINDOWS\System32\msvcp_win.dll
0x00007ffd04cb0000 - 0x00007ffd04f55000 	C:\WINDOWS\WinSxS\amd64_microsoft.windows.common-controls_6595b64144ccf1df_6.0.22000.120_none_9d947278b86cc467\COMCTL32.dll
0x00007ffd213e0000 - 0x00007ffd21483000 	C:\WINDOWS\System32\msvcrt.dll
0x00007ffd20ee0000 - 0x00007ffd20f11000 	C:\WINDOWS\System32\IMM32.DLL
0x00007ffd17b00000 - 0x00007ffd17b0c000 	c:\Users\JAIME CORTEZ\.vscode\extensions\redhat.java-1.9.0-win32-x64\jre\17.0.3-win32-x86_64\bin\vcruntime140_1.dll
0x00007ffcb8870000 - 0x00007ffcb8901000 	c:\Users\JAIME CORTEZ\.vscode\extensions\redhat.java-1.9.0-win32-x64\jre\17.0.3-win32-x86_64\bin\msvcp140.dll
0x00007ffc8ae50000 - 0x00007ffc8ba98000 	c:\Users\JAIME CORTEZ\.vscode\extensions\redhat.java-1.9.0-win32-x64\jre\17.0.3-win32-x86_64\bin\server\jvm.dll
0x00007ffd218a0000 - 0x00007ffd2194e000 	C:\WINDOWS\System32\ADVAPI32.dll
0x00007ffd21340000 - 0x00007ffd213de000 	C:\WINDOWS\System32\sechost.dll
0x00007ffd205e0000 - 0x00007ffd20700000 	C:\WINDOWS\System32\RPCRT4.dll
0x00007ffd20240000 - 0x00007ffd20248000 	C:\WINDOWS\System32\PSAPI.DLL
0x00007ffcfa790000 - 0x00007ffcfa799000 	C:\WINDOWS\SYSTEM32\WSOCK32.dll
0x00007ffd20720000 - 0x00007ffd2078f000 	C:\WINDOWS\System32\WS2_32.dll
0x00007ffd17a90000 - 0x00007ffd17ac3000 	C:\WINDOWS\SYSTEM32\WINMM.dll
0x00007ffd167f0000 - 0x00007ffd167fa000 	C:\WINDOWS\SYSTEM32\VERSION.dll
0x00007ffd1dfa0000 - 0x00007ffd1dfb8000 	C:\WINDOWS\SYSTEM32\kernel.appcore.dll
0x00007ffd17ad0000 - 0x00007ffd17ada000 	c:\Users\JAIME CORTEZ\.vscode\extensions\redhat.java-1.9.0-win32-x64\jre\17.0.3-win32-x86_64\bin\jimage.dll
0x00007ffd1cad0000 - 0x00007ffd1ccf1000 	C:\WINDOWS\SYSTEM32\DBGHELP.DLL
0x00007ffd05dd0000 - 0x00007ffd05e01000 	C:\WINDOWS\SYSTEM32\dbgcore.DLL
0x00007ffd1f760000 - 0x00007ffd1f7df000 	C:\WINDOWS\System32\bcryptPrimitives.dll
0x00007ffd0fa90000 - 0x00007ffd0fab5000 	c:\Users\JAIME CORTEZ\.vscode\extensions\redhat.java-1.9.0-win32-x64\jre\17.0.3-win32-x86_64\bin\java.dll
0x00007ffd10440000 - 0x00007ffd10458000 	c:\Users\JAIME CORTEZ\.vscode\extensions\redhat.java-1.9.0-win32-x64\jre\17.0.3-win32-x86_64\bin\zip.dll
0x00007ffd1fa80000 - 0x00007ffd20238000 	C:\WINDOWS\System32\SHELL32.dll
0x00007ffd1d010000 - 0x00007ffd1d878000 	C:\WINDOWS\SYSTEM32\windows.storage.dll
0x00007ffd20260000 - 0x00007ffd205d9000 	C:\WINDOWS\System32\combase.dll
0x00007ffd1cea0000 - 0x00007ffd1d006000 	C:\WINDOWS\SYSTEM32\wintypes.dll
0x00007ffd21150000 - 0x00007ffd2123a000 	C:\WINDOWS\System32\SHCORE.dll
0x00007ffd20c00000 - 0x00007ffd20c5d000 	C:\WINDOWS\System32\shlwapi.dll
0x00007ffd1edd0000 - 0x00007ffd1edf1000 	C:\WINDOWS\SYSTEM32\profapi.dll
0x00007ffd0f270000 - 0x00007ffd0f289000 	C:\Users\JAIME CORTEZ\.vscode\extensions\redhat.java-1.9.0-win32-x64\jre\17.0.3-win32-x86_64\bin\net.dll
0x00007ffd17100000 - 0x00007ffd1720c000 	C:\WINDOWS\SYSTEM32\WINHTTP.dll
0x00007ffd1e3d0000 - 0x00007ffd1e437000 	C:\WINDOWS\system32\mswsock.dll
0x00007ffd0ea30000 - 0x00007ffd0ea45000 	C:\Users\JAIME CORTEZ\.vscode\extensions\redhat.java-1.9.0-win32-x64\jre\17.0.3-win32-x86_64\bin\nio.dll
0x00007ffd10e60000 - 0x00007ffd10e70000 	c:\Users\JAIME CORTEZ\.vscode\extensions\redhat.java-1.9.0-win32-x64\jre\17.0.3-win32-x86_64\bin\verify.dll
0x00007ffd1af50000 - 0x00007ffd1af59000 	C:\Users\JAIME CORTEZ\.vscode\extensions\redhat.java-1.9.0-win32-x64\jre\17.0.3-win32-x86_64\bin\management.dll
0x00007ffd18d50000 - 0x00007ffd18d5b000 	C:\Users\JAIME CORTEZ\.vscode\extensions\redhat.java-1.9.0-win32-x64\jre\17.0.3-win32-x86_64\bin\management_ext.dll
0x00007ffcf15e0000 - 0x00007ffcf15f7000 	C:\WINDOWS\system32\napinsp.dll
0x00007ffcf15c0000 - 0x00007ffcf15db000 	C:\WINDOWS\system32\pnrpnsp.dll
0x00007ffd1db40000 - 0x00007ffd1dc28000 	C:\WINDOWS\SYSTEM32\DNSAPI.dll
0x00007ffd1dad0000 - 0x00007ffd1dafd000 	C:\WINDOWS\SYSTEM32\IPHLPAPI.DLL
0x00007ffd20250000 - 0x00007ffd20259000 	C:\WINDOWS\System32\NSI.dll
0x00007ffcb3120000 - 0x00007ffcb3132000 	C:\WINDOWS\System32\winrnr.dll
0x00007ffd16e70000 - 0x00007ffd16e85000 	C:\WINDOWS\system32\wshbth.dll
0x00007ffce6a30000 - 0x00007ffce6a4f000 	C:\WINDOWS\system32\nlansp_c.dll
0x00007ffd13770000 - 0x00007ffd1377a000 	C:\Windows\System32\rasadhlp.dll
0x00007ffd15000000 - 0x00007ffd15081000 	C:\WINDOWS\System32\fwpuclnt.dll
0x00007ffd1e620000 - 0x00007ffd1e638000 	C:\WINDOWS\SYSTEM32\CRYPTSP.dll
0x00007ffd1df00000 - 0x00007ffd1df35000 	C:\WINDOWS\system32\rsaenh.dll
0x00007ffd1e4c0000 - 0x00007ffd1e4e9000 	C:\WINDOWS\SYSTEM32\USERENV.dll
0x00007ffd1e790000 - 0x00007ffd1e7b7000 	C:\WINDOWS\SYSTEM32\bcrypt.dll
0x00007ffd1e610000 - 0x00007ffd1e61c000 	C:\WINDOWS\SYSTEM32\CRYPTBASE.dll
0x00007ffd16e90000 - 0x00007ffd16ea9000 	C:\WINDOWS\SYSTEM32\dhcpcsvc6.DLL
0x00007ffd17360000 - 0x00007ffd1737e000 	C:\WINDOWS\SYSTEM32\dhcpcsvc.DLL

dbghelp: loaded successfully - version: 4.0.5 - missing functions: none
symbol engine: initialized successfully - sym options: 0x614 - pdb path: .;c:\Users\JAIME CORTEZ\.vscode\extensions\redhat.java-1.9.0-win32-x64\jre\17.0.3-win32-x86_64\bin;C:\WINDOWS\SYSTEM32;C:\WINDOWS\WinSxS\amd64_microsoft.windows.common-controls_6595b64144ccf1df_6.0.22000.120_none_9d947278b86cc467;c:\Users\JAIME CORTEZ\.vscode\extensions\redhat.java-1.9.0-win32-x64\jre\17.0.3-win32-x86_64\bin\server

VM Arguments:
jvm_args: -Dsts.lsp.client=vscode -Dsts.log.file=/dev/null -XX:TieredStopAtLevel=1 -Dspring.config.location=file:c:\Users\JAIME CORTEZ\.vscode\extensions\pivotal.vscode-spring-boot-1.38.0\language-server\BOOT-INF\classes\application.properties 
java_command: org.springframework.ide.vscode.boot.app.BootLanguageServerBootApp
java_class_path (initial): c:\Users\JAIME CORTEZ\.vscode\extensions\pivotal.vscode-spring-boot-1.38.0\language-server\BOOT-INF\classes;c:\Users\JAIME CORTEZ\.vscode\extensions\pivotal.vscode-spring-boot-1.38.0\language-server\BOOT-INF\lib\annotations-23.0.0.jar;c:\Users\JAIME CORTEZ\.vscode\extensions\pivotal.vscode-spring-boot-1.38.0\language-server\BOOT-INF\lib\antlr-runtime-3.5.2.jar;c:\Users\JAIME CORTEZ\.vscode\extensions\pivotal.vscode-spring-boot-1.38.0\language-server\BOOT-INF\lib\antlr4-4.9.3.jar;c:\Users\JAIME CORTEZ\.vscode\extensions\pivotal.vscode-spring-boot-1.38.0\language-server\BOOT-INF\lib\antlr4-runtime-4.9.3.jar;c:\Users\JAIME CORTEZ\.vscode\extensions\pivotal.vscode-spring-boot-1.38.0\language-server\BOOT-INF\lib\asm-9.3.jar;c:\Users\JAIME CORTEZ\.vscode\extensions\pivotal.vscode-spring-boot-1.38.0\language-server\BOOT-INF\lib\asm-analysis-9.3.jar;c:\Users\JAIME CORTEZ\.vscode\extensions\pivotal.vscode-spring-boot-1.38.0\language-server\BOOT-INF\lib\asm-tree-9.3.jar;c:\Users\JAIME CORTEZ\.vscode\extensions\pivotal.vscode-spring-boot-1.38.0\language-server\BOOT-INF\lib\asm-util-9.3.jar;c:\Users\JAIME CORTEZ\.vscode\extensions\pivotal.vscode-spring-boot-1.38.0\language-server\BOOT-INF\lib\byte-buddy-1.10.18.jar;c:\Users\JAIME CORTEZ\.vscode\extensions\pivotal.vscode-spring-boot-1.38.0\language-server\BOOT-INF\lib\caffeine-2.8.6.jar;c:\Users\JAIME CORTEZ\.vscode\extensions\pivotal.vscode-spring-boot-1.38.0\language-server\BOOT-INF\lib\checker-qual-3.12.0.jar;c:\Users\JAIME CORTEZ\.vscode\extensions\pivotal.vscode-spring-boot-1.38.0\language-server\BOOT-INF\lib\classgraph-4.8.149.jar;c:\Users\JAIME CORTEZ\.vscode\extensions\pivotal.vscode-spring-boot-1.38.0\language-server\BOOT-INF\lib\commons-codec-1.14.jar;c:\Users\JAIME CORTEZ\.vscode\extensions\pivotal.vscode-spring-boot-1.38.0\language-server\BOOT-INF\lib\commons-compress-1.21.jar;c:\Users\JAIME CORTEZ\.vscode\extensions\pivotal.vscode-spring-boot-1.38.0\language-server\BOOT-INF\lib\commons-e
Launcher Type: SUN_STANDARD

[Global flags]
     intx CICompilerCount                          = 3                                         {product} {ergonomic}
     uint ConcGCThreads                            = 2                                         {product} {ergonomic}
     uint G1ConcRefinementThreads                  = 6                                         {product} {ergonomic}
   size_t G1HeapRegionSize                         = 1048576                                   {product} {ergonomic}
    uintx GCDrainStackTargetSize                   = 64                                        {product} {ergonomic}
   size_t InitialHeapSize                          = 123731968                                 {product} {ergonomic}
   size_t MarkStackSize                            = 4194304                                   {product} {ergonomic}
   size_t MaxHeapSize                              = 1977614336                                {product} {ergonomic}
   size_t MaxNewSize                               = 1185939456                                {product} {ergonomic}
   size_t MinHeapDeltaBytes                        = 1048576                                   {product} {ergonomic}
   size_t MinHeapSize                              = 8388608                                   {product} {ergonomic}
    uintx NonProfiledCodeHeapSize                  = 0                                      {pd product} {ergonomic}
     bool ProfileInterpreter                       = false                                  {pd product} {command line}
    uintx ProfiledCodeHeapSize                     = 0                                      {pd product} {ergonomic}
   size_t SoftMaxHeapSize                          = 1977614336                             {manageable} {ergonomic}
     intx TieredStopAtLevel                        = 1                                         {product} {command line}
     bool UseCompressedClassPointers               = true                           {product lp64_product} {ergonomic}
     bool UseCompressedOops                        = true                           {product lp64_product} {ergonomic}
     bool UseG1GC                                  = true                                      {product} {ergonomic}
     bool UseLargePagesIndividualAllocation        = false                                  {pd product} {ergonomic}

Logging:
Log output configuration:
 #0: stdout all=warning uptime,level,tags
 #1: stderr all=off uptime,level,tags

Environment Variables:
JAVA_HOME=C:\Program Files\Java\jdk-18.0.2
PATH=C:\Program Files (x86)\Common Files\Oracle\Java\javapath;C:\Program Files\Eclipse Adoptium\jdk-8.0.345.1-hotspot\bin;C:\Program Files\Eclipse Adoptium\jdk-17.0.4.8-hotspot\bin;C:\Program Files\Common Files\Oracle\Java\javapath;C:\WINDOWS\system32;C:\WINDOWS;C:\WINDOWS\System32\Wbem;C:\WINDOWS\System32\WindowsPowerShell\v1.0\;C:\WINDOWS\System32\OpenSSH\;C:\Program Files\Git\cmd;C:\Program Files\nodejs\;C:\Users\JAIME CORTEZ\AppData\Local\Programs\Python\Python310;C:\Users\JAIME CORTEZ\AppData\Local\Programs\Python\Python310\Scripts;C:\Program Files\PowerShell\7\;C:\Users\JAIME CORTEZ\AppData\Local\Microsoft\WindowsApps;C:\Users\JAIME CORTEZ\AppData\Local\GitHubDesktop\bin;C:\Users\JAIME CORTEZ\AppData\Roaming\npm;C:\Program Files\Java\jdk-18.0.2.1\lib;
USERNAME=JAIME CORTEZ
OS=Windows_NT
PROCESSOR_IDENTIFIER=AMD64 Family 23 Model 96 Stepping 1, AuthenticAMD



---------------  S Y S T E M  ---------------

OS:
 Windows 11 , 64 bit Build 22000 (10.0.22000.708)
OS uptime: 10 days 1:15 hours

CPU: total 6 (initial active 6) (6 cores per cpu, 1 threads per core) family 23 model 96 stepping 1 microcode 0x0, cx8, cmov, fxsr, mmx, 3dnowpref, sse, sse2, sse3, ssse3, sse4a, sse4.1, sse4.2, popcnt, lzcnt, tsc, tscinvbit, avx, avx2, aes, clmul, bmi1, bmi2, adx, sha, fma, vzeroupper, clflush, clflushopt

Memory: 4k page, system-wide physical 7542M (132M free)
TotalPageFile size 31094M (AvailPageFile size 10M)
current process WorkingSet (physical memory assigned to process): 60M, peak: 632M
current process commit charge ("private bytes"): 264M, peak: 676M

vm_info: OpenJDK 64-Bit Server VM (17.0.3+7) for windows-amd64 JRE (17.0.3+7), built on Apr 19 2022 16:55:35 by "" with MS VC++ 16.7 (VS2019)

END.
