#
# There is insufficient memory for the Java Runtime Environment to continue.
# Native memory allocation (mmap) failed to map 329252864 bytes for G1 virtual space
# Possible reasons:
#   The system is out of physical RAM or swap space
#   The process is running with CompressedOops enabled, and the Java Heap may be blocking the growth of the native heap
# Possible solutions:
#   Reduce memory load on the system
#   Increase physical memory or swap space
#   Check if swap backing store is full
#   Decrease Java heap size (-Xmx/-Xms)
#   Decrease number of Java threads
#   Decrease Java thread stack sizes (-Xss)
#   Set larger code cache with -XX:ReservedCodeCacheSize=
#   JVM is running with Unscaled Compressed Oops mode in which the Java heap is
#     placed in the first 4GB address space. The Java Heap base address is the
#     maximum limit for the native heap growth. Please use -XX:HeapBaseMinAddress
#     to set the Java Heap base and to place the Java Heap above 4GB virtual address.
# This output file may be truncated or incomplete.
#
#  Out of Memory Error (os_windows.cpp:3535), pid=206772, tid=207324
#
# JRE version: OpenJDK Runtime Environment Temurin-17.0.3+7 (17.0.3+7) (build 17.0.3+7)
# Java VM: OpenJDK 64-Bit Server VM Temurin-17.0.3+7 (17.0.3+7, mixed mode, emulated-client, tiered, compressed oops, compressed class ptrs, g1 gc, windows-amd64)
# No core dump will be written. Minidumps are not enabled by default on client versions of Windows
#

---------------  S U M M A R Y ------------

Command Line: -Dsts.lsp.client=vscode -Dsts.log.file=/dev/null -XX:TieredStopAtLevel=1 -Dspring.config.location=file:c:\Users\JAIME CORTEZ\.vscode\extensions\pivotal.vscode-spring-boot-1.38.0\language-server\BOOT-INF\classes\application.properties org.springframework.ide.vscode.boot.app.BootLanguageServerBootApp

Host: AMD Ryzen 5 4500U with Radeon Graphics         , 6 cores, 7G,  Windows 11 , 64 bit Build 22000 (10.0.22000.708)
Time: Tue Aug 30 10:33:26 2022 Hora est. Pacífico, Sudamérica elapsed time: 4.921328 seconds (0d 0h 0m 4s)

---------------  T H R E A D  ---------------

Current thread (0x000002aac243de60):  VMThread "VM Thread" [stack: 0x000000d777f00000,0x000000d778000000] [id=207324]

Stack: [0x000000d777f00000,0x000000d778000000]
Native frames: (J=compiled Java code, j=interpreted, Vv=VM code, C=native code)
V  [jvm.dll+0x675efa]
V  [jvm.dll+0x830a24]
V  [jvm.dll+0x8321ce]
V  [jvm.dll+0x832833]
V  [jvm.dll+0x2454b5]
V  [jvm.dll+0x672de9]
V  [jvm.dll+0x667732]
V  [jvm.dll+0x3043ab]
V  [jvm.dll+0x30b8f6]
V  [jvm.dll+0x35b62e]
V  [jvm.dll+0x35b85f]
V  [jvm.dll+0x2db248]
V  [jvm.dll+0x2d94fc]
V  [jvm.dll+0x2d8acc]
V  [jvm.dll+0x31ca2b]
V  [jvm.dll+0x836cdb]
V  [jvm.dll+0x837a14]
V  [jvm.dll+0x837f2c]
V  [jvm.dll+0x838304]
V  [jvm.dll+0x8383d0]
V  [jvm.dll+0x7e0cfa]
V  [jvm.dll+0x674d85]
C  [ucrtbase.dll+0x26c0c]
C  [KERNEL32.DLL+0x154e0]
C  [ntdll.dll+0x485b]

VM_Operation (0x000000d77a0fe290): G1CollectForAllocation, mode: safepoint, requested by thread 0x000002aac4d07800


---------------  P R O C E S S  ---------------

Threads class SMR info:
_java_thread_list=0x000002aac6d063e0, length=31, elements={
0x000002aac24553a0, 0x000002aac2455c60, 0x000002aac2491130, 0x000002aac24919f0,
0x000002aac24946c0, 0x000002aac2496f90, 0x000002aac2497900, 0x000002aac2498200,
0x000002aac3200f20, 0x000002aac3203840, 0x000002aac3a89b60, 0x000002aac4b5cd50,
0x000002aac4c60440, 0x000002aac4ce90c0, 0x000002aab59a9d60, 0x000002aac35f2e20,
0x000002aac494f040, 0x000002aac494f510, 0x000002aac494f9e0, 0x000002aac494feb0,
0x000002aac4961cb0, 0x000002aac4d07cd0, 0x000002aac4d09010, 0x000002aac4d094e0,
0x000002aac4d099b0, 0x000002aac4d07800, 0x000002aac4d081a0, 0x000002aac4d06e60,
0x000002aac4d09e80, 0x000002aac4d08670, 0x000002aac4d08b40
}

Java Threads: ( => current thread )
  0x000002aac24553a0 JavaThread "Reference Handler" daemon [_thread_blocked, id=137568, stack(0x000000d778000000,0x000000d778100000)]
  0x000002aac2455c60 JavaThread "Finalizer" daemon [_thread_blocked, id=111928, stack(0x000000d778100000,0x000000d778200000)]
  0x000002aac2491130 JavaThread "Signal Dispatcher" daemon [_thread_blocked, id=204364, stack(0x000000d778200000,0x000000d778300000)]
  0x000002aac24919f0 JavaThread "Attach Listener" daemon [_thread_blocked, id=205608, stack(0x000000d778300000,0x000000d778400000)]
  0x000002aac24946c0 JavaThread "Service Thread" daemon [_thread_blocked, id=202336, stack(0x000000d778400000,0x000000d778500000)]
  0x000002aac2496f90 JavaThread "Monitor Deflation Thread" daemon [_thread_blocked, id=205740, stack(0x000000d778500000,0x000000d778600000)]
  0x000002aac2497900 JavaThread "C1 CompilerThread0" daemon [_thread_blocked, id=186856, stack(0x000000d778600000,0x000000d778700000)]
  0x000002aac2498200 JavaThread "Sweeper thread" daemon [_thread_blocked, id=207728, stack(0x000000d778700000,0x000000d778800000)]
  0x000002aac3200f20 JavaThread "Notification Thread" daemon [_thread_blocked, id=185712, stack(0x000000d778800000,0x000000d778900000)]
  0x000002aac3203840 JavaThread "Common-Cleaner" daemon [_thread_blocked, id=171668, stack(0x000000d778a00000,0x000000d778b00000)]
  0x000002aac3a89b60 JavaThread "C1 CompilerThread1" daemon [_thread_blocked, id=206944, stack(0x000000d778b00000,0x000000d778c00000)]
  0x000002aac4b5cd50 JavaThread "ForkJoinPool.commonPool-worker-1" daemon [_thread_blocked, id=9672, stack(0x000000d779200000,0x000000d779300000)]
  0x000002aac4c60440 JavaThread "pool-7-thread-1" [_thread_blocked, id=181284, stack(0x000000d779400000,0x000000d779500000)]
  0x000002aac4ce90c0 JavaThread "LanguageServerApp-lifecycle" [_thread_blocked, id=169852, stack(0x000000d779500000,0x000000d779600000)]
  0x000002aab59a9d60 JavaThread "DestroyJavaVM" [_thread_blocked, id=173388, stack(0x000000d777900000,0x000000d777a00000)]
  0x000002aac35f2e20 JavaThread "ClassGraph-worker-0" daemon [_thread_blocked, id=179344, stack(0x000000d779600000,0x000000d779700000)]
  0x000002aac494f040 JavaThread "ClassGraph-worker-1" daemon [_thread_blocked, id=126460, stack(0x000000d779700000,0x000000d779800000)]
  0x000002aac494f510 JavaThread "ClassGraph-worker-2" daemon [_thread_blocked, id=190012, stack(0x000000d779800000,0x000000d779900000)]
  0x000002aac494f9e0 JavaThread "ClassGraph-worker-3" daemon [_thread_blocked, id=207732, stack(0x000000d779900000,0x000000d779a00000)]
  0x000002aac494feb0 JavaThread "ClassGraph-worker-4" daemon [_thread_blocked, id=194228, stack(0x000000d779a00000,0x000000d779b00000)]
  0x000002aac4961cb0 JavaThread "ClassGraph-worker-5" daemon [_thread_blocked, id=205476, stack(0x000000d779b00000,0x000000d779c00000)]
  0x000002aac4d07cd0 JavaThread "ClassGraph-worker-6" daemon [_thread_blocked, id=206916, stack(0x000000d779c00000,0x000000d779d00000)]
  0x000002aac4d09010 JavaThread "ClassGraph-worker-7" daemon [_thread_blocked, id=202388, stack(0x000000d779d00000,0x000000d779e00000)]
  0x000002aac4d094e0 JavaThread "ClassGraph-worker-8" daemon [_thread_blocked, id=194196, stack(0x000000d779e00000,0x000000d779f00000)]
  0x000002aac4d099b0 JavaThread "ClassGraph-worker-9" daemon [_thread_blocked, id=198672, stack(0x000000d779f00000,0x000000d77a000000)]
  0x000002aac4d07800 JavaThread "ClassGraph-worker-10" daemon [_thread_blocked, id=207216, stack(0x000000d77a000000,0x000000d77a100000)]
  0x000002aac4d081a0 JavaThread "ClassGraph-worker-11" daemon [_thread_blocked, id=120556, stack(0x000000d77a100000,0x000000d77a200000)]
  0x000002aac4d06e60 JavaThread "pool-8-thread-1" [_thread_in_native, id=205880, stack(0x000000d77a200000,0x000000d77a300000)]
  0x000002aac4d09e80 JavaThread "Simple-Language-Server main thread" daemon [_thread_blocked, id=206568, stack(0x000000d77a300000,0x000000d77a400000)]
  0x000002aac4d08670 JavaThread "pool-2-thread-1" [_thread_blocked, id=198596, stack(0x000000d77a400000,0x000000d77a500000)]
  0x000002aac4d08b40 JavaThread "parallel-1" daemon [_thread_blocked, id=184884, stack(0x000000d77a500000,0x000000d77a600000)]

Other Threads:
=>0x000002aac243de60 VMThread "VM Thread" [stack: 0x000000d777f00000,0x000000d778000000] [id=207324]
  0x000002aac32013f0 WatcherThread [stack: 0x000000d778900000,0x000000d778a00000] [id=202620]
  0x000002aab5a01580 GCTaskThread "GC Thread#0" [stack: 0x000000d777a00000,0x000000d777b00000] [id=206972]
  0x000002aac39887a0 GCTaskThread "GC Thread#1" [stack: 0x000000d778c00000,0x000000d778d00000] [id=201892]
  0x000002aac3b63cd0 GCTaskThread "GC Thread#2" [stack: 0x000000d778d00000,0x000000d778e00000] [id=206344]
  0x000002aac3b64380 GCTaskThread "GC Thread#3" [stack: 0x000000d778e00000,0x000000d778f00000] [id=189044]
  0x000002aac3b66640 GCTaskThread "GC Thread#4" [stack: 0x000000d778f00000,0x000000d779000000] [id=181164]
  0x000002aac3b668f0 GCTaskThread "GC Thread#5" [stack: 0x000000d779000000,0x000000d779100000] [id=179768]
  0x000002aab5a11890 ConcurrentGCThread "G1 Main Marker" [stack: 0x000000d777b00000,0x000000d777c00000] [id=179544]
  0x000002aab5a131c0 ConcurrentGCThread "G1 Conc#0" [stack: 0x000000d777c00000,0x000000d777d00000] [id=204916]
  0x000002aac47c8b70 ConcurrentGCThread "G1 Conc#1" [stack: 0x000000d779300000,0x000000d779400000] [id=179496]
  0x000002aab5a74bc0 ConcurrentGCThread "G1 Refine#0" [stack: 0x000000d777d00000,0x000000d777e00000] [id=201304]
  0x000002aac3b38450 ConcurrentGCThread "G1 Refine#1" [stack: 0x000000d779100000,0x000000d779200000] [id=90384]
  0x000002aac22b05e0 ConcurrentGCThread "G1 Service" [stack: 0x000000d777e00000,0x000000d777f00000] [id=205132]

Threads with active compile tasks:

VM state: at safepoint (normal execution)

VM Mutex/Monitor currently owned by a thread:  ([mutex/lock_event])
[0x000002aab38cb0d0] Threads_lock - owner thread: 0x000002aac243de60
[0x000002aab59a8d30] Heap_lock - owner thread: 0x000002aac4d07800

Heap address: 0x000000008a200000, size: 1886 MB, Compressed Oops mode: 32-bit

CDS archive(s) not mapped
Compressed class space mapped at: 0x0000000100000000-0x0000000140000000, reserved size: 1073741824
Narrow klass base: 0x0000000000000000, Narrow klass shift: 3, Narrow klass range: 0x140000000

GC Precious Log:
 CPUs: 6 total, 6 available
 Memory: 7542M
 Large Page Support: Disabled
 NUMA Support: Disabled
 Compressed Oops: Enabled (32-bit)
 Heap Region Size: 1M
 Heap Min Capacity: 8M
 Heap Initial Capacity: 118M
 Heap Max Capacity: 1886M
 Pre-touch: Disabled
 Parallel Workers: 6
 Concurrent Workers: 2
 Concurrent Refinement Workers: 6
 Periodic GC: Disabled

Heap:
 garbage-first heap   total 250880K, used 79436K [0x000000008a200000, 0x0000000100000000)
  region size 1024K, 10 young (10240K), 10 survivors (10240K)
 Metaspace       used 35030K, committed 35264K, reserved 1081344K
  class space    used 4555K, committed 4672K, reserved 1048576K

Heap Regions: E=young(eden), S=young(survivor), O=old, HS=humongous(starts), HC=humongous(continues), CS=collection set, F=free, OA=open archive, CA=closed archive, TAMS=top-at-mark-start (previous, next)
|   0|0x000000008a200000, 0x000000008a300000, 0x000000008a300000|100%| O|  |TAMS 0x000000008a300000, 0x000000008a200000| Untracked 
|   1|0x000000008a300000, 0x000000008a400000, 0x000000008a400000|100%| O|  |TAMS 0x000000008a400000, 0x000000008a300000| Untracked 
|   2|0x000000008a400000, 0x000000008a500000, 0x000000008a500000|100%| O|  |TAMS 0x000000008a500000, 0x000000008a400000| Untracked 
|   3|0x000000008a500000, 0x000000008a600000, 0x000000008a600000|100%| O|  |TAMS 0x000000008a600000, 0x000000008a500000| Untracked 
|   4|0x000000008a600000, 0x000000008a700000, 0x000000008a700000|100%| O|  |TAMS 0x000000008a700000, 0x000000008a600000| Untracked 
|   5|0x000000008a700000, 0x000000008a800000, 0x000000008a800000|100%| O|  |TAMS 0x000000008a800000, 0x000000008a700000| Untracked 
|   6|0x000000008a800000, 0x000000008a900000, 0x000000008a900000|100%| O|  |TAMS 0x000000008a900000, 0x000000008a800000| Untracked 
|   7|0x000000008a900000, 0x000000008aa00000, 0x000000008aa00000|100%| O|  |TAMS 0x000000008aa00000, 0x000000008a900000| Untracked 
|   8|0x000000008aa00000, 0x000000008ab00000, 0x000000008ab00000|100%| O|  |TAMS 0x000000008aa00000, 0x000000008aa00000| Untracked 
|   9|0x000000008ab00000, 0x000000008ac00000, 0x000000008ac00000|100%| O|  |TAMS 0x000000008ac00000, 0x000000008ab00000| Untracked 
|  10|0x000000008ac00000, 0x000000008ad00000, 0x000000008ad00000|100%| O|  |TAMS 0x000000008ad00000, 0x000000008ac00000| Untracked 
|  11|0x000000008ad00000, 0x000000008ae00000, 0x000000008ae00000|100%| O|  |TAMS 0x000000008ae00000, 0x000000008ad00000| Untracked 
|  12|0x000000008ae00000, 0x000000008af00000, 0x000000008af00000|100%| O|  |TAMS 0x000000008af00000, 0x000000008ae00000| Untracked 
|  13|0x000000008af00000, 0x000000008b000000, 0x000000008b000000|100%| O|  |TAMS 0x000000008b000000, 0x000000008af00000| Untracked 
|  14|0x000000008b000000, 0x000000008b100000, 0x000000008b100000|100%| O|  |TAMS 0x000000008b100000, 0x000000008b000000| Untracked 
|  15|0x000000008b100000, 0x000000008b200000, 0x000000008b200000|100%| O|  |TAMS 0x000000008b200000, 0x000000008b100000| Untracked 
|  16|0x000000008b200000, 0x000000008b300000, 0x000000008b300000|100%| O|  |TAMS 0x000000008b300000, 0x000000008b200000| Untracked 
|  17|0x000000008b300000, 0x000000008b400000, 0x000000008b400000|100%| O|  |TAMS 0x000000008b400000, 0x000000008b300000| Untracked 
|  18|0x000000008b400000, 0x000000008b500000, 0x000000008b500000|100%| O|  |TAMS 0x000000008b500000, 0x000000008b400000| Untracked 
|  19|0x000000008b500000, 0x000000008b600000, 0x000000008b600000|100%| O|  |TAMS 0x000000008b600000, 0x000000008b500000| Untracked 
|  20|0x000000008b600000, 0x000000008b700000, 0x000000008b700000|100%| O|  |TAMS 0x000000008b700000, 0x000000008b600000| Untracked 
|  21|0x000000008b700000, 0x000000008b800000, 0x000000008b800000|100%| O|  |TAMS 0x000000008b800000, 0x000000008b700000| Untracked 
|  22|0x000000008b800000, 0x000000008b900000, 0x000000008b900000|100%| O|  |TAMS 0x000000008b900000, 0x000000008b800000| Untracked 
|  23|0x000000008b900000, 0x000000008ba00000, 0x000000008ba00000|100%| O|  |TAMS 0x000000008ba00000, 0x000000008b900000| Untracked 
|  24|0x000000008ba00000, 0x000000008bb00000, 0x000000008bb00000|100%| O|  |TAMS 0x000000008bb00000, 0x000000008ba00000| Untracked 
|  25|0x000000008bb00000, 0x000000008bc00000, 0x000000008bc00000|100%| O|  |TAMS 0x000000008bc00000, 0x000000008bb00000| Untracked 
|  26|0x000000008bc00000, 0x000000008bd00000, 0x000000008bd00000|100%| O|  |TAMS 0x000000008bd00000, 0x000000008bc00000| Untracked 
|  27|0x000000008bd00000, 0x000000008be00000, 0x000000008be00000|100%| O|  |TAMS 0x000000008be00000, 0x000000008bd00000| Untracked 
|  28|0x000000008be00000, 0x000000008bf00000, 0x000000008bf00000|100%| O|  |TAMS 0x000000008bf00000, 0x000000008be00000| Untracked 
|  29|0x000000008bf00000, 0x000000008c000000, 0x000000008c000000|100%| O|  |TAMS 0x000000008c000000, 0x000000008bf00000| Untracked 
|  30|0x000000008c000000, 0x000000008c100000, 0x000000008c100000|100%| O|  |TAMS 0x000000008c100000, 0x000000008c000000| Untracked 
|  31|0x000000008c100000, 0x000000008c200000, 0x000000008c200000|100%| O|  |TAMS 0x000000008c200000, 0x000000008c100000| Untracked 
|  32|0x000000008c200000, 0x000000008c300000, 0x000000008c300000|100%| O|  |TAMS 0x000000008c300000, 0x000000008c200000| Untracked 
|  33|0x000000008c300000, 0x000000008c400000, 0x000000008c400000|100%| O|  |TAMS 0x000000008c400000, 0x000000008c300000| Untracked 
|  34|0x000000008c400000, 0x000000008c500000, 0x000000008c500000|100%| O|  |TAMS 0x000000008c500000, 0x000000008c400000| Untracked 
|  35|0x000000008c500000, 0x000000008c600000, 0x000000008c600000|100%| O|  |TAMS 0x000000008c600000, 0x000000008c500000| Untracked 
|  36|0x000000008c600000, 0x000000008c700000, 0x000000008c700000|100%| O|  |TAMS 0x000000008c700000, 0x000000008c600000| Untracked 
|  37|0x000000008c700000, 0x000000008c800000, 0x000000008c800000|100%| O|  |TAMS 0x000000008c800000, 0x000000008c700000| Untracked 
|  38|0x000000008c800000, 0x000000008c900000, 0x000000008c900000|100%| O|  |TAMS 0x000000008c900000, 0x000000008c800000| Untracked 
|  39|0x000000008c900000, 0x000000008ca00000, 0x000000008ca00000|100%| O|  |TAMS 0x000000008ca00000, 0x000000008c900000| Untracked 
|  40|0x000000008ca00000, 0x000000008cb00000, 0x000000008cb00000|100%| O|  |TAMS 0x000000008cb00000, 0x000000008ca00000| Untracked 
|  41|0x000000008cb00000, 0x000000008cc00000, 0x000000008cc00000|100%| O|  |TAMS 0x000000008cc00000, 0x000000008cb00000| Untracked 
|  42|0x000000008cc00000, 0x000000008cd00000, 0x000000008cd00000|100%| O|  |TAMS 0x000000008cd00000, 0x000000008cc00000| Untracked 
|  43|0x000000008cd00000, 0x000000008ce00000, 0x000000008ce00000|100%| O|  |TAMS 0x000000008ce00000, 0x000000008cd00000| Untracked 
|  44|0x000000008ce00000, 0x000000008cf00000, 0x000000008cf00000|100%| O|  |TAMS 0x000000008cf00000, 0x000000008ce00000| Untracked 
|  45|0x000000008cf00000, 0x000000008d000000, 0x000000008d000000|100%| O|  |TAMS 0x000000008d000000, 0x000000008cf00000| Untracked 
|  46|0x000000008d000000, 0x000000008d100000, 0x000000008d100000|100%| O|  |TAMS 0x000000008d000000, 0x000000008d000000| Untracked 
|  47|0x000000008d100000, 0x000000008d200000, 0x000000008d200000|100%|HS|  |TAMS 0x000000008d200000, 0x000000008d100000| Complete 
|  48|0x000000008d200000, 0x000000008d300000, 0x000000008d300000|100%| O|  |TAMS 0x000000008d200000, 0x000000008d200000| Untracked 
|  49|0x000000008d300000, 0x000000008d400000, 0x000000008d400000|100%| O|  |TAMS 0x000000008d400000, 0x000000008d300000| Untracked 
|  50|0x000000008d400000, 0x000000008d500000, 0x000000008d500000|100%| O|  |TAMS 0x000000008d500000, 0x000000008d400000| Untracked 
|  51|0x000000008d500000, 0x000000008d600000, 0x000000008d600000|100%| O|  |TAMS 0x000000008d600000, 0x000000008d500000| Untracked 
|  52|0x000000008d600000, 0x000000008d700000, 0x000000008d700000|100%| O|  |TAMS 0x000000008d700000, 0x000000008d600000| Untracked 
|  53|0x000000008d700000, 0x000000008d800000, 0x000000008d800000|100%| O|  |TAMS 0x000000008d800000, 0x000000008d700000| Untracked 
|  54|0x000000008d800000, 0x000000008d900000, 0x000000008d900000|100%| O|  |TAMS 0x000000008d900000, 0x000000008d800000| Untracked 
|  55|0x000000008d900000, 0x000000008da00000, 0x000000008da00000|100%| O|  |TAMS 0x000000008da00000, 0x000000008d900000| Untracked 
|  56|0x000000008da00000, 0x000000008db00000, 0x000000008db00000|100%| O|  |TAMS 0x000000008db00000, 0x000000008da00000| Untracked 
|  57|0x000000008db00000, 0x000000008dc00000, 0x000000008dc00000|100%| O|  |TAMS 0x000000008dc00000, 0x000000008db00000| Untracked 
|  58|0x000000008dc00000, 0x000000008dd00000, 0x000000008dd00000|100%| O|  |TAMS 0x000000008dd00000, 0x000000008dc00000| Untracked 
|  59|0x000000008dd00000, 0x000000008de00000, 0x000000008de00000|100%| O|  |TAMS 0x000000008dda6e00, 0x000000008dd00000| Untracked 
|  60|0x000000008de00000, 0x000000008df00000, 0x000000008df00000|100%| O|  |TAMS 0x000000008de00000, 0x000000008de00000| Untracked 
|  61|0x000000008df00000, 0x000000008e000000, 0x000000008e000000|100%| O|  |TAMS 0x000000008df00000, 0x000000008df00000| Untracked 
|  62|0x000000008e000000, 0x000000008e100000, 0x000000008e100000|100%| O|  |TAMS 0x000000008e000000, 0x000000008e000000| Untracked 
|  63|0x000000008e100000, 0x000000008e200000, 0x000000008e200000|100%| O|  |TAMS 0x000000008e100000, 0x000000008e100000| Untracked 
|  64|0x000000008e200000, 0x000000008e300000, 0x000000008e300000|100%| O|  |TAMS 0x000000008e200000, 0x000000008e200000| Untracked 
|  65|0x000000008e300000, 0x000000008e400000, 0x000000008e400000|100%| O|  |TAMS 0x000000008e300000, 0x000000008e300000| Untracked 
|  66|0x000000008e400000, 0x000000008e500000, 0x000000008e500000|100%| O|  |TAMS 0x000000008e400000, 0x000000008e400000| Untracked 
|  67|0x000000008e500000, 0x000000008e596e00, 0x000000008e600000| 58%| O|  |TAMS 0x000000008e500000, 0x000000008e500000| Untracked 
|  68|0x000000008e600000, 0x000000008e600000, 0x000000008e700000|  0%| F|  |TAMS 0x000000008e600000, 0x000000008e600000| Untracked 
|  69|0x000000008e700000, 0x000000008e700000, 0x000000008e800000|  0%| F|  |TAMS 0x000000008e700000, 0x000000008e700000| Untracked 
|  70|0x000000008e800000, 0x000000008e800000, 0x000000008e900000|  0%| F|  |TAMS 0x000000008e800000, 0x000000008e800000| Untracked 
|  71|0x000000008e900000, 0x000000008e900000, 0x000000008ea00000|  0%| F|  |TAMS 0x000000008e900000, 0x000000008e900000| Untracked 
|  72|0x000000008ea00000, 0x000000008ea00000, 0x000000008eb00000|  0%| F|  |TAMS 0x000000008ea00000, 0x000000008ea00000| Untracked 
|  73|0x000000008eb00000, 0x000000008eb00000, 0x000000008ec00000|  0%| F|  |TAMS 0x000000008eb00000, 0x000000008eb00000| Untracked 
|  74|0x000000008ec00000, 0x000000008ec00000, 0x000000008ed00000|  0%| F|  |TAMS 0x000000008ec00000, 0x000000008ec00000| Untracked 
|  75|0x000000008ed00000, 0x000000008ed00000, 0x000000008ee00000|  0%| F|  |TAMS 0x000000008ed00000, 0x000000008ed00000| Untracked 
|  76|0x000000008ee00000, 0x000000008ee00000, 0x000000008ef00000|  0%| F|  |TAMS 0x000000008ee00000, 0x000000008ee00000| Untracked 
|  77|0x000000008ef00000, 0x000000008ef00000, 0x000000008f000000|  0%| F|  |TAMS 0x000000008ef00000, 0x000000008ef00000| Untracked 
|  78|0x000000008f000000, 0x000000008f000000, 0x000000008f100000|  0%| F|  |TAMS 0x000000008f000000, 0x000000008f000000| Untracked 
|  79|0x000000008f100000, 0x000000008f100000, 0x000000008f200000|  0%| F|  |TAMS 0x000000008f100000, 0x000000008f100000| Untracked 
|  80|0x000000008f200000, 0x000000008f200000, 0x000000008f300000|  0%| F|  |TAMS 0x000000008f200000, 0x000000008f200000| Untracked 
|  81|0x000000008f300000, 0x000000008f300000, 0x000000008f400000|  0%| F|  |TAMS 0x000000008f300000, 0x000000008f300000| Untracked 
|  82|0x000000008f400000, 0x000000008f400000, 0x000000008f500000|  0%| F|  |TAMS 0x000000008f400000, 0x000000008f400000| Untracked 
|  83|0x000000008f500000, 0x000000008f500000, 0x000000008f600000|  0%| F|  |TAMS 0x000000008f500000, 0x000000008f500000| Untracked 
|  84|0x000000008f600000, 0x000000008f600000, 0x000000008f700000|  0%| F|  |TAMS 0x000000008f600000, 0x000000008f600000| Untracked 
|  85|0x000000008f700000, 0x000000008f700000, 0x000000008f800000|  0%| F|  |TAMS 0x000000008f700000, 0x000000008f700000| Untracked 
|  86|0x000000008f800000, 0x000000008f800000, 0x000000008f900000|  0%| F|  |TAMS 0x000000008f800000, 0x000000008f800000| Untracked 
|  87|0x000000008f900000, 0x000000008f900000, 0x000000008fa00000|  0%| F|  |TAMS 0x000000008f900000, 0x000000008f900000| Untracked 
|  88|0x000000008fa00000, 0x000000008fa00000, 0x000000008fb00000|  0%| F|  |TAMS 0x000000008fa00000, 0x000000008fa00000| Untracked 
|  89|0x000000008fb00000, 0x000000008fb00000, 0x000000008fc00000|  0%| F|  |TAMS 0x000000008fb00000, 0x000000008fb00000| Untracked 
|  90|0x000000008fc00000, 0x000000008fc00000, 0x000000008fd00000|  0%| F|  |TAMS 0x000000008fc00000, 0x000000008fc00000| Untracked 
|  91|0x000000008fd00000, 0x000000008fd00000, 0x000000008fe00000|  0%| F|  |TAMS 0x000000008fd00000, 0x000000008fd00000| Untracked 
|  92|0x000000008fe00000, 0x000000008fe00000, 0x000000008ff00000|  0%| F|  |TAMS 0x000000008fe00000, 0x000000008fe00000| Untracked 
|  93|0x000000008ff00000, 0x000000008ff00000, 0x0000000090000000|  0%| F|  |TAMS 0x000000008ff00000, 0x000000008ff00000| Untracked 
|  94|0x0000000090000000, 0x0000000090000000, 0x0000000090100000|  0%| F|  |TAMS 0x0000000090000000, 0x0000000090000000| Untracked 
|  95|0x0000000090100000, 0x0000000090100000, 0x0000000090200000|  0%| F|  |TAMS 0x0000000090100000, 0x0000000090100000| Untracked 
|  96|0x0000000090200000, 0x0000000090200000, 0x0000000090300000|  0%| F|  |TAMS 0x0000000090200000, 0x0000000090200000| Untracked 
|  97|0x0000000090300000, 0x0000000090300000, 0x0000000090400000|  0%| F|  |TAMS 0x0000000090300000, 0x0000000090300000| Untracked 
|  98|0x0000000090400000, 0x0000000090400000, 0x0000000090500000|  0%| F|  |TAMS 0x0000000090400000, 0x0000000090400000| Untracked 
|  99|0x0000000090500000, 0x0000000090500000, 0x0000000090600000|  0%| F|  |TAMS 0x0000000090500000, 0x0000000090500000| Untracked 
| 100|0x0000000090600000, 0x0000000090600000, 0x0000000090700000|  0%| F|  |TAMS 0x0000000090600000, 0x0000000090600000| Untracked 
| 101|0x0000000090700000, 0x0000000090700000, 0x0000000090800000|  0%| F|  |TAMS 0x0000000090700000, 0x0000000090700000| Untracked 
| 102|0x0000000090800000, 0x0000000090800000, 0x0000000090900000|  0%| F|  |TAMS 0x0000000090800000, 0x0000000090800000| Untracked 
| 103|0x0000000090900000, 0x0000000090900000, 0x0000000090a00000|  0%| F|  |TAMS 0x0000000090900000, 0x0000000090900000| Untracked 
| 104|0x0000000090a00000, 0x0000000090a00000, 0x0000000090b00000|  0%| F|  |TAMS 0x0000000090a00000, 0x0000000090a00000| Untracked 
| 105|0x0000000090b00000, 0x0000000090b00000, 0x0000000090c00000|  0%| F|  |TAMS 0x0000000090b00000, 0x0000000090b00000| Untracked 
| 106|0x0000000090c00000, 0x0000000090c00000, 0x0000000090d00000|  0%| F|  |TAMS 0x0000000090c00000, 0x0000000090c00000| Untracked 
| 107|0x0000000090d00000, 0x0000000090d00000, 0x0000000090e00000|  0%| F|  |TAMS 0x0000000090d00000, 0x0000000090d00000| Untracked 
| 108|0x0000000090e00000, 0x0000000090e00000, 0x0000000090f00000|  0%| F|  |TAMS 0x0000000090e00000, 0x0000000090e00000| Untracked 
| 109|0x0000000090f00000, 0x0000000090f00000, 0x0000000091000000|  0%| F|  |TAMS 0x0000000090f00000, 0x0000000090f00000| Untracked 
| 110|0x0000000091000000, 0x00000000910fc3c0, 0x0000000091100000| 98%| S|CS|TAMS 0x0000000091000000, 0x0000000091000000| Complete 
| 111|0x0000000091100000, 0x0000000091200000, 0x0000000091200000|100%| S|CS|TAMS 0x0000000091100000, 0x0000000091100000| Complete 
| 112|0x0000000091200000, 0x0000000091300000, 0x0000000091300000|100%| S|CS|TAMS 0x0000000091200000, 0x0000000091200000| Complete 
| 113|0x0000000091300000, 0x0000000091400000, 0x0000000091400000|100%| S|CS|TAMS 0x0000000091300000, 0x0000000091300000| Complete 
| 114|0x0000000091400000, 0x0000000091500000, 0x0000000091500000|100%| S|CS|TAMS 0x0000000091400000, 0x0000000091400000| Complete 
| 115|0x0000000091500000, 0x0000000091600000, 0x0000000091600000|100%| S|CS|TAMS 0x0000000091500000, 0x0000000091500000| Complete 
| 116|0x0000000091600000, 0x0000000091700000, 0x0000000091700000|100%| S|CS|TAMS 0x0000000091600000, 0x0000000091600000| Complete 
| 117|0x0000000091700000, 0x0000000091700000, 0x0000000091800000|  0%| F|  |TAMS 0x0000000091700000, 0x0000000091700000| Untracked 
| 118|0x0000000091800000, 0x0000000091800000, 0x0000000091900000|  0%| F|  |TAMS 0x0000000091800000, 0x0000000091800000| Untracked 
| 119|0x0000000091900000, 0x0000000091900000, 0x0000000091a00000|  0%| F|  |TAMS 0x0000000091900000, 0x0000000091900000| Untracked 
| 120|0x0000000091a00000, 0x0000000091a00000, 0x0000000091b00000|  0%| F|  |TAMS 0x0000000091a00000, 0x0000000091a00000| Untracked 
| 121|0x0000000091b00000, 0x0000000091b00000, 0x0000000091c00000|  0%| F|  |TAMS 0x0000000091b00000, 0x0000000091b00000| Untracked 
| 122|0x0000000091c00000, 0x0000000091c00000, 0x0000000091d00000|  0%| F|  |TAMS 0x0000000091c00000, 0x0000000091c00000| Untracked 
| 123|0x0000000091d00000, 0x0000000091d00000, 0x0000000091e00000|  0%| F|  |TAMS 0x0000000091d00000, 0x0000000091d00000| Untracked 
| 124|0x0000000091e00000, 0x0000000091e00000, 0x0000000091f00000|  0%| F|  |TAMS 0x0000000091e00000, 0x0000000091e00000| Untracked 
| 125|0x0000000091f00000, 0x0000000091f00000, 0x0000000092000000|  0%| F|  |TAMS 0x0000000091f00000, 0x0000000091f00000| Untracked 
| 126|0x0000000092000000, 0x0000000092000000, 0x0000000092100000|  0%| F|  |TAMS 0x0000000092000000, 0x0000000092000000| Untracked 
| 127|0x0000000092100000, 0x0000000092200000, 0x0000000092200000|100%| S|CS|TAMS 0x0000000092100000, 0x0000000092100000| Complete 
| 128|0x0000000092200000, 0x0000000092300000, 0x0000000092300000|100%| S|CS|TAMS 0x0000000092200000, 0x0000000092200000| Complete 
| 129|0x0000000092300000, 0x0000000092400000, 0x0000000092400000|100%| S|CS|TAMS 0x0000000092300000, 0x0000000092300000| Complete 
| 130|0x0000000092400000, 0x0000000092400000, 0x0000000092500000|  0%| F|  |TAMS 0x0000000092400000, 0x0000000092400000| Untracked 
| 131|0x0000000092500000, 0x0000000092500000, 0x0000000092600000|  0%| F|  |TAMS 0x0000000092500000, 0x0000000092500000| Untracked 
| 132|0x0000000092600000, 0x0000000092600000, 0x0000000092700000|  0%| F|  |TAMS 0x0000000092600000, 0x0000000092600000| Untracked 
| 133|0x0000000092700000, 0x0000000092700000, 0x0000000092800000|  0%| F|  |TAMS 0x0000000092700000, 0x0000000092700000| Untracked 
| 134|0x0000000092800000, 0x0000000092800000, 0x0000000092900000|  0%| F|  |TAMS 0x0000000092800000, 0x0000000092800000| Untracked 
| 135|0x0000000092900000, 0x0000000092900000, 0x0000000092a00000|  0%| F|  |TAMS 0x0000000092900000, 0x0000000092900000| Untracked 
| 136|0x0000000092a00000, 0x0000000092a00000, 0x0000000092b00000|  0%| F|  |TAMS 0x0000000092a00000, 0x0000000092a00000| Untracked 
| 137|0x0000000092b00000, 0x0000000092b00000, 0x0000000092c00000|  0%| F|  |TAMS 0x0000000092b00000, 0x0000000092b00000| Untracked 
| 138|0x0000000092c00000, 0x0000000092c00000, 0x0000000092d00000|  0%| F|  |TAMS 0x0000000092c00000, 0x0000000092c00000| Untracked 
| 139|0x0000000092d00000, 0x0000000092d00000, 0x0000000092e00000|  0%| F|  |TAMS 0x0000000092d00000, 0x0000000092d00000| Untracked 
| 140|0x0000000092e00000, 0x0000000092e00000, 0x0000000092f00000|  0%| F|  |TAMS 0x0000000092e00000, 0x0000000092e00000| Untracked 
| 141|0x0000000092f00000, 0x0000000092f00000, 0x0000000093000000|  0%| F|  |TAMS 0x0000000092f00000, 0x0000000092f00000| Untracked 
| 142|0x0000000093000000, 0x0000000093000000, 0x0000000093100000|  0%| F|  |TAMS 0x0000000093000000, 0x0000000093000000| Untracked 
| 143|0x0000000093100000, 0x0000000093100000, 0x0000000093200000|  0%| F|  |TAMS 0x0000000093100000, 0x0000000093100000| Untracked 
| 144|0x0000000093200000, 0x0000000093200000, 0x0000000093300000|  0%| F|  |TAMS 0x0000000093200000, 0x0000000093200000| Untracked 
| 145|0x0000000093300000, 0x0000000093300000, 0x0000000093400000|  0%| F|  |TAMS 0x0000000093300000, 0x0000000093300000| Untracked 
| 146|0x0000000093400000, 0x0000000093400000, 0x0000000093500000|  0%| F|  |TAMS 0x0000000093400000, 0x0000000093400000| Untracked 
| 147|0x0000000093500000, 0x0000000093500000, 0x0000000093600000|  0%| F|  |TAMS 0x0000000093500000, 0x0000000093500000| Untracked 
| 148|0x0000000093600000, 0x0000000093600000, 0x0000000093700000|  0%| F|  |TAMS 0x0000000093600000, 0x0000000093600000| Untracked 
| 149|0x0000000093700000, 0x0000000093700000, 0x0000000093800000|  0%| F|  |TAMS 0x0000000093700000, 0x0000000093700000| Untracked 
| 150|0x0000000093800000, 0x0000000093800000, 0x0000000093900000|  0%| F|  |TAMS 0x0000000093800000, 0x0000000093800000| Untracked 
| 151|0x0000000093900000, 0x0000000093900000, 0x0000000093a00000|  0%| F|  |TAMS 0x0000000093900000, 0x0000000093900000| Untracked 
| 152|0x0000000093a00000, 0x0000000093a00000, 0x0000000093b00000|  0%| F|  |TAMS 0x0000000093a00000, 0x0000000093a00000| Untracked 
| 153|0x0000000093b00000, 0x0000000093b00000, 0x0000000093c00000|  0%| F|  |TAMS 0x0000000093b00000, 0x0000000093b00000| Untracked 
| 154|0x0000000093c00000, 0x0000000093c00000, 0x0000000093d00000|  0%| F|  |TAMS 0x0000000093c00000, 0x0000000093c00000| Untracked 
| 155|0x0000000093d00000, 0x0000000093d00000, 0x0000000093e00000|  0%| F|  |TAMS 0x0000000093d00000, 0x0000000093d00000| Untracked 
| 156|0x0000000093e00000, 0x0000000093e00000, 0x0000000093f00000|  0%| F|  |TAMS 0x0000000093e00000, 0x0000000093e00000| Untracked 
| 157|0x0000000093f00000, 0x0000000093f00000, 0x0000000094000000|  0%| F|  |TAMS 0x0000000093f00000, 0x0000000093f00000| Untracked 
| 158|0x0000000094000000, 0x0000000094000000, 0x0000000094100000|  0%| F|  |TAMS 0x0000000094000000, 0x0000000094000000| Untracked 
| 159|0x0000000094100000, 0x0000000094100000, 0x0000000094200000|  0%| F|  |TAMS 0x0000000094100000, 0x0000000094100000| Untracked 
| 160|0x0000000094200000, 0x0000000094200000, 0x0000000094300000|  0%| F|  |TAMS 0x0000000094200000, 0x0000000094200000| Untracked 
| 161|0x0000000094300000, 0x0000000094300000, 0x0000000094400000|  0%| F|  |TAMS 0x0000000094300000, 0x0000000094300000| Untracked 
| 162|0x0000000094400000, 0x0000000094400000, 0x0000000094500000|  0%| F|  |TAMS 0x0000000094400000, 0x0000000094400000| Untracked 
| 163|0x0000000094500000, 0x0000000094500000, 0x0000000094600000|  0%| F|  |TAMS 0x0000000094500000, 0x0000000094500000| Untracked 
| 164|0x0000000094600000, 0x0000000094600000, 0x0000000094700000|  0%| F|  |TAMS 0x0000000094600000, 0x0000000094600000| Untracked 
| 165|0x0000000094700000, 0x0000000094700000, 0x0000000094800000|  0%| F|  |TAMS 0x0000000094700000, 0x0000000094700000| Untracked 
| 166|0x0000000094800000, 0x0000000094800000, 0x0000000094900000|  0%| F|  |TAMS 0x0000000094800000, 0x0000000094800000| Untracked 
| 167|0x0000000094900000, 0x0000000094900000, 0x0000000094a00000|  0%| F|  |TAMS 0x0000000094900000, 0x0000000094900000| Untracked 
| 168|0x0000000094a00000, 0x0000000094a00000, 0x0000000094b00000|  0%| F|  |TAMS 0x0000000094a00000, 0x0000000094a00000| Untracked 
| 169|0x0000000094b00000, 0x0000000094b00000, 0x0000000094c00000|  0%| F|  |TAMS 0x0000000094b00000, 0x0000000094b00000| Untracked 
| 170|0x0000000094c00000, 0x0000000094c00000, 0x0000000094d00000|  0%| F|  |TAMS 0x0000000094c00000, 0x0000000094c00000| Untracked 
| 171|0x0000000094d00000, 0x0000000094d00000, 0x0000000094e00000|  0%| F|  |TAMS 0x0000000094d00000, 0x0000000094d00000| Untracked 
| 172|0x0000000094e00000, 0x0000000094e00000, 0x0000000094f00000|  0%| F|  |TAMS 0x0000000094e00000, 0x0000000094e00000| Untracked 
| 173|0x0000000094f00000, 0x0000000094f00000, 0x0000000095000000|  0%| F|  |TAMS 0x0000000094f00000, 0x0000000094f00000| Untracked 
| 174|0x0000000095000000, 0x0000000095000000, 0x0000000095100000|  0%| F|  |TAMS 0x0000000095000000, 0x0000000095000000| Untracked 
| 175|0x0000000095100000, 0x0000000095100000, 0x0000000095200000|  0%| F|  |TAMS 0x0000000095100000, 0x0000000095100000| Untracked 
| 176|0x0000000095200000, 0x0000000095200000, 0x0000000095300000|  0%| F|  |TAMS 0x0000000095200000, 0x0000000095200000| Untracked 
| 177|0x0000000095300000, 0x0000000095300000, 0x0000000095400000|  0%| F|  |TAMS 0x0000000095300000, 0x0000000095300000| Untracked 
| 178|0x0000000095400000, 0x0000000095400000, 0x0000000095500000|  0%| F|  |TAMS 0x0000000095400000, 0x0000000095400000| Untracked 
| 179|0x0000000095500000, 0x0000000095500000, 0x0000000095600000|  0%| F|  |TAMS 0x0000000095500000, 0x0000000095500000| Untracked 
| 180|0x0000000095600000, 0x0000000095600000, 0x0000000095700000|  0%| F|  |TAMS 0x0000000095600000, 0x0000000095600000| Untracked 
| 181|0x0000000095700000, 0x0000000095700000, 0x0000000095800000|  0%| F|  |TAMS 0x0000000095700000, 0x0000000095700000| Untracked 
| 182|0x0000000095800000, 0x0000000095800000, 0x0000000095900000|  0%| F|  |TAMS 0x0000000095800000, 0x0000000095800000| Untracked 
| 183|0x0000000095900000, 0x0000000095900000, 0x0000000095a00000|  0%| F|  |TAMS 0x0000000095900000, 0x0000000095900000| Untracked 
| 184|0x0000000095a00000, 0x0000000095a00000, 0x0000000095b00000|  0%| F|  |TAMS 0x0000000095a00000, 0x0000000095a00000| Untracked 
| 185|0x0000000095b00000, 0x0000000095b00000, 0x0000000095c00000|  0%| F|  |TAMS 0x0000000095b00000, 0x0000000095b00000| Untracked 
| 186|0x0000000095c00000, 0x0000000095c00000, 0x0000000095d00000|  0%| F|  |TAMS 0x0000000095c00000, 0x0000000095c00000| Untracked 
| 187|0x0000000095d00000, 0x0000000095d00000, 0x0000000095e00000|  0%| F|  |TAMS 0x0000000095d00000, 0x0000000095d00000| Untracked 
| 188|0x0000000095e00000, 0x0000000095e00000, 0x0000000095f00000|  0%| F|  |TAMS 0x0000000095e00000, 0x0000000095e00000| Untracked 
| 189|0x0000000095f00000, 0x0000000095f00000, 0x0000000096000000|  0%| F|  |TAMS 0x0000000095f00000, 0x0000000095f00000| Untracked 
| 190|0x0000000096000000, 0x0000000096000000, 0x0000000096100000|  0%| F|  |TAMS 0x0000000096000000, 0x0000000096000000| Untracked 
| 191|0x0000000096100000, 0x0000000096100000, 0x0000000096200000|  0%| F|  |TAMS 0x0000000096100000, 0x0000000096100000| Untracked 
| 192|0x0000000096200000, 0x0000000096200000, 0x0000000096300000|  0%| F|  |TAMS 0x0000000096200000, 0x0000000096200000| Untracked 
| 193|0x0000000096300000, 0x0000000096300000, 0x0000000096400000|  0%| F|  |TAMS 0x0000000096300000, 0x0000000096300000| Untracked 
| 194|0x0000000096400000, 0x0000000096400000, 0x0000000096500000|  0%| F|  |TAMS 0x0000000096400000, 0x0000000096400000| Untracked 
| 195|0x0000000096500000, 0x0000000096500000, 0x0000000096600000|  0%| F|  |TAMS 0x0000000096500000, 0x0000000096500000| Untracked 
| 196|0x0000000096600000, 0x0000000096600000, 0x0000000096700000|  0%| F|  |TAMS 0x0000000096600000, 0x0000000096600000| Untracked 
| 197|0x0000000096700000, 0x0000000096700000, 0x0000000096800000|  0%| F|  |TAMS 0x0000000096700000, 0x0000000096700000| Untracked 
| 198|0x0000000096800000, 0x0000000096800000, 0x0000000096900000|  0%| F|  |TAMS 0x0000000096800000, 0x0000000096800000| Untracked 
| 199|0x0000000096900000, 0x0000000096900000, 0x0000000096a00000|  0%| F|  |TAMS 0x0000000096900000, 0x0000000096900000| Untracked 
| 200|0x0000000096a00000, 0x0000000096a00000, 0x0000000096b00000|  0%| F|  |TAMS 0x0000000096a00000, 0x0000000096a00000| Untracked 
| 201|0x0000000096b00000, 0x0000000096b00000, 0x0000000096c00000|  0%| F|  |TAMS 0x0000000096b00000, 0x0000000096b00000| Untracked 
| 202|0x0000000096c00000, 0x0000000096c00000, 0x0000000096d00000|  0%| F|  |TAMS 0x0000000096c00000, 0x0000000096c00000| Untracked 
| 203|0x0000000096d00000, 0x0000000096d00000, 0x0000000096e00000|  0%| F|  |TAMS 0x0000000096d00000, 0x0000000096d00000| Untracked 
| 204|0x0000000096e00000, 0x0000000096e00000, 0x0000000096f00000|  0%| F|  |TAMS 0x0000000096e00000, 0x0000000096e00000| Untracked 
| 205|0x0000000096f00000, 0x0000000096f00000, 0x0000000097000000|  0%| F|  |TAMS 0x0000000096f00000, 0x0000000096f00000| Untracked 
| 206|0x0000000097000000, 0x0000000097000000, 0x0000000097100000|  0%| F|  |TAMS 0x0000000097000000, 0x0000000097000000| Untracked 
| 207|0x0000000097100000, 0x0000000097100000, 0x0000000097200000|  0%| F|  |TAMS 0x0000000097100000, 0x0000000097100000| Untracked 
| 208|0x0000000097200000, 0x0000000097200000, 0x0000000097300000|  0%| F|  |TAMS 0x0000000097200000, 0x0000000097200000| Untracked 
| 209|0x0000000097300000, 0x0000000097300000, 0x0000000097400000|  0%| F|  |TAMS 0x0000000097300000, 0x0000000097300000| Untracked 
| 210|0x0000000097400000, 0x0000000097400000, 0x0000000097500000|  0%| F|  |TAMS 0x0000000097400000, 0x0000000097400000| Untracked 
| 211|0x0000000097500000, 0x0000000097500000, 0x0000000097600000|  0%| F|  |TAMS 0x0000000097500000, 0x0000000097500000| Untracked 
| 212|0x0000000097600000, 0x0000000097600000, 0x0000000097700000|  0%| F|  |TAMS 0x0000000097600000, 0x0000000097600000| Untracked 
| 213|0x0000000097700000, 0x0000000097700000, 0x0000000097800000|  0%| F|  |TAMS 0x0000000097700000, 0x0000000097700000| Untracked 
| 214|0x0000000097800000, 0x0000000097800000, 0x0000000097900000|  0%| F|  |TAMS 0x0000000097800000, 0x0000000097800000| Untracked 
| 215|0x0000000097900000, 0x0000000097900000, 0x0000000097a00000|  0%| F|  |TAMS 0x0000000097900000, 0x0000000097900000| Untracked 
| 216|0x0000000097a00000, 0x0000000097a00000, 0x0000000097b00000|  0%| F|  |TAMS 0x0000000097a00000, 0x0000000097a00000| Untracked 
| 217|0x0000000097b00000, 0x0000000097b00000, 0x0000000097c00000|  0%| F|  |TAMS 0x0000000097b00000, 0x0000000097b00000| Untracked 
| 218|0x0000000097c00000, 0x0000000097c00000, 0x0000000097d00000|  0%| F|  |TAMS 0x0000000097c00000, 0x0000000097c00000| Untracked 
| 219|0x0000000097d00000, 0x0000000097d00000, 0x0000000097e00000|  0%| F|  |TAMS 0x0000000097d00000, 0x0000000097d00000| Untracked 
| 220|0x0000000097e00000, 0x0000000097e00000, 0x0000000097f00000|  0%| F|  |TAMS 0x0000000097e00000, 0x0000000097e00000| Untracked 
| 221|0x0000000097f00000, 0x0000000097f00000, 0x0000000098000000|  0%| F|  |TAMS 0x0000000097f00000, 0x0000000097f00000| Untracked 
| 222|0x0000000098000000, 0x0000000098000000, 0x0000000098100000|  0%| F|  |TAMS 0x0000000098000000, 0x0000000098000000| Untracked 
| 223|0x0000000098100000, 0x0000000098100000, 0x0000000098200000|  0%| F|  |TAMS 0x0000000098100000, 0x0000000098100000| Untracked 
| 224|0x0000000098200000, 0x0000000098200000, 0x0000000098300000|  0%| F|  |TAMS 0x0000000098200000, 0x0000000098200000| Untracked 
| 225|0x0000000098300000, 0x0000000098300000, 0x0000000098400000|  0%| F|  |TAMS 0x0000000098300000, 0x0000000098300000| Untracked 
| 226|0x0000000098400000, 0x0000000098400000, 0x0000000098500000|  0%| F|  |TAMS 0x0000000098400000, 0x0000000098400000| Untracked 
| 227|0x0000000098500000, 0x0000000098500000, 0x0000000098600000|  0%| F|  |TAMS 0x0000000098500000, 0x0000000098500000| Untracked 
| 228|0x0000000098600000, 0x0000000098600000, 0x0000000098700000|  0%| F|  |TAMS 0x0000000098600000, 0x0000000098600000| Untracked 
| 229|0x0000000098700000, 0x0000000098700000, 0x0000000098800000|  0%| F|  |TAMS 0x0000000098700000, 0x0000000098700000| Untracked 
| 230|0x0000000098800000, 0x0000000098800000, 0x0000000098900000|  0%| F|  |TAMS 0x0000000098800000, 0x0000000098800000| Untracked 
| 231|0x0000000098900000, 0x0000000098900000, 0x0000000098a00000|  0%| F|  |TAMS 0x0000000098900000, 0x0000000098900000| Untracked 
| 232|0x0000000098a00000, 0x0000000098a00000, 0x0000000098b00000|  0%| F|  |TAMS 0x0000000098a00000, 0x0000000098a00000| Untracked 
| 233|0x0000000098b00000, 0x0000000098b00000, 0x0000000098c00000|  0%| F|  |TAMS 0x0000000098b00000, 0x0000000098b00000| Untracked 
| 234|0x0000000098c00000, 0x0000000098c00000, 0x0000000098d00000|  0%| F|  |TAMS 0x0000000098c00000, 0x0000000098c00000| Untracked 
| 235|0x0000000098d00000, 0x0000000098d00000, 0x0000000098e00000|  0%| F|  |TAMS 0x0000000098d00000, 0x0000000098d00000| Untracked 
| 236|0x0000000098e00000, 0x0000000098e00000, 0x0000000098f00000|  0%| F|  |TAMS 0x0000000098e00000, 0x0000000098e00000| Untracked 
| 237|0x0000000098f00000, 0x0000000098f00000, 0x0000000099000000|  0%| F|  |TAMS 0x0000000098f00000, 0x0000000098f00000| Untracked 
| 238|0x0000000099000000, 0x0000000099000000, 0x0000000099100000|  0%| F|  |TAMS 0x0000000099000000, 0x0000000099000000| Untracked 
| 239|0x0000000099100000, 0x0000000099100000, 0x0000000099200000|  0%| F|  |TAMS 0x0000000099100000, 0x0000000099100000| Untracked 
| 240|0x0000000099200000, 0x0000000099200000, 0x0000000099300000|  0%| F|  |TAMS 0x0000000099200000, 0x0000000099200000| Untracked 
| 241|0x0000000099300000, 0x0000000099300000, 0x0000000099400000|  0%| F|  |TAMS 0x0000000099300000, 0x0000000099300000| Untracked 
| 242|0x0000000099400000, 0x0000000099400000, 0x0000000099500000|  0%| F|  |TAMS 0x0000000099400000, 0x0000000099400000| Untracked 
| 243|0x0000000099500000, 0x0000000099500000, 0x0000000099600000|  0%| F|  |TAMS 0x0000000099500000, 0x0000000099500000| Untracked 
| 244|0x0000000099600000, 0x0000000099600000, 0x0000000099700000|  0%| F|  |TAMS 0x0000000099600000, 0x0000000099600000| Untracked 

Card table byte_map: [0x000002aabb9e0000,0x000002aabbd90000] _byte_map_base: 0x000002aabb58f000

Marking Bits (Prev, Next): (CMBitMap*) 0x000002aab5a01aa0, (CMBitMap*) 0x000002aab5a01ae0
 Prev Bits: [0x000002aabc140000, 0x000002aabdeb8000)
 Next Bits: [0x000002aabdec0000, 0x000002aabfc38000)

Polling page: 0x000002aab3890000

Metaspace:

Usage:
  Non-class:     29.76 MB used.
      Class:      4.45 MB used.
       Both:     34.21 MB used.

Virtual space:
  Non-class space:       32.00 MB reserved,      29.88 MB ( 93%) committed,  4 nodes.
      Class space:        1.00 GB reserved,       4.56 MB ( <1%) committed,  1 nodes.
             Both:        1.03 GB reserved,      34.44 MB (  3%) committed. 

Chunk freelists:
   Non-Class:  1.69 MB
       Class:  3.44 MB
        Both:  5.13 MB

MaxMetaspaceSize: unlimited
CompressedClassSpaceSize: 1.00 GB
Initial GC threshold: 21.00 MB
Current GC threshold: 57.19 MB
CDS: off
MetaspaceReclaimPolicy: balanced
 - commit_granule_bytes: 65536.
 - commit_granule_words: 8192.
 - virtual_space_node_default_size: 1048576.
 - enlarge_chunks_in_place: 1.
 - new_chunks_are_fully_committed: 0.
 - uncommit_free_chunks: 1.
 - use_allocation_guard: 0.
 - handle_deallocations: 1.


Internal statistics:

num_allocs_failed_limit: 5.
num_arena_births: 300.
num_arena_deaths: 0.
num_vsnodes_births: 5.
num_vsnodes_deaths: 0.
num_space_committed: 551.
num_space_uncommitted: 0.
num_chunks_returned_to_freelist: 5.
num_chunks_taken_from_freelist: 1292.
num_chunk_merges: 5.
num_chunk_splits: 891.
num_chunks_enlarged: 696.
num_purges: 0.
num_inconsistent_stats: 0.

CodeCache: size=49152Kb used=7817Kb max_used=7817Kb free=41334Kb
 bounds [0x000002aab8630000, 0x000002aab8de0000, 0x000002aabb630000]
 total_blobs=4151 nmethods=3627 adapters=449
 compilation: enabled
              stopped_count=0, restarted_count=0
 full_count=0

Compilation events (20 events):
Event: 4.401 Thread 0x000002aac2497900 nmethod 3611 0x000002aab8dc5e90 code [0x000002aab8dc6020, 0x000002aab8dc6168]
Event: 4.401 Thread 0x000002aac2497900 3618       1       io.github.classgraph.ClasspathElementModule$1$1::<init> (16 bytes)
Event: 4.401 Thread 0x000002aac2497900 nmethod 3618 0x000002aab8dc6210 code [0x000002aab8dc63a0, 0x000002aab8dc6578]
Event: 4.401 Thread 0x000002aac2497900 3619       1       nonapi.io.github.classgraph.utils.ProxyingInputStream::<init> (10 bytes)
Event: 4.401 Thread 0x000002aac2497900 nmethod 3619 0x000002aab8dc6610 code [0x000002aab8dc67a0, 0x000002aab8dc68b8]
Event: 4.401 Thread 0x000002aac2497900 3620       1       io.github.classgraph.Classfile::readBasicClassInfo (339 bytes)
Event: 4.402 Thread 0x000002aac3a89b60 nmethod 3608 0x000002aab8dc6910 code [0x000002aab8dc7140, 0x000002aab8dc9c88]
Event: 4.402 Thread 0x000002aac3a89b60 3623       1       jdk.internal.jimage.decompressor.ZipDecompressor::decompress (10 bytes)
Event: 4.402 Thread 0x000002aac3a89b60 nmethod 3623 0x000002aab8dcb710 code [0x000002aab8dcb8a0, 0x000002aab8dcb988]
Event: 4.402 Thread 0x000002aac3a89b60 3614       1       io.github.classgraph.ModuleReaderProxy::open (72 bytes)
Event: 4.402 Thread 0x000002aac2497900 nmethod 3620 0x000002aab8dcba10 code [0x000002aab8dcbd80, 0x000002aab8dccbe8]
Event: 4.403 Thread 0x000002aac3a89b60 nmethod 3614 0x000002aab8dcd490 code [0x000002aab8dcd6a0, 0x000002aab8dcdb88]
Event: 4.403 Thread 0x000002aac2497900 3624       1       jdk.internal.module.SystemModuleFinders$SystemModuleReader::open (15 bytes)
Event: 4.403 Thread 0x000002aac2497900 nmethod 3624 0x000002aab8dcdd90 code [0x000002aab8dcdfa0, 0x000002aab8dce568]
Event: 4.424 Thread 0x000002aac3a89b60 3626       1       io.github.classgraph.Classfile::extendScanningUpwards (585 bytes)
Event: 4.424 Thread 0x000002aac2497900 3625   !   1       nonapi.io.github.classgraph.fileslice.reader.ClassfileReader::close (43 bytes)
Event: 4.424 Thread 0x000002aac2497900 nmethod 3625 0x000002aab8dce890 code [0x000002aab8dcea40, 0x000002aab8dcec18]
Event: 4.459 Thread 0x000002aac3a89b60 nmethod 3626 0x000002aab8dced10 code [0x000002aab8dcf180, 0x000002aab8dd0088]
Event: 4.467 Thread 0x000002aac3a89b60 3627  s!   1       jdk.internal.loader.URLClassPath::getLoader (196 bytes)
Event: 4.467 Thread 0x000002aac3a89b60 nmethod 3627 0x000002aab8dd0c10 code [0x000002aab8dd0ec0, 0x000002aab8dd18d8]

GC Heap History (20 events):
Event: 3.965 GC heap after
{Heap after GC invocations=14 (full 0):
 garbage-first heap   total 87040K, used 39337K [0x000000008a200000, 0x0000000100000000)
  region size 1024K, 4 young (4096K), 4 survivors (4096K)
 Metaspace       used 34412K, committed 34752K, reserved 1081344K
  class space    used 4437K, committed 4608K, reserved 1048576K
}
Event: 4.007 GC heap before
{Heap before GC invocations=14 (full 0):
 garbage-first heap   total 87040K, used 61865K [0x000000008a200000, 0x0000000100000000)
  region size 1024K, 27 young (27648K), 4 survivors (4096K)
 Metaspace       used 34574K, committed 34880K, reserved 1081344K
  class space    used 4482K, committed 4608K, reserved 1048576K
}
Event: 4.013 GC heap after
{Heap after GC invocations=15 (full 0):
 garbage-first heap   total 87040K, used 45893K [0x000000008a200000, 0x0000000100000000)
  region size 1024K, 4 young (4096K), 4 survivors (4096K)
 Metaspace       used 34574K, committed 34880K, reserved 1081344K
  class space    used 4482K, committed 4608K, reserved 1048576K
}
Event: 4.244 GC heap before
{Heap before GC invocations=15 (full 0):
 garbage-first heap   total 87040K, used 56133K [0x000000008a200000, 0x0000000100000000)
  region size 1024K, 16 young (16384K), 4 survivors (4096K)
 Metaspace       used 34828K, committed 35136K, reserved 1081344K
  class space    used 4531K, committed 4672K, reserved 1048576K
}
Event: 4.251 GC heap after
{Heap after GC invocations=16 (full 0):
 garbage-first heap   total 87040K, used 48465K [0x000000008a200000, 0x0000000100000000)
  region size 1024K, 3 young (3072K), 3 survivors (3072K)
 Metaspace       used 34828K, committed 35136K, reserved 1081344K
  class space    used 4531K, committed 4672K, reserved 1048576K
}
Event: 4.334 GC heap before
{Heap before GC invocations=17 (full 0):
 garbage-first heap   total 97280K, used 66897K [0x000000008a200000, 0x0000000100000000)
  region size 1024K, 20 young (20480K), 3 survivors (3072K)
 Metaspace       used 34830K, committed 35136K, reserved 1081344K
  class space    used 4532K, committed 4672K, reserved 1048576K
}
Event: 4.342 GC heap after
{Heap after GC invocations=18 (full 0):
 garbage-first heap   total 97280K, used 59348K [0x000000008a200000, 0x0000000100000000)
  region size 1024K, 3 young (3072K), 3 survivors (3072K)
 Metaspace       used 34830K, committed 35136K, reserved 1081344K
  class space    used 4532K, committed 4672K, reserved 1048576K
}
Event: 4.346 GC heap before
{Heap before GC invocations=18 (full 0):
 garbage-first heap   total 97280K, used 60372K [0x000000008a200000, 0x0000000100000000)
  region size 1024K, 4 young (4096K), 3 survivors (3072K)
 Metaspace       used 34837K, committed 35136K, reserved 1081344K
  class space    used 4534K, committed 4672K, reserved 1048576K
}
Event: 4.349 GC heap after
{Heap after GC invocations=19 (full 0):
 garbage-first heap   total 97280K, used 61083K [0x000000008a200000, 0x0000000100000000)
  region size 1024K, 1 young (1024K), 1 survivors (1024K)
 Metaspace       used 34837K, committed 35136K, reserved 1081344K
  class space    used 4534K, committed 4672K, reserved 1048576K
}
Event: 4.369 GC heap before
{Heap before GC invocations=19 (full 0):
 garbage-first heap   total 97280K, used 73371K [0x000000008a200000, 0x0000000100000000)
  region size 1024K, 14 young (14336K), 1 survivors (1024K)
 Metaspace       used 34918K, committed 35200K, reserved 1081344K
  class space    used 4540K, committed 4672K, reserved 1048576K
}
Event: 4.383 GC heap after
{Heap after GC invocations=20 (full 0):
 garbage-first heap   total 250880K, used 63761K [0x000000008a200000, 0x0000000100000000)
  region size 1024K, 2 young (2048K), 2 survivors (2048K)
 Metaspace       used 34918K, committed 35200K, reserved 1081344K
  class space    used 4540K, committed 4672K, reserved 1048576K
}
Event: 4.600 GC heap before
{Heap before GC invocations=21 (full 0):
 garbage-first heap   total 250880K, used 128273K [0x000000008a200000, 0x0000000100000000)
  region size 1024K, 67 young (68608K), 2 survivors (2048K)
 Metaspace       used 35030K, committed 35264K, reserved 1081344K
  class space    used 4555K, committed 4672K, reserved 1048576K
}
Event: 4.607 GC heap after
{Heap after GC invocations=22 (full 0):
 garbage-first heap   total 250880K, used 65396K [0x000000008a200000, 0x0000000100000000)
  region size 1024K, 5 young (5120K), 5 survivors (5120K)
 Metaspace       used 35030K, committed 35264K, reserved 1081344K
  class space    used 4555K, committed 4672K, reserved 1048576K
}
Event: 4.612 GC heap before
{Heap before GC invocations=22 (full 0):
 garbage-first heap   total 250880K, used 71540K [0x000000008a200000, 0x0000000100000000)
  region size 1024K, 12 young (12288K), 5 survivors (5120K)
 Metaspace       used 35030K, committed 35264K, reserved 1081344K
  class space    used 4555K, committed 4672K, reserved 1048576K
}
Event: 4.616 GC heap after
{Heap after GC invocations=23 (full 0):
 garbage-first heap   total 250880K, used 65080K [0x000000008a200000, 0x0000000100000000)
  region size 1024K, 1 young (1024K), 1 survivors (1024K)
 Metaspace       used 35030K, committed 35264K, reserved 1081344K
  class space    used 4555K, committed 4672K, reserved 1048576K
}
Event: 4.760 GC heap before
{Heap before GC invocations=23 (full 0):
 garbage-first heap   total 250880K, used 177720K [0x000000008a200000, 0x0000000100000000)
  region size 1024K, 112 young (114688K), 1 survivors (1024K)
 Metaspace       used 35030K, committed 35264K, reserved 1081344K
  class space    used 4555K, committed 4672K, reserved 1048576K
}
Event: 4.767 GC heap after
{Heap after GC invocations=24 (full 0):
 garbage-first heap   total 250880K, used 69456K [0x000000008a200000, 0x0000000100000000)
  region size 1024K, 5 young (5120K), 5 survivors (5120K)
 Metaspace       used 35030K, committed 35264K, reserved 1081344K
  class space    used 4555K, committed 4672K, reserved 1048576K
}
Event: 4.830 GC heap before
{Heap before GC invocations=24 (full 0):
 garbage-first heap   total 250880K, used 184144K [0x000000008a200000, 0x0000000100000000)
  region size 1024K, 118 young (120832K), 5 survivors (5120K)
 Metaspace       used 35030K, committed 35264K, reserved 1081344K
  class space    used 4555K, committed 4672K, reserved 1048576K
}
Event: 4.838 GC heap after
{Heap after GC invocations=25 (full 0):
 garbage-first heap   total 250880K, used 73902K [0x000000008a200000, 0x0000000100000000)
  region size 1024K, 10 young (10240K), 10 survivors (10240K)
 Metaspace       used 35030K, committed 35264K, reserved 1081344K
  class space    used 4555K, committed 4672K, reserved 1048576K
}
Event: 4.908 GC heap before
{Heap before GC invocations=25 (full 0):
 garbage-first heap   total 250880K, used 190638K [0x000000008a200000, 0x0000000100000000)
  region size 1024K, 125 young (128000K), 10 survivors (10240K)
 Metaspace       used 35030K, committed 35264K, reserved 1081344K
  class space    used 4555K, committed 4672K, reserved 1048576K
}

Deoptimization events (14 events):
Event: 1.412 Thread 0x000002aab59a9d60 DEOPT PACKING pc=0x000002aab892f275 sp=0x000000d7779fd870
Event: 1.412 Thread 0x000002aab59a9d60 DEOPT UNPACKING pc=0x000002aab8682b43 sp=0x000000d7779fcce0 mode 3
Event: 2.169 Thread 0x000002aab59a9d60 DEOPT PACKING pc=0x000002aab8a4bc19 sp=0x000000d7779fd020
Event: 2.169 Thread 0x000002aab59a9d60 DEOPT UNPACKING pc=0x000002aab8682b43 sp=0x000000d7779fc500 mode 3
Event: 2.536 Thread 0x000002aab59a9d60 DEOPT PACKING pc=0x000002aab8b0a475 sp=0x000000d7779fccf0
Event: 2.536 Thread 0x000002aab59a9d60 DEOPT UNPACKING pc=0x000002aab8682b43 sp=0x000000d7779fc160 mode 3
Event: 3.284 Thread 0x000002aac4b5cd50 DEOPT PACKING pc=0x000002aab8c01d2b sp=0x000000d7792fe620
Event: 3.284 Thread 0x000002aac4b5cd50 DEOPT UNPACKING pc=0x000002aab8682b43 sp=0x000000d7792fdb68 mode 3
Event: 3.777 Thread 0x000002aac4d094e0 DEOPT PACKING pc=0x000002aab8a4d101 sp=0x000000d779efefa0
Event: 3.777 Thread 0x000002aac4d094e0 DEOPT UNPACKING pc=0x000002aab8682b43 sp=0x000000d779efe430 mode 3
Event: 3.848 Thread 0x000002aac4d09e80 DEOPT PACKING pc=0x000002aab8d53b35 sp=0x000000d77a3fd380
Event: 3.848 Thread 0x000002aac4d09e80 DEOPT UNPACKING pc=0x000002aab8682b43 sp=0x000000d77a3fc8a8 mode 3
Event: 4.197 Thread 0x000002aac4d09010 DEOPT PACKING pc=0x000002aab8a96517 sp=0x000000d779dff1f0
Event: 4.197 Thread 0x000002aac4d09010 DEOPT UNPACKING pc=0x000002aab8682b43 sp=0x000000d779dfe648 mode 3

Classes unloaded (0 events):
No events

Classes redefined (0 events):
No events

Internal exceptions (20 events):
Event: 3.357 Thread 0x000002aac494f040 Exception <a 'sun/nio/fs/WindowsException'{0x000000008c961088}> (0x000000008c961088) 
thrown [e:\jenkins\tmp\workspace\build\src\src\hotspot\share\prims\jni.cpp, line 516]
Event: 3.357 Thread 0x000002aac494f040 Exception <a 'sun/nio/fs/WindowsException'{0x000000008c961458}> (0x000000008c961458) 
thrown [e:\jenkins\tmp\workspace\build\src\src\hotspot\share\prims\jni.cpp, line 516]
Event: 3.357 Thread 0x000002aac494f040 Exception <a 'sun/nio/fs/WindowsException'{0x000000008c961e80}> (0x000000008c961e80) 
thrown [e:\jenkins\tmp\workspace\build\src\src\hotspot\share\prims\jni.cpp, line 516]
Event: 3.357 Thread 0x000002aac494f040 Exception <a 'sun/nio/fs/WindowsException'{0x000000008c962268}> (0x000000008c962268) 
thrown [e:\jenkins\tmp\workspace\build\src\src\hotspot\share\prims\jni.cpp, line 516]
Event: 3.357 Thread 0x000002aac494f040 Exception <a 'sun/nio/fs/WindowsException'{0x000000008c962c80}> (0x000000008c962c80) 
thrown [e:\jenkins\tmp\workspace\build\src\src\hotspot\share\prims\jni.cpp, line 516]
Event: 3.357 Thread 0x000002aac494f040 Exception <a 'sun/nio/fs/WindowsException'{0x000000008c963058}> (0x000000008c963058) 
thrown [e:\jenkins\tmp\workspace\build\src\src\hotspot\share\prims\jni.cpp, line 516]
Event: 3.357 Thread 0x000002aac494f040 Exception <a 'sun/nio/fs/WindowsException'{0x000000008c963a80}> (0x000000008c963a80) 
thrown [e:\jenkins\tmp\workspace\build\src\src\hotspot\share\prims\jni.cpp, line 516]
Event: 3.357 Thread 0x000002aac494f040 Exception <a 'sun/nio/fs/WindowsException'{0x000000008c963e68}> (0x000000008c963e68) 
thrown [e:\jenkins\tmp\workspace\build\src\src\hotspot\share\prims\jni.cpp, line 516]
Event: 3.357 Thread 0x000002aac494f040 Exception <a 'sun/nio/fs/WindowsException'{0x000000008c9648a8}> (0x000000008c9648a8) 
thrown [e:\jenkins\tmp\workspace\build\src\src\hotspot\share\prims\jni.cpp, line 516]
Event: 3.357 Thread 0x000002aac494f040 Exception <a 'sun/nio/fs/WindowsException'{0x000000008c964cb0}> (0x000000008c964cb0) 
thrown [e:\jenkins\tmp\workspace\build\src\src\hotspot\share\prims\jni.cpp, line 516]
Event: 3.358 Thread 0x000002aac494f040 Exception <a 'sun/nio/fs/WindowsException'{0x000000008c965708}> (0x000000008c965708) 
thrown [e:\jenkins\tmp\workspace\build\src\src\hotspot\share\prims\jni.cpp, line 516]
Event: 3.358 Thread 0x000002aac494f040 Exception <a 'sun/nio/fs/WindowsException'{0x000000008c965b28}> (0x000000008c965b28) 
thrown [e:\jenkins\tmp\workspace\build\src\src\hotspot\share\prims\jni.cpp, line 516]
Event: 3.358 Thread 0x000002aac494f040 Exception <a 'sun/nio/fs/WindowsException'{0x000000008c966578}> (0x000000008c966578) 
thrown [e:\jenkins\tmp\workspace\build\src\src\hotspot\share\prims\jni.cpp, line 516]
Event: 3.358 Thread 0x000002aac494f040 Exception <a 'sun/nio/fs/WindowsException'{0x000000008c966990}> (0x000000008c966990) 
thrown [e:\jenkins\tmp\workspace\build\src\src\hotspot\share\prims\jni.cpp, line 516]
Event: 3.844 Thread 0x000002aac4d09e80 Exception <a 'java/lang/NoSuchMethodError'{0x000000008fc5e2c0}: 'java.lang.Object java.lang.invoke.DirectMethodHandle$Holder.invokeStatic(java.lang.Object, int, java.lang.Object)'> (0x000000008fc5e2c0) 
thrown [e:\jenkins\tmp\workspace\build\src\src\hotspot\share\interpreter\linkResolver.cpp, line 766]
Event: 3.845 Thread 0x000002aac4d06e60 Exception <a 'java/lang/NoSuchMethodError'{0x000000008fc42698}: 'java.lang.Object java.lang.invoke.DirectMethodHandle$Holder.invokeStatic(java.lang.Object, java.lang.Object, java.lang.Object, int, java.lang.Object, java.lang.Object)'> (0x000000008fc42698) 
thrown [e:\jenkins\tmp\workspace\build\src\src\hotspot\share\interpreter\linkResolver.cpp, line 766]
Event: 3.875 Thread 0x000002aac4d06e60 Exception <a 'java/lang/reflect/InvocationTargetException'{0x0000000091700800}> (0x0000000091700800) 
thrown [e:\jenkins\tmp\workspace\build\src\src\hotspot\share\runtime\reflection.cpp, line 1121]
Event: 4.028 Thread 0x000002aac4d09e80 Exception <a 'java/lang/NoSuchMethodError'{0x00000000917c5280}: 'int java.lang.invoke.DirectMethodHandle$Holder.invokeStatic(java.lang.Object)'> (0x00000000917c5280) 
thrown [e:\jenkins\tmp\workspace\build\src\src\hotspot\share\interpreter\linkResolver.cpp, line 766]
Event: 4.028 Thread 0x000002aac4d09e80 Exception <a 'java/lang/NoSuchMethodError'{0x00000000917c89f0}: 'int java.lang.invoke.DirectMethodHandle$Holder.invokeStaticInit(java.lang.Object)'> (0x00000000917c89f0) 
thrown [e:\jenkins\tmp\workspace\build\src\src\hotspot\share\interpreter\linkResolver.cpp, line 766]
Event: 4.042 Thread 0x000002aac4d06e60 Exception <a 'java/lang/NoSuchMethodError'{0x000000008fcc83c8}: 'int java.lang.invoke.DirectMethodHandle$Holder.invokeVirtual(java.lang.Object, java.lang.Object)'> (0x000000008fcc83c8) 
thrown [e:\jenkins\tmp\workspace\build\src\src\hotspot\share\interpreter\linkResolver.cpp, line 766]

VM Operations (20 events):
Event: 4.459 Executing VM operation: G1Concurrent done
Event: 4.462 Executing VM operation: HandshakeAllThreads
Event: 4.464 Executing VM operation: HandshakeAllThreads done
Event: 4.464 Executing VM operation: HandshakeAllThreads
Event: 4.469 Executing VM operation: HandshakeAllThreads done
Event: 4.575 Executing VM operation: G1CollectForAllocation
Event: 4.607 Executing VM operation: G1CollectForAllocation done
Event: 4.611 Executing VM operation: G1CollectForAllocation
Event: 4.611 Executing VM operation: G1CollectForAllocation done
Event: 4.612 Executing VM operation: G1CollectForAllocation
Event: 4.617 Executing VM operation: G1CollectForAllocation done
Event: 4.735 Executing VM operation: G1CollectForAllocation
Event: 4.760 Executing VM operation: G1CollectForAllocation done
Event: 4.760 Executing VM operation: G1CollectForAllocation
Event: 4.767 Executing VM operation: G1CollectForAllocation done
Event: 4.830 Executing VM operation: G1CollectForAllocation
Event: 4.830 Executing VM operation: G1CollectForAllocation done
Event: 4.830 Executing VM operation: G1CollectForAllocation
Event: 4.838 Executing VM operation: G1CollectForAllocation done
Event: 4.908 Executing VM operation: G1CollectForAllocation

Events (20 events):
Event: 3.876 loading class java/util/logging/LogRecord
Event: 3.877 loading class java/util/logging/LogRecord done
Event: 3.878 loading class java/io/PrintWriter
Event: 3.879 loading class java/io/PrintWriter done
Event: 3.898 loading class java/util/concurrent/CompletableFuture$UniApply
Event: 3.898 loading class java/util/concurrent/CompletableFuture$UniApply done
Event: 3.898 Thread 0x000002aac4d08670 Thread added: 0x000002aac4d08670
Event: 3.898 loading class java/util/concurrent/CompletableFuture$UniExceptionally
Event: 3.898 loading class java/util/concurrent/CompletableFuture$UniExceptionally done
Event: 4.034 Thread 0x000002aac4d08b40 Thread added: 0x000002aac4d08b40
Event: 4.038 loading class java/util/concurrent/CompletionException
Event: 4.038 loading class java/util/concurrent/CompletionException done
Event: 4.044 loading class sun/nio/cs/StringUTF16
Event: 4.044 loading class sun/nio/cs/StringUTF16 done
Event: 4.045 loading class java/util/WeakHashMap$EntrySet
Event: 4.045 loading class java/util/WeakHashMap$EntrySet done
Event: 4.045 loading class java/util/WeakHashMap$EntryIterator
Event: 4.046 loading class java/util/WeakHashMap$HashIterator
Event: 4.046 loading class java/util/WeakHashMap$HashIterator done
Event: 4.046 loading class java/util/WeakHashMap$EntryIterator done


Dynamic libraries:
0x00007ff7abe80000 - 0x00007ff7abe8e000 	c:\Users\JAIME CORTEZ\.vscode\extensions\redhat.java-1.9.0-win32-x64\jre\17.0.3-win32-x86_64\bin\java.exe
0x00007ffd219c0000 - 0x00007ffd21bc9000 	C:\WINDOWS\SYSTEM32\ntdll.dll
0x00007ffd20e20000 - 0x00007ffd20edd000 	C:\WINDOWS\System32\KERNEL32.DLL
0x00007ffd1f0e0000 - 0x00007ffd1f45d000 	C:\WINDOWS\System32\KERNELBASE.dll
0x00007ffd1eea0000 - 0x00007ffd1efb1000 	C:\WINDOWS\System32\ucrtbase.dll
0x00007ffd0f240000 - 0x00007ffd0f259000 	c:\Users\JAIME CORTEZ\.vscode\extensions\redhat.java-1.9.0-win32-x64\jre\17.0.3-win32-x86_64\bin\VCRUNTIME140.dll
0x00007ffd0f7a0000 - 0x00007ffd0f7b8000 	c:\Users\JAIME CORTEZ\.vscode\extensions\redhat.java-1.9.0-win32-x64\jre\17.0.3-win32-x86_64\bin\jli.dll
0x00007ffd214a0000 - 0x00007ffd2164d000 	C:\WINDOWS\System32\USER32.dll
0x00007ffd1f460000 - 0x00007ffd1f486000 	C:\WINDOWS\System32\win32u.dll
0x00007ffd21950000 - 0x00007ffd21979000 	C:\WINDOWS\System32\GDI32.dll
0x00007ffd1efc0000 - 0x00007ffd1f0d8000 	C:\WINDOWS\System32\gdi32full.dll
0x00007ffd1f550000 - 0x00007ffd1f5ed000 	C:\WINDOWS\System32\msvcp_win.dll
0x00007ffd04cb0000 - 0x00007ffd04f55000 	C:\WINDOWS\WinSxS\amd64_microsoft.windows.common-controls_6595b64144ccf1df_6.0.22000.120_none_9d947278b86cc467\COMCTL32.dll
0x00007ffd213e0000 - 0x00007ffd21483000 	C:\WINDOWS\System32\msvcrt.dll
0x00007ffd20ee0000 - 0x00007ffd20f11000 	C:\WINDOWS\System32\IMM32.DLL
0x00007ffd17b00000 - 0x00007ffd17b0c000 	c:\Users\JAIME CORTEZ\.vscode\extensions\redhat.java-1.9.0-win32-x64\jre\17.0.3-win32-x86_64\bin\vcruntime140_1.dll
0x00007ffcb8870000 - 0x00007ffcb8901000 	c:\Users\JAIME CORTEZ\.vscode\extensions\redhat.java-1.9.0-win32-x64\jre\17.0.3-win32-x86_64\bin\msvcp140.dll
0x00007ffc8ae50000 - 0x00007ffc8ba98000 	c:\Users\JAIME CORTEZ\.vscode\extensions\redhat.java-1.9.0-win32-x64\jre\17.0.3-win32-x86_64\bin\server\jvm.dll
0x00007ffd218a0000 - 0x00007ffd2194e000 	C:\WINDOWS\System32\ADVAPI32.dll
0x00007ffd21340000 - 0x00007ffd213de000 	C:\WINDOWS\System32\sechost.dll
0x00007ffd205e0000 - 0x00007ffd20700000 	C:\WINDOWS\System32\RPCRT4.dll
0x00007ffd20240000 - 0x00007ffd20248000 	C:\WINDOWS\System32\PSAPI.DLL
0x00007ffd17a90000 - 0x00007ffd17ac3000 	C:\WINDOWS\SYSTEM32\WINMM.dll
0x00007ffd167f0000 - 0x00007ffd167fa000 	C:\WINDOWS\SYSTEM32\VERSION.dll
0x00007ffcfa790000 - 0x00007ffcfa799000 	C:\WINDOWS\SYSTEM32\WSOCK32.dll
0x00007ffd20720000 - 0x00007ffd2078f000 	C:\WINDOWS\System32\WS2_32.dll
0x00007ffd1dfa0000 - 0x00007ffd1dfb8000 	C:\WINDOWS\SYSTEM32\kernel.appcore.dll
0x00007ffd17ad0000 - 0x00007ffd17ada000 	c:\Users\JAIME CORTEZ\.vscode\extensions\redhat.java-1.9.0-win32-x64\jre\17.0.3-win32-x86_64\bin\jimage.dll
0x00007ffd1cad0000 - 0x00007ffd1ccf1000 	C:\WINDOWS\SYSTEM32\DBGHELP.DLL
0x00007ffd05dd0000 - 0x00007ffd05e01000 	C:\WINDOWS\SYSTEM32\dbgcore.DLL
0x00007ffd1f760000 - 0x00007ffd1f7df000 	C:\WINDOWS\System32\bcryptPrimitives.dll
0x00007ffd0fa90000 - 0x00007ffd0fab5000 	c:\Users\JAIME CORTEZ\.vscode\extensions\redhat.java-1.9.0-win32-x64\jre\17.0.3-win32-x86_64\bin\java.dll
0x00007ffd10440000 - 0x00007ffd10458000 	c:\Users\JAIME CORTEZ\.vscode\extensions\redhat.java-1.9.0-win32-x64\jre\17.0.3-win32-x86_64\bin\zip.dll
0x00007ffd1fa80000 - 0x00007ffd20238000 	C:\WINDOWS\System32\SHELL32.dll
0x00007ffd1d010000 - 0x00007ffd1d878000 	C:\WINDOWS\SYSTEM32\windows.storage.dll
0x00007ffd20260000 - 0x00007ffd205d9000 	C:\WINDOWS\System32\combase.dll
0x00007ffd1cea0000 - 0x00007ffd1d006000 	C:\WINDOWS\SYSTEM32\wintypes.dll
0x00007ffd21150000 - 0x00007ffd2123a000 	C:\WINDOWS\System32\SHCORE.dll
0x00007ffd20c00000 - 0x00007ffd20c5d000 	C:\WINDOWS\System32\shlwapi.dll
0x00007ffd1edd0000 - 0x00007ffd1edf1000 	C:\WINDOWS\SYSTEM32\profapi.dll
0x00007ffd0f270000 - 0x00007ffd0f289000 	C:\Users\JAIME CORTEZ\.vscode\extensions\redhat.java-1.9.0-win32-x64\jre\17.0.3-win32-x86_64\bin\net.dll
0x00007ffd17100000 - 0x00007ffd1720c000 	C:\WINDOWS\SYSTEM32\WINHTTP.dll
0x00007ffd1e3d0000 - 0x00007ffd1e437000 	C:\WINDOWS\system32\mswsock.dll
0x00007ffd0ea30000 - 0x00007ffd0ea45000 	C:\Users\JAIME CORTEZ\.vscode\extensions\redhat.java-1.9.0-win32-x64\jre\17.0.3-win32-x86_64\bin\nio.dll
0x00007ffd10e60000 - 0x00007ffd10e70000 	c:\Users\JAIME CORTEZ\.vscode\extensions\redhat.java-1.9.0-win32-x64\jre\17.0.3-win32-x86_64\bin\verify.dll
0x00007ffd1af50000 - 0x00007ffd1af59000 	C:\Users\JAIME CORTEZ\.vscode\extensions\redhat.java-1.9.0-win32-x64\jre\17.0.3-win32-x86_64\bin\management.dll
0x00007ffd18d50000 - 0x00007ffd18d5b000 	C:\Users\JAIME CORTEZ\.vscode\extensions\redhat.java-1.9.0-win32-x64\jre\17.0.3-win32-x86_64\bin\management_ext.dll
0x00007ffcf15e0000 - 0x00007ffcf15f7000 	C:\WINDOWS\system32\napinsp.dll
0x00007ffcf15c0000 - 0x00007ffcf15db000 	C:\WINDOWS\system32\pnrpnsp.dll
0x00007ffd1db40000 - 0x00007ffd1dc28000 	C:\WINDOWS\SYSTEM32\DNSAPI.dll
0x00007ffd1dad0000 - 0x00007ffd1dafd000 	C:\WINDOWS\SYSTEM32\IPHLPAPI.DLL
0x00007ffd20250000 - 0x00007ffd20259000 	C:\WINDOWS\System32\NSI.dll
0x00007ffcb3120000 - 0x00007ffcb3132000 	C:\WINDOWS\System32\winrnr.dll
0x00007ffd16e70000 - 0x00007ffd16e85000 	C:\WINDOWS\system32\wshbth.dll
0x00007ffce6a30000 - 0x00007ffce6a4f000 	C:\WINDOWS\system32\nlansp_c.dll
0x00007ffd13770000 - 0x00007ffd1377a000 	C:\Windows\System32\rasadhlp.dll
0x00007ffd15000000 - 0x00007ffd15081000 	C:\WINDOWS\System32\fwpuclnt.dll
0x00007ffd1e620000 - 0x00007ffd1e638000 	C:\WINDOWS\SYSTEM32\CRYPTSP.dll
0x00007ffd1df00000 - 0x00007ffd1df35000 	C:\WINDOWS\system32\rsaenh.dll
0x00007ffd1e4c0000 - 0x00007ffd1e4e9000 	C:\WINDOWS\SYSTEM32\USERENV.dll
0x00007ffd1e790000 - 0x00007ffd1e7b7000 	C:\WINDOWS\SYSTEM32\bcrypt.dll
0x00007ffd1e610000 - 0x00007ffd1e61c000 	C:\WINDOWS\SYSTEM32\CRYPTBASE.dll
0x00007ffd16e90000 - 0x00007ffd16ea9000 	C:\WINDOWS\SYSTEM32\dhcpcsvc6.DLL
0x00007ffd17360000 - 0x00007ffd1737e000 	C:\WINDOWS\SYSTEM32\dhcpcsvc.DLL

dbghelp: loaded successfully - version: 4.0.5 - missing functions: none
symbol engine: initialized successfully - sym options: 0x614 - pdb path: .;c:\Users\JAIME CORTEZ\.vscode\extensions\redhat.java-1.9.0-win32-x64\jre\17.0.3-win32-x86_64\bin;C:\WINDOWS\SYSTEM32;C:\WINDOWS\WinSxS\amd64_microsoft.windows.common-controls_6595b64144ccf1df_6.0.22000.120_none_9d947278b86cc467;c:\Users\JAIME CORTEZ\.vscode\extensions\redhat.java-1.9.0-win32-x64\jre\17.0.3-win32-x86_64\bin\server

VM Arguments:
jvm_args: -Dsts.lsp.client=vscode -Dsts.log.file=/dev/null -XX:TieredStopAtLevel=1 -Dspring.config.location=file:c:\Users\JAIME CORTEZ\.vscode\extensions\pivotal.vscode-spring-boot-1.38.0\language-server\BOOT-INF\classes\application.properties 
java_command: org.springframework.ide.vscode.boot.app.BootLanguageServerBootApp
java_class_path (initial): c:\Users\JAIME CORTEZ\.vscode\extensions\pivotal.vscode-spring-boot-1.38.0\language-server\BOOT-INF\classes;c:\Users\JAIME CORTEZ\.vscode\extensions\pivotal.vscode-spring-boot-1.38.0\language-server\BOOT-INF\lib\annotations-23.0.0.jar;c:\Users\JAIME CORTEZ\.vscode\extensions\pivotal.vscode-spring-boot-1.38.0\language-server\BOOT-INF\lib\antlr-runtime-3.5.2.jar;c:\Users\JAIME CORTEZ\.vscode\extensions\pivotal.vscode-spring-boot-1.38.0\language-server\BOOT-INF\lib\antlr4-4.9.3.jar;c:\Users\JAIME CORTEZ\.vscode\extensions\pivotal.vscode-spring-boot-1.38.0\language-server\BOOT-INF\lib\antlr4-runtime-4.9.3.jar;c:\Users\JAIME CORTEZ\.vscode\extensions\pivotal.vscode-spring-boot-1.38.0\language-server\BOOT-INF\lib\asm-9.3.jar;c:\Users\JAIME CORTEZ\.vscode\extensions\pivotal.vscode-spring-boot-1.38.0\language-server\BOOT-INF\lib\asm-analysis-9.3.jar;c:\Users\JAIME CORTEZ\.vscode\extensions\pivotal.vscode-spring-boot-1.38.0\language-server\BOOT-INF\lib\asm-tree-9.3.jar;c:\Users\JAIME CORTEZ\.vscode\extensions\pivotal.vscode-spring-boot-1.38.0\language-server\BOOT-INF\lib\asm-util-9.3.jar;c:\Users\JAIME CORTEZ\.vscode\extensions\pivotal.vscode-spring-boot-1.38.0\language-server\BOOT-INF\lib\byte-buddy-1.10.18.jar;c:\Users\JAIME CORTEZ\.vscode\extensions\pivotal.vscode-spring-boot-1.38.0\language-server\BOOT-INF\lib\caffeine-2.8.6.jar;c:\Users\JAIME CORTEZ\.vscode\extensions\pivotal.vscode-spring-boot-1.38.0\language-server\BOOT-INF\lib\checker-qual-3.12.0.jar;c:\Users\JAIME CORTEZ\.vscode\extensions\pivotal.vscode-spring-boot-1.38.0\language-server\BOOT-INF\lib\classgraph-4.8.149.jar;c:\Users\JAIME CORTEZ\.vscode\extensions\pivotal.vscode-spring-boot-1.38.0\language-server\BOOT-INF\lib\commons-codec-1.14.jar;c:\Users\JAIME CORTEZ\.vscode\extensions\pivotal.vscode-spring-boot-1.38.0\language-server\BOOT-INF\lib\commons-compress-1.21.jar;c:\Users\JAIME CORTEZ\.vscode\extensions\pivotal.vscode-spring-boot-1.38.0\language-server\BOOT-INF\lib\commons-e
Launcher Type: SUN_STANDARD

[Global flags]
     intx CICompilerCount                          = 3                                         {product} {ergonomic}
     uint ConcGCThreads                            = 2                                         {product} {ergonomic}
     uint G1ConcRefinementThreads                  = 6                                         {product} {ergonomic}
   size_t G1HeapRegionSize                         = 1048576                                   {product} {ergonomic}
    uintx GCDrainStackTargetSize                   = 64                                        {product} {ergonomic}
   size_t InitialHeapSize                          = 123731968                                 {product} {ergonomic}
   size_t MarkStackSize                            = 4194304                                   {product} {ergonomic}
   size_t MaxHeapSize                              = 1977614336                                {product} {ergonomic}
   size_t MaxNewSize                               = 1185939456                                {product} {ergonomic}
   size_t MinHeapDeltaBytes                        = 1048576                                   {product} {ergonomic}
   size_t MinHeapSize                              = 8388608                                   {product} {ergonomic}
    uintx NonProfiledCodeHeapSize                  = 0                                      {pd product} {ergonomic}
     bool ProfileInterpreter                       = false                                  {pd product} {command line}
    uintx ProfiledCodeHeapSize                     = 0                                      {pd product} {ergonomic}
   size_t SoftMaxHeapSize                          = 1977614336                             {manageable} {ergonomic}
     intx TieredStopAtLevel                        = 1                                         {product} {command line}
     bool UseCompressedClassPointers               = true                           {product lp64_product} {ergonomic}
     bool UseCompressedOops                        = true                           {product lp64_product} {ergonomic}
     bool UseG1GC                                  = true                                      {product} {ergonomic}
     bool UseLargePagesIndividualAllocation        = false                                  {pd product} {ergonomic}

Logging:
Log output configuration:
 #0: stdout all=warning uptime,level,tags
 #1: stderr all=off uptime,level,tags

Environment Variables:
JAVA_HOME=C:\Program Files\Java\jdk-18.0.2
PATH=C:\Program Files (x86)\Common Files\Oracle\Java\javapath;C:\Program Files\Eclipse Adoptium\jdk-8.0.345.1-hotspot\bin;C:\Program Files\Eclipse Adoptium\jdk-17.0.4.8-hotspot\bin;C:\Program Files\Common Files\Oracle\Java\javapath;C:\WINDOWS\system32;C:\WINDOWS;C:\WINDOWS\System32\Wbem;C:\WINDOWS\System32\WindowsPowerShell\v1.0\;C:\WINDOWS\System32\OpenSSH\;C:\Program Files\Git\cmd;C:\Program Files\nodejs\;C:\Users\JAIME CORTEZ\AppData\Local\Programs\Python\Python310;C:\Users\JAIME CORTEZ\AppData\Local\Programs\Python\Python310\Scripts;C:\Program Files\PowerShell\7\;C:\Users\JAIME CORTEZ\AppData\Local\Microsoft\WindowsApps;C:\Users\JAIME CORTEZ\AppData\Local\GitHubDesktop\bin;C:\Users\JAIME CORTEZ\AppData\Roaming\npm;C:\Program Files\Java\jdk-18.0.2.1\lib;
USERNAME=JAIME CORTEZ
OS=Windows_NT
PROCESSOR_IDENTIFIER=AMD64 Family 23 Model 96 Stepping 1, AuthenticAMD



---------------  S Y S T E M  ---------------

OS:
 Windows 11 , 64 bit Build 22000 (10.0.22000.708)
OS uptime: 10 days 1:15 hours

CPU: total 6 (initial active 6) (6 cores per cpu, 1 threads per core) family 23 model 96 stepping 1 microcode 0x0, cx8, cmov, fxsr, mmx, 3dnowpref, sse, sse2, sse3, ssse3, sse4a, sse4.1, sse4.2, popcnt, lzcnt, tsc, tscinvbit, avx, avx2, aes, clmul, bmi1, bmi2, adx, sha, fma, vzeroupper, clflush, clflushopt

Memory: 4k page, system-wide physical 7542M (81M free)
TotalPageFile size 31094M (AvailPageFile size 236M)
current process WorkingSet (physical memory assigned to process): 335M, peak: 335M
current process commit charge ("private bytes"): 381M, peak: 695M

vm_info: OpenJDK 64-Bit Server VM (17.0.3+7) for windows-amd64 JRE (17.0.3+7), built on Apr 19 2022 16:55:35 by "" with MS VC++ 16.7 (VS2019)

END.
