#
# There is insufficient memory for the Java Runtime Environment to continue.
# Native memory allocation (mmap) failed to map 65536 bytes for Failed to commit metaspace.
# Possible reasons:
#   The system is out of physical RAM or swap space
#   The process is running with CompressedOops enabled, and the Java Heap may be blocking the growth of the native heap
# Possible solutions:
#   Reduce memory load on the system
#   Increase physical memory or swap space
#   Check if swap backing store is full
#   Decrease Java heap size (-Xmx/-Xms)
#   Decrease number of Java threads
#   Decrease Java thread stack sizes (-Xss)
#   Set larger code cache with -XX:ReservedCodeCacheSize=
#   JVM is running with Unscaled Compressed Oops mode in which the Java heap is
#     placed in the first 4GB address space. The Java Heap base address is the
#     maximum limit for the native heap growth. Please use -XX:HeapBaseMinAddress
#     to set the Java Heap base and to place the Java Heap above 4GB virtual address.
# This output file may be truncated or incomplete.
#
#  Out of Memory Error (virtualSpaceNode.cpp:110), pid=207332, tid=112044
#
# JRE version: OpenJDK Runtime Environment Temurin-17.0.3+7 (17.0.3+7) (build 17.0.3+7)
# Java VM: OpenJDK 64-Bit Server VM Temurin-17.0.3+7 (17.0.3+7, mixed mode, emulated-client, tiered, compressed oops, compressed class ptrs, g1 gc, windows-amd64)
# No core dump will be written. Minidumps are not enabled by default on client versions of Windows
#

---------------  S U M M A R Y ------------

Command Line: -Dsts.lsp.client=vscode -Dsts.log.file=/dev/null -XX:TieredStopAtLevel=1 -Dspring.config.location=file:c:\Users\JAIME CORTEZ\.vscode\extensions\pivotal.vscode-spring-boot-1.38.0\language-server\BOOT-INF\classes\application.properties org.springframework.ide.vscode.boot.app.BootLanguageServerBootApp

Host: AMD Ryzen 5 4500U with Radeon Graphics         , 6 cores, 7G,  Windows 11 , 64 bit Build 22000 (10.0.22000.708)
Time: Tue Aug 30 10:33:35 2022 Hora est. Pacífico, Sudamérica elapsed time: 4.258630 seconds (0d 0h 0m 4s)

---------------  T H R E A D  ---------------

Current thread (0x00000192252f7a00):  JavaThread "pool-8-thread-1" [_thread_in_vm, id=112044, stack(0x0000003823c00000,0x0000003823d00000)]

Stack: [0x0000003823c00000,0x0000003823d00000]
Native frames: (J=compiled Java code, j=interpreted, Vv=VM code, C=native code)
V  [jvm.dll+0x675efa]
V  [jvm.dll+0x830a24]
V  [jvm.dll+0x8321ce]
V  [jvm.dll+0x832833]
V  [jvm.dll+0x2454b5]
V  [jvm.dll+0x82c9cb]
V  [jvm.dll+0x61ab26]
V  [jvm.dll+0x1c046e]
V  [jvm.dll+0x61d471]
V  [jvm.dll+0x61b4c6]
V  [jvm.dll+0x239a1f]
V  [jvm.dll+0x6252d5]
V  [jvm.dll+0x1ea19b]
V  [jvm.dll+0x1ea6d5]
V  [jvm.dll+0x1eb10f]
V  [jvm.dll+0x1e05b1]
V  [jvm.dll+0x53bb80]
V  [jvm.dll+0x7aba28]
V  [jvm.dll+0x7abb14]
V  [jvm.dll+0x40c7c5]
V  [jvm.dll+0x4129b8]
C  [java.dll+0x17ec]

Java frames: (J=compiled Java code, j=interpreted, Vv=VM code)
J 722  java.lang.ClassLoader.defineClass1(Ljava/lang/ClassLoader;Ljava/lang/String;[BIILjava/security/ProtectionDomain;Ljava/lang/String;)Ljava/lang/Class; java.base@17.0.3 (0 bytes) @ 0x000001921910995b [0x00000192191098a0+0x00000000000000bb]
J 718 c1 java.lang.ClassLoader.defineClass(Ljava/lang/String;[BIILjava/security/ProtectionDomain;)Ljava/lang/Class; java.base@17.0.3 (43 bytes) @ 0x000001921910ce5c [0x000001921910cd60+0x00000000000000fc]
J 647 c1 jdk.internal.loader.BuiltinClassLoader.defineClass(Ljava/lang/String;Ljdk/internal/loader/Resource;)Ljava/lang/Class; java.base@17.0.3 (121 bytes) @ 0x00000192190ed1c4 [0x00000192190ecd20+0x00000000000004a4]
J 646 c1 jdk.internal.loader.BuiltinClassLoader.findClassOnClassPathOrNull(Ljava/lang/String;)Ljava/lang/Class; java.base@17.0.3 (64 bytes) @ 0x00000192190ec21c [0x00000192190ebf80+0x000000000000029c]
J 438 c1 jdk.internal.loader.BuiltinClassLoader.loadClassOrNull(Ljava/lang/String;Z)Ljava/lang/Class; java.base@17.0.3 (143 bytes) @ 0x00000192190950c4 [0x0000019219094c80+0x0000000000000444]
J 626 c1 jdk.internal.loader.ClassLoaders$AppClassLoader.loadClass(Ljava/lang/String;Z)Ljava/lang/Class; java.base@17.0.3 (40 bytes) @ 0x00000192190e0524 [0x00000192190e03e0+0x0000000000000144]
J 625 c1 java.lang.ClassLoader.loadClass(Ljava/lang/String;)Ljava/lang/Class; java.base@17.0.3 (7 bytes) @ 0x00000192190dfce4 [0x00000192190dfca0+0x0000000000000044]
v  ~StubRoutines::call_stub
j  org.eclipse.lsp4j.jsonrpc.json.adapters.EitherTypeAdapter.<init>(Lcom/google/gson/Gson;Lcom/google/gson/reflect/TypeToken;Ljava/util/function/Predicate;Ljava/util/function/Predicate;)V+18
j  org.eclipse.lsp4j.jsonrpc.json.adapters.EitherTypeAdapter.<init>(Lcom/google/gson/Gson;Lcom/google/gson/reflect/TypeToken;)V+5
j  org.eclipse.lsp4j.jsonrpc.json.adapters.EitherTypeAdapter$Factory.create(Lcom/google/gson/Gson;Lcom/google/gson/reflect/TypeToken;)Lcom/google/gson/TypeAdapter;+18
J 3118 c1 com.google.gson.Gson.getAdapter(Lcom/google/gson/reflect/TypeToken;)Lcom/google/gson/TypeAdapter; (257 bytes) @ 0x000001921957d90c [0x000001921957d5c0+0x000000000000034c]
j  com.google.gson.internal.bind.ReflectiveTypeAdapterFactory.createBoundField(Lcom/google/gson/Gson;Ljava/lang/reflect/Field;Ljava/lang/String;Lcom/google/gson/reflect/TypeToken;ZZ)Lcom/google/gson/internal/bind/ReflectiveTypeAdapterFactory$BoundField;+67
j  com.google.gson.internal.bind.ReflectiveTypeAdapterFactory.getBoundFields(Lcom/google/gson/Gson;Lcom/google/gson/reflect/TypeToken;Ljava/lang/Class;)Ljava/util/Map;+185
j  com.google.gson.internal.bind.ReflectiveTypeAdapterFactory.create(Lcom/google/gson/Gson;Lcom/google/gson/reflect/TypeToken;)Lcom/google/gson/TypeAdapter;+36
J 3118 c1 com.google.gson.Gson.getAdapter(Lcom/google/gson/reflect/TypeToken;)Lcom/google/gson/TypeAdapter; (257 bytes) @ 0x000001921957d90c [0x000001921957d5c0+0x000000000000034c]
j  com.google.gson.internal.bind.ReflectiveTypeAdapterFactory.createBoundField(Lcom/google/gson/Gson;Ljava/lang/reflect/Field;Ljava/lang/String;Lcom/google/gson/reflect/TypeToken;ZZ)Lcom/google/gson/internal/bind/ReflectiveTypeAdapterFactory$BoundField;+67
j  com.google.gson.internal.bind.ReflectiveTypeAdapterFactory.getBoundFields(Lcom/google/gson/Gson;Lcom/google/gson/reflect/TypeToken;Ljava/lang/Class;)Ljava/util/Map;+185
j  com.google.gson.internal.bind.ReflectiveTypeAdapterFactory.create(Lcom/google/gson/Gson;Lcom/google/gson/reflect/TypeToken;)Lcom/google/gson/TypeAdapter;+36
j  com.google.gson.Gson.getAdapter(Lcom/google/gson/reflect/TypeToken;)Lcom/google/gson/TypeAdapter;+143
j  com.google.gson.internal.bind.ReflectiveTypeAdapterFactory.createBoundField(Lcom/google/gson/Gson;Ljava/lang/reflect/Field;Ljava/lang/String;Lcom/google/gson/reflect/TypeToken;ZZ)Lcom/google/gson/internal/bind/ReflectiveTypeAdapterFactory$BoundField;+67
j  com.google.gson.internal.bind.ReflectiveTypeAdapterFactory.getBoundFields(Lcom/google/gson/Gson;Lcom/google/gson/reflect/TypeToken;Ljava/lang/Class;)Ljava/util/Map;+185
j  com.google.gson.internal.bind.ReflectiveTypeAdapterFactory.create(Lcom/google/gson/Gson;Lcom/google/gson/reflect/TypeToken;)Lcom/google/gson/TypeAdapter;+36
j  com.google.gson.Gson.getAdapter(Lcom/google/gson/reflect/TypeToken;)Lcom/google/gson/TypeAdapter;+143
j  com.google.gson.Gson.fromJson(Lcom/google/gson/stream/JsonReader;Ljava/lang/reflect/Type;)Ljava/lang/Object;+29
j  org.eclipse.lsp4j.adapters.InitializeParamsTypeAdapter.readCapabilities(Lcom/google/gson/stream/JsonReader;)Lorg/eclipse/lsp4j/ClientCapabilities;+7
j  org.eclipse.lsp4j.adapters.InitializeParamsTypeAdapter.read(Lcom/google/gson/stream/JsonReader;)Lorg/eclipse/lsp4j/InitializeParams;+451
j  org.eclipse.lsp4j.adapters.InitializeParamsTypeAdapter.read(Lcom/google/gson/stream/JsonReader;)Ljava/lang/Object;+2
j  com.google.gson.TypeAdapter$1.read(Lcom/google/gson/stream/JsonReader;)Ljava/lang/Object;+21
j  com.google.gson.Gson.fromJson(Lcom/google/gson/stream/JsonReader;Ljava/lang/reflect/Type;)Ljava/lang/Object;+37
j  org.eclipse.lsp4j.jsonrpc.json.adapters.MessageTypeAdapter.fromJson(Lcom/google/gson/stream/JsonReader;Ljava/lang/reflect/Type;)Ljava/lang/Object;+19
j  org.eclipse.lsp4j.jsonrpc.json.adapters.MessageTypeAdapter.parseParams(Lcom/google/gson/stream/JsonReader;Ljava/lang/String;)Ljava/lang/Object;+38
j  org.eclipse.lsp4j.jsonrpc.json.adapters.MessageTypeAdapter.read(Lcom/google/gson/stream/JsonReader;)Lorg/eclipse/lsp4j/jsonrpc/messages/Message;+308
j  org.eclipse.lsp4j.jsonrpc.json.adapters.MessageTypeAdapter.read(Lcom/google/gson/stream/JsonReader;)Ljava/lang/Object;+2
j  com.google.gson.Gson.fromJson(Lcom/google/gson/stream/JsonReader;Ljava/lang/reflect/Type;)Ljava/lang/Object;+37
j  org.eclipse.lsp4j.jsonrpc.json.MessageJsonHandler.parseMessage(Ljava/io/Reader;)Lorg/eclipse/lsp4j/jsonrpc/messages/Message;+16
j  org.eclipse.lsp4j.jsonrpc.json.MessageJsonHandler.parseMessage(Ljava/lang/CharSequence;)Lorg/eclipse/lsp4j/jsonrpc/messages/Message;+16
j  org.eclipse.lsp4j.jsonrpc.json.StreamMessageProducer.handleMessage(Ljava/io/InputStream;Lorg/eclipse/lsp4j/jsonrpc/json/StreamMessageProducer$Headers;)Z+88
j  org.eclipse.lsp4j.jsonrpc.json.StreamMessageProducer.listen(Lorg/eclipse/lsp4j/jsonrpc/MessageConsumer;)V+158
j  org.eclipse.lsp4j.jsonrpc.json.ConcurrentMessageProcessor.run()V+12
j  java.util.concurrent.Executors$RunnableAdapter.call()Ljava/lang/Object;+4 java.base@17.0.3
j  java.util.concurrent.FutureTask.run()V+39 java.base@17.0.3
j  java.util.concurrent.ThreadPoolExecutor.runWorker(Ljava/util/concurrent/ThreadPoolExecutor$Worker;)V+92 java.base@17.0.3
j  java.util.concurrent.ThreadPoolExecutor$Worker.run()V+5 java.base@17.0.3
j  java.lang.Thread.run()V+11 java.base@17.0.3
v  ~StubRoutines::call_stub

---------------  P R O C E S S  ---------------

Threads class SMR info:
_java_thread_list=0x0000019224f5f1c0, length=29, elements={
0x0000019222c89290, 0x0000019222c89b50, 0x0000019222cbe130, 0x0000019222cbe9f0,
0x0000019222cc12c0, 0x0000019222cc1b80, 0x0000019222cc2440, 0x000001922380c4b0,
0x00000192239f6070, 0x0000019223a0a9e0, 0x0000019223a0b060, 0x00000192242e89e0,
0x00000192253a5460, 0x00000192254a3080, 0x00000192254b5020, 0x00000192161da050,
0x0000019225261060, 0x0000019225267c30, 0x0000019225472850, 0x000001922403dc90,
0x0000019225265e00, 0x00000192252f96e0, 0x00000192252f8870, 0x00000192252f9bb0,
0x00000192252f7530, 0x00000192252f7ed0, 0x00000192252f8d40, 0x00000192252faa20,
0x00000192252f7a00
}

Java Threads: ( => current thread )
  0x0000019222c89290 JavaThread "Reference Handler" daemon [_thread_blocked, id=197924, stack(0x0000003821900000,0x0000003821a00000)]
  0x0000019222c89b50 JavaThread "Finalizer" daemon [_thread_blocked, id=196432, stack(0x0000003821a00000,0x0000003821b00000)]
  0x0000019222cbe130 JavaThread "Signal Dispatcher" daemon [_thread_blocked, id=205976, stack(0x0000003821b00000,0x0000003821c00000)]
  0x0000019222cbe9f0 JavaThread "Attach Listener" daemon [_thread_blocked, id=202944, stack(0x0000003821c00000,0x0000003821d00000)]
  0x0000019222cc12c0 JavaThread "Service Thread" daemon [_thread_blocked, id=173236, stack(0x0000003821d00000,0x0000003821e00000)]
  0x0000019222cc1b80 JavaThread "Monitor Deflation Thread" daemon [_thread_blocked, id=205956, stack(0x0000003821e00000,0x0000003821f00000)]
  0x0000019222cc2440 JavaThread "C1 CompilerThread0" daemon [_thread_blocked, id=124664, stack(0x0000003821f00000,0x0000003822000000)]
  0x000001922380c4b0 JavaThread "Sweeper thread" daemon [_thread_blocked, id=207428, stack(0x0000003822000000,0x0000003822100000)]
  0x00000192239f6070 JavaThread "C1 CompilerThread1" daemon [_thread_blocked, id=202448, stack(0x0000003822100000,0x0000003822200000)]
  0x0000019223a0a9e0 JavaThread "Notification Thread" daemon [_thread_blocked, id=205264, stack(0x0000003822200000,0x0000003822300000)]
  0x0000019223a0b060 JavaThread "Common-Cleaner" daemon [_thread_blocked, id=200488, stack(0x0000003822400000,0x0000003822500000)]
  0x00000192242e89e0 JavaThread "C1 CompilerThread2" daemon [_thread_blocked, id=201824, stack(0x0000003822500000,0x0000003822600000)]
  0x00000192253a5460 JavaThread "ForkJoinPool.commonPool-worker-1" daemon [_thread_blocked, id=207112, stack(0x0000003822c00000,0x0000003822d00000)]
  0x00000192254a3080 JavaThread "pool-7-thread-1" [_thread_blocked, id=192428, stack(0x0000003822e00000,0x0000003822f00000)]
  0x00000192254b5020 JavaThread "LanguageServerApp-lifecycle" [_thread_blocked, id=206556, stack(0x0000003822f00000,0x0000003823000000)]
  0x00000192161da050 JavaThread "DestroyJavaVM" [_thread_blocked, id=196676, stack(0x0000003821200000,0x0000003821300000)]
  0x0000019225261060 JavaThread "ClassGraph-worker-0" daemon [_thread_blocked, id=178556, stack(0x0000003823000000,0x0000003823100000)]
  0x0000019225267c30 JavaThread "ClassGraph-worker-1" daemon [_thread_blocked, id=206132, stack(0x0000003823100000,0x0000003823200000)]
  0x0000019225472850 JavaThread "ClassGraph-worker-2" daemon [_thread_blocked, id=206932, stack(0x0000003823200000,0x0000003823300000)]
  0x000001922403dc90 JavaThread "ClassGraph-worker-3" daemon [_thread_blocked, id=205148, stack(0x0000003823300000,0x0000003823400000)]
  0x0000019225265e00 JavaThread "ClassGraph-worker-4" daemon [_thread_blocked, id=201452, stack(0x0000003823400000,0x0000003823500000)]
  0x00000192252f96e0 JavaThread "ClassGraph-worker-5" daemon [_thread_blocked, id=200032, stack(0x0000003823500000,0x0000003823600000)]
  0x00000192252f8870 JavaThread "ClassGraph-worker-6" daemon [_thread_blocked, id=187376, stack(0x0000003823600000,0x0000003823700000)]
  0x00000192252f9bb0 JavaThread "ClassGraph-worker-7" daemon [_thread_blocked, id=201628, stack(0x0000003823700000,0x0000003823800000)]
  0x00000192252f7530 JavaThread "ClassGraph-worker-8" daemon [_thread_blocked, id=197312, stack(0x0000003823800000,0x0000003823900000)]
  0x00000192252f7ed0 JavaThread "ClassGraph-worker-9" daemon [_thread_blocked, id=191844, stack(0x0000003823900000,0x0000003823a00000)]
  0x00000192252f8d40 JavaThread "ClassGraph-worker-10" daemon [_thread_blocked, id=201204, stack(0x0000003823a00000,0x0000003823b00000)]
  0x00000192252faa20 JavaThread "ClassGraph-worker-11" daemon [_thread_blocked, id=189984, stack(0x0000003823b00000,0x0000003823c00000)]
=>0x00000192252f7a00 JavaThread "pool-8-thread-1" [_thread_in_vm, id=112044, stack(0x0000003823c00000,0x0000003823d00000)]

Other Threads:
  0x0000019222c700b0 VMThread "VM Thread" [stack: 0x0000003821800000,0x0000003821900000] [id=144632] _threads_hazard_ptr=0x0000019224f5f1c0
  0x0000019216255030 WatcherThread [stack: 0x0000003822300000,0x0000003822400000] [id=198028]
  0x0000019216232650 GCTaskThread "GC Thread#0" [stack: 0x0000003821300000,0x0000003821400000] [id=205276]
  0x00000192243713e0 GCTaskThread "GC Thread#1" [stack: 0x0000003822600000,0x0000003822700000] [id=187360]
  0x00000192243b5350 GCTaskThread "GC Thread#2" [stack: 0x0000003822700000,0x0000003822800000] [id=175816]
  0x00000192243b5600 GCTaskThread "GC Thread#3" [stack: 0x0000003822800000,0x0000003822900000] [id=204828]
  0x00000192243b5cc0 GCTaskThread "GC Thread#4" [stack: 0x0000003822900000,0x0000003822a00000] [id=98340]
  0x00000192243ba7a0 GCTaskThread "GC Thread#5" [stack: 0x0000003822a00000,0x0000003822b00000] [id=195912]
  0x00000192162421c0 ConcurrentGCThread "G1 Main Marker" [stack: 0x0000003821400000,0x0000003821500000] [id=197528]
  0x0000019216246300 ConcurrentGCThread "G1 Conc#0" [stack: 0x0000003821500000,0x0000003821600000] [id=207696]
  0x0000019224f81510 ConcurrentGCThread "G1 Conc#1" [stack: 0x0000003822d00000,0x0000003822e00000] [id=204116]
  0x00000192162a75b0 ConcurrentGCThread "G1 Refine#0" [stack: 0x0000003821600000,0x0000003821700000] [id=207676]
  0x0000019224371690 ConcurrentGCThread "G1 Refine#1" [stack: 0x0000003822b00000,0x0000003822c00000] [id=207464]
  0x0000019222ae0090 ConcurrentGCThread "G1 Service" [stack: 0x0000003821700000,0x0000003821800000] [id=68572]

Threads with active compile tasks:

VM state: synchronizing (normal execution)

VM Mutex/Monitor currently owned by a thread:  ([mutex/lock_event])
[0x0000019213fea900] Metaspace_lock - owner thread: 0x00000192252f7a00
[0x0000019213fe9d30] Threads_lock - owner thread: 0x0000019222c700b0

Heap address: 0x000000008a200000, size: 1886 MB, Compressed Oops mode: 32-bit

CDS archive(s) not mapped
Compressed class space mapped at: 0x0000000100000000-0x0000000140000000, reserved size: 1073741824
Narrow klass base: 0x0000000000000000, Narrow klass shift: 3, Narrow klass range: 0x140000000

GC Precious Log:
 CPUs: 6 total, 6 available
 Memory: 7542M
 Large Page Support: Disabled
 NUMA Support: Disabled
 Compressed Oops: Enabled (32-bit)
 Heap Region Size: 1M
 Heap Min Capacity: 8M
 Heap Initial Capacity: 118M
 Heap Max Capacity: 1886M
 Pre-touch: Disabled
 Parallel Workers: 6
 Concurrent Workers: 2
 Concurrent Refinement Workers: 6
 Periodic GC: Disabled

Heap:
 garbage-first heap   total 49152K, used 26358K [0x000000008a200000, 0x0000000100000000)
  region size 1024K, 10 young (10240K), 3 survivors (3072K)
 Metaspace       used 33210K, committed 33472K, reserved 1081344K
  class space    used 4224K, committed 4352K, reserved 1048576K

Heap Regions: E=young(eden), S=young(survivor), O=old, HS=humongous(starts), HC=humongous(continues), CS=collection set, F=free, OA=open archive, CA=closed archive, TAMS=top-at-mark-start (previous, next)
|   0|0x000000008a200000, 0x000000008a300000, 0x000000008a300000|100%| O|  |TAMS 0x000000008a300000, 0x000000008a200000| Untracked 
|   1|0x000000008a300000, 0x000000008a400000, 0x000000008a400000|100%| O|  |TAMS 0x000000008a400000, 0x000000008a300000| Untracked 
|   2|0x000000008a400000, 0x000000008a500000, 0x000000008a500000|100%| O|  |TAMS 0x000000008a500000, 0x000000008a400000| Untracked 
|   3|0x000000008a500000, 0x000000008a600000, 0x000000008a600000|100%| O|  |TAMS 0x000000008a600000, 0x000000008a500000| Untracked 
|   4|0x000000008a600000, 0x000000008a700000, 0x000000008a700000|100%| O|  |TAMS 0x000000008a700000, 0x000000008a600000| Untracked 
|   5|0x000000008a700000, 0x000000008a800000, 0x000000008a800000|100%| O|  |TAMS 0x000000008a800000, 0x000000008a700000| Untracked 
|   6|0x000000008a800000, 0x000000008a900000, 0x000000008a900000|100%| O|  |TAMS 0x000000008a900000, 0x000000008a800000| Untracked 
|   7|0x000000008a900000, 0x000000008a9bda00, 0x000000008aa00000| 74%| O|  |TAMS 0x000000008a9bda00, 0x000000008a900000| Untracked 
|   8|0x000000008aa00000, 0x000000008ab00000, 0x000000008ab00000|100%| O|  |TAMS 0x000000008aa00000, 0x000000008aa00000| Untracked 
|   9|0x000000008ab00000, 0x000000008ac00000, 0x000000008ac00000|100%| O|  |TAMS 0x000000008ab00000, 0x000000008ab00000| Untracked 
|  10|0x000000008ac00000, 0x000000008ad00000, 0x000000008ad00000|100%| O|  |TAMS 0x000000008ac00000, 0x000000008ac00000| Untracked 
|  11|0x000000008ad00000, 0x000000008ae00000, 0x000000008ae00000|100%| O|  |TAMS 0x000000008ad00000, 0x000000008ad00000| Untracked 
|  12|0x000000008ae00000, 0x000000008af00000, 0x000000008af00000|100%| O|  |TAMS 0x000000008ae00000, 0x000000008ae00000| Untracked 
|  13|0x000000008af00000, 0x000000008b000000, 0x000000008b000000|100%| O|  |TAMS 0x000000008af00000, 0x000000008af00000| Untracked 
|  14|0x000000008b000000, 0x000000008b100000, 0x000000008b100000|100%| O|  |TAMS 0x000000008b000000, 0x000000008b000000| Untracked 
|  15|0x000000008b100000, 0x000000008b200000, 0x000000008b200000|100%| O|  |TAMS 0x000000008b100000, 0x000000008b100000| Untracked 
|  16|0x000000008b200000, 0x000000008b300000, 0x000000008b300000|100%| O|  |TAMS 0x000000008b200000, 0x000000008b200000| Untracked 
|  17|0x000000008b300000, 0x000000008b300000, 0x000000008b400000|  0%| F|  |TAMS 0x000000008b300000, 0x000000008b300000| Untracked 
|  18|0x000000008b400000, 0x000000008b400000, 0x000000008b500000|  0%| F|  |TAMS 0x000000008b400000, 0x000000008b400000| Untracked 
|  19|0x000000008b500000, 0x000000008b500000, 0x000000008b600000|  0%| F|  |TAMS 0x000000008b500000, 0x000000008b500000| Untracked 
|  20|0x000000008b600000, 0x000000008b600000, 0x000000008b700000|  0%| F|  |TAMS 0x000000008b600000, 0x000000008b600000| Untracked 
|  21|0x000000008b700000, 0x000000008b700000, 0x000000008b800000|  0%| F|  |TAMS 0x000000008b700000, 0x000000008b700000| Untracked 
|  22|0x000000008b800000, 0x000000008b800000, 0x000000008b900000|  0%| F|  |TAMS 0x000000008b800000, 0x000000008b800000| Untracked 
|  23|0x000000008b900000, 0x000000008b900000, 0x000000008ba00000|  0%| F|  |TAMS 0x000000008b900000, 0x000000008b900000| Untracked 
|  24|0x000000008ba00000, 0x000000008ba00000, 0x000000008bb00000|  0%| F|  |TAMS 0x000000008ba00000, 0x000000008ba00000| Untracked 
|  25|0x000000008bb00000, 0x000000008bb00000, 0x000000008bc00000|  0%| F|  |TAMS 0x000000008bb00000, 0x000000008bb00000| Untracked 
|  26|0x000000008bc00000, 0x000000008bc00000, 0x000000008bd00000|  0%| F|  |TAMS 0x000000008bc00000, 0x000000008bc00000| Untracked 
|  27|0x000000008bd00000, 0x000000008bd00000, 0x000000008be00000|  0%| F|  |TAMS 0x000000008bd00000, 0x000000008bd00000| Untracked 
|  28|0x000000008be00000, 0x000000008bf00000, 0x000000008bf00000|100%| S|CS|TAMS 0x000000008be00000, 0x000000008be00000| Complete 
|  29|0x000000008bf00000, 0x000000008c000000, 0x000000008c000000|100%| S|CS|TAMS 0x000000008bf00000, 0x000000008bf00000| Complete 
|  30|0x000000008c000000, 0x000000008c100000, 0x000000008c100000|100%| S|CS|TAMS 0x000000008c000000, 0x000000008c000000| Complete 
|  31|0x000000008c100000, 0x000000008c100000, 0x000000008c200000|  0%| F|  |TAMS 0x000000008c100000, 0x000000008c100000| Untracked 
|  32|0x000000008c200000, 0x000000008c200000, 0x000000008c300000|  0%| F|  |TAMS 0x000000008c200000, 0x000000008c200000| Untracked 
|  33|0x000000008c300000, 0x000000008c300000, 0x000000008c400000|  0%| F|  |TAMS 0x000000008c300000, 0x000000008c300000| Untracked 
|  34|0x000000008c400000, 0x000000008c400000, 0x000000008c500000|  0%| F|  |TAMS 0x000000008c400000, 0x000000008c400000| Untracked 
|  35|0x000000008c500000, 0x000000008c500000, 0x000000008c600000|  0%| F|  |TAMS 0x000000008c500000, 0x000000008c500000| Untracked 
|  36|0x000000008c600000, 0x000000008c600000, 0x000000008c700000|  0%| F|  |TAMS 0x000000008c600000, 0x000000008c600000| Untracked 
|  37|0x000000008c700000, 0x000000008c700000, 0x000000008c800000|  0%| F|  |TAMS 0x000000008c700000, 0x000000008c700000| Untracked 
|  38|0x000000008c800000, 0x000000008c800000, 0x000000008c900000|  0%| F|  |TAMS 0x000000008c800000, 0x000000008c800000| Untracked 
|  39|0x000000008c900000, 0x000000008c900000, 0x000000008ca00000|  0%| F|  |TAMS 0x000000008c900000, 0x000000008c900000| Untracked 
|  40|0x000000008ca00000, 0x000000008ca00000, 0x000000008cb00000|  0%| F|  |TAMS 0x000000008ca00000, 0x000000008ca00000| Untracked 
|  41|0x000000008cb00000, 0x000000008cb94158, 0x000000008cc00000| 57%| E|  |TAMS 0x000000008cb00000, 0x000000008cb00000| Complete 
|  42|0x000000008cc00000, 0x000000008cd00000, 0x000000008cd00000|100%| E|CS|TAMS 0x000000008cc00000, 0x000000008cc00000| Complete 
|  43|0x000000008cd00000, 0x000000008ce00000, 0x000000008ce00000|100%| E|CS|TAMS 0x000000008cd00000, 0x000000008cd00000| Complete 
|  87|0x000000008f900000, 0x000000008fa00000, 0x000000008fa00000|100%| E|CS|TAMS 0x000000008f900000, 0x000000008f900000| Complete 
|  88|0x000000008fa00000, 0x000000008fb00000, 0x000000008fb00000|100%| E|CS|TAMS 0x000000008fa00000, 0x000000008fa00000| Complete 
|  89|0x000000008fb00000, 0x000000008fc00000, 0x000000008fc00000|100%| E|CS|TAMS 0x000000008fb00000, 0x000000008fb00000| Complete 
| 117|0x0000000091700000, 0x0000000091800000, 0x0000000091800000|100%| E|CS|TAMS 0x0000000091700000, 0x0000000091700000| Complete 

Card table byte_map: [0x000001921c210000,0x000001921c5c0000] _byte_map_base: 0x000001921bdbf000

Marking Bits (Prev, Next): (CMBitMap*) 0x0000019216232bb0, (CMBitMap*) 0x0000019216232b70
 Prev Bits: [0x000001921e6f0000, 0x0000019220468000)
 Next Bits: [0x000001921c970000, 0x000001921e6e8000)

Polling page: 0x00000192159b0000

Metaspace:

Usage:
  Non-class:     28.31 MB used.
      Class:      4.13 MB used.
       Both:     32.43 MB used.

Virtual space:
  Non-class space:       32.00 MB reserved,      28.44 MB ( 89%) committed,  4 nodes.
      Class space:        1.00 GB reserved,       4.25 MB ( <1%) committed,  1 nodes.
             Both:        1.03 GB reserved,      32.69 MB (  3%) committed. 

Chunk freelists:
   Non-Class:  3.36 MB
       Class:  3.73 MB
        Both:  7.09 MB

MaxMetaspaceSize: unlimited
CompressedClassSpaceSize: 1.00 GB
Initial GC threshold: 21.00 MB
Current GC threshold: 35.12 MB
CDS: off
MetaspaceReclaimPolicy: balanced
 - commit_granule_bytes: 65536.
 - commit_granule_words: 8192.
 - virtual_space_node_default_size: 1048576.
 - enlarge_chunks_in_place: 1.
 - new_chunks_are_fully_committed: 0.
 - uncommit_free_chunks: 1.
 - use_allocation_guard: 0.
 - handle_deallocations: 1.


Internal statistics:

num_allocs_failed_limit: 3.
num_arena_births: 280.
num_arena_deaths: 0.
num_vsnodes_births: 5.
num_vsnodes_deaths: 0.
num_space_committed: 523.
num_space_uncommitted: 0.
num_chunks_returned_to_freelist: 3.
num_chunks_taken_from_freelist: 1202.
num_chunk_merges: 0.
num_chunk_splits: 823.
num_chunks_enlarged: 649.
num_purges: 0.
num_inconsistent_stats: 0.

CodeCache: size=49152Kb used=7291Kb max_used=7291Kb free=41861Kb
 bounds [0x0000019218e60000, 0x0000019219580000, 0x000001921be60000]
 total_blobs=3638 nmethods=3119 adapters=443
 compilation: enabled
              stopped_count=0, restarted_count=0
 full_count=0

Compilation events (20 events):
Event: 4.241 Thread 0x00000192242e89e0 3110       1       com.google.gson.internal.Excluder::excludeClassInStrategy (64 bytes)
Event: 4.241 Thread 0x00000192242e89e0 nmethod 3110 0x0000019219578490 code [0x0000019219578660, 0x00000192195788b8]
Event: 4.241 Thread 0x00000192239f6070 3111       1       com.google.gson.internal.bind.TypeAdapters$33::create (30 bytes)
Event: 4.241 Thread 0x00000192239f6070 nmethod 3111 0x0000019219578a10 code [0x0000019219578ba0, 0x0000019219578cb8]
Event: 4.241 Thread 0x00000192239f6070 3112       1       java.lang.Class::createAnnotationData (195 bytes)
Event: 4.241 Thread 0x00000192242e89e0 3113       1       java.lang.Class$AnnotationData::<init> (20 bytes)
Event: 4.242 Thread 0x00000192242e89e0 nmethod 3113 0x0000019219578d90 code [0x0000019219578f20, 0x0000019219579078]
Event: 4.242 Thread 0x0000019222cc2440 3114       1       com.google.gson.internal.Excluder::excludeClassChecks (67 bytes)
Event: 4.242 Thread 0x00000192239f6070 nmethod 3112 0x0000019219579110 code [0x00000192195793e0, 0x0000019219579b38]
Event: 4.242 Thread 0x0000019222cc2440 nmethod 3114 0x000001921957a010 code [0x000001921957a320, 0x000001921957adb8]
Event: 4.244 Thread 0x0000019222cc2440 3115       1       java.net.URI$Parser::scan (53 bytes)
Event: 4.245 Thread 0x0000019222cc2440 nmethod 3115 0x000001921957b310 code [0x000001921957b500, 0x000001921957b8d8]
Event: 4.245 Thread 0x00000192242e89e0 3116       1       sun.nio.fs.WindowsFileAttributes::isSymbolicLink (16 bytes)
Event: 4.245 Thread 0x00000192242e89e0 nmethod 3116 0x000001921957bc10 code [0x000001921957bda0, 0x000001921957be78]
Event: 4.245 Thread 0x00000192239f6070 3117       1       sun.reflect.generics.visitor.Reifier::reifyTypeArguments (38 bytes)
Event: 4.245 Thread 0x00000192239f6070 nmethod 3117 0x000001921957bf10 code [0x000001921957c0c0, 0x000001921957c388]
Event: 4.246 Thread 0x00000192239f6070 3118   !   1       com.google.gson.Gson::getAdapter (257 bytes)
Event: 4.246 Thread 0x00000192242e89e0 3119       1       com.google.gson.internal.$Gson$Types::canonicalize (139 bytes)
Event: 4.247 Thread 0x00000192242e89e0 nmethod 3119 0x000001921957c510 code [0x000001921957c7a0, 0x000001921957cf48]
Event: 4.247 Thread 0x00000192239f6070 nmethod 3118 0x000001921957d290 code [0x000001921957d5c0, 0x000001921957e2c8]

GC Heap History (16 events):
Event: 1.002 GC heap before
{Heap before GC invocations=0 (full 0):
 garbage-first heap   total 120832K, used 20480K [0x000000008a200000, 0x0000000100000000)
  region size 1024K, 21 young (21504K), 0 survivors (0K)
 Metaspace       used 9814K, committed 9984K, reserved 1064960K
  class space    used 1109K, committed 1216K, reserved 1048576K
}
Event: 1.009 GC heap after
{Heap after GC invocations=1 (full 0):
 garbage-first heap   total 120832K, used 7756K [0x000000008a200000, 0x0000000100000000)
  region size 1024K, 3 young (3072K), 3 survivors (3072K)
 Metaspace       used 9814K, committed 9984K, reserved 1064960K
  class space    used 1109K, committed 1216K, reserved 1048576K
}
Event: 1.427 GC heap before
{Heap before GC invocations=1 (full 0):
 garbage-first heap   total 120832K, used 25164K [0x000000008a200000, 0x0000000100000000)
  region size 1024K, 20 young (20480K), 3 survivors (3072K)
 Metaspace       used 15865K, committed 16064K, reserved 1064960K
  class space    used 1923K, committed 2048K, reserved 1048576K
}
Event: 1.433 GC heap after
{Heap after GC invocations=2 (full 0):
 garbage-first heap   total 120832K, used 10449K [0x000000008a200000, 0x0000000100000000)
  region size 1024K, 3 young (3072K), 3 survivors (3072K)
 Metaspace       used 15865K, committed 16064K, reserved 1064960K
  class space    used 1923K, committed 2048K, reserved 1048576K
}
Event: 1.797 GC heap before
{Heap before GC invocations=2 (full 0):
 garbage-first heap   total 120832K, used 35025K [0x000000008a200000, 0x0000000100000000)
  region size 1024K, 28 young (28672K), 3 survivors (3072K)
 Metaspace       used 21350K, committed 21504K, reserved 1073152K
  class space    used 2597K, committed 2688K, reserved 1048576K
}
Event: 1.803 GC heap after
{Heap after GC invocations=3 (full 0):
 garbage-first heap   total 120832K, used 10977K [0x000000008a200000, 0x0000000100000000)
  region size 1024K, 3 young (3072K), 3 survivors (3072K)
 Metaspace       used 21350K, committed 21504K, reserved 1073152K
  class space    used 2597K, committed 2688K, reserved 1048576K
}
Event: 2.489 GC heap before
{Heap before GC invocations=4 (full 0):
 garbage-first heap   total 40960K, used 29409K [0x000000008a200000, 0x0000000100000000)
  region size 1024K, 22 young (22528K), 3 survivors (3072K)
 Metaspace       used 24110K, committed 24320K, reserved 1073152K
  class space    used 2948K, committed 3008K, reserved 1048576K
}
Event: 2.502 GC heap after
{Heap after GC invocations=5 (full 0):
 garbage-first heap   total 40960K, used 12569K [0x000000008a200000, 0x0000000100000000)
  region size 1024K, 5 young (5120K), 5 survivors (5120K)
 Metaspace       used 24110K, committed 24320K, reserved 1073152K
  class space    used 2948K, committed 3008K, reserved 1048576K
}
Event: 3.007 GC heap before
{Heap before GC invocations=5 (full 0):
 garbage-first heap   total 40960K, used 26905K [0x000000008a200000, 0x0000000100000000)
  region size 1024K, 20 young (20480K), 5 survivors (5120K)
 Metaspace       used 27032K, committed 27328K, reserved 1073152K
  class space    used 3381K, committed 3520K, reserved 1048576K
}
Event: 3.027 GC heap after
{Heap after GC invocations=6 (full 0):
 garbage-first heap   total 40960K, used 14458K [0x000000008a200000, 0x0000000100000000)
  region size 1024K, 3 young (3072K), 3 survivors (3072K)
 Metaspace       used 27032K, committed 27328K, reserved 1073152K
  class space    used 3381K, committed 3520K, reserved 1048576K
}
Event: 3.660 GC heap before
{Heap before GC invocations=6 (full 0):
 garbage-first heap   total 40960K, used 27770K [0x000000008a200000, 0x0000000100000000)
  region size 1024K, 17 young (17408K), 3 survivors (3072K)
 Metaspace       used 29313K, committed 29568K, reserved 1081344K
  class space    used 3690K, committed 3840K, reserved 1048576K
}
Event: 3.667 GC heap after
{Heap after GC invocations=7 (full 0):
 garbage-first heap   total 40960K, used 15715K [0x000000008a200000, 0x0000000100000000)
  region size 1024K, 2 young (2048K), 2 survivors (2048K)
 Metaspace       used 29313K, committed 29568K, reserved 1081344K
  class space    used 3690K, committed 3840K, reserved 1048576K
}
Event: 3.982 GC heap before
{Heap before GC invocations=7 (full 0):
 garbage-first heap   total 40960K, used 28003K [0x000000008a200000, 0x0000000100000000)
  region size 1024K, 15 young (15360K), 2 survivors (2048K)
 Metaspace       used 32098K, committed 32384K, reserved 1081344K
  class space    used 4072K, committed 4224K, reserved 1048576K
}
Event: 3.986 GC heap after
{Heap after GC invocations=8 (full 0):
 garbage-first heap   total 49152K, used 16866K [0x000000008a200000, 0x0000000100000000)
  region size 1024K, 2 young (2048K), 2 survivors (2048K)
 Metaspace       used 32098K, committed 32384K, reserved 1081344K
  class space    used 4072K, committed 4224K, reserved 1048576K
}
Event: 4.177 GC heap before
{Heap before GC invocations=8 (full 0):
 garbage-first heap   total 49152K, used 33250K [0x000000008a200000, 0x0000000100000000)
  region size 1024K, 19 young (19456K), 2 survivors (2048K)
 Metaspace       used 33038K, committed 33280K, reserved 1081344K
  class space    used 4196K, committed 4288K, reserved 1048576K
}
Event: 4.181 GC heap after
{Heap after GC invocations=9 (full 0):
 garbage-first heap   total 49152K, used 20214K [0x000000008a200000, 0x0000000100000000)
  region size 1024K, 3 young (3072K), 3 survivors (3072K)
 Metaspace       used 33038K, committed 33280K, reserved 1081344K
  class space    used 4196K, committed 4288K, reserved 1048576K
}

Deoptimization events (10 events):
Event: 1.077 Thread 0x00000192161da050 DEOPT PACKING pc=0x00000192191ef975 sp=0x00000038212fdca0
Event: 1.077 Thread 0x00000192161da050 DEOPT UNPACKING pc=0x0000019218eb2b43 sp=0x00000038212fd110 mode 3
Event: 1.738 Thread 0x00000192161da050 DEOPT PACKING pc=0x000001921930b099 sp=0x00000038212fd700
Event: 1.738 Thread 0x00000192161da050 DEOPT UNPACKING pc=0x0000019218eb2b43 sp=0x00000038212fcbe0 mode 3
Event: 2.581 Thread 0x00000192161da050 DEOPT PACKING pc=0x00000192193d13f5 sp=0x00000038212fe2e0
Event: 2.581 Thread 0x00000192161da050 DEOPT UNPACKING pc=0x0000019218eb2b43 sp=0x00000038212fd750 mode 3
Event: 3.043 Thread 0x00000192161da050 DEOPT PACKING pc=0x00000192194343b4 sp=0x00000038212f7990
Event: 3.043 Thread 0x00000192161da050 DEOPT UNPACKING pc=0x0000019218eb2b43 sp=0x00000038212f6e10 mode 3
Event: 3.919 Thread 0x00000192253a5460 DEOPT PACKING pc=0x00000192194d0c2b sp=0x0000003822cfe2e0
Event: 3.919 Thread 0x00000192253a5460 DEOPT UNPACKING pc=0x0000019218eb2b43 sp=0x0000003822cfd828 mode 3

Classes unloaded (0 events):
No events

Classes redefined (0 events):
No events

Internal exceptions (20 events):
Event: 4.039 Thread 0x0000019225267c30 Exception <a 'sun/nio/fs/WindowsException'{0x000000008fa0a8c0}> (0x000000008fa0a8c0) 
thrown [e:\jenkins\tmp\workspace\build\src\src\hotspot\share\prims\jni.cpp, line 516]
Event: 4.040 Thread 0x0000019225267c30 Exception <a 'sun/nio/fs/WindowsException'{0x000000008fa0acc0}> (0x000000008fa0acc0) 
thrown [e:\jenkins\tmp\workspace\build\src\src\hotspot\share\prims\jni.cpp, line 516]
Event: 4.040 Thread 0x0000019225267c30 Exception <a 'sun/nio/fs/WindowsException'{0x000000008fa0b728}> (0x000000008fa0b728) 
thrown [e:\jenkins\tmp\workspace\build\src\src\hotspot\share\prims\jni.cpp, line 516]
Event: 4.040 Thread 0x0000019225267c30 Exception <a 'sun/nio/fs/WindowsException'{0x000000008fa0bb60}> (0x000000008fa0bb60) 
thrown [e:\jenkins\tmp\workspace\build\src\src\hotspot\share\prims\jni.cpp, line 516]
Event: 4.040 Thread 0x0000019225267c30 Exception <a 'sun/nio/fs/WindowsException'{0x000000008fa0c5a0}> (0x000000008fa0c5a0) 
thrown [e:\jenkins\tmp\workspace\build\src\src\hotspot\share\prims\jni.cpp, line 516]
Event: 4.040 Thread 0x0000019225267c30 Exception <a 'sun/nio/fs/WindowsException'{0x000000008fa0c9a8}> (0x000000008fa0c9a8) 
thrown [e:\jenkins\tmp\workspace\build\src\src\hotspot\share\prims\jni.cpp, line 516]
Event: 4.040 Thread 0x0000019225267c30 Exception <a 'sun/nio/fs/WindowsException'{0x000000008fa0d3c0}> (0x000000008fa0d3c0) 
thrown [e:\jenkins\tmp\workspace\build\src\src\hotspot\share\prims\jni.cpp, line 516]
Event: 4.041 Thread 0x0000019225267c30 Exception <a 'sun/nio/fs/WindowsException'{0x000000008fa0d790}> (0x000000008fa0d790) 
thrown [e:\jenkins\tmp\workspace\build\src\src\hotspot\share\prims\jni.cpp, line 516]
Event: 4.041 Thread 0x0000019225267c30 Exception <a 'sun/nio/fs/WindowsException'{0x000000008fa0e1b8}> (0x000000008fa0e1b8) 
thrown [e:\jenkins\tmp\workspace\build\src\src\hotspot\share\prims\jni.cpp, line 516]
Event: 4.041 Thread 0x0000019225267c30 Exception <a 'sun/nio/fs/WindowsException'{0x000000008fa0e5a0}> (0x000000008fa0e5a0) 
thrown [e:\jenkins\tmp\workspace\build\src\src\hotspot\share\prims\jni.cpp, line 516]
Event: 4.042 Thread 0x0000019225267c30 Exception <a 'sun/nio/fs/WindowsException'{0x000000008fa0efb8}> (0x000000008fa0efb8) 
thrown [e:\jenkins\tmp\workspace\build\src\src\hotspot\share\prims\jni.cpp, line 516]
Event: 4.042 Thread 0x0000019225267c30 Exception <a 'sun/nio/fs/WindowsException'{0x000000008fa0f390}> (0x000000008fa0f390) 
thrown [e:\jenkins\tmp\workspace\build\src\src\hotspot\share\prims\jni.cpp, line 516]
Event: 4.042 Thread 0x0000019225267c30 Exception <a 'sun/nio/fs/WindowsException'{0x000000008fa0fdb8}> (0x000000008fa0fdb8) 
thrown [e:\jenkins\tmp\workspace\build\src\src\hotspot\share\prims\jni.cpp, line 516]
Event: 4.042 Thread 0x0000019225267c30 Exception <a 'sun/nio/fs/WindowsException'{0x000000008fa101a0}> (0x000000008fa101a0) 
thrown [e:\jenkins\tmp\workspace\build\src\src\hotspot\share\prims\jni.cpp, line 516]
Event: 4.042 Thread 0x0000019225267c30 Exception <a 'sun/nio/fs/WindowsException'{0x000000008fa10be0}> (0x000000008fa10be0) 
thrown [e:\jenkins\tmp\workspace\build\src\src\hotspot\share\prims\jni.cpp, line 516]
Event: 4.042 Thread 0x0000019225267c30 Exception <a 'sun/nio/fs/WindowsException'{0x000000008fa10fe8}> (0x000000008fa10fe8) 
thrown [e:\jenkins\tmp\workspace\build\src\src\hotspot\share\prims\jni.cpp, line 516]
Event: 4.043 Thread 0x0000019225267c30 Exception <a 'sun/nio/fs/WindowsException'{0x000000008fa11a40}> (0x000000008fa11a40) 
thrown [e:\jenkins\tmp\workspace\build\src\src\hotspot\share\prims\jni.cpp, line 516]
Event: 4.043 Thread 0x0000019225267c30 Exception <a 'sun/nio/fs/WindowsException'{0x000000008fa11e60}> (0x000000008fa11e60) 
thrown [e:\jenkins\tmp\workspace\build\src\src\hotspot\share\prims\jni.cpp, line 516]
Event: 4.043 Thread 0x0000019225267c30 Exception <a 'sun/nio/fs/WindowsException'{0x000000008f97d3f8}> (0x000000008f97d3f8) 
thrown [e:\jenkins\tmp\workspace\build\src\src\hotspot\share\prims\jni.cpp, line 516]
Event: 4.043 Thread 0x0000019225267c30 Exception <a 'sun/nio/fs/WindowsException'{0x000000008f97d810}> (0x000000008f97d810) 
thrown [e:\jenkins\tmp\workspace\build\src\src\hotspot\share\prims\jni.cpp, line 516]

VM Operations (20 events):
Event: 4.221 Executing VM operation: ICBufferFull
Event: 4.221 Executing VM operation: ICBufferFull done
Event: 4.226 Executing VM operation: ICBufferFull
Event: 4.227 Executing VM operation: ICBufferFull done
Event: 4.228 Executing VM operation: ICBufferFull
Event: 4.228 Executing VM operation: ICBufferFull done
Event: 4.235 Executing VM operation: ICBufferFull
Event: 4.238 Executing VM operation: ICBufferFull done
Event: 4.238 Executing VM operation: ICBufferFull
Event: 4.240 Executing VM operation: ICBufferFull done
Event: 4.240 Executing VM operation: ICBufferFull
Event: 4.240 Executing VM operation: ICBufferFull done
Event: 4.241 Executing VM operation: ICBufferFull
Event: 4.241 Executing VM operation: ICBufferFull done
Event: 4.244 Executing VM operation: ICBufferFull
Event: 4.245 Executing VM operation: ICBufferFull done
Event: 4.251 Executing VM operation: ICBufferFull
Event: 4.251 Executing VM operation: ICBufferFull done
Event: 4.251 Executing VM operation: ICBufferFull
Event: 4.251 Executing VM operation: ICBufferFull done

Events (20 events):
Event: 4.018 loading class sun/nio/fs/WindowsException done
Event: 4.036 loading class sun/nio/fs/WindowsUriSupport
Event: 4.037 loading class sun/nio/fs/WindowsUriSupport done
Event: 4.037 loading class sun/nio/fs/WindowsPath$1
Event: 4.038 loading class sun/nio/fs/WindowsPath$1 done
Event: 4.052 loading class java/nio/BufferUnderflowException
Event: 4.052 loading class java/nio/BufferUnderflowException done
Event: 4.053 loading class java/nio/channels/spi/AbstractInterruptibleChannel$1
Event: 4.053 loading class sun/nio/ch/Interruptible
Event: 4.053 loading class sun/nio/ch/Interruptible done
Event: 4.053 loading class java/nio/channels/spi/AbstractInterruptibleChannel$1 done
Event: 4.075 loading class java/nio/ReadOnlyBufferException
Event: 4.075 loading class java/nio/ReadOnlyBufferException done
Event: 4.077 loading class java/util/zip/DataFormatException
Event: 4.077 loading class java/util/zip/DataFormatException done
Event: 4.106 Thread 0x00000192252f7a00 Thread added: 0x00000192252f7a00
Event: 4.185 loading class jdk/internal/reflect/UnsafeQualifiedIntegerFieldAccessorImpl
Event: 4.186 loading class jdk/internal/reflect/UnsafeQualifiedFieldAccessorImpl
Event: 4.186 loading class jdk/internal/reflect/UnsafeQualifiedFieldAccessorImpl done
Event: 4.186 loading class jdk/internal/reflect/UnsafeQualifiedIntegerFieldAccessorImpl done


Dynamic libraries:
0x00007ff7abe80000 - 0x00007ff7abe8e000 	c:\Users\JAIME CORTEZ\.vscode\extensions\redhat.java-1.9.0-win32-x64\jre\17.0.3-win32-x86_64\bin\java.exe
0x00007ffd219c0000 - 0x00007ffd21bc9000 	C:\WINDOWS\SYSTEM32\ntdll.dll
0x00007ffd20e20000 - 0x00007ffd20edd000 	C:\WINDOWS\System32\KERNEL32.DLL
0x00007ffd1f0e0000 - 0x00007ffd1f45d000 	C:\WINDOWS\System32\KERNELBASE.dll
0x00007ffd1eea0000 - 0x00007ffd1efb1000 	C:\WINDOWS\System32\ucrtbase.dll
0x00007ffd0f7a0000 - 0x00007ffd0f7b8000 	c:\Users\JAIME CORTEZ\.vscode\extensions\redhat.java-1.9.0-win32-x64\jre\17.0.3-win32-x86_64\bin\jli.dll
0x00007ffd0f240000 - 0x00007ffd0f259000 	c:\Users\JAIME CORTEZ\.vscode\extensions\redhat.java-1.9.0-win32-x64\jre\17.0.3-win32-x86_64\bin\VCRUNTIME140.dll
0x00007ffd214a0000 - 0x00007ffd2164d000 	C:\WINDOWS\System32\USER32.dll
0x00007ffd1f460000 - 0x00007ffd1f486000 	C:\WINDOWS\System32\win32u.dll
0x00007ffd21950000 - 0x00007ffd21979000 	C:\WINDOWS\System32\GDI32.dll
0x00007ffd1efc0000 - 0x00007ffd1f0d8000 	C:\WINDOWS\System32\gdi32full.dll
0x00007ffd1f550000 - 0x00007ffd1f5ed000 	C:\WINDOWS\System32\msvcp_win.dll
0x00007ffd04cb0000 - 0x00007ffd04f55000 	C:\WINDOWS\WinSxS\amd64_microsoft.windows.common-controls_6595b64144ccf1df_6.0.22000.120_none_9d947278b86cc467\COMCTL32.dll
0x00007ffd213e0000 - 0x00007ffd21483000 	C:\WINDOWS\System32\msvcrt.dll
0x00007ffd20ee0000 - 0x00007ffd20f11000 	C:\WINDOWS\System32\IMM32.DLL
0x00007ffd17b00000 - 0x00007ffd17b0c000 	c:\Users\JAIME CORTEZ\.vscode\extensions\redhat.java-1.9.0-win32-x64\jre\17.0.3-win32-x86_64\bin\vcruntime140_1.dll
0x00007ffcb8870000 - 0x00007ffcb8901000 	c:\Users\JAIME CORTEZ\.vscode\extensions\redhat.java-1.9.0-win32-x64\jre\17.0.3-win32-x86_64\bin\msvcp140.dll
0x00007ffc8ae50000 - 0x00007ffc8ba98000 	c:\Users\JAIME CORTEZ\.vscode\extensions\redhat.java-1.9.0-win32-x64\jre\17.0.3-win32-x86_64\bin\server\jvm.dll
0x00007ffd218a0000 - 0x00007ffd2194e000 	C:\WINDOWS\System32\ADVAPI32.dll
0x00007ffd21340000 - 0x00007ffd213de000 	C:\WINDOWS\System32\sechost.dll
0x00007ffd205e0000 - 0x00007ffd20700000 	C:\WINDOWS\System32\RPCRT4.dll
0x00007ffd20240000 - 0x00007ffd20248000 	C:\WINDOWS\System32\PSAPI.DLL
0x00007ffd17a90000 - 0x00007ffd17ac3000 	C:\WINDOWS\SYSTEM32\WINMM.dll
0x00007ffcfa790000 - 0x00007ffcfa799000 	C:\WINDOWS\SYSTEM32\WSOCK32.dll
0x00007ffd20720000 - 0x00007ffd2078f000 	C:\WINDOWS\System32\WS2_32.dll
0x00007ffd167f0000 - 0x00007ffd167fa000 	C:\WINDOWS\SYSTEM32\VERSION.dll
0x00007ffd1dfa0000 - 0x00007ffd1dfb8000 	C:\WINDOWS\SYSTEM32\kernel.appcore.dll
0x00007ffd17ad0000 - 0x00007ffd17ada000 	c:\Users\JAIME CORTEZ\.vscode\extensions\redhat.java-1.9.0-win32-x64\jre\17.0.3-win32-x86_64\bin\jimage.dll
0x00007ffd1cad0000 - 0x00007ffd1ccf1000 	C:\WINDOWS\SYSTEM32\DBGHELP.DLL
0x00007ffd05dd0000 - 0x00007ffd05e01000 	C:\WINDOWS\SYSTEM32\dbgcore.DLL
0x00007ffd1f760000 - 0x00007ffd1f7df000 	C:\WINDOWS\System32\bcryptPrimitives.dll
0x00007ffd0fa90000 - 0x00007ffd0fab5000 	c:\Users\JAIME CORTEZ\.vscode\extensions\redhat.java-1.9.0-win32-x64\jre\17.0.3-win32-x86_64\bin\java.dll
0x00007ffd10440000 - 0x00007ffd10458000 	c:\Users\JAIME CORTEZ\.vscode\extensions\redhat.java-1.9.0-win32-x64\jre\17.0.3-win32-x86_64\bin\zip.dll
0x00007ffd1fa80000 - 0x00007ffd20238000 	C:\WINDOWS\System32\SHELL32.dll
0x00007ffd1d010000 - 0x00007ffd1d878000 	C:\WINDOWS\SYSTEM32\windows.storage.dll
0x00007ffd20260000 - 0x00007ffd205d9000 	C:\WINDOWS\System32\combase.dll
0x00007ffd1cea0000 - 0x00007ffd1d006000 	C:\WINDOWS\SYSTEM32\wintypes.dll
0x00007ffd21150000 - 0x00007ffd2123a000 	C:\WINDOWS\System32\SHCORE.dll
0x00007ffd20c00000 - 0x00007ffd20c5d000 	C:\WINDOWS\System32\shlwapi.dll
0x00007ffd1edd0000 - 0x00007ffd1edf1000 	C:\WINDOWS\SYSTEM32\profapi.dll
0x00007ffd0f270000 - 0x00007ffd0f289000 	C:\Users\JAIME CORTEZ\.vscode\extensions\redhat.java-1.9.0-win32-x64\jre\17.0.3-win32-x86_64\bin\net.dll
0x00007ffd17100000 - 0x00007ffd1720c000 	C:\WINDOWS\SYSTEM32\WINHTTP.dll
0x00007ffd1e3d0000 - 0x00007ffd1e437000 	C:\WINDOWS\system32\mswsock.dll
0x00007ffd0ea30000 - 0x00007ffd0ea45000 	C:\Users\JAIME CORTEZ\.vscode\extensions\redhat.java-1.9.0-win32-x64\jre\17.0.3-win32-x86_64\bin\nio.dll
0x00007ffd10e60000 - 0x00007ffd10e70000 	c:\Users\JAIME CORTEZ\.vscode\extensions\redhat.java-1.9.0-win32-x64\jre\17.0.3-win32-x86_64\bin\verify.dll
0x00007ffd1af50000 - 0x00007ffd1af59000 	C:\Users\JAIME CORTEZ\.vscode\extensions\redhat.java-1.9.0-win32-x64\jre\17.0.3-win32-x86_64\bin\management.dll
0x00007ffd18d50000 - 0x00007ffd18d5b000 	C:\Users\JAIME CORTEZ\.vscode\extensions\redhat.java-1.9.0-win32-x64\jre\17.0.3-win32-x86_64\bin\management_ext.dll
0x00007ffcf15e0000 - 0x00007ffcf15f7000 	C:\WINDOWS\system32\napinsp.dll
0x00007ffcf15c0000 - 0x00007ffcf15db000 	C:\WINDOWS\system32\pnrpnsp.dll
0x00007ffd1db40000 - 0x00007ffd1dc28000 	C:\WINDOWS\SYSTEM32\DNSAPI.dll
0x00007ffd1dad0000 - 0x00007ffd1dafd000 	C:\WINDOWS\SYSTEM32\IPHLPAPI.DLL
0x00007ffd20250000 - 0x00007ffd20259000 	C:\WINDOWS\System32\NSI.dll
0x00007ffcb3120000 - 0x00007ffcb3132000 	C:\WINDOWS\System32\winrnr.dll
0x00007ffd16e70000 - 0x00007ffd16e85000 	C:\WINDOWS\system32\wshbth.dll
0x00007ffce6a30000 - 0x00007ffce6a4f000 	C:\WINDOWS\system32\nlansp_c.dll
0x00007ffd13770000 - 0x00007ffd1377a000 	C:\Windows\System32\rasadhlp.dll
0x00007ffd15000000 - 0x00007ffd15081000 	C:\WINDOWS\System32\fwpuclnt.dll
0x00007ffd1e620000 - 0x00007ffd1e638000 	C:\WINDOWS\SYSTEM32\CRYPTSP.dll
0x00007ffd1df00000 - 0x00007ffd1df35000 	C:\WINDOWS\system32\rsaenh.dll
0x00007ffd1e4c0000 - 0x00007ffd1e4e9000 	C:\WINDOWS\SYSTEM32\USERENV.dll
0x00007ffd1e790000 - 0x00007ffd1e7b7000 	C:\WINDOWS\SYSTEM32\bcrypt.dll
0x00007ffd1e610000 - 0x00007ffd1e61c000 	C:\WINDOWS\SYSTEM32\CRYPTBASE.dll
0x00007ffd16e90000 - 0x00007ffd16ea9000 	C:\WINDOWS\SYSTEM32\dhcpcsvc6.DLL
0x00007ffd17360000 - 0x00007ffd1737e000 	C:\WINDOWS\SYSTEM32\dhcpcsvc.DLL

dbghelp: loaded successfully - version: 4.0.5 - missing functions: none
symbol engine: initialized successfully - sym options: 0x614 - pdb path: .;c:\Users\JAIME CORTEZ\.vscode\extensions\redhat.java-1.9.0-win32-x64\jre\17.0.3-win32-x86_64\bin;C:\WINDOWS\SYSTEM32;C:\WINDOWS\WinSxS\amd64_microsoft.windows.common-controls_6595b64144ccf1df_6.0.22000.120_none_9d947278b86cc467;c:\Users\JAIME CORTEZ\.vscode\extensions\redhat.java-1.9.0-win32-x64\jre\17.0.3-win32-x86_64\bin\server

VM Arguments:
jvm_args: -Dsts.lsp.client=vscode -Dsts.log.file=/dev/null -XX:TieredStopAtLevel=1 -Dspring.config.location=file:c:\Users\JAIME CORTEZ\.vscode\extensions\pivotal.vscode-spring-boot-1.38.0\language-server\BOOT-INF\classes\application.properties 
java_command: org.springframework.ide.vscode.boot.app.BootLanguageServerBootApp
java_class_path (initial): c:\Users\JAIME CORTEZ\.vscode\extensions\pivotal.vscode-spring-boot-1.38.0\language-server\BOOT-INF\classes;c:\Users\JAIME CORTEZ\.vscode\extensions\pivotal.vscode-spring-boot-1.38.0\language-server\BOOT-INF\lib\annotations-23.0.0.jar;c:\Users\JAIME CORTEZ\.vscode\extensions\pivotal.vscode-spring-boot-1.38.0\language-server\BOOT-INF\lib\antlr-runtime-3.5.2.jar;c:\Users\JAIME CORTEZ\.vscode\extensions\pivotal.vscode-spring-boot-1.38.0\language-server\BOOT-INF\lib\antlr4-4.9.3.jar;c:\Users\JAIME CORTEZ\.vscode\extensions\pivotal.vscode-spring-boot-1.38.0\language-server\BOOT-INF\lib\antlr4-runtime-4.9.3.jar;c:\Users\JAIME CORTEZ\.vscode\extensions\pivotal.vscode-spring-boot-1.38.0\language-server\BOOT-INF\lib\asm-9.3.jar;c:\Users\JAIME CORTEZ\.vscode\extensions\pivotal.vscode-spring-boot-1.38.0\language-server\BOOT-INF\lib\asm-analysis-9.3.jar;c:\Users\JAIME CORTEZ\.vscode\extensions\pivotal.vscode-spring-boot-1.38.0\language-server\BOOT-INF\lib\asm-tree-9.3.jar;c:\Users\JAIME CORTEZ\.vscode\extensions\pivotal.vscode-spring-boot-1.38.0\language-server\BOOT-INF\lib\asm-util-9.3.jar;c:\Users\JAIME CORTEZ\.vscode\extensions\pivotal.vscode-spring-boot-1.38.0\language-server\BOOT-INF\lib\byte-buddy-1.10.18.jar;c:\Users\JAIME CORTEZ\.vscode\extensions\pivotal.vscode-spring-boot-1.38.0\language-server\BOOT-INF\lib\caffeine-2.8.6.jar;c:\Users\JAIME CORTEZ\.vscode\extensions\pivotal.vscode-spring-boot-1.38.0\language-server\BOOT-INF\lib\checker-qual-3.12.0.jar;c:\Users\JAIME CORTEZ\.vscode\extensions\pivotal.vscode-spring-boot-1.38.0\language-server\BOOT-INF\lib\classgraph-4.8.149.jar;c:\Users\JAIME CORTEZ\.vscode\extensions\pivotal.vscode-spring-boot-1.38.0\language-server\BOOT-INF\lib\commons-codec-1.14.jar;c:\Users\JAIME CORTEZ\.vscode\extensions\pivotal.vscode-spring-boot-1.38.0\language-server\BOOT-INF\lib\commons-compress-1.21.jar;c:\Users\JAIME CORTEZ\.vscode\extensions\pivotal.vscode-spring-boot-1.38.0\language-server\BOOT-INF\lib\commons-e
Launcher Type: SUN_STANDARD

[Global flags]
     intx CICompilerCount                          = 3                                         {product} {ergonomic}
     uint ConcGCThreads                            = 2                                         {product} {ergonomic}
     uint G1ConcRefinementThreads                  = 6                                         {product} {ergonomic}
   size_t G1HeapRegionSize                         = 1048576                                   {product} {ergonomic}
    uintx GCDrainStackTargetSize                   = 64                                        {product} {ergonomic}
   size_t InitialHeapSize                          = 123731968                                 {product} {ergonomic}
   size_t MarkStackSize                            = 4194304                                   {product} {ergonomic}
   size_t MaxHeapSize                              = 1977614336                                {product} {ergonomic}
   size_t MaxNewSize                               = 1185939456                                {product} {ergonomic}
   size_t MinHeapDeltaBytes                        = 1048576                                   {product} {ergonomic}
   size_t MinHeapSize                              = 8388608                                   {product} {ergonomic}
    uintx NonProfiledCodeHeapSize                  = 0                                      {pd product} {ergonomic}
     bool ProfileInterpreter                       = false                                  {pd product} {command line}
    uintx ProfiledCodeHeapSize                     = 0                                      {pd product} {ergonomic}
   size_t SoftMaxHeapSize                          = 1977614336                             {manageable} {ergonomic}
     intx TieredStopAtLevel                        = 1                                         {product} {command line}
     bool UseCompressedClassPointers               = true                           {product lp64_product} {ergonomic}
     bool UseCompressedOops                        = true                           {product lp64_product} {ergonomic}
     bool UseG1GC                                  = true                                      {product} {ergonomic}
     bool UseLargePagesIndividualAllocation        = false                                  {pd product} {ergonomic}

Logging:
Log output configuration:
 #0: stdout all=warning uptime,level,tags
 #1: stderr all=off uptime,level,tags

Environment Variables:
JAVA_HOME=C:\Program Files\Java\jdk-18.0.2
PATH=C:\Program Files (x86)\Common Files\Oracle\Java\javapath;C:\Program Files\Eclipse Adoptium\jdk-8.0.345.1-hotspot\bin;C:\Program Files\Eclipse Adoptium\jdk-17.0.4.8-hotspot\bin;C:\Program Files\Common Files\Oracle\Java\javapath;C:\WINDOWS\system32;C:\WINDOWS;C:\WINDOWS\System32\Wbem;C:\WINDOWS\System32\WindowsPowerShell\v1.0\;C:\WINDOWS\System32\OpenSSH\;C:\Program Files\Git\cmd;C:\Program Files\nodejs\;C:\Users\JAIME CORTEZ\AppData\Local\Programs\Python\Python310;C:\Users\JAIME CORTEZ\AppData\Local\Programs\Python\Python310\Scripts;C:\Program Files\PowerShell\7\;C:\Users\JAIME CORTEZ\AppData\Local\Microsoft\WindowsApps;C:\Users\JAIME CORTEZ\AppData\Local\GitHubDesktop\bin;C:\Users\JAIME CORTEZ\AppData\Roaming\npm;C:\Program Files\Java\jdk-18.0.2.1\lib;
USERNAME=JAIME CORTEZ
OS=Windows_NT
PROCESSOR_IDENTIFIER=AMD64 Family 23 Model 96 Stepping 1, AuthenticAMD



---------------  S Y S T E M  ---------------

OS:
 Windows 11 , 64 bit Build 22000 (10.0.22000.708)
OS uptime: 10 days 1:16 hours

CPU: total 6 (initial active 6) (6 cores per cpu, 1 threads per core) family 23 model 96 stepping 1 microcode 0x0, cx8, cmov, fxsr, mmx, 3dnowpref, sse, sse2, sse3, ssse3, sse4a, sse4.1, sse4.2, popcnt, lzcnt, tsc, tscinvbit, avx, avx2, aes, clmul, bmi1, bmi2, adx, sha, fma, vzeroupper, clflush, clflushopt

Memory: 4k page, system-wide physical 7542M (66M free)
TotalPageFile size 31094M (AvailPageFile size 4M)
current process WorkingSet (physical memory assigned to process): 134M, peak: 134M
current process commit charge ("private bytes"): 167M, peak: 217M

vm_info: OpenJDK 64-Bit Server VM (17.0.3+7) for windows-amd64 JRE (17.0.3+7), built on Apr 19 2022 16:55:35 by "" with MS VC++ 16.7 (VS2019)

END.
