#
# There is insufficient memory for the Java Runtime Environment to continue.
# Native memory allocation (mmap) failed to map 543162368 bytes for G1 virtual space
# Possible reasons:
#   The system is out of physical RAM or swap space
#   The process is running with CompressedOops enabled, and the Java Heap may be blocking the growth of the native heap
# Possible solutions:
#   Reduce memory load on the system
#   Increase physical memory or swap space
#   Check if swap backing store is full
#   Decrease Java heap size (-Xmx/-Xms)
#   Decrease number of Java threads
#   Decrease Java thread stack sizes (-Xss)
#   Set larger code cache with -XX:ReservedCodeCacheSize=
#   JVM is running with Unscaled Compressed Oops mode in which the Java heap is
#     placed in the first 4GB address space. The Java Heap base address is the
#     maximum limit for the native heap growth. Please use -XX:HeapBaseMinAddress
#     to set the Java Heap base and to place the Java Heap above 4GB virtual address.
# This output file may be truncated or incomplete.
#
#  Out of Memory Error (os_windows.cpp:3535), pid=168320, tid=204780
#
# JRE version: OpenJDK Runtime Environment Temurin-17.0.3+7 (17.0.3+7) (build 17.0.3+7)
# Java VM: OpenJDK 64-Bit Server VM Temurin-17.0.3+7 (17.0.3+7, mixed mode, emulated-client, tiered, compressed oops, compressed class ptrs, g1 gc, windows-amd64)
# No core dump will be written. Minidumps are not enabled by default on client versions of Windows
#

---------------  S U M M A R Y ------------

Command Line: -Dsts.lsp.client=vscode -Dsts.log.file=/dev/null -XX:TieredStopAtLevel=1 -Dspring.config.location=file:c:\Users\JAIME CORTEZ\.vscode\extensions\pivotal.vscode-spring-boot-1.38.0\language-server\BOOT-INF\classes\application.properties org.springframework.ide.vscode.boot.app.BootLanguageServerBootApp

Host: AMD Ryzen 5 4500U with Radeon Graphics         , 6 cores, 7G,  Windows 11 , 64 bit Build 22000 (10.0.22000.708)
Time: Tue Aug 30 10:33:30 2022 Hora est. Pacífico, Sudamérica elapsed time: 3.941308 seconds (0d 0h 0m 3s)

---------------  T H R E A D  ---------------

Current thread (0x0000021fc268b200):  VMThread "VM Thread" [stack: 0x000000cfb3100000,0x000000cfb3200000] [id=204780]

Stack: [0x000000cfb3100000,0x000000cfb3200000]
Native frames: (J=compiled Java code, j=interpreted, Vv=VM code, C=native code)
V  [jvm.dll+0x675efa]
V  [jvm.dll+0x830a24]
V  [jvm.dll+0x8321ce]
V  [jvm.dll+0x832833]
V  [jvm.dll+0x2454b5]
V  [jvm.dll+0x672de9]
V  [jvm.dll+0x667732]
V  [jvm.dll+0x3043ab]
V  [jvm.dll+0x30b8f6]
V  [jvm.dll+0x35b62e]
V  [jvm.dll+0x35b85f]
V  [jvm.dll+0x2db248]
V  [jvm.dll+0x2d94fc]
V  [jvm.dll+0x2d8acc]
V  [jvm.dll+0x31ca2b]
V  [jvm.dll+0x836cdb]
V  [jvm.dll+0x837a14]
V  [jvm.dll+0x837f2c]
V  [jvm.dll+0x838304]
V  [jvm.dll+0x8383d0]
V  [jvm.dll+0x7e0cfa]
V  [jvm.dll+0x674d85]
C  [ucrtbase.dll+0x26c0c]
C  [KERNEL32.DLL+0x154e0]
C  [ntdll.dll+0x485b]

VM_Operation (0x000000cfb4efdc20): G1CollectForAllocation, mode: safepoint, requested by thread 0x0000021fc513e400


---------------  P R O C E S S  ---------------

Threads class SMR info:
_java_thread_list=0x0000021fc6d8a260, length=32, elements={
0x0000021fc26a63a0, 0x0000021fc26a7070, 0x0000021fc314a130, 0x0000021fc314a9f0,
0x0000021fc314b6c0, 0x0000021fc314bf80, 0x0000021fc314d310, 0x0000021fc314e950,
0x0000021fc3337b30, 0x0000021fc3346080, 0x0000021fc334c5b0, 0x0000021fc334eed0,
0x0000021fc5010b50, 0x0000021fc50f7c60, 0x0000021fc50f8130, 0x0000021fb5d0ad70,
0x0000021fc5089fd0, 0x0000021fc513d590, 0x0000021fc513ccf0, 0x0000021fc513da60,
0x0000021fc513df30, 0x0000021fc513e400, 0x0000021fc513b6d0, 0x0000021fc513bba0,
0x0000021fc513ad30, 0x0000021fc513b200, 0x0000021fc513c540, 0x0000021fc513c070,
0x0000021fc537a670, 0x0000021fc5377ff0, 0x0000021fc5379330, 0x0000021fc5375e40
}

Java Threads: ( => current thread )
  0x0000021fc26a63a0 JavaThread "Reference Handler" daemon [_thread_blocked, id=207364, stack(0x000000cfb3200000,0x000000cfb3300000)]
  0x0000021fc26a7070 JavaThread "Finalizer" daemon [_thread_blocked, id=197360, stack(0x000000cfb3300000,0x000000cfb3400000)]
  0x0000021fc314a130 JavaThread "Signal Dispatcher" daemon [_thread_blocked, id=200408, stack(0x000000cfb3400000,0x000000cfb3500000)]
  0x0000021fc314a9f0 JavaThread "Attach Listener" daemon [_thread_blocked, id=176312, stack(0x000000cfb3500000,0x000000cfb3600000)]
  0x0000021fc314b6c0 JavaThread "Service Thread" daemon [_thread_blocked, id=197804, stack(0x000000cfb3600000,0x000000cfb3700000)]
  0x0000021fc314bf80 JavaThread "Monitor Deflation Thread" daemon [_thread_blocked, id=197700, stack(0x000000cfb3700000,0x000000cfb3800000)]
  0x0000021fc314d310 JavaThread "C1 CompilerThread0" daemon [_thread_blocked, id=189868, stack(0x000000cfb3800000,0x000000cfb3900000)]
  0x0000021fc314e950 JavaThread "Sweeper thread" daemon [_thread_blocked, id=127624, stack(0x000000cfb3900000,0x000000cfb3a00000)]
  0x0000021fc3337b30 JavaThread "C1 CompilerThread1" daemon [_thread_blocked, id=2872, stack(0x000000cfb3a00000,0x000000cfb3b00000)]
  0x0000021fc3346080 JavaThread "C1 CompilerThread2" daemon [_thread_blocked, id=195100, stack(0x000000cfb3b00000,0x000000cfb3c00000)]
  0x0000021fc334c5b0 JavaThread "Notification Thread" daemon [_thread_blocked, id=190472, stack(0x000000cfb3c00000,0x000000cfb3d00000)]
  0x0000021fc334eed0 JavaThread "Common-Cleaner" daemon [_thread_blocked, id=204996, stack(0x000000cfb3e00000,0x000000cfb3f00000)]
  0x0000021fc5010b50 JavaThread "ForkJoinPool.commonPool-worker-1" daemon [_thread_blocked, id=196752, stack(0x000000cfb4500000,0x000000cfb4600000)]
  0x0000021fc50f7c60 JavaThread "pool-7-thread-1" [_thread_blocked, id=204892, stack(0x000000cfb4700000,0x000000cfb4800000)]
  0x0000021fc50f8130 JavaThread "LanguageServerApp-lifecycle" [_thread_blocked, id=204060, stack(0x000000cfb4800000,0x000000cfb4900000)]
  0x0000021fb5d0ad70 JavaThread "DestroyJavaVM" [_thread_blocked, id=111876, stack(0x000000cfb2b00000,0x000000cfb2c00000)]
  0x0000021fc5089fd0 JavaThread "ClassGraph-worker-0" daemon [_thread_blocked, id=204596, stack(0x000000cfb4900000,0x000000cfb4a00000)]
  0x0000021fc513d590 JavaThread "ClassGraph-worker-1" daemon [_thread_blocked, id=197436, stack(0x000000cfb4a00000,0x000000cfb4b00000)]
  0x0000021fc513ccf0 JavaThread "ClassGraph-worker-2" daemon [_thread_blocked, id=205516, stack(0x000000cfb4b00000,0x000000cfb4c00000)]
  0x0000021fc513da60 JavaThread "ClassGraph-worker-3" daemon [_thread_blocked, id=206268, stack(0x000000cfb4c00000,0x000000cfb4d00000)]
  0x0000021fc513df30 JavaThread "ClassGraph-worker-4" daemon [_thread_blocked, id=131192, stack(0x000000cfb4d00000,0x000000cfb4e00000)]
  0x0000021fc513e400 JavaThread "ClassGraph-worker-5" daemon [_thread_blocked, id=192668, stack(0x000000cfb4e00000,0x000000cfb4f00000)]
  0x0000021fc513b6d0 JavaThread "ClassGraph-worker-6" daemon [_thread_blocked, id=203828, stack(0x000000cfb4f00000,0x000000cfb5000000)]
  0x0000021fc513bba0 JavaThread "ClassGraph-worker-7" daemon [_thread_blocked, id=205752, stack(0x000000cfb5000000,0x000000cfb5100000)]
  0x0000021fc513ad30 JavaThread "ClassGraph-worker-8" daemon [_thread_blocked, id=202864, stack(0x000000cfb5100000,0x000000cfb5200000)]
  0x0000021fc513b200 JavaThread "ClassGraph-worker-9" daemon [_thread_blocked, id=193516, stack(0x000000cfb5200000,0x000000cfb5300000)]
  0x0000021fc513c540 JavaThread "ClassGraph-worker-10" daemon [_thread_blocked, id=48184, stack(0x000000cfb5300000,0x000000cfb5400000)]
  0x0000021fc513c070 JavaThread "ClassGraph-worker-11" daemon [_thread_blocked, id=198328, stack(0x000000cfb5400000,0x000000cfb5500000)]
  0x0000021fc537a670 JavaThread "pool-8-thread-1" [_thread_in_native, id=199456, stack(0x000000cfb5500000,0x000000cfb5600000)]
  0x0000021fc5377ff0 JavaThread "Simple-Language-Server main thread" daemon [_thread_blocked, id=199984, stack(0x000000cfb5600000,0x000000cfb5700000)]
  0x0000021fc5379330 JavaThread "pool-2-thread-1" [_thread_blocked, id=197092, stack(0x000000cfb5700000,0x000000cfb5800000)]
  0x0000021fc5375e40 JavaThread "parallel-1" daemon [_thread_blocked, id=207184, stack(0x000000cfb5800000,0x000000cfb5900000)]

Other Threads:
=>0x0000021fc268b200 VMThread "VM Thread" [stack: 0x000000cfb3100000,0x000000cfb3200000] [id=204780]
  0x0000021fc334ea90 WatcherThread [stack: 0x000000cfb3d00000,0x000000cfb3e00000] [id=200776]
  0x0000021fb5d62fa0 GCTaskThread "GC Thread#0" [stack: 0x000000cfb2c00000,0x000000cfb2d00000] [id=200344]
  0x0000021fc3be3ff0 GCTaskThread "GC Thread#1" [stack: 0x000000cfb3f00000,0x000000cfb4000000] [id=198220]
  0x0000021fc3cbe550 GCTaskThread "GC Thread#2" [stack: 0x000000cfb4000000,0x000000cfb4100000] [id=177840]
  0x0000021fc3cbe800 GCTaskThread "GC Thread#3" [stack: 0x000000cfb4100000,0x000000cfb4200000] [id=206784]
  0x0000021fc3cbeab0 GCTaskThread "GC Thread#4" [stack: 0x000000cfb4200000,0x000000cfb4300000] [id=115964]
  0x0000021fc3cbf570 GCTaskThread "GC Thread#5" [stack: 0x000000cfb4300000,0x000000cfb4400000] [id=103384]
  0x0000021fb5d72b10 ConcurrentGCThread "G1 Main Marker" [stack: 0x000000cfb2d00000,0x000000cfb2e00000] [id=204368]
  0x0000021fb5d74be0 ConcurrentGCThread "G1 Conc#0" [stack: 0x000000cfb2e00000,0x000000cfb2f00000] [id=176868]
  0x0000021fc4aa0a90 ConcurrentGCThread "G1 Conc#1" [stack: 0x000000cfb4600000,0x000000cfb4700000] [id=203596]
  0x0000021fc2500090 ConcurrentGCThread "G1 Refine#0" [stack: 0x000000cfb2f00000,0x000000cfb3000000] [id=201948]
  0x0000021fc3cbf820 ConcurrentGCThread "G1 Refine#1" [stack: 0x000000cfb4400000,0x000000cfb4500000] [id=187500]
  0x0000021fc2501770 ConcurrentGCThread "G1 Service" [stack: 0x000000cfb3000000,0x000000cfb3100000] [id=176120]

Threads with active compile tasks:

VM state: at safepoint (normal execution)

VM Mutex/Monitor currently owned by a thread:  ([mutex/lock_event])
[0x0000021fb39db040] Threads_lock - owner thread: 0x0000021fc268b200
[0x0000021fb5d08ab0] Heap_lock - owner thread: 0x0000021fc513e400

Heap address: 0x000000008a200000, size: 1886 MB, Compressed Oops mode: 32-bit

CDS archive(s) not mapped
Compressed class space mapped at: 0x0000000100000000-0x0000000140000000, reserved size: 1073741824
Narrow klass base: 0x0000000000000000, Narrow klass shift: 3, Narrow klass range: 0x140000000

GC Precious Log:
 CPUs: 6 total, 6 available
 Memory: 7542M
 Large Page Support: Disabled
 NUMA Support: Disabled
 Compressed Oops: Enabled (32-bit)
 Heap Region Size: 1M
 Heap Min Capacity: 8M
 Heap Initial Capacity: 118M
 Heap Max Capacity: 1886M
 Pre-touch: Disabled
 Parallel Workers: 6
 Concurrent Workers: 2
 Concurrent Refinement Workers: 6
 Periodic GC: Disabled

Heap:
 garbage-first heap   total 336896K, used 90350K [0x000000008a200000, 0x0000000100000000)
  region size 1024K, 14 young (14336K), 14 survivors (14336K)
 Metaspace       used 35085K, committed 35392K, reserved 1081344K
  class space    used 4555K, committed 4736K, reserved 1048576K

Heap Regions: E=young(eden), S=young(survivor), O=old, HS=humongous(starts), HC=humongous(continues), CS=collection set, F=free, OA=open archive, CA=closed archive, TAMS=top-at-mark-start (previous, next)
|   0|0x000000008a200000, 0x000000008a300000, 0x000000008a300000|100%| O|  |TAMS 0x000000008a300000, 0x000000008a200000| Untracked 
|   1|0x000000008a300000, 0x000000008a400000, 0x000000008a400000|100%| O|  |TAMS 0x000000008a400000, 0x000000008a300000| Untracked 
|   2|0x000000008a400000, 0x000000008a500000, 0x000000008a500000|100%| O|  |TAMS 0x000000008a500000, 0x000000008a400000| Untracked 
|   3|0x000000008a500000, 0x000000008a600000, 0x000000008a600000|100%| O|  |TAMS 0x000000008a600000, 0x000000008a500000| Untracked 
|   4|0x000000008a600000, 0x000000008a700000, 0x000000008a700000|100%| O|  |TAMS 0x000000008a700000, 0x000000008a600000| Untracked 
|   5|0x000000008a700000, 0x000000008a800000, 0x000000008a800000|100%| O|  |TAMS 0x000000008a800000, 0x000000008a700000| Untracked 
|   6|0x000000008a800000, 0x000000008a900000, 0x000000008a900000|100%| O|  |TAMS 0x000000008a900000, 0x000000008a800000| Untracked 
|   7|0x000000008a900000, 0x000000008aa00000, 0x000000008aa00000|100%| O|  |TAMS 0x000000008aa00000, 0x000000008a900000| Untracked 
|   8|0x000000008aa00000, 0x000000008ab00000, 0x000000008ab00000|100%| O|  |TAMS 0x000000008ab00000, 0x000000008aa00000| Untracked 
|   9|0x000000008ab00000, 0x000000008ac00000, 0x000000008ac00000|100%| O|  |TAMS 0x000000008ac00000, 0x000000008ab00000| Untracked 
|  10|0x000000008ac00000, 0x000000008ad00000, 0x000000008ad00000|100%| O|  |TAMS 0x000000008ad00000, 0x000000008ac00000| Untracked 
|  11|0x000000008ad00000, 0x000000008ae00000, 0x000000008ae00000|100%| O|  |TAMS 0x000000008ae00000, 0x000000008ad00000| Untracked 
|  12|0x000000008ae00000, 0x000000008af00000, 0x000000008af00000|100%| O|  |TAMS 0x000000008af00000, 0x000000008ae00000| Untracked 
|  13|0x000000008af00000, 0x000000008b000000, 0x000000008b000000|100%| O|  |TAMS 0x000000008b000000, 0x000000008af00000| Untracked 
|  14|0x000000008b000000, 0x000000008b100000, 0x000000008b100000|100%| O|  |TAMS 0x000000008b100000, 0x000000008b000000| Untracked 
|  15|0x000000008b100000, 0x000000008b200000, 0x000000008b200000|100%| O|  |TAMS 0x000000008b200000, 0x000000008b100000| Untracked 
|  16|0x000000008b200000, 0x000000008b300000, 0x000000008b300000|100%| O|  |TAMS 0x000000008b300000, 0x000000008b200000| Untracked 
|  17|0x000000008b300000, 0x000000008b400000, 0x000000008b400000|100%| O|  |TAMS 0x000000008b400000, 0x000000008b300000| Untracked 
|  18|0x000000008b400000, 0x000000008b500000, 0x000000008b500000|100%| O|  |TAMS 0x000000008b500000, 0x000000008b400000| Untracked 
|  19|0x000000008b500000, 0x000000008b600000, 0x000000008b600000|100%| O|  |TAMS 0x000000008b600000, 0x000000008b500000| Untracked 
|  20|0x000000008b600000, 0x000000008b700000, 0x000000008b700000|100%| O|  |TAMS 0x000000008b700000, 0x000000008b600000| Untracked 
|  21|0x000000008b700000, 0x000000008b800000, 0x000000008b800000|100%| O|  |TAMS 0x000000008b800000, 0x000000008b700000| Untracked 
|  22|0x000000008b800000, 0x000000008b900000, 0x000000008b900000|100%| O|  |TAMS 0x000000008b900000, 0x000000008b800000| Untracked 
|  23|0x000000008b900000, 0x000000008ba00000, 0x000000008ba00000|100%| O|  |TAMS 0x000000008ba00000, 0x000000008b900000| Untracked 
|  24|0x000000008ba00000, 0x000000008bb00000, 0x000000008bb00000|100%| O|  |TAMS 0x000000008bb00000, 0x000000008ba00000| Untracked 
|  25|0x000000008bb00000, 0x000000008bc00000, 0x000000008bc00000|100%| O|  |TAMS 0x000000008bc00000, 0x000000008bb00000| Untracked 
|  26|0x000000008bc00000, 0x000000008bd00000, 0x000000008bd00000|100%| O|  |TAMS 0x000000008bd00000, 0x000000008bc00000| Untracked 
|  27|0x000000008bd00000, 0x000000008be00000, 0x000000008be00000|100%| O|  |TAMS 0x000000008be00000, 0x000000008bd00000| Untracked 
|  28|0x000000008be00000, 0x000000008bf00000, 0x000000008bf00000|100%| O|  |TAMS 0x000000008bf00000, 0x000000008be00000| Untracked 
|  29|0x000000008bf00000, 0x000000008c000000, 0x000000008c000000|100%| O|  |TAMS 0x000000008c000000, 0x000000008bf00000| Untracked 
|  30|0x000000008c000000, 0x000000008c100000, 0x000000008c100000|100%| O|  |TAMS 0x000000008c100000, 0x000000008c000000| Untracked 
|  31|0x000000008c100000, 0x000000008c200000, 0x000000008c200000|100%| O|  |TAMS 0x000000008c200000, 0x000000008c100000| Untracked 
|  32|0x000000008c200000, 0x000000008c300000, 0x000000008c300000|100%| O|  |TAMS 0x000000008c300000, 0x000000008c200000| Untracked 
|  33|0x000000008c300000, 0x000000008c400000, 0x000000008c400000|100%| O|  |TAMS 0x000000008c400000, 0x000000008c300000| Untracked 
|  34|0x000000008c400000, 0x000000008c500000, 0x000000008c500000|100%| O|  |TAMS 0x000000008c500000, 0x000000008c400000| Untracked 
|  35|0x000000008c500000, 0x000000008c600000, 0x000000008c600000|100%| O|  |TAMS 0x000000008c600000, 0x000000008c500000| Untracked 
|  36|0x000000008c600000, 0x000000008c700000, 0x000000008c700000|100%| O|  |TAMS 0x000000008c600000, 0x000000008c600000| Untracked 
|  37|0x000000008c700000, 0x000000008c800000, 0x000000008c800000|100%|HS|  |TAMS 0x000000008c800000, 0x000000008c700000| Complete 
|  38|0x000000008c800000, 0x000000008c900000, 0x000000008c900000|100%| O|  |TAMS 0x000000008c900000, 0x000000008c800000| Untracked 
|  39|0x000000008c900000, 0x000000008ca00000, 0x000000008ca00000|100%| O|  |TAMS 0x000000008ca00000, 0x000000008c900000| Untracked 
|  40|0x000000008ca00000, 0x000000008cb00000, 0x000000008cb00000|100%| O|  |TAMS 0x000000008cb00000, 0x000000008ca00000| Untracked 
|  41|0x000000008cb00000, 0x000000008cc00000, 0x000000008cc00000|100%| O|  |TAMS 0x000000008cc00000, 0x000000008cb00000| Untracked 
|  42|0x000000008cc00000, 0x000000008cd00000, 0x000000008cd00000|100%| O|  |TAMS 0x000000008cd00000, 0x000000008cc00000| Untracked 
|  43|0x000000008cd00000, 0x000000008ce00000, 0x000000008ce00000|100%| O|  |TAMS 0x000000008ce00000, 0x000000008cd00000| Untracked 
|  44|0x000000008ce00000, 0x000000008cf00000, 0x000000008cf00000|100%| O|  |TAMS 0x000000008cf00000, 0x000000008ce00000| Untracked 
|  45|0x000000008cf00000, 0x000000008d000000, 0x000000008d000000|100%| O|  |TAMS 0x000000008d000000, 0x000000008cf00000| Untracked 
|  46|0x000000008d000000, 0x000000008d100000, 0x000000008d100000|100%| O|  |TAMS 0x000000008d100000, 0x000000008d000000| Untracked 
|  47|0x000000008d100000, 0x000000008d200000, 0x000000008d200000|100%| O|  |TAMS 0x000000008d200000, 0x000000008d100000| Untracked 
|  48|0x000000008d200000, 0x000000008d300000, 0x000000008d300000|100%| O|  |TAMS 0x000000008d300000, 0x000000008d200000| Untracked 
|  49|0x000000008d300000, 0x000000008d400000, 0x000000008d400000|100%| O|  |TAMS 0x000000008d400000, 0x000000008d300000| Untracked 
|  50|0x000000008d400000, 0x000000008d500000, 0x000000008d500000|100%| O|  |TAMS 0x000000008d500000, 0x000000008d400000| Untracked 
|  51|0x000000008d500000, 0x000000008d600000, 0x000000008d600000|100%| O|  |TAMS 0x000000008d600000, 0x000000008d500000| Untracked 
|  52|0x000000008d600000, 0x000000008d700000, 0x000000008d700000|100%| O|  |TAMS 0x000000008d700000, 0x000000008d600000| Untracked 
|  53|0x000000008d700000, 0x000000008d800000, 0x000000008d800000|100%| O|  |TAMS 0x000000008d800000, 0x000000008d700000| Untracked 
|  54|0x000000008d800000, 0x000000008d900000, 0x000000008d900000|100%| O|  |TAMS 0x000000008d900000, 0x000000008d800000| Untracked 
|  55|0x000000008d900000, 0x000000008da00000, 0x000000008da00000|100%| O|  |TAMS 0x000000008d900000, 0x000000008d900000| Untracked 
|  56|0x000000008da00000, 0x000000008db00000, 0x000000008db00000|100%| O|  |TAMS 0x000000008db00000, 0x000000008da00000| Untracked 
|  57|0x000000008db00000, 0x000000008dc00000, 0x000000008dc00000|100%| O|  |TAMS 0x000000008dc00000, 0x000000008db00000| Untracked 
|  58|0x000000008dc00000, 0x000000008dd00000, 0x000000008dd00000|100%| O|  |TAMS 0x000000008dd00000, 0x000000008dc00000| Untracked 
|  59|0x000000008dd00000, 0x000000008de00000, 0x000000008de00000|100%| O|  |TAMS 0x000000008dd00000, 0x000000008dd00000| Untracked 
|  60|0x000000008de00000, 0x000000008df00000, 0x000000008df00000|100%| O|  |TAMS 0x000000008de00000, 0x000000008de00000| Untracked 
|  61|0x000000008df00000, 0x000000008e000000, 0x000000008e000000|100%| O|  |TAMS 0x000000008df00000, 0x000000008df00000| Untracked 
|  62|0x000000008e000000, 0x000000008e100000, 0x000000008e100000|100%| O|  |TAMS 0x000000008e000000, 0x000000008e000000| Untracked 
|  63|0x000000008e100000, 0x000000008e200000, 0x000000008e200000|100%| O|  |TAMS 0x000000008e100000, 0x000000008e100000| Untracked 
|  64|0x000000008e200000, 0x000000008e300000, 0x000000008e300000|100%| O|  |TAMS 0x000000008e200000, 0x000000008e200000| Untracked 
|  65|0x000000008e300000, 0x000000008e400000, 0x000000008e400000|100%| O|  |TAMS 0x000000008e300000, 0x000000008e300000| Untracked 
|  66|0x000000008e400000, 0x000000008e500000, 0x000000008e500000|100%| O|  |TAMS 0x000000008e400000, 0x000000008e400000| Untracked 
|  67|0x000000008e500000, 0x000000008e600000, 0x000000008e600000|100%| O|  |TAMS 0x000000008e500000, 0x000000008e500000| Untracked 
|  68|0x000000008e600000, 0x000000008e700000, 0x000000008e700000|100%| O|  |TAMS 0x000000008e600000, 0x000000008e600000| Untracked 
|  69|0x000000008e700000, 0x000000008e800000, 0x000000008e800000|100%| O|  |TAMS 0x000000008e700000, 0x000000008e700000| Untracked 
|  70|0x000000008e800000, 0x000000008e900000, 0x000000008e900000|100%| O|  |TAMS 0x000000008e800000, 0x000000008e800000| Untracked 
|  71|0x000000008e900000, 0x000000008ea00000, 0x000000008ea00000|100%| O|  |TAMS 0x000000008e900000, 0x000000008e900000| Untracked 
|  72|0x000000008ea00000, 0x000000008eb00000, 0x000000008eb00000|100%| O|  |TAMS 0x000000008ea00000, 0x000000008ea00000| Untracked 
|  73|0x000000008eb00000, 0x000000008ec00000, 0x000000008ec00000|100%| O|  |TAMS 0x000000008eb00000, 0x000000008eb00000| Untracked 
|  74|0x000000008ec00000, 0x000000008ec3ba00, 0x000000008ed00000| 23%| O|  |TAMS 0x000000008ec00000, 0x000000008ec00000| Untracked 
|  75|0x000000008ed00000, 0x000000008ed00000, 0x000000008ee00000|  0%| F|  |TAMS 0x000000008ed00000, 0x000000008ed00000| Untracked 
|  76|0x000000008ee00000, 0x000000008ee00000, 0x000000008ef00000|  0%| F|  |TAMS 0x000000008ee00000, 0x000000008ee00000| Untracked 
|  77|0x000000008ef00000, 0x000000008ef00000, 0x000000008f000000|  0%| F|  |TAMS 0x000000008ef00000, 0x000000008ef00000| Untracked 
|  78|0x000000008f000000, 0x000000008f000000, 0x000000008f100000|  0%| F|  |TAMS 0x000000008f000000, 0x000000008f000000| Untracked 
|  79|0x000000008f100000, 0x000000008f100000, 0x000000008f200000|  0%| F|  |TAMS 0x000000008f100000, 0x000000008f100000| Untracked 
|  80|0x000000008f200000, 0x000000008f200000, 0x000000008f300000|  0%| F|  |TAMS 0x000000008f200000, 0x000000008f200000| Untracked 
|  81|0x000000008f300000, 0x000000008f300000, 0x000000008f400000|  0%| F|  |TAMS 0x000000008f300000, 0x000000008f300000| Untracked 
|  82|0x000000008f400000, 0x000000008f400000, 0x000000008f500000|  0%| F|  |TAMS 0x000000008f400000, 0x000000008f400000| Untracked 
|  83|0x000000008f500000, 0x000000008f500000, 0x000000008f600000|  0%| F|  |TAMS 0x000000008f500000, 0x000000008f500000| Untracked 
|  84|0x000000008f600000, 0x000000008f600000, 0x000000008f700000|  0%| F|  |TAMS 0x000000008f600000, 0x000000008f600000| Untracked 
|  85|0x000000008f700000, 0x000000008f700000, 0x000000008f800000|  0%| F|  |TAMS 0x000000008f700000, 0x000000008f700000| Untracked 
|  86|0x000000008f800000, 0x000000008f800000, 0x000000008f900000|  0%| F|  |TAMS 0x000000008f800000, 0x000000008f800000| Untracked 
|  87|0x000000008f900000, 0x000000008f900000, 0x000000008fa00000|  0%| F|  |TAMS 0x000000008f900000, 0x000000008f900000| Untracked 
|  88|0x000000008fa00000, 0x000000008fa00000, 0x000000008fb00000|  0%| F|  |TAMS 0x000000008fa00000, 0x000000008fa00000| Untracked 
|  89|0x000000008fb00000, 0x000000008fb00000, 0x000000008fc00000|  0%| F|  |TAMS 0x000000008fb00000, 0x000000008fb00000| Untracked 
|  90|0x000000008fc00000, 0x000000008fc00000, 0x000000008fd00000|  0%| F|  |TAMS 0x000000008fc00000, 0x000000008fc00000| Untracked 
|  91|0x000000008fd00000, 0x000000008fd00000, 0x000000008fe00000|  0%| F|  |TAMS 0x000000008fd00000, 0x000000008fd00000| Untracked 
|  92|0x000000008fe00000, 0x000000008fe00000, 0x000000008ff00000|  0%| F|  |TAMS 0x000000008fe00000, 0x000000008fe00000| Untracked 
|  93|0x000000008ff00000, 0x000000008ff00000, 0x0000000090000000|  0%| F|  |TAMS 0x000000008ff00000, 0x000000008ff00000| Untracked 
|  94|0x0000000090000000, 0x0000000090000000, 0x0000000090100000|  0%| F|  |TAMS 0x0000000090000000, 0x0000000090000000| Untracked 
|  95|0x0000000090100000, 0x0000000090100000, 0x0000000090200000|  0%| F|  |TAMS 0x0000000090100000, 0x0000000090100000| Untracked 
|  96|0x0000000090200000, 0x0000000090200000, 0x0000000090300000|  0%| F|  |TAMS 0x0000000090200000, 0x0000000090200000| Untracked 
|  97|0x0000000090300000, 0x0000000090300000, 0x0000000090400000|  0%| F|  |TAMS 0x0000000090300000, 0x0000000090300000| Untracked 
|  98|0x0000000090400000, 0x0000000090400000, 0x0000000090500000|  0%| F|  |TAMS 0x0000000090400000, 0x0000000090400000| Untracked 
|  99|0x0000000090500000, 0x0000000090500000, 0x0000000090600000|  0%| F|  |TAMS 0x0000000090500000, 0x0000000090500000| Untracked 
| 100|0x0000000090600000, 0x0000000090600000, 0x0000000090700000|  0%| F|  |TAMS 0x0000000090600000, 0x0000000090600000| Untracked 
| 101|0x0000000090700000, 0x0000000090700000, 0x0000000090800000|  0%| F|  |TAMS 0x0000000090700000, 0x0000000090700000| Untracked 
| 102|0x0000000090800000, 0x0000000090800000, 0x0000000090900000|  0%| F|  |TAMS 0x0000000090800000, 0x0000000090800000| Untracked 
| 103|0x0000000090900000, 0x0000000090900000, 0x0000000090a00000|  0%| F|  |TAMS 0x0000000090900000, 0x0000000090900000| Untracked 
| 104|0x0000000090a00000, 0x0000000090a00000, 0x0000000090b00000|  0%| F|  |TAMS 0x0000000090a00000, 0x0000000090a00000| Untracked 
| 105|0x0000000090b00000, 0x0000000090b00000, 0x0000000090c00000|  0%| F|  |TAMS 0x0000000090b00000, 0x0000000090b00000| Untracked 
| 106|0x0000000090c00000, 0x0000000090c00000, 0x0000000090d00000|  0%| F|  |TAMS 0x0000000090c00000, 0x0000000090c00000| Untracked 
| 107|0x0000000090d00000, 0x0000000090d00000, 0x0000000090e00000|  0%| F|  |TAMS 0x0000000090d00000, 0x0000000090d00000| Untracked 
| 108|0x0000000090e00000, 0x0000000090e00000, 0x0000000090f00000|  0%| F|  |TAMS 0x0000000090e00000, 0x0000000090e00000| Untracked 
| 109|0x0000000090f00000, 0x0000000090f00000, 0x0000000091000000|  0%| F|  |TAMS 0x0000000090f00000, 0x0000000090f00000| Untracked 
| 110|0x0000000091000000, 0x0000000091000000, 0x0000000091100000|  0%| F|  |TAMS 0x0000000091000000, 0x0000000091000000| Untracked 
| 111|0x0000000091100000, 0x0000000091100000, 0x0000000091200000|  0%| F|  |TAMS 0x0000000091100000, 0x0000000091100000| Untracked 
| 112|0x0000000091200000, 0x0000000091200000, 0x0000000091300000|  0%| F|  |TAMS 0x0000000091200000, 0x0000000091200000| Untracked 
| 113|0x0000000091300000, 0x0000000091300000, 0x0000000091400000|  0%| F|  |TAMS 0x0000000091300000, 0x0000000091300000| Untracked 
| 114|0x0000000091400000, 0x0000000091400000, 0x0000000091500000|  0%| F|  |TAMS 0x0000000091400000, 0x0000000091400000| Untracked 
| 115|0x0000000091500000, 0x0000000091500000, 0x0000000091600000|  0%| F|  |TAMS 0x0000000091500000, 0x0000000091500000| Untracked 
| 116|0x0000000091600000, 0x0000000091600000, 0x0000000091700000|  0%| F|  |TAMS 0x0000000091600000, 0x0000000091600000| Untracked 
| 117|0x0000000091700000, 0x0000000091700000, 0x0000000091800000|  0%| F|  |TAMS 0x0000000091700000, 0x0000000091700000| Untracked 
| 118|0x0000000091800000, 0x0000000091800000, 0x0000000091900000|  0%| F|  |TAMS 0x0000000091800000, 0x0000000091800000| Untracked 
| 119|0x0000000091900000, 0x0000000091900000, 0x0000000091a00000|  0%| F|  |TAMS 0x0000000091900000, 0x0000000091900000| Untracked 
| 120|0x0000000091a00000, 0x0000000091b00000, 0x0000000091b00000|100%| S|CS|TAMS 0x0000000091a00000, 0x0000000091a00000| Complete 
| 121|0x0000000091b00000, 0x0000000091c00000, 0x0000000091c00000|100%| S|CS|TAMS 0x0000000091b00000, 0x0000000091b00000| Complete 
| 122|0x0000000091c00000, 0x0000000091d00000, 0x0000000091d00000|100%| S|CS|TAMS 0x0000000091c00000, 0x0000000091c00000| Complete 
| 123|0x0000000091d00000, 0x0000000091e00000, 0x0000000091e00000|100%| S|CS|TAMS 0x0000000091d00000, 0x0000000091d00000| Complete 
| 124|0x0000000091e00000, 0x0000000091f00000, 0x0000000091f00000|100%| S|CS|TAMS 0x0000000091e00000, 0x0000000091e00000| Complete 
| 125|0x0000000091f00000, 0x0000000091f00000, 0x0000000092000000|  0%| F|  |TAMS 0x0000000091f00000, 0x0000000091f00000| Untracked 
| 126|0x0000000092000000, 0x0000000092000000, 0x0000000092100000|  0%| F|  |TAMS 0x0000000092000000, 0x0000000092000000| Untracked 
| 127|0x0000000092100000, 0x0000000092100000, 0x0000000092200000|  0%| F|  |TAMS 0x0000000092100000, 0x0000000092100000| Untracked 
| 128|0x0000000092200000, 0x0000000092200000, 0x0000000092300000|  0%| F|  |TAMS 0x0000000092200000, 0x0000000092200000| Untracked 
| 129|0x0000000092300000, 0x0000000092300000, 0x0000000092400000|  0%| F|  |TAMS 0x0000000092300000, 0x0000000092300000| Untracked 
| 130|0x0000000092400000, 0x0000000092400000, 0x0000000092500000|  0%| F|  |TAMS 0x0000000092400000, 0x0000000092400000| Untracked 
| 131|0x0000000092500000, 0x0000000092500000, 0x0000000092600000|  0%| F|  |TAMS 0x0000000092500000, 0x0000000092500000| Untracked 
| 132|0x0000000092600000, 0x0000000092600000, 0x0000000092700000|  0%| F|  |TAMS 0x0000000092600000, 0x0000000092600000| Untracked 
| 133|0x0000000092700000, 0x0000000092700000, 0x0000000092800000|  0%| F|  |TAMS 0x0000000092700000, 0x0000000092700000| Untracked 
| 134|0x0000000092800000, 0x0000000092800000, 0x0000000092900000|  0%| F|  |TAMS 0x0000000092800000, 0x0000000092800000| Untracked 
| 135|0x0000000092900000, 0x0000000092900000, 0x0000000092a00000|  0%| F|  |TAMS 0x0000000092900000, 0x0000000092900000| Untracked 
| 136|0x0000000092a00000, 0x0000000092a00000, 0x0000000092b00000|  0%| F|  |TAMS 0x0000000092a00000, 0x0000000092a00000| Untracked 
| 137|0x0000000092b00000, 0x0000000092b00000, 0x0000000092c00000|  0%| F|  |TAMS 0x0000000092b00000, 0x0000000092b00000| Untracked 
| 138|0x0000000092c00000, 0x0000000092c00000, 0x0000000092d00000|  0%| F|  |TAMS 0x0000000092c00000, 0x0000000092c00000| Untracked 
| 139|0x0000000092d00000, 0x0000000092d00000, 0x0000000092e00000|  0%| F|  |TAMS 0x0000000092d00000, 0x0000000092d00000| Untracked 
| 140|0x0000000092e00000, 0x0000000092f00000, 0x0000000092f00000|100%| S|CS|TAMS 0x0000000092e00000, 0x0000000092e00000| Complete 
| 141|0x0000000092f00000, 0x0000000093000000, 0x0000000093000000|100%| S|CS|TAMS 0x0000000092f00000, 0x0000000092f00000| Complete 
| 142|0x0000000093000000, 0x0000000093100000, 0x0000000093100000|100%| S|CS|TAMS 0x0000000093000000, 0x0000000093000000| Complete 
| 143|0x0000000093100000, 0x0000000093200000, 0x0000000093200000|100%| S|CS|TAMS 0x0000000093100000, 0x0000000093100000| Complete 
| 144|0x0000000093200000, 0x0000000093300000, 0x0000000093300000|100%| S|CS|TAMS 0x0000000093200000, 0x0000000093200000| Complete 
| 145|0x0000000093300000, 0x0000000093400000, 0x0000000093400000|100%| S|CS|TAMS 0x0000000093300000, 0x0000000093300000| Complete 
| 146|0x0000000093400000, 0x0000000093500000, 0x0000000093500000|100%| S|CS|TAMS 0x0000000093400000, 0x0000000093400000| Complete 
| 147|0x0000000093500000, 0x0000000093600000, 0x0000000093600000|100%| S|CS|TAMS 0x0000000093500000, 0x0000000093500000| Complete 
| 148|0x0000000093600000, 0x0000000093700000, 0x0000000093700000|100%| S|CS|TAMS 0x0000000093600000, 0x0000000093600000| Complete 
| 149|0x0000000093700000, 0x0000000093700000, 0x0000000093800000|  0%| F|  |TAMS 0x0000000093700000, 0x0000000093700000| Untracked 
| 150|0x0000000093800000, 0x0000000093800000, 0x0000000093900000|  0%| F|  |TAMS 0x0000000093800000, 0x0000000093800000| Untracked 
| 151|0x0000000093900000, 0x0000000093900000, 0x0000000093a00000|  0%| F|  |TAMS 0x0000000093900000, 0x0000000093900000| Untracked 
| 152|0x0000000093a00000, 0x0000000093a00000, 0x0000000093b00000|  0%| F|  |TAMS 0x0000000093a00000, 0x0000000093a00000| Untracked 
| 153|0x0000000093b00000, 0x0000000093b00000, 0x0000000093c00000|  0%| F|  |TAMS 0x0000000093b00000, 0x0000000093b00000| Untracked 
| 154|0x0000000093c00000, 0x0000000093c00000, 0x0000000093d00000|  0%| F|  |TAMS 0x0000000093c00000, 0x0000000093c00000| Untracked 
| 155|0x0000000093d00000, 0x0000000093d00000, 0x0000000093e00000|  0%| F|  |TAMS 0x0000000093d00000, 0x0000000093d00000| Untracked 
| 156|0x0000000093e00000, 0x0000000093e00000, 0x0000000093f00000|  0%| F|  |TAMS 0x0000000093e00000, 0x0000000093e00000| Untracked 
| 157|0x0000000093f00000, 0x0000000093f00000, 0x0000000094000000|  0%| F|  |TAMS 0x0000000093f00000, 0x0000000093f00000| Untracked 
| 158|0x0000000094000000, 0x0000000094000000, 0x0000000094100000|  0%| F|  |TAMS 0x0000000094000000, 0x0000000094000000| Untracked 
| 159|0x0000000094100000, 0x0000000094100000, 0x0000000094200000|  0%| F|  |TAMS 0x0000000094100000, 0x0000000094100000| Untracked 
| 160|0x0000000094200000, 0x0000000094200000, 0x0000000094300000|  0%| F|  |TAMS 0x0000000094200000, 0x0000000094200000| Untracked 
| 161|0x0000000094300000, 0x0000000094300000, 0x0000000094400000|  0%| F|  |TAMS 0x0000000094300000, 0x0000000094300000| Untracked 
| 162|0x0000000094400000, 0x0000000094400000, 0x0000000094500000|  0%| F|  |TAMS 0x0000000094400000, 0x0000000094400000| Untracked 
| 163|0x0000000094500000, 0x0000000094500000, 0x0000000094600000|  0%| F|  |TAMS 0x0000000094500000, 0x0000000094500000| Untracked 
| 164|0x0000000094600000, 0x0000000094600000, 0x0000000094700000|  0%| F|  |TAMS 0x0000000094600000, 0x0000000094600000| Untracked 
| 165|0x0000000094700000, 0x0000000094700000, 0x0000000094800000|  0%| F|  |TAMS 0x0000000094700000, 0x0000000094700000| Untracked 
| 166|0x0000000094800000, 0x0000000094800000, 0x0000000094900000|  0%| F|  |TAMS 0x0000000094800000, 0x0000000094800000| Untracked 
| 167|0x0000000094900000, 0x0000000094900000, 0x0000000094a00000|  0%| F|  |TAMS 0x0000000094900000, 0x0000000094900000| Untracked 
| 168|0x0000000094a00000, 0x0000000094a00000, 0x0000000094b00000|  0%| F|  |TAMS 0x0000000094a00000, 0x0000000094a00000| Untracked 
| 169|0x0000000094b00000, 0x0000000094b00000, 0x0000000094c00000|  0%| F|  |TAMS 0x0000000094b00000, 0x0000000094b00000| Untracked 
| 170|0x0000000094c00000, 0x0000000094c00000, 0x0000000094d00000|  0%| F|  |TAMS 0x0000000094c00000, 0x0000000094c00000| Untracked 
| 171|0x0000000094d00000, 0x0000000094d00000, 0x0000000094e00000|  0%| F|  |TAMS 0x0000000094d00000, 0x0000000094d00000| Untracked 
| 172|0x0000000094e00000, 0x0000000094e00000, 0x0000000094f00000|  0%| F|  |TAMS 0x0000000094e00000, 0x0000000094e00000| Untracked 
| 173|0x0000000094f00000, 0x0000000094f00000, 0x0000000095000000|  0%| F|  |TAMS 0x0000000094f00000, 0x0000000094f00000| Untracked 
| 174|0x0000000095000000, 0x0000000095000000, 0x0000000095100000|  0%| F|  |TAMS 0x0000000095000000, 0x0000000095000000| Untracked 
| 175|0x0000000095100000, 0x0000000095100000, 0x0000000095200000|  0%| F|  |TAMS 0x0000000095100000, 0x0000000095100000| Untracked 
| 176|0x0000000095200000, 0x0000000095200000, 0x0000000095300000|  0%| F|  |TAMS 0x0000000095200000, 0x0000000095200000| Untracked 
| 177|0x0000000095300000, 0x0000000095300000, 0x0000000095400000|  0%| F|  |TAMS 0x0000000095300000, 0x0000000095300000| Untracked 
| 178|0x0000000095400000, 0x0000000095400000, 0x0000000095500000|  0%| F|  |TAMS 0x0000000095400000, 0x0000000095400000| Untracked 
| 179|0x0000000095500000, 0x0000000095500000, 0x0000000095600000|  0%| F|  |TAMS 0x0000000095500000, 0x0000000095500000| Untracked 
| 180|0x0000000095600000, 0x0000000095600000, 0x0000000095700000|  0%| F|  |TAMS 0x0000000095600000, 0x0000000095600000| Untracked 
| 181|0x0000000095700000, 0x0000000095700000, 0x0000000095800000|  0%| F|  |TAMS 0x0000000095700000, 0x0000000095700000| Untracked 
| 182|0x0000000095800000, 0x0000000095800000, 0x0000000095900000|  0%| F|  |TAMS 0x0000000095800000, 0x0000000095800000| Untracked 
| 183|0x0000000095900000, 0x0000000095900000, 0x0000000095a00000|  0%| F|  |TAMS 0x0000000095900000, 0x0000000095900000| Untracked 
| 184|0x0000000095a00000, 0x0000000095a00000, 0x0000000095b00000|  0%| F|  |TAMS 0x0000000095a00000, 0x0000000095a00000| Untracked 
| 185|0x0000000095b00000, 0x0000000095b00000, 0x0000000095c00000|  0%| F|  |TAMS 0x0000000095b00000, 0x0000000095b00000| Untracked 
| 186|0x0000000095c00000, 0x0000000095c00000, 0x0000000095d00000|  0%| F|  |TAMS 0x0000000095c00000, 0x0000000095c00000| Untracked 
| 187|0x0000000095d00000, 0x0000000095d00000, 0x0000000095e00000|  0%| F|  |TAMS 0x0000000095d00000, 0x0000000095d00000| Untracked 
| 188|0x0000000095e00000, 0x0000000095e00000, 0x0000000095f00000|  0%| F|  |TAMS 0x0000000095e00000, 0x0000000095e00000| Untracked 
| 189|0x0000000095f00000, 0x0000000095f00000, 0x0000000096000000|  0%| F|  |TAMS 0x0000000095f00000, 0x0000000095f00000| Untracked 
| 190|0x0000000096000000, 0x0000000096000000, 0x0000000096100000|  0%| F|  |TAMS 0x0000000096000000, 0x0000000096000000| Untracked 
| 191|0x0000000096100000, 0x0000000096100000, 0x0000000096200000|  0%| F|  |TAMS 0x0000000096100000, 0x0000000096100000| Untracked 
| 192|0x0000000096200000, 0x0000000096200000, 0x0000000096300000|  0%| F|  |TAMS 0x0000000096200000, 0x0000000096200000| Untracked 
| 193|0x0000000096300000, 0x0000000096300000, 0x0000000096400000|  0%| F|  |TAMS 0x0000000096300000, 0x0000000096300000| Untracked 
| 194|0x0000000096400000, 0x0000000096400000, 0x0000000096500000|  0%| F|  |TAMS 0x0000000096400000, 0x0000000096400000| Untracked 
| 195|0x0000000096500000, 0x0000000096500000, 0x0000000096600000|  0%| F|  |TAMS 0x0000000096500000, 0x0000000096500000| Untracked 
| 196|0x0000000096600000, 0x0000000096600000, 0x0000000096700000|  0%| F|  |TAMS 0x0000000096600000, 0x0000000096600000| Untracked 
| 197|0x0000000096700000, 0x0000000096700000, 0x0000000096800000|  0%| F|  |TAMS 0x0000000096700000, 0x0000000096700000| Untracked 
| 198|0x0000000096800000, 0x0000000096800000, 0x0000000096900000|  0%| F|  |TAMS 0x0000000096800000, 0x0000000096800000| Untracked 
| 199|0x0000000096900000, 0x0000000096900000, 0x0000000096a00000|  0%| F|  |TAMS 0x0000000096900000, 0x0000000096900000| Untracked 
| 200|0x0000000096a00000, 0x0000000096a00000, 0x0000000096b00000|  0%| F|  |TAMS 0x0000000096a00000, 0x0000000096a00000| Untracked 
| 201|0x0000000096b00000, 0x0000000096b00000, 0x0000000096c00000|  0%| F|  |TAMS 0x0000000096b00000, 0x0000000096b00000| Untracked 
| 202|0x0000000096c00000, 0x0000000096c00000, 0x0000000096d00000|  0%| F|  |TAMS 0x0000000096c00000, 0x0000000096c00000| Untracked 
| 203|0x0000000096d00000, 0x0000000096d00000, 0x0000000096e00000|  0%| F|  |TAMS 0x0000000096d00000, 0x0000000096d00000| Untracked 
| 204|0x0000000096e00000, 0x0000000096e00000, 0x0000000096f00000|  0%| F|  |TAMS 0x0000000096e00000, 0x0000000096e00000| Untracked 
| 205|0x0000000096f00000, 0x0000000096f00000, 0x0000000097000000|  0%| F|  |TAMS 0x0000000096f00000, 0x0000000096f00000| Untracked 
| 206|0x0000000097000000, 0x0000000097000000, 0x0000000097100000|  0%| F|  |TAMS 0x0000000097000000, 0x0000000097000000| Untracked 
| 207|0x0000000097100000, 0x0000000097100000, 0x0000000097200000|  0%| F|  |TAMS 0x0000000097100000, 0x0000000097100000| Untracked 
| 208|0x0000000097200000, 0x0000000097200000, 0x0000000097300000|  0%| F|  |TAMS 0x0000000097200000, 0x0000000097200000| Untracked 
| 209|0x0000000097300000, 0x0000000097300000, 0x0000000097400000|  0%| F|  |TAMS 0x0000000097300000, 0x0000000097300000| Untracked 
| 210|0x0000000097400000, 0x0000000097400000, 0x0000000097500000|  0%| F|  |TAMS 0x0000000097400000, 0x0000000097400000| Untracked 
| 211|0x0000000097500000, 0x0000000097500000, 0x0000000097600000|  0%| F|  |TAMS 0x0000000097500000, 0x0000000097500000| Untracked 
| 212|0x0000000097600000, 0x0000000097600000, 0x0000000097700000|  0%| F|  |TAMS 0x0000000097600000, 0x0000000097600000| Untracked 
| 213|0x0000000097700000, 0x0000000097700000, 0x0000000097800000|  0%| F|  |TAMS 0x0000000097700000, 0x0000000097700000| Untracked 
| 214|0x0000000097800000, 0x0000000097800000, 0x0000000097900000|  0%| F|  |TAMS 0x0000000097800000, 0x0000000097800000| Untracked 
| 215|0x0000000097900000, 0x0000000097900000, 0x0000000097a00000|  0%| F|  |TAMS 0x0000000097900000, 0x0000000097900000| Untracked 
| 216|0x0000000097a00000, 0x0000000097a00000, 0x0000000097b00000|  0%| F|  |TAMS 0x0000000097a00000, 0x0000000097a00000| Untracked 
| 217|0x0000000097b00000, 0x0000000097b00000, 0x0000000097c00000|  0%| F|  |TAMS 0x0000000097b00000, 0x0000000097b00000| Untracked 
| 218|0x0000000097c00000, 0x0000000097c00000, 0x0000000097d00000|  0%| F|  |TAMS 0x0000000097c00000, 0x0000000097c00000| Untracked 
| 219|0x0000000097d00000, 0x0000000097d00000, 0x0000000097e00000|  0%| F|  |TAMS 0x0000000097d00000, 0x0000000097d00000| Untracked 
| 220|0x0000000097e00000, 0x0000000097e00000, 0x0000000097f00000|  0%| F|  |TAMS 0x0000000097e00000, 0x0000000097e00000| Untracked 
| 221|0x0000000097f00000, 0x0000000097f00000, 0x0000000098000000|  0%| F|  |TAMS 0x0000000097f00000, 0x0000000097f00000| Untracked 
| 222|0x0000000098000000, 0x0000000098000000, 0x0000000098100000|  0%| F|  |TAMS 0x0000000098000000, 0x0000000098000000| Untracked 
| 223|0x0000000098100000, 0x0000000098100000, 0x0000000098200000|  0%| F|  |TAMS 0x0000000098100000, 0x0000000098100000| Untracked 
| 224|0x0000000098200000, 0x0000000098200000, 0x0000000098300000|  0%| F|  |TAMS 0x0000000098200000, 0x0000000098200000| Untracked 
| 225|0x0000000098300000, 0x0000000098300000, 0x0000000098400000|  0%| F|  |TAMS 0x0000000098300000, 0x0000000098300000| Untracked 
| 226|0x0000000098400000, 0x0000000098400000, 0x0000000098500000|  0%| F|  |TAMS 0x0000000098400000, 0x0000000098400000| Untracked 
| 227|0x0000000098500000, 0x0000000098500000, 0x0000000098600000|  0%| F|  |TAMS 0x0000000098500000, 0x0000000098500000| Untracked 
| 228|0x0000000098600000, 0x0000000098600000, 0x0000000098700000|  0%| F|  |TAMS 0x0000000098600000, 0x0000000098600000| Untracked 
| 229|0x0000000098700000, 0x0000000098700000, 0x0000000098800000|  0%| F|  |TAMS 0x0000000098700000, 0x0000000098700000| Untracked 
| 230|0x0000000098800000, 0x0000000098800000, 0x0000000098900000|  0%| F|  |TAMS 0x0000000098800000, 0x0000000098800000| Untracked 
| 231|0x0000000098900000, 0x0000000098900000, 0x0000000098a00000|  0%| F|  |TAMS 0x0000000098900000, 0x0000000098900000| Untracked 
| 232|0x0000000098a00000, 0x0000000098a00000, 0x0000000098b00000|  0%| F|  |TAMS 0x0000000098a00000, 0x0000000098a00000| Untracked 
| 233|0x0000000098b00000, 0x0000000098b00000, 0x0000000098c00000|  0%| F|  |TAMS 0x0000000098b00000, 0x0000000098b00000| Untracked 
| 234|0x0000000098c00000, 0x0000000098c00000, 0x0000000098d00000|  0%| F|  |TAMS 0x0000000098c00000, 0x0000000098c00000| Untracked 
| 235|0x0000000098d00000, 0x0000000098d00000, 0x0000000098e00000|  0%| F|  |TAMS 0x0000000098d00000, 0x0000000098d00000| Untracked 
| 236|0x0000000098e00000, 0x0000000098e00000, 0x0000000098f00000|  0%| F|  |TAMS 0x0000000098e00000, 0x0000000098e00000| Untracked 
| 237|0x0000000098f00000, 0x0000000098f00000, 0x0000000099000000|  0%| F|  |TAMS 0x0000000098f00000, 0x0000000098f00000| Untracked 
| 238|0x0000000099000000, 0x0000000099000000, 0x0000000099100000|  0%| F|  |TAMS 0x0000000099000000, 0x0000000099000000| Untracked 
| 239|0x0000000099100000, 0x0000000099100000, 0x0000000099200000|  0%| F|  |TAMS 0x0000000099100000, 0x0000000099100000| Untracked 
| 240|0x0000000099200000, 0x0000000099200000, 0x0000000099300000|  0%| F|  |TAMS 0x0000000099200000, 0x0000000099200000| Untracked 
| 241|0x0000000099300000, 0x0000000099300000, 0x0000000099400000|  0%| F|  |TAMS 0x0000000099300000, 0x0000000099300000| Untracked 
| 242|0x0000000099400000, 0x0000000099400000, 0x0000000099500000|  0%| F|  |TAMS 0x0000000099400000, 0x0000000099400000| Untracked 
| 243|0x0000000099500000, 0x0000000099500000, 0x0000000099600000|  0%| F|  |TAMS 0x0000000099500000, 0x0000000099500000| Untracked 
| 244|0x0000000099600000, 0x0000000099600000, 0x0000000099700000|  0%| F|  |TAMS 0x0000000099600000, 0x0000000099600000| Untracked 
| 245|0x0000000099700000, 0x0000000099700000, 0x0000000099800000|  0%| F|  |TAMS 0x0000000099700000, 0x0000000099700000| Untracked 
| 246|0x0000000099800000, 0x0000000099800000, 0x0000000099900000|  0%| F|  |TAMS 0x0000000099800000, 0x0000000099800000| Untracked 
| 247|0x0000000099900000, 0x0000000099900000, 0x0000000099a00000|  0%| F|  |TAMS 0x0000000099900000, 0x0000000099900000| Untracked 
| 248|0x0000000099a00000, 0x0000000099a00000, 0x0000000099b00000|  0%| F|  |TAMS 0x0000000099a00000, 0x0000000099a00000| Untracked 
| 249|0x0000000099b00000, 0x0000000099b00000, 0x0000000099c00000|  0%| F|  |TAMS 0x0000000099b00000, 0x0000000099b00000| Untracked 
| 250|0x0000000099c00000, 0x0000000099c00000, 0x0000000099d00000|  0%| F|  |TAMS 0x0000000099c00000, 0x0000000099c00000| Untracked 
| 251|0x0000000099d00000, 0x0000000099d00000, 0x0000000099e00000|  0%| F|  |TAMS 0x0000000099d00000, 0x0000000099d00000| Untracked 
| 252|0x0000000099e00000, 0x0000000099e00000, 0x0000000099f00000|  0%| F|  |TAMS 0x0000000099e00000, 0x0000000099e00000| Untracked 
| 253|0x0000000099f00000, 0x0000000099f00000, 0x000000009a000000|  0%| F|  |TAMS 0x0000000099f00000, 0x0000000099f00000| Untracked 
| 254|0x000000009a000000, 0x000000009a000000, 0x000000009a100000|  0%| F|  |TAMS 0x000000009a000000, 0x000000009a000000| Untracked 
| 255|0x000000009a100000, 0x000000009a100000, 0x000000009a200000|  0%| F|  |TAMS 0x000000009a100000, 0x000000009a100000| Untracked 
| 256|0x000000009a200000, 0x000000009a200000, 0x000000009a300000|  0%| F|  |TAMS 0x000000009a200000, 0x000000009a200000| Untracked 
| 257|0x000000009a300000, 0x000000009a300000, 0x000000009a400000|  0%| F|  |TAMS 0x000000009a300000, 0x000000009a300000| Untracked 
| 258|0x000000009a400000, 0x000000009a400000, 0x000000009a500000|  0%| F|  |TAMS 0x000000009a400000, 0x000000009a400000| Untracked 
| 259|0x000000009a500000, 0x000000009a500000, 0x000000009a600000|  0%| F|  |TAMS 0x000000009a500000, 0x000000009a500000| Untracked 
| 260|0x000000009a600000, 0x000000009a600000, 0x000000009a700000|  0%| F|  |TAMS 0x000000009a600000, 0x000000009a600000| Untracked 
| 261|0x000000009a700000, 0x000000009a700000, 0x000000009a800000|  0%| F|  |TAMS 0x000000009a700000, 0x000000009a700000| Untracked 
| 262|0x000000009a800000, 0x000000009a800000, 0x000000009a900000|  0%| F|  |TAMS 0x000000009a800000, 0x000000009a800000| Untracked 
| 263|0x000000009a900000, 0x000000009a900000, 0x000000009aa00000|  0%| F|  |TAMS 0x000000009a900000, 0x000000009a900000| Untracked 
| 264|0x000000009aa00000, 0x000000009aa00000, 0x000000009ab00000|  0%| F|  |TAMS 0x000000009aa00000, 0x000000009aa00000| Untracked 
| 265|0x000000009ab00000, 0x000000009ab00000, 0x000000009ac00000|  0%| F|  |TAMS 0x000000009ab00000, 0x000000009ab00000| Untracked 
| 266|0x000000009ac00000, 0x000000009ac00000, 0x000000009ad00000|  0%| F|  |TAMS 0x000000009ac00000, 0x000000009ac00000| Untracked 
| 267|0x000000009ad00000, 0x000000009ad00000, 0x000000009ae00000|  0%| F|  |TAMS 0x000000009ad00000, 0x000000009ad00000| Untracked 
| 268|0x000000009ae00000, 0x000000009ae00000, 0x000000009af00000|  0%| F|  |TAMS 0x000000009ae00000, 0x000000009ae00000| Untracked 
| 269|0x000000009af00000, 0x000000009af00000, 0x000000009b000000|  0%| F|  |TAMS 0x000000009af00000, 0x000000009af00000| Untracked 
| 270|0x000000009b000000, 0x000000009b000000, 0x000000009b100000|  0%| F|  |TAMS 0x000000009b000000, 0x000000009b000000| Untracked 
| 271|0x000000009b100000, 0x000000009b100000, 0x000000009b200000|  0%| F|  |TAMS 0x000000009b100000, 0x000000009b100000| Untracked 
| 272|0x000000009b200000, 0x000000009b200000, 0x000000009b300000|  0%| F|  |TAMS 0x000000009b200000, 0x000000009b200000| Untracked 
| 273|0x000000009b300000, 0x000000009b300000, 0x000000009b400000|  0%| F|  |TAMS 0x000000009b300000, 0x000000009b300000| Untracked 
| 274|0x000000009b400000, 0x000000009b400000, 0x000000009b500000|  0%| F|  |TAMS 0x000000009b400000, 0x000000009b400000| Untracked 
| 275|0x000000009b500000, 0x000000009b500000, 0x000000009b600000|  0%| F|  |TAMS 0x000000009b500000, 0x000000009b500000| Untracked 
| 276|0x000000009b600000, 0x000000009b600000, 0x000000009b700000|  0%| F|  |TAMS 0x000000009b600000, 0x000000009b600000| Untracked 
| 277|0x000000009b700000, 0x000000009b700000, 0x000000009b800000|  0%| F|  |TAMS 0x000000009b700000, 0x000000009b700000| Untracked 
| 278|0x000000009b800000, 0x000000009b800000, 0x000000009b900000|  0%| F|  |TAMS 0x000000009b800000, 0x000000009b800000| Untracked 
| 279|0x000000009b900000, 0x000000009b900000, 0x000000009ba00000|  0%| F|  |TAMS 0x000000009b900000, 0x000000009b900000| Untracked 
| 280|0x000000009ba00000, 0x000000009ba00000, 0x000000009bb00000|  0%| F|  |TAMS 0x000000009ba00000, 0x000000009ba00000| Untracked 
| 281|0x000000009bb00000, 0x000000009bb00000, 0x000000009bc00000|  0%| F|  |TAMS 0x000000009bb00000, 0x000000009bb00000| Untracked 
| 282|0x000000009bc00000, 0x000000009bc00000, 0x000000009bd00000|  0%| F|  |TAMS 0x000000009bc00000, 0x000000009bc00000| Untracked 
| 283|0x000000009bd00000, 0x000000009bd00000, 0x000000009be00000|  0%| F|  |TAMS 0x000000009bd00000, 0x000000009bd00000| Untracked 
| 284|0x000000009be00000, 0x000000009be00000, 0x000000009bf00000|  0%| F|  |TAMS 0x000000009be00000, 0x000000009be00000| Untracked 
| 285|0x000000009bf00000, 0x000000009bf00000, 0x000000009c000000|  0%| F|  |TAMS 0x000000009bf00000, 0x000000009bf00000| Untracked 
| 286|0x000000009c000000, 0x000000009c000000, 0x000000009c100000|  0%| F|  |TAMS 0x000000009c000000, 0x000000009c000000| Untracked 
| 287|0x000000009c100000, 0x000000009c100000, 0x000000009c200000|  0%| F|  |TAMS 0x000000009c100000, 0x000000009c100000| Untracked 
| 288|0x000000009c200000, 0x000000009c200000, 0x000000009c300000|  0%| F|  |TAMS 0x000000009c200000, 0x000000009c200000| Untracked 
| 289|0x000000009c300000, 0x000000009c300000, 0x000000009c400000|  0%| F|  |TAMS 0x000000009c300000, 0x000000009c300000| Untracked 
| 290|0x000000009c400000, 0x000000009c400000, 0x000000009c500000|  0%| F|  |TAMS 0x000000009c400000, 0x000000009c400000| Untracked 
| 291|0x000000009c500000, 0x000000009c500000, 0x000000009c600000|  0%| F|  |TAMS 0x000000009c500000, 0x000000009c500000| Untracked 
| 292|0x000000009c600000, 0x000000009c600000, 0x000000009c700000|  0%| F|  |TAMS 0x000000009c600000, 0x000000009c600000| Untracked 
| 293|0x000000009c700000, 0x000000009c700000, 0x000000009c800000|  0%| F|  |TAMS 0x000000009c700000, 0x000000009c700000| Untracked 
| 294|0x000000009c800000, 0x000000009c800000, 0x000000009c900000|  0%| F|  |TAMS 0x000000009c800000, 0x000000009c800000| Untracked 
| 295|0x000000009c900000, 0x000000009c900000, 0x000000009ca00000|  0%| F|  |TAMS 0x000000009c900000, 0x000000009c900000| Untracked 
| 296|0x000000009ca00000, 0x000000009ca00000, 0x000000009cb00000|  0%| F|  |TAMS 0x000000009ca00000, 0x000000009ca00000| Untracked 
| 297|0x000000009cb00000, 0x000000009cb00000, 0x000000009cc00000|  0%| F|  |TAMS 0x000000009cb00000, 0x000000009cb00000| Untracked 
| 298|0x000000009cc00000, 0x000000009cc00000, 0x000000009cd00000|  0%| F|  |TAMS 0x000000009cc00000, 0x000000009cc00000| Untracked 
| 299|0x000000009cd00000, 0x000000009cd00000, 0x000000009ce00000|  0%| F|  |TAMS 0x000000009cd00000, 0x000000009cd00000| Untracked 
| 300|0x000000009ce00000, 0x000000009ce00000, 0x000000009cf00000|  0%| F|  |TAMS 0x000000009ce00000, 0x000000009ce00000| Untracked 
| 301|0x000000009cf00000, 0x000000009cf00000, 0x000000009d000000|  0%| F|  |TAMS 0x000000009cf00000, 0x000000009cf00000| Untracked 
| 302|0x000000009d000000, 0x000000009d000000, 0x000000009d100000|  0%| F|  |TAMS 0x000000009d000000, 0x000000009d000000| Untracked 
| 303|0x000000009d100000, 0x000000009d100000, 0x000000009d200000|  0%| F|  |TAMS 0x000000009d100000, 0x000000009d100000| Untracked 
| 304|0x000000009d200000, 0x000000009d200000, 0x000000009d300000|  0%| F|  |TAMS 0x000000009d200000, 0x000000009d200000| Untracked 
| 305|0x000000009d300000, 0x000000009d300000, 0x000000009d400000|  0%| F|  |TAMS 0x000000009d300000, 0x000000009d300000| Untracked 
| 306|0x000000009d400000, 0x000000009d400000, 0x000000009d500000|  0%| F|  |TAMS 0x000000009d400000, 0x000000009d400000| Untracked 
| 307|0x000000009d500000, 0x000000009d500000, 0x000000009d600000|  0%| F|  |TAMS 0x000000009d500000, 0x000000009d500000| Untracked 
| 308|0x000000009d600000, 0x000000009d600000, 0x000000009d700000|  0%| F|  |TAMS 0x000000009d600000, 0x000000009d600000| Untracked 
| 309|0x000000009d700000, 0x000000009d700000, 0x000000009d800000|  0%| F|  |TAMS 0x000000009d700000, 0x000000009d700000| Untracked 
| 310|0x000000009d800000, 0x000000009d800000, 0x000000009d900000|  0%| F|  |TAMS 0x000000009d800000, 0x000000009d800000| Untracked 
| 311|0x000000009d900000, 0x000000009d900000, 0x000000009da00000|  0%| F|  |TAMS 0x000000009d900000, 0x000000009d900000| Untracked 
| 312|0x000000009da00000, 0x000000009da00000, 0x000000009db00000|  0%| F|  |TAMS 0x000000009da00000, 0x000000009da00000| Untracked 
| 313|0x000000009db00000, 0x000000009db00000, 0x000000009dc00000|  0%| F|  |TAMS 0x000000009db00000, 0x000000009db00000| Untracked 
| 314|0x000000009dc00000, 0x000000009dc00000, 0x000000009dd00000|  0%| F|  |TAMS 0x000000009dc00000, 0x000000009dc00000| Untracked 
| 315|0x000000009dd00000, 0x000000009dd00000, 0x000000009de00000|  0%| F|  |TAMS 0x000000009dd00000, 0x000000009dd00000| Untracked 
| 316|0x000000009de00000, 0x000000009de00000, 0x000000009df00000|  0%| F|  |TAMS 0x000000009de00000, 0x000000009de00000| Untracked 
| 317|0x000000009df00000, 0x000000009df00000, 0x000000009e000000|  0%| F|  |TAMS 0x000000009df00000, 0x000000009df00000| Untracked 
| 318|0x000000009e000000, 0x000000009e000000, 0x000000009e100000|  0%| F|  |TAMS 0x000000009e000000, 0x000000009e000000| Untracked 
| 319|0x000000009e100000, 0x000000009e100000, 0x000000009e200000|  0%| F|  |TAMS 0x000000009e100000, 0x000000009e100000| Untracked 
| 320|0x000000009e200000, 0x000000009e200000, 0x000000009e300000|  0%| F|  |TAMS 0x000000009e200000, 0x000000009e200000| Untracked 
| 321|0x000000009e300000, 0x000000009e300000, 0x000000009e400000|  0%| F|  |TAMS 0x000000009e300000, 0x000000009e300000| Untracked 
| 322|0x000000009e400000, 0x000000009e400000, 0x000000009e500000|  0%| F|  |TAMS 0x000000009e400000, 0x000000009e400000| Untracked 
| 323|0x000000009e500000, 0x000000009e500000, 0x000000009e600000|  0%| F|  |TAMS 0x000000009e500000, 0x000000009e500000| Untracked 
| 324|0x000000009e600000, 0x000000009e600000, 0x000000009e700000|  0%| F|  |TAMS 0x000000009e600000, 0x000000009e600000| Untracked 
| 325|0x000000009e700000, 0x000000009e700000, 0x000000009e800000|  0%| F|  |TAMS 0x000000009e700000, 0x000000009e700000| Untracked 
| 326|0x000000009e800000, 0x000000009e800000, 0x000000009e900000|  0%| F|  |TAMS 0x000000009e800000, 0x000000009e800000| Untracked 
| 327|0x000000009e900000, 0x000000009e900000, 0x000000009ea00000|  0%| F|  |TAMS 0x000000009e900000, 0x000000009e900000| Untracked 
| 328|0x000000009ea00000, 0x000000009ea00000, 0x000000009eb00000|  0%| F|  |TAMS 0x000000009ea00000, 0x000000009ea00000| Untracked 

Card table byte_map: [0x0000021fbbd40000,0x0000021fbc0f0000] _byte_map_base: 0x0000021fbb8ef000

Marking Bits (Prev, Next): (CMBitMap*) 0x0000021fb5d634c0, (CMBitMap*) 0x0000021fb5d63500
 Prev Bits: [0x0000021fbc4a0000, 0x0000021fbe218000)
 Next Bits: [0x0000021fbe220000, 0x0000021fbff98000)

Polling page: 0x0000021fb3c50000

Metaspace:

Usage:
  Non-class:     29.81 MB used.
      Class:      4.45 MB used.
       Both:     34.26 MB used.

Virtual space:
  Non-class space:       32.00 MB reserved,      29.94 MB ( 94%) committed,  4 nodes.
      Class space:        1.00 GB reserved,       4.62 MB ( <1%) committed,  1 nodes.
             Both:        1.03 GB reserved,      34.56 MB (  3%) committed. 

Chunk freelists:
   Non-Class:  1.64 MB
       Class:  3.36 MB
        Both:  5.00 MB

MaxMetaspaceSize: unlimited
CompressedClassSpaceSize: 1.00 GB
Initial GC threshold: 21.00 MB
Current GC threshold: 57.62 MB
CDS: off
MetaspaceReclaimPolicy: balanced
 - commit_granule_bytes: 65536.
 - commit_granule_words: 8192.
 - virtual_space_node_default_size: 1048576.
 - enlarge_chunks_in_place: 1.
 - new_chunks_are_fully_committed: 0.
 - uncommit_free_chunks: 1.
 - use_allocation_guard: 0.
 - handle_deallocations: 1.


Internal statistics:

num_allocs_failed_limit: 5.
num_arena_births: 300.
num_arena_deaths: 0.
num_vsnodes_births: 5.
num_vsnodes_deaths: 0.
num_space_committed: 553.
num_space_uncommitted: 0.
num_chunks_returned_to_freelist: 5.
num_chunks_taken_from_freelist: 1290.
num_chunk_merges: 5.
num_chunk_splits: 883.
num_chunks_enlarged: 698.
num_purges: 0.
num_inconsistent_stats: 0.

CodeCache: size=49152Kb used=8459Kb max_used=8459Kb free=40692Kb
 bounds [0x0000021fb8990000, 0x0000021fb91e0000, 0x0000021fbb990000]
 total_blobs=4189 nmethods=3665 adapters=449
 compilation: enabled
              stopped_count=0, restarted_count=0
 full_count=0

Compilation events (20 events):
Event: 3.280 Thread 0x0000021fc314d310 3656   !   1       jdk.internal.module.SystemModuleFinders$SystemModuleReader::toInputStream (43 bytes)
Event: 3.280 Thread 0x0000021fc3346080 nmethod 3657 0x0000021fb91c6710 code [0x0000021fb91c6900, 0x0000021fb91c6c98]
Event: 3.280 Thread 0x0000021fc314d310 nmethod 3656 0x0000021fb91c6e90 code [0x0000021fb91c7080, 0x0000021fb91c75a8]
Event: 3.280 Thread 0x0000021fc3346080 3659   !   1       nonapi.io.github.classgraph.fileslice.reader.ClassfileReader::close (43 bytes)
Event: 3.280 Thread 0x0000021fc314d310 3655       1       jdk.internal.module.SystemModuleFinders$SystemModuleReader$$Lambda$142/0x00000001001f8648::<init> (10 bytes)
Event: 3.280 Thread 0x0000021fc314d310 nmethod 3655 0x0000021fb91c7890 code [0x0000021fb91c7a20, 0x0000021fb91c7b38]
Event: 3.281 Thread 0x0000021fc3346080 nmethod 3659 0x0000021fb91c7b90 code [0x0000021fb91c7d40, 0x0000021fb91c7f18]
Event: 3.281 Thread 0x0000021fc3346080 3660       1       io.github.classgraph.Classfile::readBasicClassInfo (339 bytes)
Event: 3.281 Thread 0x0000021fc314d310 3661       1       io.github.classgraph.Classfile::readInterfaces (63 bytes)
Event: 3.282 Thread 0x0000021fc314d310 nmethod 3661 0x0000021fb91c8010 code [0x0000021fb91c81e0, 0x0000021fb91c84f8]
Event: 3.282 Thread 0x0000021fc314d310 3662       1       io.github.classgraph.Classfile::extendScanningUpwards (585 bytes)
Event: 3.291 Thread 0x0000021fc314d310 nmethod 3662 0x0000021fb91c8690 code [0x0000021fb91c8b00, 0x0000021fb91c9a08]
Event: 3.291 Thread 0x0000021fc3337b30 nmethod 3652 0x0000021fb91ca590 code [0x0000021fb91cadc0, 0x0000021fb91cd908]
Event: 3.291 Thread 0x0000021fc3346080 nmethod 3660 0x0000021fb91cf390 code [0x0000021fb91cf700, 0x0000021fb91d0528]
Event: 3.309 Thread 0x0000021fc3346080 3663  s!   1       jdk.internal.loader.URLClassPath::getLoader (196 bytes)
Event: 3.320 Thread 0x0000021fc3346080 nmethod 3663 0x0000021fb91d0d10 code [0x0000021fb91d0fc0, 0x0000021fb91d19d8]
Event: 3.398 Thread 0x0000021fc3346080 3664       1       java.util.concurrent.ConcurrentHashMap::resizeStamp (9 bytes)
Event: 3.399 Thread 0x0000021fc3346080 nmethod 3664 0x0000021fb91d2690 code [0x0000021fb91d2820, 0x0000021fb91d28e8]
Event: 3.878 Thread 0x0000021fc3337b30 3665       1       io.github.classgraph.ModuleRef::getReference (5 bytes)
Event: 3.880 Thread 0x0000021fc3337b30 nmethod 3665 0x0000021fb91d2990 code [0x0000021fb91d2b20, 0x0000021fb91d2bf8]

GC Heap History (20 events):
Event: 2.827 GC heap after
{Heap after GC invocations=11 (full 0):
 garbage-first heap   total 74752K, used 33693K [0x000000008a200000, 0x0000000100000000)
  region size 1024K, 4 young (4096K), 4 survivors (4096K)
 Metaspace       used 34409K, committed 34752K, reserved 1081344K
  class space    used 4422K, committed 4608K, reserved 1048576K
}
Event: 2.862 GC heap before
{Heap before GC invocations=11 (full 0):
 garbage-first heap   total 74752K, used 56221K [0x000000008a200000, 0x0000000100000000)
  region size 1024K, 26 young (26624K), 4 survivors (4096K)
 Metaspace       used 34642K, committed 35008K, reserved 1081344K
  class space    used 4485K, committed 4672K, reserved 1048576K
}
Event: 2.869 GC heap after
{Heap after GC invocations=12 (full 0):
 garbage-first heap   total 123904K, used 40960K [0x000000008a200000, 0x0000000100000000)
  region size 1024K, 4 young (4096K), 4 survivors (4096K)
 Metaspace       used 34642K, committed 35008K, reserved 1081344K
  class space    used 4485K, committed 4672K, reserved 1048576K
}
Event: 3.235 GC heap before
{Heap before GC invocations=12 (full 0):
 garbage-first heap   total 123904K, used 88064K [0x000000008a200000, 0x0000000100000000)
  region size 1024K, 49 young (50176K), 4 survivors (4096K)
 Metaspace       used 34897K, committed 35200K, reserved 1081344K
  class space    used 4532K, committed 4672K, reserved 1048576K
}
Event: 3.255 GC heap after
{Heap after GC invocations=13 (full 0):
 garbage-first heap   total 123904K, used 59197K [0x000000008a200000, 0x0000000100000000)
  region size 1024K, 7 young (7168K), 7 survivors (7168K)
 Metaspace       used 34897K, committed 35200K, reserved 1081344K
  class space    used 4532K, committed 4672K, reserved 1048576K
}
Event: 3.282 GC heap before
{Heap before GC invocations=13 (full 0):
 garbage-first heap   total 123904K, used 86845K [0x000000008a200000, 0x0000000100000000)
  region size 1024K, 35 young (35840K), 7 survivors (7168K)
 Metaspace       used 34980K, committed 35264K, reserved 1081344K
  class space    used 4541K, committed 4672K, reserved 1048576K
}
Event: 3.291 GC heap after
{Heap after GC invocations=14 (full 0):
 garbage-first heap   total 123904K, used 63483K [0x000000008a200000, 0x0000000100000000)
  region size 1024K, 3 young (3072K), 3 survivors (3072K)
 Metaspace       used 34980K, committed 35264K, reserved 1081344K
  class space    used 4541K, committed 4672K, reserved 1048576K
}
Event: 3.299 GC heap before
{Heap before GC invocations=14 (full 0):
 garbage-first heap   total 123904K, used 90107K [0x000000008a200000, 0x0000000100000000)
  region size 1024K, 30 young (30720K), 3 survivors (3072K)
 Metaspace       used 35002K, committed 35328K, reserved 1081344K
  class space    used 4544K, committed 4736K, reserved 1048576K
}
Event: 3.307 GC heap after
{Heap after GC invocations=15 (full 0):
 garbage-first heap   total 123904K, used 65095K [0x000000008a200000, 0x0000000100000000)
  region size 1024K, 2 young (2048K), 2 survivors (2048K)
 Metaspace       used 35002K, committed 35328K, reserved 1081344K
  class space    used 4544K, committed 4736K, reserved 1048576K
}
Event: 3.321 GC heap before
{Heap before GC invocations=15 (full 0):
 garbage-first heap   total 123904K, used 91719K [0x000000008a200000, 0x0000000100000000)
  region size 1024K, 29 young (29696K), 2 survivors (2048K)
 Metaspace       used 35045K, committed 35392K, reserved 1081344K
  class space    used 4550K, committed 4736K, reserved 1048576K
}
Event: 3.324 GC heap after
{Heap after GC invocations=16 (full 0):
 garbage-first heap   total 336896K, used 65904K [0x000000008a200000, 0x0000000100000000)
  region size 1024K, 3 young (3072K), 3 survivors (3072K)
 Metaspace       used 35045K, committed 35392K, reserved 1081344K
  class space    used 4550K, committed 4736K, reserved 1048576K
}
Event: 3.455 GC heap before
{Heap before GC invocations=17 (full 0):
 garbage-first heap   total 327680K, used 185712K [0x000000008a200000, 0x0000000100000000)
  region size 1024K, 122 young (124928K), 3 survivors (3072K)
 Metaspace       used 35084K, committed 35392K, reserved 1081344K
  class space    used 4554K, committed 4736K, reserved 1048576K
}
Event: 3.481 GC heap after
{Heap after GC invocations=18 (full 0):
 garbage-first heap   total 327680K, used 69617K [0x000000008a200000, 0x0000000100000000)
  region size 1024K, 7 young (7168K), 7 survivors (7168K)
 Metaspace       used 35084K, committed 35392K, reserved 1081344K
  class space    used 4554K, committed 4736K, reserved 1048576K
}
Event: 3.486 GC heap before
{Heap before GC invocations=18 (full 0):
 garbage-first heap   total 327680K, used 77809K [0x000000008a200000, 0x0000000100000000)
  region size 1024K, 16 young (16384K), 7 survivors (7168K)
 Metaspace       used 35084K, committed 35392K, reserved 1081344K
  class space    used 4554K, committed 4736K, reserved 1048576K
}
Event: 3.490 GC heap after
{Heap after GC invocations=19 (full 0):
 garbage-first heap   total 327680K, used 69441K [0x000000008a200000, 0x0000000100000000)
  region size 1024K, 1 young (1024K), 1 survivors (1024K)
 Metaspace       used 35084K, committed 35392K, reserved 1081344K
  class space    used 4554K, committed 4736K, reserved 1048576K
}
Event: 3.599 GC heap before
{Heap before GC invocations=19 (full 0):
 garbage-first heap   total 327680K, used 243521K [0x000000008a200000, 0x0000000100000000)
  region size 1024K, 172 young (176128K), 1 survivors (1024K)
 Metaspace       used 35084K, committed 35392K, reserved 1081344K
  class space    used 4554K, committed 4736K, reserved 1048576K
}
Event: 3.610 GC heap after
{Heap after GC invocations=20 (full 0):
 garbage-first heap   total 327680K, used 76262K [0x000000008a200000, 0x0000000100000000)
  region size 1024K, 8 young (8192K), 8 survivors (8192K)
 Metaspace       used 35084K, committed 35392K, reserved 1081344K
  class space    used 4554K, committed 4736K, reserved 1048576K
}
Event: 3.772 GC heap before
{Heap before GC invocations=20 (full 0):
 garbage-first heap   total 327680K, used 251366K [0x000000008a200000, 0x0000000100000000)
  region size 1024K, 180 young (184320K), 8 survivors (8192K)
 Metaspace       used 35085K, committed 35392K, reserved 1081344K
  class space    used 4555K, committed 4736K, reserved 1048576K
}
Event: 3.788 GC heap after
{Heap after GC invocations=21 (full 0):
 garbage-first heap   total 327680K, used 83405K [0x000000008a200000, 0x0000000100000000)
  region size 1024K, 15 young (15360K), 15 survivors (15360K)
 Metaspace       used 35085K, committed 35392K, reserved 1081344K
  class space    used 4555K, committed 4736K, reserved 1048576K
}
Event: 3.924 GC heap before
{Heap before GC invocations=21 (full 0):
 garbage-first heap   total 327680K, used 257485K [0x000000008a200000, 0x0000000100000000)
  region size 1024K, 186 young (190464K), 15 survivors (15360K)
 Metaspace       used 35085K, committed 35392K, reserved 1081344K
  class space    used 4555K, committed 4736K, reserved 1048576K
}

Deoptimization events (16 events):
Event: 0.900 Thread 0x0000021fb5d0ad70 DEOPT PACKING pc=0x0000021fb8d1e9f5 sp=0x000000cfb2bfdc00
Event: 0.900 Thread 0x0000021fb5d0ad70 DEOPT UNPACKING pc=0x0000021fb89e2b43 sp=0x000000cfb2bfd070 mode 3
Event: 1.475 Thread 0x0000021fb5d0ad70 DEOPT PACKING pc=0x0000021fb8e3f199 sp=0x000000cfb2bfd3b0
Event: 1.475 Thread 0x0000021fb5d0ad70 DEOPT UNPACKING pc=0x0000021fb89e2b43 sp=0x000000cfb2bfc890 mode 3
Event: 1.772 Thread 0x0000021fb5d0ad70 DEOPT PACKING pc=0x0000021fb8f029f5 sp=0x000000cfb2bfe240
Event: 1.772 Thread 0x0000021fb5d0ad70 DEOPT UNPACKING pc=0x0000021fb89e2b43 sp=0x000000cfb2bfd6b0 mode 3
Event: 2.341 Thread 0x0000021fb5d0ad70 DEOPT PACKING pc=0x0000021fb8fa1b99 sp=0x000000cfb2bfc920
Event: 2.341 Thread 0x0000021fb5d0ad70 DEOPT UNPACKING pc=0x0000021fb89e2b43 sp=0x000000cfb2bfbe00 mode 3
Event: 2.394 Thread 0x0000021fc5010b50 DEOPT PACKING pc=0x0000021fb9003d2b sp=0x000000cfb45fe9e0
Event: 2.394 Thread 0x0000021fc5010b50 DEOPT UNPACKING pc=0x0000021fb89e2b43 sp=0x000000cfb45fdf28 mode 3
Event: 2.696 Thread 0x0000021fc5089fd0 DEOPT PACKING pc=0x0000021fb8e40501 sp=0x000000cfb49fe990
Event: 2.696 Thread 0x0000021fc5089fd0 DEOPT UNPACKING pc=0x0000021fb89e2b43 sp=0x000000cfb49fde20 mode 3
Event: 2.769 Thread 0x0000021fc5377ff0 DEOPT PACKING pc=0x0000021fb9155135 sp=0x000000cfb56fd7a0
Event: 2.769 Thread 0x0000021fc5377ff0 DEOPT UNPACKING pc=0x0000021fb89e2b43 sp=0x000000cfb56fccc8 mode 3
Event: 3.091 Thread 0x0000021fc513e400 DEOPT PACKING pc=0x0000021fb8e89497 sp=0x000000cfb4efebf0
Event: 3.091 Thread 0x0000021fc513e400 DEOPT UNPACKING pc=0x0000021fb89e2b43 sp=0x000000cfb4efe048 mode 3

Classes unloaded (0 events):
No events

Classes redefined (0 events):
No events

Internal exceptions (20 events):
Event: 2.465 Thread 0x0000021fc513d590 Exception <a 'sun/nio/fs/WindowsException'{0x000000008d237468}> (0x000000008d237468) 
thrown [e:\jenkins\tmp\workspace\build\src\src\hotspot\share\prims\jni.cpp, line 516]
Event: 2.465 Thread 0x0000021fc513d590 Exception <a 'sun/nio/fs/WindowsException'{0x000000008d237838}> (0x000000008d237838) 
thrown [e:\jenkins\tmp\workspace\build\src\src\hotspot\share\prims\jni.cpp, line 516]
Event: 2.465 Thread 0x0000021fc513d590 Exception <a 'sun/nio/fs/WindowsException'{0x000000008d238260}> (0x000000008d238260) 
thrown [e:\jenkins\tmp\workspace\build\src\src\hotspot\share\prims\jni.cpp, line 516]
Event: 2.465 Thread 0x0000021fc513d590 Exception <a 'sun/nio/fs/WindowsException'{0x000000008d238648}> (0x000000008d238648) 
thrown [e:\jenkins\tmp\workspace\build\src\src\hotspot\share\prims\jni.cpp, line 516]
Event: 2.465 Thread 0x0000021fc513d590 Exception <a 'sun/nio/fs/WindowsException'{0x000000008d239060}> (0x000000008d239060) 
thrown [e:\jenkins\tmp\workspace\build\src\src\hotspot\share\prims\jni.cpp, line 516]
Event: 2.465 Thread 0x0000021fc513d590 Exception <a 'sun/nio/fs/WindowsException'{0x000000008d239438}> (0x000000008d239438) 
thrown [e:\jenkins\tmp\workspace\build\src\src\hotspot\share\prims\jni.cpp, line 516]
Event: 2.465 Thread 0x0000021fc513d590 Exception <a 'sun/nio/fs/WindowsException'{0x000000008d239e60}> (0x000000008d239e60) 
thrown [e:\jenkins\tmp\workspace\build\src\src\hotspot\share\prims\jni.cpp, line 516]
Event: 2.465 Thread 0x0000021fc513d590 Exception <a 'sun/nio/fs/WindowsException'{0x000000008d23a248}> (0x000000008d23a248) 
thrown [e:\jenkins\tmp\workspace\build\src\src\hotspot\share\prims\jni.cpp, line 516]
Event: 2.466 Thread 0x0000021fc513d590 Exception <a 'sun/nio/fs/WindowsException'{0x000000008d23ac88}> (0x000000008d23ac88) 
thrown [e:\jenkins\tmp\workspace\build\src\src\hotspot\share\prims\jni.cpp, line 516]
Event: 2.466 Thread 0x0000021fc513d590 Exception <a 'sun/nio/fs/WindowsException'{0x000000008d23b090}> (0x000000008d23b090) 
thrown [e:\jenkins\tmp\workspace\build\src\src\hotspot\share\prims\jni.cpp, line 516]
Event: 2.466 Thread 0x0000021fc513d590 Exception <a 'sun/nio/fs/WindowsException'{0x000000008d23bae8}> (0x000000008d23bae8) 
thrown [e:\jenkins\tmp\workspace\build\src\src\hotspot\share\prims\jni.cpp, line 516]
Event: 2.466 Thread 0x0000021fc513d590 Exception <a 'sun/nio/fs/WindowsException'{0x000000008d23bf08}> (0x000000008d23bf08) 
thrown [e:\jenkins\tmp\workspace\build\src\src\hotspot\share\prims\jni.cpp, line 516]
Event: 2.466 Thread 0x0000021fc513d590 Exception <a 'sun/nio/fs/WindowsException'{0x000000008d23c958}> (0x000000008d23c958) 
thrown [e:\jenkins\tmp\workspace\build\src\src\hotspot\share\prims\jni.cpp, line 516]
Event: 2.466 Thread 0x0000021fc513d590 Exception <a 'sun/nio/fs/WindowsException'{0x000000008d23cd70}> (0x000000008d23cd70) 
thrown [e:\jenkins\tmp\workspace\build\src\src\hotspot\share\prims\jni.cpp, line 516]
Event: 2.762 Thread 0x0000021fc537a670 Exception <a 'java/lang/NoSuchMethodError'{0x000000008d462368}: 'java.lang.Object java.lang.invoke.DirectMethodHandle$Holder.invokeStatic(java.lang.Object, java.lang.Object, java.lang.Object, int, java.lang.Object, java.lang.Object)'> (0x000000008d462368) 
thrown [e:\jenkins\tmp\workspace\build\src\src\hotspot\share\interpreter\linkResolver.cpp, line 766]
Event: 2.764 Thread 0x0000021fc5377ff0 Exception <a 'java/lang/NoSuchMethodError'{0x000000008d2a2c90}: 'java.lang.Object java.lang.invoke.DirectMethodHandle$Holder.invokeStatic(java.lang.Object, int, java.lang.Object)'> (0x000000008d2a2c90) 
thrown [e:\jenkins\tmp\workspace\build\src\src\hotspot\share\interpreter\linkResolver.cpp, line 766]
Event: 2.799 Thread 0x0000021fc537a670 Exception <a 'java/lang/reflect/InvocationTargetException'{0x000000008e1ab1d0}> (0x000000008e1ab1d0) 
thrown [e:\jenkins\tmp\workspace\build\src\src\hotspot\share\runtime\reflection.cpp, line 1121]
Event: 2.877 Thread 0x0000021fc5377ff0 Exception <a 'java/lang/NoSuchMethodError'{0x00000000917ba438}: 'int java.lang.invoke.DirectMethodHandle$Holder.invokeStatic(java.lang.Object)'> (0x00000000917ba438) 
thrown [e:\jenkins\tmp\workspace\build\src\src\hotspot\share\interpreter\linkResolver.cpp, line 766]
Event: 2.877 Thread 0x0000021fc5377ff0 Exception <a 'java/lang/NoSuchMethodError'{0x00000000917bdb90}: 'int java.lang.invoke.DirectMethodHandle$Holder.invokeStaticInit(java.lang.Object)'> (0x00000000917bdb90) 
thrown [e:\jenkins\tmp\workspace\build\src\src\hotspot\share\interpreter\linkResolver.cpp, line 766]
Event: 2.892 Thread 0x0000021fc537a670 Exception <a 'java/lang/NoSuchMethodError'{0x0000000090f3b480}: 'int java.lang.invoke.DirectMethodHandle$Holder.invokeVirtual(java.lang.Object, java.lang.Object)'> (0x0000000090f3b480) 
thrown [e:\jenkins\tmp\workspace\build\src\src\hotspot\share\interpreter\linkResolver.cpp, line 766]

VM Operations (20 events):
Event: 3.355 Executing VM operation: G1Concurrent done
Event: 3.405 Executing VM operation: G1Concurrent
Event: 3.406 Executing VM operation: G1Concurrent done
Event: 3.454 Executing VM operation: G1CollectForAllocation
Event: 3.455 Executing VM operation: G1CollectForAllocation done
Event: 3.455 Executing VM operation: G1CollectForAllocation
Event: 3.481 Executing VM operation: G1CollectForAllocation done
Event: 3.485 Executing VM operation: G1CollectForAllocation
Event: 3.490 Executing VM operation: G1CollectForAllocation done
Event: 3.598 Executing VM operation: G1CollectForAllocation
Event: 3.599 Executing VM operation: G1CollectForAllocation done
Event: 3.599 Executing VM operation: G1CollectForAllocation
Event: 3.610 Executing VM operation: G1CollectForAllocation done
Event: 3.739 Executing VM operation: G1CollectForAllocation
Event: 3.772 Executing VM operation: G1CollectForAllocation done
Event: 3.772 Executing VM operation: G1CollectForAllocation
Event: 3.788 Executing VM operation: G1CollectForAllocation done
Event: 3.907 Executing VM operation: G1CollectForAllocation
Event: 3.924 Executing VM operation: G1CollectForAllocation done
Event: 3.924 Executing VM operation: G1CollectForAllocation

Events (20 events):
Event: 2.802 loading class java/util/concurrent/atomic/AtomicLongFieldUpdater$CASUpdater
Event: 2.802 loading class java/util/concurrent/atomic/AtomicLongFieldUpdater$CASUpdater done
Event: 2.802 loading class java/util/concurrent/atomic/AtomicLongFieldUpdater$CASUpdater$1
Event: 2.802 loading class java/util/concurrent/atomic/AtomicLongFieldUpdater$CASUpdater$1 done
Event: 2.804 loading class java/util/concurrent/CompletableFuture$UniApply
Event: 2.804 loading class java/util/concurrent/CompletableFuture$UniApply done
Event: 2.805 Thread 0x0000021fc5379330 Thread added: 0x0000021fc5379330
Event: 2.805 loading class java/util/concurrent/CompletableFuture$UniExceptionally
Event: 2.805 loading class java/util/concurrent/CompletableFuture$UniExceptionally done
Event: 2.884 Thread 0x0000021fc5375e40 Thread added: 0x0000021fc5375e40
Event: 2.887 loading class java/util/concurrent/CompletionException
Event: 2.887 loading class java/util/concurrent/CompletionException done
Event: 2.894 loading class sun/nio/cs/StringUTF16
Event: 2.894 loading class sun/nio/cs/StringUTF16 done
Event: 2.896 loading class java/util/WeakHashMap$EntrySet
Event: 2.896 loading class java/util/WeakHashMap$EntrySet done
Event: 2.896 loading class java/util/WeakHashMap$EntryIterator
Event: 2.896 loading class java/util/WeakHashMap$HashIterator
Event: 2.897 loading class java/util/WeakHashMap$HashIterator done
Event: 2.897 loading class java/util/WeakHashMap$EntryIterator done


Dynamic libraries:
0x00007ff7abe80000 - 0x00007ff7abe8e000 	c:\Users\JAIME CORTEZ\.vscode\extensions\redhat.java-1.9.0-win32-x64\jre\17.0.3-win32-x86_64\bin\java.exe
0x00007ffd219c0000 - 0x00007ffd21bc9000 	C:\WINDOWS\SYSTEM32\ntdll.dll
0x00007ffd20e20000 - 0x00007ffd20edd000 	C:\WINDOWS\System32\KERNEL32.DLL
0x00007ffd1f0e0000 - 0x00007ffd1f45d000 	C:\WINDOWS\System32\KERNELBASE.dll
0x00007ffd1eea0000 - 0x00007ffd1efb1000 	C:\WINDOWS\System32\ucrtbase.dll
0x00007ffd0f240000 - 0x00007ffd0f259000 	c:\Users\JAIME CORTEZ\.vscode\extensions\redhat.java-1.9.0-win32-x64\jre\17.0.3-win32-x86_64\bin\VCRUNTIME140.dll
0x00007ffd0f7a0000 - 0x00007ffd0f7b8000 	c:\Users\JAIME CORTEZ\.vscode\extensions\redhat.java-1.9.0-win32-x64\jre\17.0.3-win32-x86_64\bin\jli.dll
0x00007ffd214a0000 - 0x00007ffd2164d000 	C:\WINDOWS\System32\USER32.dll
0x00007ffd1f460000 - 0x00007ffd1f486000 	C:\WINDOWS\System32\win32u.dll
0x00007ffd21950000 - 0x00007ffd21979000 	C:\WINDOWS\System32\GDI32.dll
0x00007ffd04cb0000 - 0x00007ffd04f55000 	C:\WINDOWS\WinSxS\amd64_microsoft.windows.common-controls_6595b64144ccf1df_6.0.22000.120_none_9d947278b86cc467\COMCTL32.dll
0x00007ffd1efc0000 - 0x00007ffd1f0d8000 	C:\WINDOWS\System32\gdi32full.dll
0x00007ffd1f550000 - 0x00007ffd1f5ed000 	C:\WINDOWS\System32\msvcp_win.dll
0x00007ffd213e0000 - 0x00007ffd21483000 	C:\WINDOWS\System32\msvcrt.dll
0x00007ffd20ee0000 - 0x00007ffd20f11000 	C:\WINDOWS\System32\IMM32.DLL
0x00007ffd17b00000 - 0x00007ffd17b0c000 	c:\Users\JAIME CORTEZ\.vscode\extensions\redhat.java-1.9.0-win32-x64\jre\17.0.3-win32-x86_64\bin\vcruntime140_1.dll
0x00007ffcb8870000 - 0x00007ffcb8901000 	c:\Users\JAIME CORTEZ\.vscode\extensions\redhat.java-1.9.0-win32-x64\jre\17.0.3-win32-x86_64\bin\msvcp140.dll
0x00007ffc8ae50000 - 0x00007ffc8ba98000 	c:\Users\JAIME CORTEZ\.vscode\extensions\redhat.java-1.9.0-win32-x64\jre\17.0.3-win32-x86_64\bin\server\jvm.dll
0x00007ffd218a0000 - 0x00007ffd2194e000 	C:\WINDOWS\System32\ADVAPI32.dll
0x00007ffd21340000 - 0x00007ffd213de000 	C:\WINDOWS\System32\sechost.dll
0x00007ffd205e0000 - 0x00007ffd20700000 	C:\WINDOWS\System32\RPCRT4.dll
0x00007ffd20240000 - 0x00007ffd20248000 	C:\WINDOWS\System32\PSAPI.DLL
0x00007ffcfa790000 - 0x00007ffcfa799000 	C:\WINDOWS\SYSTEM32\WSOCK32.dll
0x00007ffd17a90000 - 0x00007ffd17ac3000 	C:\WINDOWS\SYSTEM32\WINMM.dll
0x00007ffd167f0000 - 0x00007ffd167fa000 	C:\WINDOWS\SYSTEM32\VERSION.dll
0x00007ffd20720000 - 0x00007ffd2078f000 	C:\WINDOWS\System32\WS2_32.dll
0x00007ffd1dfa0000 - 0x00007ffd1dfb8000 	C:\WINDOWS\SYSTEM32\kernel.appcore.dll
0x00007ffd17ad0000 - 0x00007ffd17ada000 	c:\Users\JAIME CORTEZ\.vscode\extensions\redhat.java-1.9.0-win32-x64\jre\17.0.3-win32-x86_64\bin\jimage.dll
0x00007ffd1cad0000 - 0x00007ffd1ccf1000 	C:\WINDOWS\SYSTEM32\DBGHELP.DLL
0x00007ffd05dd0000 - 0x00007ffd05e01000 	C:\WINDOWS\SYSTEM32\dbgcore.DLL
0x00007ffd1f760000 - 0x00007ffd1f7df000 	C:\WINDOWS\System32\bcryptPrimitives.dll
0x00007ffd0fa90000 - 0x00007ffd0fab5000 	c:\Users\JAIME CORTEZ\.vscode\extensions\redhat.java-1.9.0-win32-x64\jre\17.0.3-win32-x86_64\bin\java.dll
0x00007ffd10440000 - 0x00007ffd10458000 	c:\Users\JAIME CORTEZ\.vscode\extensions\redhat.java-1.9.0-win32-x64\jre\17.0.3-win32-x86_64\bin\zip.dll
0x00007ffd1fa80000 - 0x00007ffd20238000 	C:\WINDOWS\System32\SHELL32.dll
0x00007ffd1d010000 - 0x00007ffd1d878000 	C:\WINDOWS\SYSTEM32\windows.storage.dll
0x00007ffd20260000 - 0x00007ffd205d9000 	C:\WINDOWS\System32\combase.dll
0x00007ffd1cea0000 - 0x00007ffd1d006000 	C:\WINDOWS\SYSTEM32\wintypes.dll
0x00007ffd21150000 - 0x00007ffd2123a000 	C:\WINDOWS\System32\SHCORE.dll
0x00007ffd20c00000 - 0x00007ffd20c5d000 	C:\WINDOWS\System32\shlwapi.dll
0x00007ffd1edd0000 - 0x00007ffd1edf1000 	C:\WINDOWS\SYSTEM32\profapi.dll
0x00007ffd0f270000 - 0x00007ffd0f289000 	C:\Users\JAIME CORTEZ\.vscode\extensions\redhat.java-1.9.0-win32-x64\jre\17.0.3-win32-x86_64\bin\net.dll
0x00007ffd17100000 - 0x00007ffd1720c000 	C:\WINDOWS\SYSTEM32\WINHTTP.dll
0x00007ffd1e3d0000 - 0x00007ffd1e437000 	C:\WINDOWS\system32\mswsock.dll
0x00007ffd0ea30000 - 0x00007ffd0ea45000 	C:\Users\JAIME CORTEZ\.vscode\extensions\redhat.java-1.9.0-win32-x64\jre\17.0.3-win32-x86_64\bin\nio.dll
0x00007ffd10e60000 - 0x00007ffd10e70000 	c:\Users\JAIME CORTEZ\.vscode\extensions\redhat.java-1.9.0-win32-x64\jre\17.0.3-win32-x86_64\bin\verify.dll
0x00007ffd1af50000 - 0x00007ffd1af59000 	C:\Users\JAIME CORTEZ\.vscode\extensions\redhat.java-1.9.0-win32-x64\jre\17.0.3-win32-x86_64\bin\management.dll
0x00007ffd18d50000 - 0x00007ffd18d5b000 	C:\Users\JAIME CORTEZ\.vscode\extensions\redhat.java-1.9.0-win32-x64\jre\17.0.3-win32-x86_64\bin\management_ext.dll
0x00007ffcf15e0000 - 0x00007ffcf15f7000 	C:\WINDOWS\system32\napinsp.dll
0x00007ffcf15c0000 - 0x00007ffcf15db000 	C:\WINDOWS\system32\pnrpnsp.dll
0x00007ffd1db40000 - 0x00007ffd1dc28000 	C:\WINDOWS\SYSTEM32\DNSAPI.dll
0x00007ffd1dad0000 - 0x00007ffd1dafd000 	C:\WINDOWS\SYSTEM32\IPHLPAPI.DLL
0x00007ffd20250000 - 0x00007ffd20259000 	C:\WINDOWS\System32\NSI.dll
0x00007ffcb3120000 - 0x00007ffcb3132000 	C:\WINDOWS\System32\winrnr.dll
0x00007ffd16e70000 - 0x00007ffd16e85000 	C:\WINDOWS\system32\wshbth.dll
0x00007ffce6a30000 - 0x00007ffce6a4f000 	C:\WINDOWS\system32\nlansp_c.dll
0x00007ffd13770000 - 0x00007ffd1377a000 	C:\Windows\System32\rasadhlp.dll
0x00007ffd15000000 - 0x00007ffd15081000 	C:\WINDOWS\System32\fwpuclnt.dll
0x00007ffd1e620000 - 0x00007ffd1e638000 	C:\WINDOWS\SYSTEM32\CRYPTSP.dll
0x00007ffd1df00000 - 0x00007ffd1df35000 	C:\WINDOWS\system32\rsaenh.dll
0x00007ffd1e4c0000 - 0x00007ffd1e4e9000 	C:\WINDOWS\SYSTEM32\USERENV.dll
0x00007ffd1e790000 - 0x00007ffd1e7b7000 	C:\WINDOWS\SYSTEM32\bcrypt.dll
0x00007ffd1e610000 - 0x00007ffd1e61c000 	C:\WINDOWS\SYSTEM32\CRYPTBASE.dll
0x00007ffd16e90000 - 0x00007ffd16ea9000 	C:\WINDOWS\SYSTEM32\dhcpcsvc6.DLL
0x00007ffd17360000 - 0x00007ffd1737e000 	C:\WINDOWS\SYSTEM32\dhcpcsvc.DLL

dbghelp: loaded successfully - version: 4.0.5 - missing functions: none
symbol engine: initialized successfully - sym options: 0x614 - pdb path: .;c:\Users\JAIME CORTEZ\.vscode\extensions\redhat.java-1.9.0-win32-x64\jre\17.0.3-win32-x86_64\bin;C:\WINDOWS\SYSTEM32;C:\WINDOWS\WinSxS\amd64_microsoft.windows.common-controls_6595b64144ccf1df_6.0.22000.120_none_9d947278b86cc467;c:\Users\JAIME CORTEZ\.vscode\extensions\redhat.java-1.9.0-win32-x64\jre\17.0.3-win32-x86_64\bin\server

VM Arguments:
jvm_args: -Dsts.lsp.client=vscode -Dsts.log.file=/dev/null -XX:TieredStopAtLevel=1 -Dspring.config.location=file:c:\Users\JAIME CORTEZ\.vscode\extensions\pivotal.vscode-spring-boot-1.38.0\language-server\BOOT-INF\classes\application.properties 
java_command: org.springframework.ide.vscode.boot.app.BootLanguageServerBootApp
java_class_path (initial): c:\Users\JAIME CORTEZ\.vscode\extensions\pivotal.vscode-spring-boot-1.38.0\language-server\BOOT-INF\classes;c:\Users\JAIME CORTEZ\.vscode\extensions\pivotal.vscode-spring-boot-1.38.0\language-server\BOOT-INF\lib\annotations-23.0.0.jar;c:\Users\JAIME CORTEZ\.vscode\extensions\pivotal.vscode-spring-boot-1.38.0\language-server\BOOT-INF\lib\antlr-runtime-3.5.2.jar;c:\Users\JAIME CORTEZ\.vscode\extensions\pivotal.vscode-spring-boot-1.38.0\language-server\BOOT-INF\lib\antlr4-4.9.3.jar;c:\Users\JAIME CORTEZ\.vscode\extensions\pivotal.vscode-spring-boot-1.38.0\language-server\BOOT-INF\lib\antlr4-runtime-4.9.3.jar;c:\Users\JAIME CORTEZ\.vscode\extensions\pivotal.vscode-spring-boot-1.38.0\language-server\BOOT-INF\lib\asm-9.3.jar;c:\Users\JAIME CORTEZ\.vscode\extensions\pivotal.vscode-spring-boot-1.38.0\language-server\BOOT-INF\lib\asm-analysis-9.3.jar;c:\Users\JAIME CORTEZ\.vscode\extensions\pivotal.vscode-spring-boot-1.38.0\language-server\BOOT-INF\lib\asm-tree-9.3.jar;c:\Users\JAIME CORTEZ\.vscode\extensions\pivotal.vscode-spring-boot-1.38.0\language-server\BOOT-INF\lib\asm-util-9.3.jar;c:\Users\JAIME CORTEZ\.vscode\extensions\pivotal.vscode-spring-boot-1.38.0\language-server\BOOT-INF\lib\byte-buddy-1.10.18.jar;c:\Users\JAIME CORTEZ\.vscode\extensions\pivotal.vscode-spring-boot-1.38.0\language-server\BOOT-INF\lib\caffeine-2.8.6.jar;c:\Users\JAIME CORTEZ\.vscode\extensions\pivotal.vscode-spring-boot-1.38.0\language-server\BOOT-INF\lib\checker-qual-3.12.0.jar;c:\Users\JAIME CORTEZ\.vscode\extensions\pivotal.vscode-spring-boot-1.38.0\language-server\BOOT-INF\lib\classgraph-4.8.149.jar;c:\Users\JAIME CORTEZ\.vscode\extensions\pivotal.vscode-spring-boot-1.38.0\language-server\BOOT-INF\lib\commons-codec-1.14.jar;c:\Users\JAIME CORTEZ\.vscode\extensions\pivotal.vscode-spring-boot-1.38.0\language-server\BOOT-INF\lib\commons-compress-1.21.jar;c:\Users\JAIME CORTEZ\.vscode\extensions\pivotal.vscode-spring-boot-1.38.0\language-server\BOOT-INF\lib\commons-e
Launcher Type: SUN_STANDARD

[Global flags]
     intx CICompilerCount                          = 3                                         {product} {ergonomic}
     uint ConcGCThreads                            = 2                                         {product} {ergonomic}
     uint G1ConcRefinementThreads                  = 6                                         {product} {ergonomic}
   size_t G1HeapRegionSize                         = 1048576                                   {product} {ergonomic}
    uintx GCDrainStackTargetSize                   = 64                                        {product} {ergonomic}
   size_t InitialHeapSize                          = 123731968                                 {product} {ergonomic}
   size_t MarkStackSize                            = 4194304                                   {product} {ergonomic}
   size_t MaxHeapSize                              = 1977614336                                {product} {ergonomic}
   size_t MaxNewSize                               = 1185939456                                {product} {ergonomic}
   size_t MinHeapDeltaBytes                        = 1048576                                   {product} {ergonomic}
   size_t MinHeapSize                              = 8388608                                   {product} {ergonomic}
    uintx NonProfiledCodeHeapSize                  = 0                                      {pd product} {ergonomic}
     bool ProfileInterpreter                       = false                                  {pd product} {command line}
    uintx ProfiledCodeHeapSize                     = 0                                      {pd product} {ergonomic}
   size_t SoftMaxHeapSize                          = 1977614336                             {manageable} {ergonomic}
     intx TieredStopAtLevel                        = 1                                         {product} {command line}
     bool UseCompressedClassPointers               = true                           {product lp64_product} {ergonomic}
     bool UseCompressedOops                        = true                           {product lp64_product} {ergonomic}
     bool UseG1GC                                  = true                                      {product} {ergonomic}
     bool UseLargePagesIndividualAllocation        = false                                  {pd product} {ergonomic}

Logging:
Log output configuration:
 #0: stdout all=warning uptime,level,tags
 #1: stderr all=off uptime,level,tags

Environment Variables:
JAVA_HOME=C:\Program Files\Java\jdk-18.0.2
PATH=C:\Program Files (x86)\Common Files\Oracle\Java\javapath;C:\Program Files\Eclipse Adoptium\jdk-8.0.345.1-hotspot\bin;C:\Program Files\Eclipse Adoptium\jdk-17.0.4.8-hotspot\bin;C:\Program Files\Common Files\Oracle\Java\javapath;C:\WINDOWS\system32;C:\WINDOWS;C:\WINDOWS\System32\Wbem;C:\WINDOWS\System32\WindowsPowerShell\v1.0\;C:\WINDOWS\System32\OpenSSH\;C:\Program Files\Git\cmd;C:\Program Files\nodejs\;C:\Users\JAIME CORTEZ\AppData\Local\Programs\Python\Python310;C:\Users\JAIME CORTEZ\AppData\Local\Programs\Python\Python310\Scripts;C:\Program Files\PowerShell\7\;C:\Users\JAIME CORTEZ\AppData\Local\Microsoft\WindowsApps;C:\Users\JAIME CORTEZ\AppData\Local\GitHubDesktop\bin;C:\Users\JAIME CORTEZ\AppData\Roaming\npm;C:\Program Files\Java\jdk-18.0.2.1\lib;
USERNAME=JAIME CORTEZ
OS=Windows_NT
PROCESSOR_IDENTIFIER=AMD64 Family 23 Model 96 Stepping 1, AuthenticAMD



---------------  S Y S T E M  ---------------

OS:
 Windows 11 , 64 bit Build 22000 (10.0.22000.708)
OS uptime: 10 days 1:15 hours

CPU: total 6 (initial active 6) (6 cores per cpu, 1 threads per core) family 23 model 96 stepping 1 microcode 0x0, cx8, cmov, fxsr, mmx, 3dnowpref, sse, sse2, sse3, ssse3, sse4a, sse4.1, sse4.2, popcnt, lzcnt, tsc, tscinvbit, avx, avx2, aes, clmul, bmi1, bmi2, adx, sha, fma, vzeroupper, clflush, clflushopt

Memory: 4k page, system-wide physical 7542M (51M free)
TotalPageFile size 31094M (AvailPageFile size 137M)
current process WorkingSet (physical memory assigned to process): 436M, peak: 436M
current process commit charge ("private bytes"): 470M, peak: 988M

vm_info: OpenJDK 64-Bit Server VM (17.0.3+7) for windows-amd64 JRE (17.0.3+7), built on Apr 19 2022 16:55:35 by "" with MS VC++ 16.7 (VS2019)

END.
